Information	10.10.2017 07:49:53	Microsoft-Windows-Sysmon	3	Network connection detected (rule: NetworkConnect)	"Network connection detected:
UtcTime: 2017-10-10 05:49:36.765
ProcessGuid: {E4CEE641-C4E6-597E-0000-001087420100}
ProcessId: 2080
Image: C:\Windows\System32\svchost.exe
User: NT AUTHORITY\LOCAL SERVICE
Protocol: udp
Initiated: false
SourceIsIpv6: true
SourceIp: 0:0:0:0:0:0:0:1
SourceHostname: DESKTOP-63KR1PU
SourcePort: 53074
SourcePortName: 
DestinationIsIpv6: true
DestinationIp: 0:0:0:0:0:0:0:1
DestinationHostname: DESKTOP-63KR1PU
DestinationPort: 3702
DestinationPortName: ws-discovery"
Information	10.10.2017 07:49:53	Microsoft-Windows-Sysmon	3	Network connection detected (rule: NetworkConnect)	"Network connection detected:
UtcTime: 2017-10-10 05:49:36.765
ProcessGuid: {E4CEE641-C4E6-597E-0000-0010BC440100}
ProcessId: 2108
Image: C:\Windows\System32\svchost.exe
User: NT AUTHORITY\LOCAL SERVICE
Protocol: udp
Initiated: true
SourceIsIpv6: true
SourceIp: 0:0:0:0:0:0:0:1
SourceHostname: DESKTOP-63KR1PU
SourcePort: 3702
SourcePortName: ws-discovery
DestinationIsIpv6: true
DestinationIp: 0:0:0:0:0:0:0:1
DestinationHostname: DESKTOP-63KR1PU
DestinationPort: 53074
DestinationPortName: "
Information	10.10.2017 07:49:53	Microsoft-Windows-Sysmon	3	Network connection detected (rule: NetworkConnect)	"Network connection detected:
UtcTime: 2017-10-10 05:49:36.639
ProcessGuid: {E4CEE641-C4D6-597E-0000-0010EB030000}
ProcessId: 4
Image: System
User: NT AUTHORITY\SYSTEM
Protocol: tcp
Initiated: false
SourceIsIpv6: false
SourceIp: 127.0.0.1
SourceHostname: DESKTOP-63KR1PU
SourcePort: 5357
SourcePortName: wsd
DestinationIsIpv6: false
DestinationIp: 127.0.0.1
DestinationHostname: DESKTOP-63KR1PU
DestinationPort: 49670
DestinationPortName: "
Information	10.10.2017 07:49:53	Microsoft-Windows-Sysmon	3	Network connection detected (rule: NetworkConnect)	"Network connection detected:
UtcTime: 2017-10-10 05:49:36.639
ProcessGuid: {E4CEE641-C4E6-597E-0000-001087420100}
ProcessId: 2080
Image: C:\Windows\System32\svchost.exe
User: NT AUTHORITY\LOCAL SERVICE
Protocol: tcp
Initiated: true
SourceIsIpv6: false
SourceIp: 127.0.0.1
SourceHostname: DESKTOP-63KR1PU
SourcePort: 49670
SourcePortName: 
DestinationIsIpv6: false
DestinationIp: 127.0.0.1
DestinationHostname: DESKTOP-63KR1PU
DestinationPort: 5357
DestinationPortName: wsd"
Information	10.10.2017 07:49:53	Microsoft-Windows-Sysmon	3	Network connection detected (rule: NetworkConnect)	"Network connection detected:
UtcTime: 2017-10-10 05:49:36.334
ProcessGuid: {E4CEE641-C4E6-597E-0000-001087420100}
ProcessId: 2080
Image: C:\Windows\System32\svchost.exe
User: NT AUTHORITY\LOCAL SERVICE
Protocol: udp
Initiated: false
SourceIsIpv6: false
SourceIp: 239.255.255.250
SourceHostname: 
SourcePort: 3702
SourcePortName: 
DestinationIsIpv6: false
DestinationIp: 127.0.0.1
DestinationHostname: DESKTOP-63KR1PU
DestinationPort: 53073
DestinationPortName: "
Information	10.10.2017 07:49:53	Microsoft-Windows-Sysmon	3	Network connection detected (rule: NetworkConnect)	"Network connection detected:
UtcTime: 2017-10-10 05:49:36.334
ProcessGuid: {E4CEE641-C4E6-597E-0000-0010BC440100}
ProcessId: 2108
Image: C:\Windows\System32\svchost.exe
User: NT AUTHORITY\LOCAL SERVICE
Protocol: udp
Initiated: false
SourceIsIpv6: false
SourceIp: 239.255.255.250
SourceHostname: 
SourcePort: 3702
SourcePortName: 
DestinationIsIpv6: false
DestinationIp: 127.0.0.1
DestinationHostname: DESKTOP-63KR1PU
DestinationPort: 53073
DestinationPortName: "
Information	10.10.2017 07:49:53	Microsoft-Windows-Sysmon	3	Network connection detected (rule: NetworkConnect)	"Network connection detected:
UtcTime: 2017-10-10 05:49:36.334
ProcessGuid: {E4CEE641-C4E6-597E-0000-001087420100}
ProcessId: 2080
Image: C:\Windows\System32\svchost.exe
User: NT AUTHORITY\LOCAL SERVICE
Protocol: udp
Initiated: true
SourceIsIpv6: false
SourceIp: 127.0.0.1
SourceHostname: DESKTOP-63KR1PU
SourcePort: 53073
SourcePortName: 
DestinationIsIpv6: false
DestinationIp: 239.255.255.250
DestinationHostname: 
DestinationPort: 3702
DestinationPortName: "
Information	10.10.2017 07:49:53	Microsoft-Windows-Sysmon	3	Network connection detected (rule: NetworkConnect)	"Network connection detected:
UtcTime: 2017-10-10 05:49:36.334
ProcessGuid: {E4CEE641-C4E6-597E-0000-001087420100}
ProcessId: 2080
Image: C:\Windows\System32\svchost.exe
User: NT AUTHORITY\LOCAL SERVICE
Protocol: udp
Initiated: true
SourceIsIpv6: false
SourceIp: 10.34.1.27
SourceHostname: DESKTOP-63KR1PU
SourcePort: 53073
SourcePortName: 
DestinationIsIpv6: false
DestinationIp: 239.255.255.250
DestinationHostname: 
DestinationPort: 3702
DestinationPortName: "
Information	10.10.2017 07:49:53	Microsoft-Windows-Sysmon	3	Network connection detected (rule: NetworkConnect)	"Network connection detected:
UtcTime: 2017-10-10 05:49:36.334
ProcessGuid: {E4CEE641-C4E6-597E-0000-001087420100}
ProcessId: 2080
Image: C:\Windows\System32\svchost.exe
User: NT AUTHORITY\LOCAL SERVICE
Protocol: udp
Initiated: false
SourceIsIpv6: true
SourceIp: ff02:0:0:0:0:0:0:c
SourceHostname: 
SourcePort: 3702
SourcePortName: 
DestinationIsIpv6: true
DestinationIp: 0:0:0:0:0:0:0:1
DestinationHostname: DESKTOP-63KR1PU
DestinationPort: 53074
DestinationPortName: "
Information	10.10.2017 07:49:53	Microsoft-Windows-Sysmon	3	Network connection detected (rule: NetworkConnect)	"Network connection detected:
UtcTime: 2017-10-10 05:49:36.334
ProcessGuid: {E4CEE641-C4E6-597E-0000-0010BC440100}
ProcessId: 2108
Image: C:\Windows\System32\svchost.exe
User: NT AUTHORITY\LOCAL SERVICE
Protocol: udp
Initiated: false
SourceIsIpv6: true
SourceIp: ff02:0:0:0:0:0:0:c
SourceHostname: 
SourcePort: 3702
SourcePortName: 
DestinationIsIpv6: true
DestinationIp: 0:0:0:0:0:0:0:1
DestinationHostname: DESKTOP-63KR1PU
DestinationPort: 53074
DestinationPortName: "
Information	10.10.2017 07:49:53	Microsoft-Windows-Sysmon	3	Network connection detected (rule: NetworkConnect)	"Network connection detected:
UtcTime: 2017-10-10 05:49:36.334
ProcessGuid: {E4CEE641-C4E6-597E-0000-001087420100}
ProcessId: 2080
Image: C:\Windows\System32\svchost.exe
User: NT AUTHORITY\LOCAL SERVICE
Protocol: udp
Initiated: true
SourceIsIpv6: true
SourceIp: 0:0:0:0:0:0:0:1
SourceHostname: DESKTOP-63KR1PU
SourcePort: 53074
SourcePortName: 
DestinationIsIpv6: true
DestinationIp: ff02:0:0:0:0:0:0:c
DestinationHostname: 
DestinationPort: 3702
DestinationPortName: "
Information	10.10.2017 07:49:53	Microsoft-Windows-Sysmon	3	Network connection detected (rule: NetworkConnect)	"Network connection detected:
UtcTime: 2017-10-10 05:49:36.334
ProcessGuid: {E4CEE641-C4E6-597E-0000-001087420100}
ProcessId: 2080
Image: C:\Windows\System32\svchost.exe
User: NT AUTHORITY\LOCAL SERVICE
Protocol: udp
Initiated: true
SourceIsIpv6: true
SourceIp: fe80:0:0:0:484f:66ca:5caf:76ff
SourceHostname: DESKTOP-63KR1PU
SourcePort: 53074
SourcePortName: 
DestinationIsIpv6: true
DestinationIp: ff02:0:0:0:0:0:0:c
DestinationHostname: 
DestinationPort: 3702
DestinationPortName: "
Information	10.10.2017 07:49:53	Microsoft-Windows-Sysmon	3	Network connection detected (rule: NetworkConnect)	"Network connection detected:
UtcTime: 2017-10-10 05:49:36.315
ProcessGuid: {E4CEE641-C4E6-597E-0000-001087420100}
ProcessId: 2080
Image: C:\Windows\System32\svchost.exe
User: NT AUTHORITY\LOCAL SERVICE
Protocol: udp
Initiated: false
SourceIsIpv6: false
SourceIp: 239.255.255.250
SourceHostname: 
SourcePort: 3702
SourcePortName: 
DestinationIsIpv6: false
DestinationIp: 127.0.0.1
DestinationHostname: DESKTOP-63KR1PU
DestinationPort: 50635
DestinationPortName: "
Information	10.10.2017 07:49:53	Microsoft-Windows-Sysmon	3	Network connection detected (rule: NetworkConnect)	"Network connection detected:
UtcTime: 2017-10-10 05:49:36.315
ProcessGuid: {E4CEE641-C4E6-597E-0000-001087420100}
ProcessId: 2080
Image: C:\Windows\System32\svchost.exe
User: NT AUTHORITY\LOCAL SERVICE
Protocol: udp
Initiated: false
SourceIsIpv6: true
SourceIp: ff02:0:0:0:0:0:0:c
SourceHostname: 
SourcePort: 3702
SourcePortName: 
DestinationIsIpv6: true
DestinationIp: 0:0:0:0:0:0:0:1
DestinationHostname: DESKTOP-63KR1PU
DestinationPort: 50636
DestinationPortName: "
Information	10.10.2017 07:49:53	Microsoft-Windows-Sysmon	3	Network connection detected (rule: NetworkConnect)	"Network connection detected:
UtcTime: 2017-10-10 05:49:36.303
ProcessGuid: {E4CEE641-C4D6-597E-0000-0010EB030000}
ProcessId: 4
Image: System
User: NT AUTHORITY\SYSTEM
Protocol: udp
Initiated: false
SourceIsIpv6: false
SourceIp: 10.0.2.255
SourceHostname: 
SourcePort: 138
SourcePortName: 
DestinationIsIpv6: false
DestinationIp: 10.0.2.15
DestinationHostname: DESKTOP-63KR1PU
DestinationPort: 138
DestinationPortName: "
Information	10.10.2017 07:49:53	Microsoft-Windows-Sysmon	3	Network connection detected (rule: NetworkConnect)	"Network connection detected:
UtcTime: 2017-10-10 05:49:36.302
ProcessGuid: {E4CEE641-C4D6-597E-0000-0010EB030000}
ProcessId: 4
Image: System
User: NT AUTHORITY\SYSTEM
Protocol: udp
Initiated: true
SourceIsIpv6: false
SourceIp: 10.34.1.27
SourceHostname: DESKTOP-63KR1PU
SourcePort: 138
SourcePortName: 
DestinationIsIpv6: false
DestinationIp: 10.0.2.255
DestinationHostname: 
DestinationPort: 138
DestinationPortName: "
Information	10.10.2017 07:49:53	Microsoft-Windows-Sysmon	3	Network connection detected (rule: NetworkConnect)	"Network connection detected:
UtcTime: 2017-10-10 05:49:35.994
ProcessGuid: {E4CEE641-C4E3-597E-0000-00102DD10000}
ProcessId: 1364
Image: C:\Windows\System32\svchost.exe
User: NT AUTHORITY\NETWORK SERVICE
Protocol: udp
Initiated: true
SourceIsIpv6: true
SourceIp: a00:20f:0:0:b8a1:fd43:8a7:ffff
SourceHostname: 
SourcePort: 60249
SourcePortName: 
DestinationIsIpv6: true
DestinationIp: e000:fc:0:0:0:0:0:0
DestinationHostname: 
DestinationPort: 5355
DestinationPortName: "
Information	10.10.2017 07:49:53	Microsoft-Windows-Sysmon	3	Network connection detected (rule: NetworkConnect)	"Network connection detected:
UtcTime: 2017-10-10 05:49:35.993
ProcessGuid: {E4CEE641-C4E3-597E-0000-00102DD10000}
ProcessId: 1364
Image: C:\Windows\System32\svchost.exe
User: NT AUTHORITY\NETWORK SERVICE
Protocol: udp
Initiated: true
SourceIsIpv6: true
SourceIp: fe80:0:0:0:484f:66ca:5caf:76ff
SourceHostname: DESKTOP-63KR1PU
SourcePort: 60249
SourcePortName: 
DestinationIsIpv6: true
DestinationIp: ff02:0:0:0:0:0:1:3
DestinationHostname: 
DestinationPort: 5355
DestinationPortName: "
Information	10.10.2017 07:49:53	Microsoft-Windows-Sysmon	3	Network connection detected (rule: NetworkConnect)	"Network connection detected:
UtcTime: 2017-10-10 05:49:35.765
ProcessGuid: {E4CEE641-C4E6-597E-0000-0010BC440100}
ProcessId: 2108
Image: C:\Windows\System32\svchost.exe
User: NT AUTHORITY\LOCAL SERVICE
Protocol: udp
Initiated: true
SourceIsIpv6: false
SourceIp: 10.34.1.27
SourceHostname: DESKTOP-63KR1PU
SourcePort: 50635
SourcePortName: 
DestinationIsIpv6: false
DestinationIp: 239.255.255.250
DestinationHostname: 
DestinationPort: 3702
DestinationPortName: "
Information	10.10.2017 07:49:53	Microsoft-Windows-Sysmon	3	Network connection detected (rule: NetworkConnect)	"Network connection detected:
UtcTime: 2017-10-10 05:49:35.755
ProcessGuid: {E4CEE641-C4E6-597E-0000-0010BC440100}
ProcessId: 2108
Image: C:\Windows\System32\svchost.exe
User: NT AUTHORITY\LOCAL SERVICE
Protocol: udp
Initiated: true
SourceIsIpv6: true
SourceIp: fe80:0:0:0:484f:66ca:5caf:76ff
SourceHostname: DESKTOP-63KR1PU
SourcePort: 50636
SourcePortName: 
DestinationIsIpv6: true
DestinationIp: ff02:0:0:0:0:0:0:c
DestinationHostname: 
DestinationPort: 3702
DestinationPortName: "
Information	10.10.2017 07:49:53	Microsoft-Windows-Sysmon	3	Network connection detected (rule: NetworkConnect)	"Network connection detected:
UtcTime: 2017-10-10 05:49:35.755
ProcessGuid: {E4CEE641-C4E6-597E-0000-0010BC440100}
ProcessId: 2108
Image: C:\Windows\System32\svchost.exe
User: NT AUTHORITY\LOCAL SERVICE
Protocol: udp
Initiated: false
SourceIsIpv6: false
SourceIp: 239.255.255.250
SourceHostname: 
SourcePort: 3702
SourcePortName: 
DestinationIsIpv6: false
DestinationIp: 127.0.0.1
DestinationHostname: DESKTOP-63KR1PU
DestinationPort: 50635
DestinationPortName: "
Information	10.10.2017 07:49:53	Microsoft-Windows-Sysmon	3	Network connection detected (rule: NetworkConnect)	"Network connection detected:
UtcTime: 2017-10-10 05:49:35.755
ProcessGuid: {E4CEE641-C4E6-597E-0000-0010BC440100}
ProcessId: 2108
Image: C:\Windows\System32\svchost.exe
User: NT AUTHORITY\LOCAL SERVICE
Protocol: udp
Initiated: true
SourceIsIpv6: false
SourceIp: 127.0.0.1
SourceHostname: DESKTOP-63KR1PU
SourcePort: 50635
SourcePortName: 
DestinationIsIpv6: false
DestinationIp: 239.255.255.250
DestinationHostname: 
DestinationPort: 3702
DestinationPortName: "
Information	10.10.2017 07:49:53	Microsoft-Windows-Sysmon	3	Network connection detected (rule: NetworkConnect)	"Network connection detected:
UtcTime: 2017-10-10 05:49:35.755
ProcessGuid: {E4CEE641-C4E6-597E-0000-0010BC440100}
ProcessId: 2108
Image: C:\Windows\System32\svchost.exe
User: NT AUTHORITY\LOCAL SERVICE
Protocol: udp
Initiated: false
SourceIsIpv6: true
SourceIp: ff02:0:0:0:0:0:0:c
SourceHostname: 
SourcePort: 3702
SourcePortName: 
DestinationIsIpv6: true
DestinationIp: 0:0:0:0:0:0:0:1
DestinationHostname: DESKTOP-63KR1PU
DestinationPort: 50636
DestinationPortName: "
Information	10.10.2017 07:49:53	Microsoft-Windows-Sysmon	3	Network connection detected (rule: NetworkConnect)	"Network connection detected:
UtcTime: 2017-10-10 05:49:35.755
ProcessGuid: {E4CEE641-C4E6-597E-0000-0010BC440100}
ProcessId: 2108
Image: C:\Windows\System32\svchost.exe
User: NT AUTHORITY\LOCAL SERVICE
Protocol: udp
Initiated: true
SourceIsIpv6: true
SourceIp: 0:0:0:0:0:0:0:1
SourceHostname: DESKTOP-63KR1PU
SourcePort: 50636
SourcePortName: 
DestinationIsIpv6: true
DestinationIp: ff02:0:0:0:0:0:0:c
DestinationHostname: 
DestinationPort: 3702
DestinationPortName: "
Information	10.10.2017 07:49:53	Microsoft-Windows-Sysmon	3	Network connection detected (rule: NetworkConnect)	"Network connection detected:
UtcTime: 2017-10-10 05:49:35.700
ProcessGuid: {E4CEE641-C4E3-597E-0000-001076BE0000}
ProcessId: 1132
Image: C:\Windows\System32\svchost.exe
User: NT AUTHORITY\LOCAL SERVICE
Protocol: udp
Initiated: true
SourceIsIpv6: true
SourceIp: fe80:0:0:0:2c2b:14fb:3c44:1163
SourceHostname: 
SourcePort: 546
SourcePortName: 
DestinationIsIpv6: true
DestinationIp: ff02:0:0:0:0:0:1:2
DestinationHostname: 
DestinationPort: 547
DestinationPortName: "
Information	10.10.2017 07:49:53	Microsoft-Windows-Sysmon	3	Network connection detected (rule: NetworkConnect)	"Network connection detected:
UtcTime: 2017-10-10 05:49:34.851
ProcessGuid: {E4CEE641-C4E3-597E-0000-00102DD10000}
ProcessId: 1364
Image: C:\Windows\System32\svchost.exe
User: NT AUTHORITY\NETWORK SERVICE
Protocol: udp
Initiated: false
SourceIsIpv6: false
SourceIp: 10.34.1.27
SourceHostname: DESKTOP-63KR1PU
SourcePort: 64623
SourcePortName: 
DestinationIsIpv6: false
DestinationIp: 10.0.2.3
DestinationHostname: 
DestinationPort: 53
DestinationPortName: "
Information	10.10.2017 07:49:53	Microsoft-Windows-Sysmon	3	Network connection detected (rule: NetworkConnect)	"Network connection detected:
UtcTime: 2017-10-10 05:49:34.736
ProcessGuid: {E4CEE641-C4E3-597E-0000-00102DD10000}
ProcessId: 1364
Image: C:\Windows\System32\svchost.exe
User: NT AUTHORITY\NETWORK SERVICE
Protocol: udp
Initiated: true
SourceIsIpv6: true
SourceIp: a00:20f:0:0:b8a1:fd43:8a7:ffff
SourceHostname: 
SourcePort: 64623
SourcePortName: 
DestinationIsIpv6: true
DestinationIp: a00:203:0:0:0:0:0:0
DestinationHostname: 
DestinationPort: 53
DestinationPortName: "
Information	10.10.2017 07:49:53	Microsoft-Windows-Sysmon	3	Network connection detected (rule: NetworkConnect)	"Network connection detected:
UtcTime: 2017-10-10 05:49:33.200
ProcessGuid: {E4CEE641-C4D6-597E-0000-0010EB030000}
ProcessId: 4
Image: System
User: NT AUTHORITY\SYSTEM
Protocol: udp
Initiated: false
SourceIsIpv6: false
SourceIp: 10.0.2.255
SourceHostname: 
SourcePort: 137
SourcePortName: 
DestinationIsIpv6: false
DestinationIp: 10.0.2.15
DestinationHostname: DESKTOP-63KR1PU
DestinationPort: 137
DestinationPortName: "
Information	10.10.2017 07:49:53	Microsoft-Windows-Sysmon	3	Network connection detected (rule: NetworkConnect)	"Network connection detected:
UtcTime: 2017-10-10 05:49:33.200
ProcessGuid: {E4CEE641-C4D6-597E-0000-0010EB030000}
ProcessId: 4
Image: System
User: NT AUTHORITY\SYSTEM
Protocol: udp
Initiated: true
SourceIsIpv6: false
SourceIp: 10.34.1.27
SourceHostname: DESKTOP-63KR1PU
SourcePort: 137
SourcePortName: 
DestinationIsIpv6: false
DestinationIp: 10.0.2.255
DestinationHostname: 
DestinationPort: 137
DestinationPortName: "
Information	10.10.2017 07:49:51	Microsoft-Windows-Sysmon	6	Driver loaded (rule: DriverLoad)	"Driver loaded:
UtcTime: 2017-10-10 05:49:35.254
ImageLoaded: C:\Windows\System32\drivers\tunnel.sys
Hashes: MD5=B3142C6118703E98EB0510CF7B43D0F2,SHA256=40FDCBAA2AD93026AD479BF8C1B4EE7A4E2E65590608B6B1C5DEB3C4716E5C03
Signed: true
Signature: Microsoft Windows
SignatureStatus: Valid"
Information	10.10.2017 07:49:51	Microsoft-Windows-Sysmon	6	Driver loaded (rule: DriverLoad)	"Driver loaded:
UtcTime: 2017-10-10 05:49:30.339
ImageLoaded: C:\Windows\System32\drivers\srv.sys
Hashes: MD5=36EAC4FE629FC036632F13EC14788FD1,SHA256=6AEE37816306FE46FA99EADB23E98CE6A6674C11ED847F1F5575926E26B09F9A
Signed: true
Signature: Microsoft Windows
SignatureStatus: Valid"
Information	10.10.2017 07:49:51	Microsoft-Windows-Sysmon	6	Driver loaded (rule: DriverLoad)	"Driver loaded:
UtcTime: 2017-10-10 05:49:30.236
ImageLoaded: C:\Windows\System32\drivers\tcpipreg.sys
Hashes: MD5=1C35A5C62D110346379C55E39A3D547C,SHA256=5BDBD593AB51ECA5A6B703E86F300E3B2B153E128BEB9A006ABD827AE726BD62
Signed: true
Signature: Microsoft Windows
SignatureStatus: Valid"
Information	10.10.2017 07:49:50	Microsoft-Windows-Sysmon	6	Driver loaded (rule: DriverLoad)	"Driver loaded:
UtcTime: 2017-10-10 05:49:30.219
ImageLoaded: C:\Windows\System32\drivers\PEAuth.sys
Hashes: MD5=4F190BA3C9BD2F0277BCBF480F396091,SHA256=F09613C76350706992B39D7EA9B859D28F00790E5AC17CA7D49C3E270B9D8994
Signed: true
Signature: Microsoft Windows
SignatureStatus: Valid"
Information	10.10.2017 07:49:50	Microsoft-Windows-Sysmon	6	Driver loaded (rule: DriverLoad)	"Driver loaded:
UtcTime: 2017-10-10 05:49:30.132
ImageLoaded: C:\Windows\System32\drivers\srv2.sys
Hashes: MD5=A84B05C7C2A233497BE1D518A662C326,SHA256=85B291B6783AD48F2111B46050311A553BE6D6A7C3D90861DC010FA65730D2B5
Signed: true
Signature: Microsoft Windows
SignatureStatus: Valid"
Information	10.10.2017 07:49:50	Microsoft-Windows-Sysmon	6	Driver loaded (rule: DriverLoad)	"Driver loaded:
UtcTime: 2017-10-10 05:49:29.548
ImageLoaded: C:\Windows\System32\drivers\Ndu.sys
Hashes: MD5=9AC090451D92E6081EB89CDA83D74189,SHA256=D4D442412F112853AA8D88DFB5F695AE4E8E2C361905992537EE53BE675FECE8
Signed: true
Signature: Microsoft Windows
SignatureStatus: Valid"
Information	10.10.2017 07:49:50	Microsoft-Windows-Sysmon	6	Driver loaded (rule: DriverLoad)	"Driver loaded:
UtcTime: 2017-10-10 05:49:29.496
ImageLoaded: C:\Windows\System32\drivers\mrxsmb10.sys
Hashes: MD5=84700F40C0E41AEA91F8F3D6218A8A68,SHA256=72BB529367095EE19F299232648B7E347590C9F4F89DE3FDA41724BFCAC1F49C
Signed: true
Signature: Microsoft Windows
SignatureStatus: Valid"
Information	10.10.2017 07:49:50	Microsoft-Windows-Sysmon	6	Driver loaded (rule: DriverLoad)	"Driver loaded:
UtcTime: 2017-10-10 05:49:29.428
ImageLoaded: C:\Windows\System32\drivers\mmcss.sys
Hashes: MD5=9AE3C0CC0865B1618A3C97744A6A9E9B,SHA256=BF72AEF0360AC278B36ED31E5BFC2E8F72136B0952490A105CB6929654C97F6C
Signed: true
Signature: Microsoft Windows
SignatureStatus: Valid"
Information	10.10.2017 07:49:49	Microsoft-Windows-Sysmon	6	Driver loaded (rule: DriverLoad)	"Driver loaded:
UtcTime: 2017-10-10 05:49:29.428
ImageLoaded: C:\Windows\System32\drivers\srvnet.sys
Hashes: MD5=0351B28EEDFBD6C8CC69A7224A098CFA,SHA256=D1D08D63F773CAEEA66585D090C073C0748AE96A2AAE8487E4B8BA54F7E59558
Signed: true
Signature: Microsoft Windows
SignatureStatus: Valid"
Information	10.10.2017 07:49:49	Microsoft-Windows-Sysmon	6	Driver loaded (rule: DriverLoad)	"Driver loaded:
UtcTime: 2017-10-10 05:49:25.203
ImageLoaded: C:\Windows\System32\drivers\mpsdrv.sys
Hashes: MD5=AD118EC95E9EF4D5223D681D8F183567,SHA256=395B76626956F5B7992676B9CA57B2CA075F0CDA881E14B3ED07ABE2DC0EEDBC
Signed: true
Signature: Microsoft Windows
SignatureStatus: Valid"
Information	10.10.2017 07:49:49	Microsoft-Windows-Sysmon	6	Driver loaded (rule: DriverLoad)	"Driver loaded:
UtcTime: 2017-10-10 05:49:25.107
ImageLoaded: C:\Windows\System32\drivers\http.sys
Hashes: MD5=BB1AE72906564A6E81B79D73A05AE21F,SHA256=9BAC18FE0F99479E7B2AB804A0B4C286E55155A8C051CC7D20CE94798EEA0721
Signed: true
Signature: Microsoft Windows
SignatureStatus: Valid"
Information	10.10.2017 07:49:49	Microsoft-Windows-Sysmon	6	Driver loaded (rule: DriverLoad)	"Driver loaded:
UtcTime: 2017-10-10 05:49:24.759
ImageLoaded: C:\Windows\System32\drivers\rspndr.sys
Hashes: MD5=E87EECED9287C275B6CF30EB598B1D77,SHA256=D0C5D4E37A3FAD422C0ECFFAB53904D9FD5385129DE2BC5AF75D91CD016EA6AC
Signed: true
Signature: Microsoft Windows
SignatureStatus: Valid"
Information	10.10.2017 07:49:49	Microsoft-Windows-Sysmon	6	Driver loaded (rule: DriverLoad)	"Driver loaded:
UtcTime: 2017-10-10 05:49:24.724
ImageLoaded: C:\Windows\System32\drivers\mslldp.sys
Hashes: MD5=E40B960078A15D4901265D32E071C42D,SHA256=AC11B8221C8F529FE3CA6FEB99AF699664C86008A732C3A8E6B1CE31C2272454
Signed: true
Signature: Microsoft Windows
SignatureStatus: Valid"
Information	10.10.2017 07:49:49	Microsoft-Windows-Sysmon	6	Driver loaded (rule: DriverLoad)	"Driver loaded:
UtcTime: 2017-10-10 05:49:24.724
ImageLoaded: C:\Windows\System32\drivers\lltdio.sys
Hashes: MD5=FC37745959DFA4871759E4DCC836227A,SHA256=8B63F798440FD0A34E2F2940B2598238BC852EF3EFD22147A77AB4BA6FB9E704
Signed: true
Signature: Microsoft Windows
SignatureStatus: Valid"
Information	10.10.2017 07:49:49	Microsoft-Windows-Sysmon	6	Driver loaded (rule: DriverLoad)	"Driver loaded:
UtcTime: 2017-10-10 05:49:24.091
ImageLoaded: C:\Windows\System32\drivers\registry.sys
Hashes: MD5=5118CFC33BBB51C7E3ED441B7085AD26,SHA256=8D33864FF750926C4B95827FFAD24C558DE8A90FC5B2663084DEAB5ADBBFAFD2
Signed: true
Signature: Microsoft Windows
SignatureStatus: Valid"
Information	10.10.2017 07:49:49	Microsoft-Windows-Sysmon	6	Driver loaded (rule: DriverLoad)	"Driver loaded:
UtcTime: 2017-10-10 05:49:24.076
ImageLoaded: C:\Windows\System32\drivers\storqosflt.sys
Hashes: MD5=3A62FF78619258E6126C5C4B4CC82C8E,SHA256=C72CC295680B35E0EEE5A5310E0241E2FFE0E540BFAA49C35C06AA882229C1CD
Signed: true
Signature: Microsoft Windows
SignatureStatus: Valid"
Information	10.10.2017 07:49:49	Microsoft-Windows-Sysmon	6	Driver loaded (rule: DriverLoad)	"Driver loaded:
UtcTime: 2017-10-10 05:49:24.076
ImageLoaded: C:\Windows\System32\drivers\cldflt.sys
Hashes: MD5=616E1ED94FA7F96D429D985FDB203D2E,SHA256=EA681C442AA0F7D424C8DABD8D1C14653E61BDE740C0BC4C6C308B5FB4FE67AA
Signed: true
Signature: Microsoft Windows
SignatureStatus: Valid"
Information	10.10.2017 07:49:49	Microsoft-Windows-Sysmon	6	Driver loaded (rule: DriverLoad)	"Driver loaded:
UtcTime: 2017-10-10 05:49:24.076
ImageLoaded: C:\Windows\System32\drivers\wcifs.sys
Hashes: MD5=923200B78F5284D674A3712204D0FEFA,SHA256=4B00785D2E9D12052C2C8E80C568606E0148AA230285D4018A0A603E16224CEE
Signed: true
Signature: Microsoft Windows
SignatureStatus: Valid"
Information	10.10.2017 07:49:49	Microsoft-Windows-Sysmon	6	Driver loaded (rule: DriverLoad)	"Driver loaded:
UtcTime: 2017-10-10 05:49:24.030
ImageLoaded: C:\Windows\System32\drivers\luafv.sys
Hashes: MD5=88F5570C04766EE561FF129B2F93030C,SHA256=A36F7FF563F813EC0F69E5BFB76C58A1C9824F54BA1729C4096E8B7B7C8D90EC
Signed: true
Signature: Microsoft Windows
SignatureStatus: Valid"
Information	10.10.2017 07:49:48	Microsoft-Windows-Sysmon	1	Process Create (rule: ProcessCreate)	"Process Create:
UtcTime: 2017-10-10 05:49:48.857
ProcessGuid: {E4CEE641-C4FC-597E-0000-001030510300}
ProcessId: 4520
Image: C:\Windows\System32\svchost.exe
CommandLine: c:\windows\system32\svchost.exe -k localservice -s CDPSvc
CurrentDirectory: C:\WINDOWS\system32\
User: NT AUTHORITY\LOCAL SERVICE
LogonGuid: {E4CEE641-C4E2-597E-0000-0020E5030000}
LogonId: 0x3E5
TerminalSessionId: 0
IntegrityLevel: System
Hashes: MD5=3120B24060924F9B94182A1432B2D7F9,SHA256=9F21E51442209BCEC0EA4A468EF8A4741685AE204D5063F4C3E45E1F8CF72643
ParentProcessGuid: {E4CEE641-C4E1-597E-0000-0010333E0000}
ParentProcessId: 572
ParentImage: C:\Windows\System32\services.exe
ParentCommandLine: C:\WINDOWS\system32\services.exe"
Information	10.10.2017 07:49:48	Microsoft-Windows-Sysmon	6	Driver loaded (rule: DriverLoad)	"Driver loaded:
UtcTime: 2017-10-10 05:49:23.839
ImageLoaded: C:\Windows\System32\drivers\mrxsmb20.sys
Hashes: MD5=B855479BA6A74349CEF8061808C90201,SHA256=BA70A9EBC2E2895419C5D46806153DCA061E3C836F3D97A622E7672140107F81
Signed: true
Signature: Microsoft Windows
SignatureStatus: Valid"
Information	10.10.2017 07:49:48	Microsoft-Windows-Sysmon	6	Driver loaded (rule: DriverLoad)	"Driver loaded:
UtcTime: 2017-10-10 05:49:23.823
ImageLoaded: C:\Windows\System32\drivers\mrxsmb.sys
Hashes: MD5=F2AD1B72C5A6475FB5FF332E1980DF88,SHA256=41E24496FBD61C0A333F567DA7C4E38C5A792724FB56448189099F60114749D5
Signed: true
Signature: Microsoft Windows
SignatureStatus: Valid"
Information	10.10.2017 07:49:48	Microsoft-Windows-Sysmon	6	Driver loaded (rule: DriverLoad)	"Driver loaded:
UtcTime: 2017-10-10 05:49:23.812
ImageLoaded: C:\Windows\System32\drivers\bowser.sys
Hashes: MD5=2342B8619193B0D9FAC0D02C69DCE74A,SHA256=06A1512C9750ACD154DE8873DE6628355B7195759CE54FA96097EA6D56BE320E
Signed: true
Signature: Microsoft Windows
SignatureStatus: Valid"
Information	10.10.2017 07:49:48	Microsoft-Windows-Sysmon	6	Driver loaded (rule: DriverLoad)	"Driver loaded:
UtcTime: 2017-10-10 05:49:23.627
ImageLoaded: C:\Windows\System32\drivers\tsusbhub.sys
Hashes: MD5=5DED9E34D133F4A363652CDB595D83F3,SHA256=E8CFE5DF737D7C2A576B2D6D508977E1F6961122D541DF82AA581C7B3B1C384B
Signed: true
Signature: Microsoft Windows
SignatureStatus: Valid"
Information	10.10.2017 07:49:48	Microsoft-Windows-Sysmon	1	Process Create (rule: ProcessCreate)	"Process Create:
UtcTime: 2017-10-10 05:49:48.212
ProcessGuid: {E4CEE641-C4FC-597E-0000-001054400300}
ProcessId: 4500
Image: C:\Windows\explorer.exe
CommandLine: C:\WINDOWS\Explorer.EXE
CurrentDirectory: C:\WINDOWS\system32\
User: DESKTOP-63KR1PU\John
LogonGuid: {E4CEE641-C4E8-597E-0000-002051990100}
LogonId: 0x19951
TerminalSessionId: 1
IntegrityLevel: Medium
Hashes: MD5=CA3BF0F15BA4F24D511BFEE725CC89BD,SHA256=C3509ABB3BF9B2F77A71B6DD76B99020DE2F7C34948345EE9A7E851E649D9878
ParentProcessGuid: {E4CEE641-C4FC-597E-0000-0010EE3C0300}
ParentProcessId: 4468
ParentImage: C:\Windows\System32\userinit.exe
ParentCommandLine: C:\Windows\system32\userinit.exe"
Information	10.10.2017 07:49:48	Microsoft-Windows-Sysmon	6	Driver loaded (rule: DriverLoad)	"Driver loaded:
UtcTime: 2017-10-10 05:49:23.448
ImageLoaded: C:\Windows\System32\drivers\rdpdr.sys
Hashes: MD5=53A01D3FDB701AC5D9DDE4140227E3D9,SHA256=833AF0BAAB49B58C71C684D2AA20B900C27E19DDCE5E15355C7ABAAB33BC7673
Signed: true
Signature: Microsoft Windows
SignatureStatus: Valid"
Information	10.10.2017 07:49:48	Microsoft-Windows-Sysmon	6	Driver loaded (rule: DriverLoad)	"Driver loaded:
UtcTime: 2017-10-10 05:49:23.263
ImageLoaded: C:\Windows\System32\drivers\rdpvideominiport.sys
Hashes: MD5=DF32ED51DC0C3F6F3B1C4CEF71B8B426,SHA256=DBEAD271B5DE6439E3106BDDB8B1E47D7BA47AE203CF3E1F8924CE02FDCA6E0B
Signed: true
Signature: Microsoft Windows
SignatureStatus: Valid"
Information	10.10.2017 07:49:48	Microsoft-Windows-Sysmon	6	Driver loaded (rule: DriverLoad)	"Driver loaded:
UtcTime: 2017-10-10 05:49:21.637
ImageLoaded: C:\Windows\System32\cdd.dll
Hashes: MD5=843579926061D5BA0AF1E40CBB933A98,SHA256=58927C3D09D0446605EA0CEA292313F232E12C93D7AC2735D9DADD4519D7A187
Signed: true
Signature: Microsoft Windows
SignatureStatus: Valid"
Information	10.10.2017 07:49:48	Microsoft-Windows-Sysmon	6	Driver loaded (rule: DriverLoad)	"Driver loaded:
UtcTime: 2017-10-10 05:49:21.605
ImageLoaded: C:\Windows\System32\tsddd.dll
Hashes: MD5=9486525049130599ECC65BEFCEB3688E,SHA256=164393D91252DABB5D68C9572189A9710440374CE5BE1E94E665628BC4816133
Signed: true
Signature: Microsoft Windows
SignatureStatus: Valid"
Information	10.10.2017 07:49:48	Microsoft-Windows-Sysmon	6	Driver loaded (rule: DriverLoad)	"Driver loaded:
UtcTime: 2017-10-10 05:49:21.605
ImageLoaded: C:\Windows\System32\tsddd.dll
Hashes: MD5=9486525049130599ECC65BEFCEB3688E,SHA256=164393D91252DABB5D68C9572189A9710440374CE5BE1E94E665628BC4816133
Signed: true
Signature: Microsoft Windows
SignatureStatus: Valid"
Information	10.10.2017 07:49:48	Microsoft-Windows-Sysmon	6	Driver loaded (rule: DriverLoad)	"Driver loaded:
UtcTime: 2017-10-10 05:49:21.496
ImageLoaded: C:\Windows\System32\drivers\dxgmms2.sys
Hashes: MD5=0EE2587A3AF9E29DF991CE20833B5F1E,SHA256=960EEBF705CC0BA8A7716608FC695BB787F612D24B7C478A8BD5623D1501DB0B
Signed: true
Signature: Microsoft Windows
SignatureStatus: Valid"
Information	10.10.2017 07:49:48	Microsoft-Windows-Sysmon	6	Driver loaded (rule: DriverLoad)	"Driver loaded:
UtcTime: 2017-10-10 05:49:21.464
ImageLoaded: C:\Windows\System32\drivers\monitor.sys
Hashes: MD5=534477FCAFDFCA6B841BFA06BD26BCC5,SHA256=96404FDF0BA2127A3BD24319637EC0C8BE8C42618D9FEDF66F41C5F72840D427
Signed: true
Signature: Microsoft Windows
SignatureStatus: Valid"
Information	10.10.2017 07:49:48	Microsoft-Windows-Sysmon	6	Driver loaded (rule: DriverLoad)	"Driver loaded:
UtcTime: 2017-10-10 05:49:21.292
ImageLoaded: C:\Windows\System32\win32k.sys
Hashes: MD5=D64A98651DA6DE6B02A6D60742BE8A7B,SHA256=740274918385CB4416FEEF74D389810DC0615967BEA9D3F84CC07DA2EE837241
Signed: true
Signature: Microsoft Windows
SignatureStatus: Valid"
Information	10.10.2017 07:49:48	Microsoft-Windows-Sysmon	1	Process Create (rule: ProcessCreate)	"Process Create:
UtcTime: 2017-10-10 05:49:48.027
ProcessGuid: {E4CEE641-C4FC-597E-0000-0010EE3C0300}
ProcessId: 4468
Image: C:\Windows\System32\userinit.exe
CommandLine: C:\Windows\system32\userinit.exe
CurrentDirectory: C:\WINDOWS\system32\
User: DESKTOP-63KR1PU\John
LogonGuid: {E4CEE641-C4E8-597E-0000-002051990100}
LogonId: 0x19951
TerminalSessionId: 1
IntegrityLevel: Medium
Hashes: MD5=46B72E05D0B9F489CA60DBD7361039B0,SHA256=B5170D0E86B93D83C67636FE2C1207139CFCBC9114BBFD74D127CDDCBD8FA114
ParentProcessGuid: {E4CEE641-C4E1-597E-0000-0010B83B0000}
ParentProcessId: 528
ParentImage: C:\Windows\System32\winlogon.exe
ParentCommandLine: winlogon.exe"
Information	10.10.2017 07:49:47	Microsoft-Windows-Sysmon	6	Driver loaded (rule: DriverLoad)	"Driver loaded:
UtcTime: 2017-10-10 05:49:21.292
ImageLoaded: C:\Windows\System32\win32kfull.sys
Hashes: MD5=289EE089E22AD9434AD7052C3F2F1E3E,SHA256=5AD35A2BE788F9992782434082CAF91D16FDD70099DCD06FE6800C21B45F1D2C
Signed: true
Signature: Microsoft Windows
SignatureStatus: Valid"
Information	10.10.2017 07:49:47	Microsoft-Windows-Sysmon	1	Process Create (rule: ProcessCreate)	"Process Create:
UtcTime: 2017-10-10 05:49:47.631
ProcessGuid: {E4CEE641-C4FB-597E-0000-001040300300}
ProcessId: 4376
Image: C:\Windows\System32\SearchFilterHost.exe
CommandLine: ""C:\WINDOWS\system32\SearchFilterHost.exe"" 0 692 696 704 8192 700 
CurrentDirectory: C:\WINDOWS\system32\
User: NT AUTHORITY\SYSTEM
LogonGuid: {E4CEE641-C4E1-597E-0000-0020E7030000}
LogonId: 0x3E7
TerminalSessionId: 0
IntegrityLevel: Medium
Hashes: MD5=938A12B3104DD57A478BFF0F05336962,SHA256=E7015BF982E45BC8E4E37328EE6C42BA47A20AAFED6BAC107B6AC83A8F753063
ParentProcessGuid: {E4CEE641-C4F4-597E-0000-0010067A0200}
ParentProcessId: 3544
ParentImage: C:\Windows\System32\SearchIndexer.exe
ParentCommandLine: C:\WINDOWS\system32\SearchIndexer.exe /Embedding"
Information	10.10.2017 07:49:47	Microsoft-Windows-Sysmon	6	Driver loaded (rule: DriverLoad)	"Driver loaded:
UtcTime: 2017-10-10 05:49:21.214
ImageLoaded: C:\Windows\System32\win32kbase.sys
Hashes: MD5=0DB78CDFFCFA2AD1ADDF99EC17E96F1A,SHA256=D5BBCF3F61C03154DAB42004AA63297BFC1A681AF7C18F85743D98B8C38B06BB
Signed: true
Signature: Microsoft Windows
SignatureStatus: Valid"
Information	10.10.2017 07:49:47	Microsoft-Windows-Sysmon	1	Process Create (rule: ProcessCreate)	"Process Create:
UtcTime: 2017-10-10 05:49:47.090
ProcessGuid: {E4CEE641-C4FB-597E-0000-00101C230300}
ProcessId: 4352
Image: C:\Windows\System32\SearchProtocolHost.exe
CommandLine: ""C:\WINDOWS\system32\SearchProtocolHost.exe"" Global\UsGthrFltPipeMssGthrPipe1_ Global\UsGthrCtrlFltPipeMssGthrPipe1 1 -2147483646 ""Software\Microsoft\Windows Search"" ""Mozilla/4.0 (compatible; MSIE 6.0; Windows NT; MS Search 4.0 Robot)"" ""C:\ProgramData\Microsoft\Search\Data\Temp\usgthrsvc"" ""DownLevelDaemon"" 
CurrentDirectory: C:\WINDOWS\system32\
User: NT AUTHORITY\SYSTEM
LogonGuid: {E4CEE641-C4E1-597E-0000-0020E7030000}
LogonId: 0x3E7
TerminalSessionId: 0
IntegrityLevel: System
Hashes: MD5=96CB662846932E98D3B14CBCAFD3FE30,SHA256=782C36C541B2B240042717F26617C90AF65D65A771534CBD1746C601D14FFB95
ParentProcessGuid: {E4CEE641-C4F4-597E-0000-0010067A0200}
ParentProcessId: 3544
ParentImage: C:\Windows\System32\SearchIndexer.exe
ParentCommandLine: C:\WINDOWS\system32\SearchIndexer.exe /Embedding"
Information	10.10.2017 07:49:47	Microsoft-Windows-Sysmon	6	Driver loaded (rule: DriverLoad)	"Driver loaded:
UtcTime: 2017-10-10 05:49:19.218
ImageLoaded: C:\Windows\System32\drivers\cdfs.sys
Hashes: MD5=B6E5AD7C83A5254DEE9D86023C0E5A81,SHA256=40F297406A025378A6273535475C1FF8C99BC6502B17C0E161131DA754D7974B
Signed: true
Signature: Microsoft Windows
SignatureStatus: Valid"
Information	10.10.2017 07:49:47	Microsoft-Windows-Sysmon	6	Driver loaded (rule: DriverLoad)	"Driver loaded:
UtcTime: 2017-10-10 05:49:17.683
ImageLoaded: C:\Windows\System32\drivers\mouhid.sys
Hashes: MD5=5C09868963B0C076AC3BC7759A46B7B1,SHA256=64CD200A8D90CDC31317009636A3BB6574ABF04BCAC903F93C47823C40CC03F6
Signed: true
Signature: Microsoft Windows
SignatureStatus: Valid"
Information	10.10.2017 07:49:47	Microsoft-Windows-Sysmon	6	Driver loaded (rule: DriverLoad)	"Driver loaded:
UtcTime: 2017-10-10 05:49:17.652
ImageLoaded: C:\Windows\System32\drivers\hidusb.sys
Hashes: MD5=C1A608120DE0DF52E51B8BAF86AF19F9,SHA256=F3529822E78CFCA2E323A75926A833529889E40BB9602B287CC343C496CB2062
Signed: true
Signature: Microsoft Windows
SignatureStatus: Valid"
Information	10.10.2017 07:49:47	Microsoft-Windows-Sysmon	6	Driver loaded (rule: DriverLoad)	"Driver loaded:
UtcTime: 2017-10-10 05:49:17.652
ImageLoaded: C:\Windows\System32\drivers\hidclass.sys
Hashes: MD5=BA2AF6EDBD2A5479C79FC7B17FC48F7A,SHA256=2866687D83B77B3F0DDA4F4BC8AAD2E1BBE8D693F6087EB410AFA1C0731B07AE
Signed: true
Signature: Microsoft Windows
SignatureStatus: Valid"
Information	10.10.2017 07:49:47	Microsoft-Windows-Sysmon	6	Driver loaded (rule: DriverLoad)	"Driver loaded:
UtcTime: 2017-10-10 05:49:17.609
ImageLoaded: C:\Windows\System32\drivers\hidparse.sys
Hashes: MD5=11753D24F7B7B22B787ECE33C62AA6A8,SHA256=B764B702D001361D5CC904F9390FB5A13F54E771F1CBAEB29B48754E5A0B525E
Signed: true
Signature: Microsoft Windows
SignatureStatus: Valid"
Information	10.10.2017 07:49:47	Microsoft-Windows-Sysmon	6	Driver loaded (rule: DriverLoad)	"Driver loaded:
UtcTime: 2017-10-10 05:49:17.115
ImageLoaded: C:\Windows\System32\drivers\usbhub.sys
Hashes: MD5=1F723DA014062DBF3288B408A7611845,SHA256=0CCC9360259E6FBC510BBF69AE991A53A92516023AAC32C60A44BD3B43371C66
Signed: true
Signature: Microsoft Windows
SignatureStatus: Valid"
Information	10.10.2017 07:49:47	Microsoft-Windows-Sysmon	6	Driver loaded (rule: DriverLoad)	"Driver loaded:
UtcTime: 2017-10-10 05:49:17.090
ImageLoaded: C:\Windows\System32\drivers\usbd.sys
Hashes: MD5=7F89C335D3F9889534B6338D9943F9F5,SHA256=FE50214111218AD217F187C0140861927F3E7BA2821BE3BDC243970C76AEE4DF
Signed: true
Signature: Microsoft Windows
SignatureStatus: Valid"
Information	10.10.2017 07:49:47	Microsoft-Windows-Sysmon	6	Driver loaded (rule: DriverLoad)	"Driver loaded:
UtcTime: 2017-10-10 05:49:16.855
ImageLoaded: C:\Windows\System32\drivers\rdpbus.sys
Hashes: MD5=9414B22E093243636D362BF8C8C12A67,SHA256=575CE91AFADD771CBF86377962EDFAF70150BBA575F8DF144FEE6CC1C0FF88E0
Signed: true
Signature: Microsoft Windows
SignatureStatus: Valid"
Information	10.10.2017 07:49:46	Microsoft-Windows-Sysmon	5	Process terminated (rule: ProcessTerminate)	"Process terminated:
UtcTime: 2017-10-10 05:49:46.812
ProcessGuid: {E4CEE641-C4F4-597E-0000-0010F0760200}
ProcessId: 3512
Image: C:\Windows\System32\dllhost.exe"
Information	10.10.2017 07:49:46	Microsoft-Windows-Sysmon	6	Driver loaded (rule: DriverLoad)	"Driver loaded:
UtcTime: 2017-10-10 05:49:16.855
ImageLoaded: C:\Windows\System32\drivers\swenum.sys
Hashes: MD5=2BC4D0EBC2467FE90302AE0AFAF23768,SHA256=CF8BCC9CA1FBA8407FD044613A2497BEEC641DE463B076F0ED1FA7674C202ADE
Signed: true
Signature: Microsoft Windows
SignatureStatus: Valid"
Information	10.10.2017 07:49:46	Microsoft-Windows-Sysmon	6	Driver loaded (rule: DriverLoad)	"Driver loaded:
UtcTime: 2017-10-10 05:49:16.855
ImageLoaded: C:\Windows\System32\drivers\ks.sys
Hashes: MD5=2A36F026A670178332B2F24417993C8F,SHA256=7E64BA63C3C4A161308AAC37AB524AE07470C03FC968851B27224329D0DE7564
Signed: true
Signature: Microsoft Windows
SignatureStatus: Valid"
Information	10.10.2017 07:49:46	Microsoft-Windows-Sysmon	6	Driver loaded (rule: DriverLoad)	"Driver loaded:
UtcTime: 2017-10-10 05:49:16.855
ImageLoaded: C:\Windows\System32\drivers\NdisVirtualBus.sys
Hashes: MD5=FE87CCAA89433FC306A80F15E848F4B2,SHA256=3269FDF53DA59057E066D582FCBB96B71C8063B8F488856A9DEA414B4797E43A
Signed: true
Signature: Microsoft Windows
SignatureStatus: Valid"
Information	10.10.2017 07:49:45	Microsoft-Windows-Sysmon	6	Driver loaded (rule: DriverLoad)	"Driver loaded:
UtcTime: 2017-10-10 05:49:16.826
ImageLoaded: C:\Windows\System32\drivers\intelppm.sys
Hashes: MD5=64EC687A811DC4F69DF3816F073352AA,SHA256=F70942B67448DF9848F32F88D37E1E0C548CE9FEFC4376628D7CBEF62494D8E1
Signed: true
Signature: Microsoft Windows
SignatureStatus: Valid"
Information	10.10.2017 07:49:45	Microsoft-Windows-Sysmon	6	Driver loaded (rule: DriverLoad)	"Driver loaded:
UtcTime: 2017-10-10 05:49:16.808
ImageLoaded: C:\Windows\System32\drivers\CmBatt.sys
Hashes: MD5=232F3A3AC3A2FB32C5C46503A6517073,SHA256=9E0232E095471E6C8825E870F5842838F1AE515E56410F6A5CC3D58A9A4AF33A
Signed: true
Signature: Microsoft Windows
SignatureStatus: Valid"
Information	10.10.2017 07:49:45	Microsoft-Windows-Sysmon	1	Process Create (rule: ProcessCreate)	"Process Create:
UtcTime: 2017-10-10 05:49:45.751
ProcessGuid: {E4CEE641-C4F9-597E-0000-00100A0E0300}
ProcessId: 4220
Image: C:\Windows\System32\svchost.exe
CommandLine: c:\windows\system32\svchost.exe -k wsappx -s AppXSvc
CurrentDirectory: C:\WINDOWS\system32\
User: NT AUTHORITY\SYSTEM
LogonGuid: {E4CEE641-C4E1-597E-0000-0020E7030000}
LogonId: 0x3E7
TerminalSessionId: 0
IntegrityLevel: System
Hashes: MD5=3120B24060924F9B94182A1432B2D7F9,SHA256=9F21E51442209BCEC0EA4A468EF8A4741685AE204D5063F4C3E45E1F8CF72643
ParentProcessGuid: {E4CEE641-C4E1-597E-0000-0010333E0000}
ParentProcessId: 572
ParentImage: C:\Windows\System32\services.exe
ParentCommandLine: C:\WINDOWS\system32\services.exe"
Information	10.10.2017 07:49:45	Microsoft-Windows-Sysmon	6	Driver loaded (rule: DriverLoad)	"Driver loaded:
UtcTime: 2017-10-10 05:49:16.808
ImageLoaded: C:\Windows\System32\drivers\battc.sys
Hashes: MD5=F2742A50C14FFC3B4E56C6822750B8FF,SHA256=F749D1CBEF62C02C6934EECDD7ED04602FF7B27BCA54DC1B41FD2B0AFE2F53CD
Signed: true
Signature: Microsoft Windows
SignatureStatus: Valid"
Information	10.10.2017 07:49:45	Microsoft-Windows-Sysmon	6	Driver loaded (rule: DriverLoad)	"Driver loaded:
UtcTime: 2017-10-10 05:49:16.808
ImageLoaded: C:\Windows\System32\drivers\usbohci.sys
Hashes: MD5=BE6ED98FD0D3FE5FB11762AD7CCD6C96,SHA256=54C6C929CA55EA6770474F7E230190FC7574C1FA52437B564B3B5FA4D6106D8A
Signed: true
Signature: Microsoft Windows
SignatureStatus: Valid"
Information	10.10.2017 07:49:45	Microsoft-Windows-Sysmon	6	Driver loaded (rule: DriverLoad)	"Driver loaded:
UtcTime: 2017-10-10 05:49:16.808
ImageLoaded: C:\Windows\System32\drivers\usbport.sys
Hashes: MD5=61DD6AA3214EE1B9BD86ABB092D173EE,SHA256=A8355782C51C782171A0F0A87B6D038BCE49B900D1362A6FE7535DD4175BC534
Signed: true
Signature: Microsoft Windows
SignatureStatus: Valid"
Information	10.10.2017 07:49:45	Microsoft-Windows-Sysmon	6	Driver loaded (rule: DriverLoad)	"Driver loaded:
UtcTime: 2017-10-10 05:49:16.793
ImageLoaded: C:\Windows\System32\drivers\E1G6032E.sys
Hashes: MD5=CCED99682127E8582E5F716ECE775EF8,SHA256=3B0A51E1FC4D5BD3E7EC182799AD712AEEAF1DCD761D7E98BEC8A0A67F7334AF
Signed: true
Signature: Microsoft Windows
SignatureStatus: Valid"
Information	10.10.2017 07:49:45	Microsoft-Windows-Sysmon	6	Driver loaded (rule: DriverLoad)	"Driver loaded:
UtcTime: 2017-10-10 05:49:16.761
ImageLoaded: C:\Windows\System32\drivers\VBoxVideoW8.sys
Hashes: MD5=2F8135279D45D53F90B7AB9970BE8249,SHA256=D2563EDAD99E32202A2E81E6CA726B727CCDA4191FDBECAB0A13AE08DAE93020
Signed: true
Signature: Oracle Corporation
SignatureStatus: Valid"
Information	10.10.2017 07:49:45	Microsoft-Windows-Sysmon	6	Driver loaded (rule: DriverLoad)	"Driver loaded:
UtcTime: 2017-10-10 05:49:14.636
ImageLoaded: C:\Windows\System32\drivers\mouclass.sys
Hashes: MD5=F5D4E18A70BA069D479154442CDEB60D,SHA256=96345E88BC6A50415E112A4B4CFDF3F4306EA049741C5B0A2BFFC142F15EB5CB
Signed: true
Signature: Microsoft Windows
SignatureStatus: Valid"
Information	10.10.2017 07:49:45	Microsoft-Windows-Sysmon	6	Driver loaded (rule: DriverLoad)	"Driver loaded:
UtcTime: 2017-10-10 05:49:14.636
ImageLoaded: C:\Windows\System32\drivers\VBoxMouse.sys
Hashes: MD5=C9555369933F790D2AE0509571522FE0,SHA256=FCD851E7444D9AEEAE42DE8032B26ABE6038C62DCCB8A4C1F8D750D64710F08E
Signed: true
Signature: Oracle Corporation
SignatureStatus: Valid"
Information	10.10.2017 07:49:45	Microsoft-Windows-Sysmon	6	Driver loaded (rule: DriverLoad)	"Driver loaded:
UtcTime: 2017-10-10 05:49:12.589
ImageLoaded: C:\Windows\System32\drivers\kbdclass.sys
Hashes: MD5=D36B404BF979297C6572AEF98B2594F2,SHA256=CB2F4E6589936D35D59CA70B39A29D091540EA125BE4B937AF92CEA0C6D0AAEB
Signed: true
Signature: Microsoft Windows
SignatureStatus: Valid"
Information	10.10.2017 07:49:45	Microsoft-Windows-Sysmon	6	Driver loaded (rule: DriverLoad)	"Driver loaded:
UtcTime: 2017-10-10 05:49:10.824
ImageLoaded: C:\Windows\System32\drivers\i8042prt.sys
Hashes: MD5=C6C8315E3262FAE460529C6DA2951682,SHA256=4ADBFA6601209BF6F5A9797721CBE2011905775CF4E266D7B42F89915D477E95
Signed: true
Signature: Microsoft Windows
SignatureStatus: Valid"
Information	10.10.2017 07:49:44	Microsoft-Windows-Sysmon	6	Driver loaded (rule: DriverLoad)	"Driver loaded:
UtcTime: 2017-10-10 05:49:10.808
ImageLoaded: C:\Windows\System32\drivers\umbus.sys
Hashes: MD5=F39ED750EDF5948FA8CD99D1F4EC9372,SHA256=AE42AE50DE09F26D3CA4ACDCD5ECABD59D26926707030F0532A885266FE83EF9
Signed: true
Signature: Microsoft Windows
SignatureStatus: Valid"
Information	10.10.2017 07:49:44	Microsoft-Windows-Sysmon	6	Driver loaded (rule: DriverLoad)	"Driver loaded:
UtcTime: 2017-10-10 05:49:10.808
ImageLoaded: C:\Windows\System32\drivers\kdnic.sys
Hashes: MD5=4C054B8E901F41F5743DADE8A29FF256,SHA256=1009CC2503E08AFEA849BA83135C2D75C573FC4D6EFB5DBCDCC7ACB17AF83152
Signed: true
Signature: Microsoft Windows
SignatureStatus: Valid"
Information	10.10.2017 07:49:44	Microsoft-Windows-Sysmon	5	Process terminated (rule: ProcessTerminate)	"Process terminated:
UtcTime: 2017-10-10 05:49:44.544
ProcessGuid: {E4CEE641-C4F7-597E-0000-0010ABDB0200}
ProcessId: 3976
Image: C:\Windows\System32\MDMAgent.exe"
Information	10.10.2017 07:49:44	Microsoft-Windows-Sysmon	5	Process terminated (rule: ProcessTerminate)	"Process terminated:
UtcTime: 2017-10-10 05:49:44.528
ProcessGuid: {E4CEE641-C4F7-597E-0000-001050E30200}
ProcessId: 4076
Image: C:\Windows\System32\svchost.exe"
Information	10.10.2017 07:49:44	Microsoft-Windows-Sysmon	1	Process Create (rule: ProcessCreate)	"Process Create:
UtcTime: 2017-10-10 05:49:44.245
ProcessGuid: {E4CEE641-C4F8-597E-0000-001031ED0200}
ProcessId: 3736
Image: C:\Program Files\Microsoft Office\root\Office16\msoia.exe
CommandLine: ""C:\Program Files\Microsoft Office\root\Office16\msoia.exe"" scan upload
CurrentDirectory: C:\WINDOWS\system32\
User: DESKTOP-63KR1PU\John
LogonGuid: {E4CEE641-C4E8-597E-0000-002051990100}
LogonId: 0x19951
TerminalSessionId: 1
IntegrityLevel: Medium
Hashes: MD5=9A5E33A0216538F149F369FE23B07190,SHA256=EC5D199FF17064CE2B98540909E0EA3C48F5CBE0FCADC30DA04F5398AE8A1965
ParentProcessGuid: {E4CEE641-C4E3-597E-0000-0010B5BE0000}
ParentProcessId: 1140
ParentImage: C:\Windows\System32\svchost.exe
ParentCommandLine: c:\windows\system32\svchost.exe -k netsvcs -s Schedule"
Information	10.10.2017 07:49:44	Microsoft-Windows-Sysmon	6	Driver loaded (rule: DriverLoad)	"Driver loaded:
UtcTime: 2017-10-10 05:49:10.808
ImageLoaded: C:\Windows\System32\DriverStore\FileRepository\compositebus.inf_amd64_de4c68ea4fb1be53\CompositeBus.sys
Hashes: MD5=DFDAEDB857BC18764F0D8ECDCC3C1499,SHA256=AE12E908BAF53C605A17A9FB1AFD6BFBEC75EBE45D893541281473C197C71FED
Signed: true
Signature: Microsoft Windows
SignatureStatus: Valid"
Information	10.10.2017 07:49:44	Microsoft-Windows-Sysmon	1	Process Create (rule: ProcessCreate)	"Process Create:
UtcTime: 2017-10-10 05:49:44.083
ProcessGuid: {E4CEE641-C4F8-597E-0000-0010E0EA0200}
ProcessId: 3564
Image: C:\Windows\System32\svchost.exe
CommandLine: c:\windows\system32\svchost.exe -k netsvcs -s TokenBroker
CurrentDirectory: C:\WINDOWS\system32\
User: NT AUTHORITY\SYSTEM
LogonGuid: {E4CEE641-C4E1-597E-0000-0020E7030000}
LogonId: 0x3E7
TerminalSessionId: 0
IntegrityLevel: System
Hashes: MD5=3120B24060924F9B94182A1432B2D7F9,SHA256=9F21E51442209BCEC0EA4A468EF8A4741685AE204D5063F4C3E45E1F8CF72643
ParentProcessGuid: {E4CEE641-C4E1-597E-0000-0010333E0000}
ParentProcessId: 572
ParentImage: C:\Windows\System32\services.exe
ParentCommandLine: C:\WINDOWS\system32\services.exe"
Information	10.10.2017 07:49:43	Microsoft-Windows-Sysmon	6	Driver loaded (rule: DriverLoad)	"Driver loaded:
UtcTime: 2017-10-10 05:49:10.128
ImageLoaded: C:\Windows\System32\drivers\ahcache.sys
Hashes: MD5=1D914C996F2C3134E2344BB74F79BCF6,SHA256=D27AF01BA29784555AF7D2E89A3A65E81D6AFE1D3C7E8F9367F06D9DF5F88069
Signed: true
Signature: Microsoft Windows
SignatureStatus: Valid"
Information	10.10.2017 07:49:43	Microsoft-Windows-Sysmon	1	Process Create (rule: ProcessCreate)	"Process Create:
UtcTime: 2017-10-10 05:49:43.630
ProcessGuid: {E4CEE641-C4F7-597E-0000-001050E30200}
ProcessId: 4076
Image: C:\Windows\System32\svchost.exe
CommandLine: C:\WINDOWS\system32\svchost.exe -k netsvcs
CurrentDirectory: C:\WINDOWS\system32\
User: NT AUTHORITY\SYSTEM
LogonGuid: {E4CEE641-C4E1-597E-0000-0020E7030000}
LogonId: 0x3E7
TerminalSessionId: 0
IntegrityLevel: System
Hashes: MD5=3120B24060924F9B94182A1432B2D7F9,SHA256=9F21E51442209BCEC0EA4A468EF8A4741685AE204D5063F4C3E45E1F8CF72643
ParentProcessGuid: {E4CEE641-C4E1-597E-0000-0010333E0000}
ParentProcessId: 572
ParentImage: C:\Windows\System32\services.exe
ParentCommandLine: C:\WINDOWS\system32\services.exe"
Information	10.10.2017 07:49:43	Microsoft-Windows-Sysmon	1	Process Create (rule: ProcessCreate)	"Process Create:
UtcTime: 2017-10-10 05:49:43.515
ProcessGuid: {E4CEE641-C4F7-597E-0000-0010ABDB0200}
ProcessId: 3976
Image: C:\Windows\System32\MDMAgent.exe
CommandLine: C:\WINDOWS\system32\MDMAgent.exe
CurrentDirectory: C:\WINDOWS\system32\
User: NT AUTHORITY\SYSTEM
LogonGuid: {E4CEE641-C4E1-597E-0000-0020E7030000}
LogonId: 0x3E7
TerminalSessionId: 0
IntegrityLevel: System
Hashes: MD5=38F5B47BA004C73C1DBE9861DC0511FA,SHA256=9410C610676E7EEF2BB9C2AA1F139EF1783DDBCD5AFCD1C6B024D6A57EEB51F4
ParentProcessGuid: {E4CEE641-C4E3-597E-0000-0010B5BE0000}
ParentProcessId: 1140
ParentImage: C:\Windows\System32\svchost.exe
ParentCommandLine: c:\windows\system32\svchost.exe -k netsvcs -s Schedule"
Information	10.10.2017 07:49:43	Microsoft-Windows-Sysmon	1	Process Create (rule: ProcessCreate)	"Process Create:
UtcTime: 2017-10-10 05:49:43.520
ProcessGuid: {E4CEE641-C4F7-597E-0000-0010BFDC0200}
ProcessId: 3988
Image: C:\Windows\System32\taskhostw.exe
CommandLine: taskhostw.exe {222A245B-E637-4AE9-A93F-A59CA119A75E}
CurrentDirectory: C:\WINDOWS\system32\
User: DESKTOP-63KR1PU\John
LogonGuid: {E4CEE641-C4E8-597E-0000-002051990100}
LogonId: 0x19951
TerminalSessionId: 1
IntegrityLevel: Medium
Hashes: MD5=802F044589D1D0657F4A12B13AFFFAE4,SHA256=3BC9D9E67292B2D4849AD0DB1EAE86DDEDBFC27728CDED9CFA614C4939A5D2D4
ParentProcessGuid: {E4CEE641-C4E3-597E-0000-0010B5BE0000}
ParentProcessId: 1140
ParentImage: C:\Windows\System32\svchost.exe
ParentCommandLine: c:\windows\system32\svchost.exe -k netsvcs -s Schedule"
