Information	10.10.2017 07:49:32	Microsoft-Windows-Sysmon	1	Process Create (rule: ProcessCreate)	"Process Create:
UtcTime: 2017-10-10 05:49:24.963
ProcessGuid: {E4CEE641-C4E4-597E-0000-0010DA0F0100}
ProcessId: 2024
Image: C:\Windows\System32\svchost.exe
CommandLine: c:\windows\system32\svchost.exe -k netsvcs -s ShellHWDetection
CurrentDirectory: C:\WINDOWS\system32\
User: NT AUTHORITY\SYSTEM
LogonGuid: {E4CEE641-C4E1-597E-0000-0020E7030000}
LogonId: 0x3E7
TerminalSessionId: 0
IntegrityLevel: System
Hashes: MD5=3120B24060924F9B94182A1432B2D7F9,SHA256=9F21E51442209BCEC0EA4A468EF8A4741685AE204D5063F4C3E45E1F8CF72643
ParentProcessGuid: {E4CEE641-C4E1-597E-0000-0010333E0000}
ParentProcessId: 572
ParentImage: C:\Windows\System32\services.exe
ParentCommandLine: C:\WINDOWS\system32\services.exe"
Information	10.10.2017 07:49:32	Microsoft-Windows-Sysmon	1	Process Create (rule: ProcessCreate)	"Process Create:
UtcTime: 2017-10-10 05:49:24.903
ProcessGuid: {E4CEE641-C4E4-597E-0000-0010EB0B0100}
ProcessId: 1980
Image: C:\Windows\System32\svchost.exe
CommandLine: c:\windows\system32\svchost.exe -k netsvcs
CurrentDirectory: C:\WINDOWS\system32\
User: NT AUTHORITY\SYSTEM
LogonGuid: {E4CEE641-C4E1-597E-0000-0020E7030000}
LogonId: 0x3E7
TerminalSessionId: 0
IntegrityLevel: System
Hashes: MD5=3120B24060924F9B94182A1432B2D7F9,SHA256=9F21E51442209BCEC0EA4A468EF8A4741685AE204D5063F4C3E45E1F8CF72643
ParentProcessGuid: {E4CEE641-C4E1-597E-0000-0010333E0000}
ParentProcessId: 572
ParentImage: C:\Windows\System32\services.exe
ParentCommandLine: C:\WINDOWS\system32\services.exe"
Information	10.10.2017 07:49:32	Microsoft-Windows-Sysmon	1	Process Create (rule: ProcessCreate)	"Process Create:
UtcTime: 2017-10-10 05:49:24.874
ProcessGuid: {E4CEE641-C4E4-597E-0000-0010640A0100}
ProcessId: 1964
Image: C:\Windows\System32\svchost.exe
CommandLine: c:\windows\system32\svchost.exe -k localsystemnetworkrestricted -s fhsvc
CurrentDirectory: C:\WINDOWS\system32\
User: NT AUTHORITY\SYSTEM
LogonGuid: {E4CEE641-C4E1-597E-0000-0020E7030000}
LogonId: 0x3E7
TerminalSessionId: 0
IntegrityLevel: System
Hashes: MD5=3120B24060924F9B94182A1432B2D7F9,SHA256=9F21E51442209BCEC0EA4A468EF8A4741685AE204D5063F4C3E45E1F8CF72643
ParentProcessGuid: {E4CEE641-C4E1-597E-0000-0010333E0000}
ParentProcessId: 572
ParentImage: C:\Windows\System32\services.exe
ParentCommandLine: C:\WINDOWS\system32\services.exe"
Information	10.10.2017 07:49:32	Microsoft-Windows-Sysmon	1	Process Create (rule: ProcessCreate)	"Process Create:
UtcTime: 2017-10-10 05:49:24.799
ProcessGuid: {E4CEE641-C4E4-597E-0000-00105A050100}
ProcessId: 1928
Image: C:\Windows\System32\svchost.exe
CommandLine: C:\WINDOWS\system32\svchost.exe -k LocalServiceNetworkRestricted
CurrentDirectory: C:\WINDOWS\system32\
User: NT AUTHORITY\LOCAL SERVICE
LogonGuid: {E4CEE641-C4E2-597E-0000-0020E5030000}
LogonId: 0x3E5
TerminalSessionId: 0
IntegrityLevel: System
Hashes: MD5=3120B24060924F9B94182A1432B2D7F9,SHA256=9F21E51442209BCEC0EA4A468EF8A4741685AE204D5063F4C3E45E1F8CF72643
ParentProcessGuid: {E4CEE641-C4E1-597E-0000-0010333E0000}
ParentProcessId: 572
ParentImage: C:\Windows\System32\services.exe
ParentCommandLine: C:\WINDOWS\system32\services.exe"
Information	10.10.2017 07:49:32	Microsoft-Windows-Sysmon	1	Process Create (rule: ProcessCreate)	"Process Create:
UtcTime: 2017-10-10 05:49:24.776
ProcessGuid: {E4CEE641-C4E4-597E-0000-00100C050100}
ProcessId: 1920
Image: C:\Windows\System32\svchost.exe
CommandLine: C:\WINDOWS\System32\svchost.exe -k LocalServiceNetworkRestricted
CurrentDirectory: C:\WINDOWS\system32\
User: NT AUTHORITY\LOCAL SERVICE
LogonGuid: {E4CEE641-C4E2-597E-0000-0020E5030000}
LogonId: 0x3E5
TerminalSessionId: 0
IntegrityLevel: System
Hashes: MD5=3120B24060924F9B94182A1432B2D7F9,SHA256=9F21E51442209BCEC0EA4A468EF8A4741685AE204D5063F4C3E45E1F8CF72643
ParentProcessGuid: {E4CEE641-C4E1-597E-0000-0010333E0000}
ParentProcessId: 572
ParentImage: C:\Windows\System32\services.exe
ParentCommandLine: C:\WINDOWS\system32\services.exe"
Information	10.10.2017 07:49:32	Microsoft-Windows-Sysmon	1	Process Create (rule: ProcessCreate)	"Process Create:
UtcTime: 2017-10-10 05:49:24.659
ProcessGuid: {E4CEE641-C4E4-597E-0000-00107EFE0000}
ProcessId: 1880
Image: C:\Windows\System32\svchost.exe
CommandLine: C:\WINDOWS\System32\svchost.exe -k LocalServiceNetworkRestricted
CurrentDirectory: C:\WINDOWS\system32\
User: NT AUTHORITY\LOCAL SERVICE
LogonGuid: {E4CEE641-C4E2-597E-0000-0020E5030000}
LogonId: 0x3E5
TerminalSessionId: 0
IntegrityLevel: System
Hashes: MD5=3120B24060924F9B94182A1432B2D7F9,SHA256=9F21E51442209BCEC0EA4A468EF8A4741685AE204D5063F4C3E45E1F8CF72643
ParentProcessGuid: {E4CEE641-C4E1-597E-0000-0010333E0000}
ParentProcessId: 572
ParentImage: C:\Windows\System32\services.exe
ParentCommandLine: C:\WINDOWS\system32\services.exe"
Information	10.10.2017 07:49:32	Microsoft-Windows-Sysmon	1	Process Create (rule: ProcessCreate)	"Process Create:
UtcTime: 2017-10-10 05:49:24.567
ProcessGuid: {E4CEE641-C4E4-597E-0000-001062FA0000}
ProcessId: 1832
Image: C:\Windows\System32\svchost.exe
CommandLine: c:\windows\system32\svchost.exe -k localservice -s FontCache
CurrentDirectory: C:\WINDOWS\system32\
User: NT AUTHORITY\LOCAL SERVICE
LogonGuid: {E4CEE641-C4E2-597E-0000-0020E5030000}
LogonId: 0x3E5
TerminalSessionId: 0
IntegrityLevel: System
Hashes: MD5=3120B24060924F9B94182A1432B2D7F9,SHA256=9F21E51442209BCEC0EA4A468EF8A4741685AE204D5063F4C3E45E1F8CF72643
ParentProcessGuid: {E4CEE641-C4E1-597E-0000-0010333E0000}
ParentProcessId: 572
ParentImage: C:\Windows\System32\services.exe
ParentCommandLine: C:\WINDOWS\system32\services.exe"
Information	10.10.2017 07:49:32	Microsoft-Windows-Sysmon	1	Process Create (rule: ProcessCreate)	"Process Create:
UtcTime: 2017-10-10 05:49:24.565
ProcessGuid: {E4CEE641-C4E4-597E-0000-0010D0F90000}
ProcessId: 1824
Image: C:\Windows\System32\svchost.exe
CommandLine: c:\windows\system32\svchost.exe -k localsystemnetworkrestricted -s AudioEndpointBuilder
CurrentDirectory: C:\WINDOWS\system32\
User: NT AUTHORITY\SYSTEM
LogonGuid: {E4CEE641-C4E1-597E-0000-0020E7030000}
LogonId: 0x3E7
TerminalSessionId: 0
IntegrityLevel: System
Hashes: MD5=3120B24060924F9B94182A1432B2D7F9,SHA256=9F21E51442209BCEC0EA4A468EF8A4741685AE204D5063F4C3E45E1F8CF72643
ParentProcessGuid: {E4CEE641-C4E1-597E-0000-0010333E0000}
ParentProcessId: 572
ParentImage: C:\Windows\System32\services.exe
ParentCommandLine: C:\WINDOWS\system32\services.exe"
Information	10.10.2017 07:49:32	Microsoft-Windows-Sysmon	1	Process Create (rule: ProcessCreate)	"Process Create:
UtcTime: 2017-10-10 05:49:24.465
ProcessGuid: {E4CEE641-C4E4-597E-0000-001086F20000}
ProcessId: 1732
Image: C:\Windows\System32\svchost.exe
CommandLine: c:\windows\system32\svchost.exe -k netsvcs -s SENS
CurrentDirectory: C:\WINDOWS\system32\
User: NT AUTHORITY\SYSTEM
LogonGuid: {E4CEE641-C4E1-597E-0000-0020E7030000}
LogonId: 0x3E7
TerminalSessionId: 0
IntegrityLevel: System
Hashes: MD5=3120B24060924F9B94182A1432B2D7F9,SHA256=9F21E51442209BCEC0EA4A468EF8A4741685AE204D5063F4C3E45E1F8CF72643
ParentProcessGuid: {E4CEE641-C4E1-597E-0000-0010333E0000}
ParentProcessId: 572
ParentImage: C:\Windows\System32\services.exe
ParentCommandLine: C:\WINDOWS\system32\services.exe"
Information	10.10.2017 07:49:32	Microsoft-Windows-Sysmon	1	Process Create (rule: ProcessCreate)	"Process Create:
UtcTime: 2017-10-10 05:49:24.278
ProcessGuid: {E4CEE641-C4E4-597E-0000-001070E40000}
ProcessId: 1608
Image: C:\Windows\System32\svchost.exe
CommandLine: c:\windows\system32\svchost.exe -k localservice -s EventSystem
CurrentDirectory: C:\WINDOWS\system32\
User: NT AUTHORITY\LOCAL SERVICE
LogonGuid: {E4CEE641-C4E2-597E-0000-0020E5030000}
LogonId: 0x3E5
TerminalSessionId: 0
IntegrityLevel: System
Hashes: MD5=3120B24060924F9B94182A1432B2D7F9,SHA256=9F21E51442209BCEC0EA4A468EF8A4741685AE204D5063F4C3E45E1F8CF72643
ParentProcessGuid: {E4CEE641-C4E1-597E-0000-0010333E0000}
ParentProcessId: 572
ParentImage: C:\Windows\System32\services.exe
ParentCommandLine: C:\WINDOWS\system32\services.exe"
Information	10.10.2017 07:49:32	Microsoft-Windows-Sysmon	1	Process Create (rule: ProcessCreate)	"Process Create:
UtcTime: 2017-10-10 05:49:24.276
ProcessGuid: {E4CEE641-C4E4-597E-0000-001009E40000}
ProcessId: 1600
Image: C:\Windows\System32\svchost.exe
CommandLine: c:\windows\system32\svchost.exe -k netsvcs -s Themes
CurrentDirectory: C:\WINDOWS\system32\
User: NT AUTHORITY\SYSTEM
LogonGuid: {E4CEE641-C4E1-597E-0000-0020E7030000}
LogonId: 0x3E7
TerminalSessionId: 0
IntegrityLevel: System
Hashes: MD5=3120B24060924F9B94182A1432B2D7F9,SHA256=9F21E51442209BCEC0EA4A468EF8A4741685AE204D5063F4C3E45E1F8CF72643
ParentProcessGuid: {E4CEE641-C4E1-597E-0000-0010333E0000}
ParentProcessId: 572
ParentImage: C:\Windows\System32\services.exe
ParentCommandLine: C:\WINDOWS\system32\services.exe"
Information	10.10.2017 07:49:32	Microsoft-Windows-Sysmon	1	Process Create (rule: ProcessCreate)	"Process Create:
UtcTime: 2017-10-10 05:49:24.094
ProcessGuid: {E4CEE641-C4E4-597E-0000-00108BDA0000}
ProcessId: 1484
Image: C:\Windows\System32\VBoxService.exe
CommandLine: C:\WINDOWS\System32\VBoxService.exe
CurrentDirectory: C:\WINDOWS\system32\
User: NT AUTHORITY\SYSTEM
LogonGuid: {E4CEE641-C4E1-597E-0000-0020E7030000}
LogonId: 0x3E7
TerminalSessionId: 0
IntegrityLevel: System
Hashes: MD5=52673FDD102B2BB7FA4F9D72D37EB332,SHA256=2F12F78A7FA8C0C7A5979ACA29FA79666722695157646E84CA38F1AD7490D72C
ParentProcessGuid: {E4CEE641-C4E1-597E-0000-0010333E0000}
ParentProcessId: 572
ParentImage: C:\Windows\System32\services.exe
ParentCommandLine: C:\WINDOWS\system32\services.exe"
Information	10.10.2017 07:49:32	Microsoft-Windows-Sysmon	1	Process Create (rule: ProcessCreate)	"Process Create:
UtcTime: 2017-10-10 05:49:24.163
ProcessGuid: {E4CEE641-C4E4-597E-0000-00108DDE0000}
ProcessId: 1536
Image: C:\Windows\System32\svchost.exe
CommandLine: c:\windows\system32\svchost.exe -k netsvcs -s SessionEnv
CurrentDirectory: C:\WINDOWS\system32\
User: NT AUTHORITY\SYSTEM
LogonGuid: {E4CEE641-C4E1-597E-0000-0020E7030000}
LogonId: 0x3E7
TerminalSessionId: 0
IntegrityLevel: System
Hashes: MD5=3120B24060924F9B94182A1432B2D7F9,SHA256=9F21E51442209BCEC0EA4A468EF8A4741685AE204D5063F4C3E45E1F8CF72643
ParentProcessGuid: {E4CEE641-C4E1-597E-0000-0010333E0000}
ParentProcessId: 572
ParentImage: C:\Windows\System32\services.exe
ParentCommandLine: C:\WINDOWS\system32\services.exe"
Information	10.10.2017 07:49:32	Microsoft-Windows-Sysmon	1	Process Create (rule: ProcessCreate)	"Process Create:
UtcTime: 2017-10-10 05:49:24.138
ProcessGuid: {E4CEE641-C4E4-597E-0000-00100FDD0000}
ProcessId: 1516
Image: C:\Windows\System32\svchost.exe
CommandLine: c:\windows\system32\svchost.exe -k localservice -s netprofm
CurrentDirectory: C:\WINDOWS\system32\
User: NT AUTHORITY\LOCAL SERVICE
LogonGuid: {E4CEE641-C4E2-597E-0000-0020E5030000}
LogonId: 0x3E5
TerminalSessionId: 0
IntegrityLevel: System
Hashes: MD5=3120B24060924F9B94182A1432B2D7F9,SHA256=9F21E51442209BCEC0EA4A468EF8A4741685AE204D5063F4C3E45E1F8CF72643
ParentProcessGuid: {E4CEE641-C4E1-597E-0000-0010333E0000}
ParentProcessId: 572
ParentImage: C:\Windows\System32\services.exe
ParentCommandLine: C:\WINDOWS\system32\services.exe"
Information	10.10.2017 07:49:32	Microsoft-Windows-Sysmon	1	Process Create (rule: ProcessCreate)	"Process Create:
UtcTime: 2017-10-10 05:49:24.007
ProcessGuid: {E4CEE641-C4E4-597E-0000-001035D70000}
ProcessId: 1436
Image: C:\Windows\System32\svchost.exe
CommandLine: c:\windows\system32\svchost.exe -k localsystemnetworkrestricted -s WPDBusEnum
CurrentDirectory: C:\WINDOWS\system32\
User: NT AUTHORITY\SYSTEM
LogonGuid: {E4CEE641-C4E1-597E-0000-0020E7030000}
LogonId: 0x3E7
TerminalSessionId: 0
IntegrityLevel: System
Hashes: MD5=3120B24060924F9B94182A1432B2D7F9,SHA256=9F21E51442209BCEC0EA4A468EF8A4741685AE204D5063F4C3E45E1F8CF72643
ParentProcessGuid: {E4CEE641-C4E1-597E-0000-0010333E0000}
ParentProcessId: 572
ParentImage: C:\Windows\System32\services.exe
ParentCommandLine: C:\WINDOWS\system32\services.exe"
Information	10.10.2017 07:49:32	Microsoft-Windows-Sysmon	1	Process Create (rule: ProcessCreate)	"Process Create:
UtcTime: 2017-10-10 05:49:23.934
ProcessGuid: {E4CEE641-C4E3-597E-0000-0010BED40000}
ProcessId: 1408
Image: C:\Windows\System32\svchost.exe
CommandLine: c:\windows\system32\svchost.exe -k netsvcs -s UserManager
CurrentDirectory: C:\WINDOWS\system32\
User: NT AUTHORITY\SYSTEM
LogonGuid: {E4CEE641-C4E1-597E-0000-0020E7030000}
LogonId: 0x3E7
TerminalSessionId: 0
IntegrityLevel: System
Hashes: MD5=3120B24060924F9B94182A1432B2D7F9,SHA256=9F21E51442209BCEC0EA4A468EF8A4741685AE204D5063F4C3E45E1F8CF72643
ParentProcessGuid: {E4CEE641-C4E1-597E-0000-0010333E0000}
ParentProcessId: 572
ParentImage: C:\Windows\System32\services.exe
ParentCommandLine: C:\WINDOWS\system32\services.exe"
Information	10.10.2017 07:49:32	Microsoft-Windows-Sysmon	1	Process Create (rule: ProcessCreate)	"Process Create:
UtcTime: 2017-10-10 05:49:23.879
ProcessGuid: {E4CEE641-C4E3-597E-0000-00102DD10000}
ProcessId: 1364
Image: C:\Windows\System32\svchost.exe
CommandLine: c:\windows\system32\svchost.exe -k networkservice -s Dnscache
CurrentDirectory: C:\WINDOWS\system32\
User: NT AUTHORITY\NETWORK SERVICE
LogonGuid: {E4CEE641-C4E2-597E-0000-0020E4030000}
LogonId: 0x3E4
TerminalSessionId: 0
IntegrityLevel: System
Hashes: MD5=3120B24060924F9B94182A1432B2D7F9,SHA256=9F21E51442209BCEC0EA4A468EF8A4741685AE204D5063F4C3E45E1F8CF72643
ParentProcessGuid: {E4CEE641-C4E1-597E-0000-0010333E0000}
ParentProcessId: 572
ParentImage: C:\Windows\System32\services.exe
ParentCommandLine: C:\WINDOWS\system32\services.exe"
Information	10.10.2017 07:49:32	Microsoft-Windows-Sysmon	1	Process Create (rule: ProcessCreate)	"Process Create:
UtcTime: 2017-10-10 05:49:23.852
ProcessGuid: {E4CEE641-C4E3-597E-0000-0010EFCE0000}
ProcessId: 1344
Image: C:\Windows\System32\svchost.exe
CommandLine: c:\windows\system32\svchost.exe -k networkservice -s LanmanWorkstation
CurrentDirectory: C:\WINDOWS\system32\
User: NT AUTHORITY\NETWORK SERVICE
LogonGuid: {E4CEE641-C4E2-597E-0000-0020E4030000}
LogonId: 0x3E4
TerminalSessionId: 0
IntegrityLevel: System
Hashes: MD5=3120B24060924F9B94182A1432B2D7F9,SHA256=9F21E51442209BCEC0EA4A468EF8A4741685AE204D5063F4C3E45E1F8CF72643
ParentProcessGuid: {E4CEE641-C4E1-597E-0000-0010333E0000}
ParentProcessId: 572
ParentImage: C:\Windows\System32\services.exe
ParentCommandLine: C:\WINDOWS\system32\services.exe"
Information	10.10.2017 07:49:32	Microsoft-Windows-Sysmon	1	Process Create (rule: ProcessCreate)	"Process Create:
UtcTime: 2017-10-10 05:49:23.787
ProcessGuid: {E4CEE641-C4E3-597E-0000-0010CACB0000}
ProcessId: 1320
Image: C:\Windows\System32\svchost.exe
CommandLine: c:\windows\system32\svchost.exe -k networkservice -s NlaSvc
CurrentDirectory: C:\WINDOWS\system32\
User: NT AUTHORITY\NETWORK SERVICE
LogonGuid: {E4CEE641-C4E2-597E-0000-0020E4030000}
LogonId: 0x3E4
TerminalSessionId: 0
IntegrityLevel: System
Hashes: MD5=3120B24060924F9B94182A1432B2D7F9,SHA256=9F21E51442209BCEC0EA4A468EF8A4741685AE204D5063F4C3E45E1F8CF72643
ParentProcessGuid: {E4CEE641-C4E1-597E-0000-0010333E0000}
ParentProcessId: 572
ParentImage: C:\Windows\System32\services.exe
ParentCommandLine: C:\WINDOWS\system32\services.exe"
Information	10.10.2017 07:49:32	Microsoft-Windows-Sysmon	1	Process Create (rule: ProcessCreate)	"Process Create:
UtcTime: 2017-10-10 05:49:23.755
ProcessGuid: {E4CEE641-C4E3-597E-0000-001036C90000}
ProcessId: 1288
Image: C:\Windows\System32\svchost.exe
CommandLine: c:\windows\system32\svchost.exe -k netsvcs -s ProfSvc
CurrentDirectory: C:\WINDOWS\system32\
User: NT AUTHORITY\SYSTEM
LogonGuid: {E4CEE641-C4E1-597E-0000-0020E7030000}
LogonId: 0x3E7
TerminalSessionId: 0
IntegrityLevel: System
Hashes: MD5=3120B24060924F9B94182A1432B2D7F9,SHA256=9F21E51442209BCEC0EA4A468EF8A4741685AE204D5063F4C3E45E1F8CF72643
ParentProcessGuid: {E4CEE641-C4E1-597E-0000-0010333E0000}
ParentProcessId: 572
ParentImage: C:\Windows\System32\services.exe
ParentCommandLine: C:\WINDOWS\system32\services.exe"
Information	10.10.2017 07:49:32	Microsoft-Windows-Sysmon	1	Process Create (rule: ProcessCreate)	"Process Create:
UtcTime: 2017-10-10 05:49:23.642
ProcessGuid: {E4CEE641-C4E3-597E-0000-001026C40000}
ProcessId: 1224
Image: C:\Windows\System32\svchost.exe
CommandLine: c:\windows\system32\svchost.exe -k netsvcs -s CertPropSvc
CurrentDirectory: C:\WINDOWS\system32\
User: NT AUTHORITY\SYSTEM
LogonGuid: {E4CEE641-C4E1-597E-0000-0020E7030000}
LogonId: 0x3E7
TerminalSessionId: 0
IntegrityLevel: System
Hashes: MD5=3120B24060924F9B94182A1432B2D7F9,SHA256=9F21E51442209BCEC0EA4A468EF8A4741685AE204D5063F4C3E45E1F8CF72643
ParentProcessGuid: {E4CEE641-C4E1-597E-0000-0010333E0000}
ParentProcessId: 572
ParentImage: C:\Windows\System32\services.exe
ParentCommandLine: C:\WINDOWS\system32\services.exe"
Information	10.10.2017 07:49:32	Microsoft-Windows-Sysmon	1	Process Create (rule: ProcessCreate)	"Process Create:
UtcTime: 2017-10-10 05:49:23.527
ProcessGuid: {E4CEE641-C4E3-597E-0000-0010B5BE0000}
ProcessId: 1140
Image: C:\Windows\System32\svchost.exe
CommandLine: c:\windows\system32\svchost.exe -k netsvcs -s Schedule
CurrentDirectory: C:\WINDOWS\system32\
User: NT AUTHORITY\SYSTEM
LogonGuid: {E4CEE641-C4E1-597E-0000-0020E7030000}
LogonId: 0x3E7
TerminalSessionId: 0
IntegrityLevel: System
Hashes: MD5=3120B24060924F9B94182A1432B2D7F9,SHA256=9F21E51442209BCEC0EA4A468EF8A4741685AE204D5063F4C3E45E1F8CF72643
ParentProcessGuid: {E4CEE641-C4E1-597E-0000-0010333E0000}
ParentProcessId: 572
ParentImage: C:\Windows\System32\services.exe
ParentCommandLine: C:\WINDOWS\system32\services.exe"
Information	10.10.2017 07:49:32	Microsoft-Windows-Sysmon	1	Process Create (rule: ProcessCreate)	"Process Create:
UtcTime: 2017-10-10 05:49:23.526
ProcessGuid: {E4CEE641-C4E3-597E-0000-001076BE0000}
ProcessId: 1132
Image: C:\Windows\System32\svchost.exe
CommandLine: c:\windows\system32\svchost.exe -k localservicenetworkrestricted -s Dhcp
CurrentDirectory: C:\WINDOWS\system32\
User: NT AUTHORITY\LOCAL SERVICE
LogonGuid: {E4CEE641-C4E2-597E-0000-0020E5030000}
LogonId: 0x3E5
TerminalSessionId: 0
IntegrityLevel: System
Hashes: MD5=3120B24060924F9B94182A1432B2D7F9,SHA256=9F21E51442209BCEC0EA4A468EF8A4741685AE204D5063F4C3E45E1F8CF72643
ParentProcessGuid: {E4CEE641-C4E1-597E-0000-0010333E0000}
ParentProcessId: 572
ParentImage: C:\Windows\System32\services.exe
ParentCommandLine: C:\WINDOWS\system32\services.exe"
Information	10.10.2017 07:49:32	Microsoft-Windows-Sysmon	1	Process Create (rule: ProcessCreate)	"Process Create:
UtcTime: 2017-10-10 05:49:23.462
ProcessGuid: {E4CEE641-C4E3-597E-0000-0010E7BA0000}
ProcessId: 1092
Image: C:\Windows\System32\svchost.exe
CommandLine: c:\windows\system32\svchost.exe -k localsystemnetworkrestricted -s UmRdpService
CurrentDirectory: C:\WINDOWS\system32\
User: NT AUTHORITY\SYSTEM
LogonGuid: {E4CEE641-C4E1-597E-0000-0020E7030000}
LogonId: 0x3E7
TerminalSessionId: 0
IntegrityLevel: System
Hashes: MD5=3120B24060924F9B94182A1432B2D7F9,SHA256=9F21E51442209BCEC0EA4A468EF8A4741685AE204D5063F4C3E45E1F8CF72643
ParentProcessGuid: {E4CEE641-C4E1-597E-0000-0010333E0000}
ParentProcessId: 572
ParentImage: C:\Windows\System32\services.exe
ParentCommandLine: C:\WINDOWS\system32\services.exe"
Information	10.10.2017 07:49:32	Microsoft-Windows-Sysmon	1	Process Create (rule: ProcessCreate)	"Process Create:
UtcTime: 2017-10-10 05:49:23.373
ProcessGuid: {E4CEE641-C4E3-597E-0000-001065B70000}
ProcessId: 1060
Image: C:\Windows\System32\svchost.exe
CommandLine: c:\windows\system32\svchost.exe -k localservice -s nsi
CurrentDirectory: C:\WINDOWS\system32\
User: NT AUTHORITY\LOCAL SERVICE
LogonGuid: {E4CEE641-C4E2-597E-0000-0020E5030000}
LogonId: 0x3E5
TerminalSessionId: 0
IntegrityLevel: System
Hashes: MD5=3120B24060924F9B94182A1432B2D7F9,SHA256=9F21E51442209BCEC0EA4A468EF8A4741685AE204D5063F4C3E45E1F8CF72643
ParentProcessGuid: {E4CEE641-C4E1-597E-0000-0010333E0000}
ParentProcessId: 572
ParentImage: C:\Windows\System32\services.exe
ParentCommandLine: C:\WINDOWS\system32\services.exe"
Information	10.10.2017 07:49:32	Microsoft-Windows-Sysmon	1	Process Create (rule: ProcessCreate)	"Process Create:
UtcTime: 2017-10-10 05:49:23.297
ProcessGuid: {E4CEE641-C4E3-597E-0000-00106DB40000}
ProcessId: 1036
Image: C:\Windows\System32\svchost.exe
CommandLine: c:\windows\system32\svchost.exe -k netsvcs -s gpsvc
CurrentDirectory: C:\WINDOWS\system32\
User: NT AUTHORITY\SYSTEM
LogonGuid: {E4CEE641-C4E1-597E-0000-0020E7030000}
LogonId: 0x3E7
TerminalSessionId: 0
IntegrityLevel: System
Hashes: MD5=3120B24060924F9B94182A1432B2D7F9,SHA256=9F21E51442209BCEC0EA4A468EF8A4741685AE204D5063F4C3E45E1F8CF72643
ParentProcessGuid: {E4CEE641-C4E1-597E-0000-0010333E0000}
ParentProcessId: 572
ParentImage: C:\Windows\System32\services.exe
ParentCommandLine: C:\WINDOWS\system32\services.exe"
Information	10.10.2017 07:49:32	Microsoft-Windows-Sysmon	1	Process Create (rule: ProcessCreate)	"Process Create:
UtcTime: 2017-10-10 05:49:23.213
ProcessGuid: {E4CEE641-C4E3-597E-0000-0010E4AF0000}
ProcessId: 876
Image: C:\Windows\System32\svchost.exe
CommandLine: c:\windows\system32\svchost.exe -k localservicenetworkrestricted -s EventLog
CurrentDirectory: C:\WINDOWS\system32\
User: NT AUTHORITY\LOCAL SERVICE
LogonGuid: {E4CEE641-C4E2-597E-0000-0020E5030000}
LogonId: 0x3E5
TerminalSessionId: 0
IntegrityLevel: System
Hashes: MD5=3120B24060924F9B94182A1432B2D7F9,SHA256=9F21E51442209BCEC0EA4A468EF8A4741685AE204D5063F4C3E45E1F8CF72643
ParentProcessGuid: {E4CEE641-C4E1-597E-0000-0010333E0000}
ParentProcessId: 572
ParentImage: C:\Windows\System32\services.exe
ParentCommandLine: C:\WINDOWS\system32\services.exe"
Information	10.10.2017 07:49:32	Microsoft-Windows-Sysmon	1	Process Create (rule: ProcessCreate)	"Process Create:
UtcTime: 2017-10-10 05:49:23.093
ProcessGuid: {E4CEE641-C4E3-597E-0000-0010D7A80000}
ProcessId: 368
Image: C:\Windows\System32\svchost.exe
CommandLine: c:\windows\system32\svchost.exe -k localservicenetworkrestricted -s TimeBrokerSvc
CurrentDirectory: C:\WINDOWS\system32\
User: NT AUTHORITY\LOCAL SERVICE
LogonGuid: {E4CEE641-C4E2-597E-0000-0020E5030000}
LogonId: 0x3E5
TerminalSessionId: 0
IntegrityLevel: System
Hashes: MD5=3120B24060924F9B94182A1432B2D7F9,SHA256=9F21E51442209BCEC0EA4A468EF8A4741685AE204D5063F4C3E45E1F8CF72643
ParentProcessGuid: {E4CEE641-C4E1-597E-0000-0010333E0000}
ParentProcessId: 572
ParentImage: C:\Windows\System32\services.exe
ParentCommandLine: C:\WINDOWS\system32\services.exe"
Information	10.10.2017 07:49:32	Microsoft-Windows-Sysmon	1	Process Create (rule: ProcessCreate)	"Process Create:
UtcTime: 2017-10-10 05:49:23.091
ProcessGuid: {E4CEE641-C4E3-597E-0000-001067A80000}
ProcessId: 360
Image: C:\Windows\System32\svchost.exe
CommandLine: c:\windows\system32\svchost.exe -k localsystemnetworkrestricted -s NcbService
CurrentDirectory: C:\WINDOWS\system32\
User: NT AUTHORITY\SYSTEM
LogonGuid: {E4CEE641-C4E1-597E-0000-0020E7030000}
LogonId: 0x3E7
TerminalSessionId: 0
IntegrityLevel: System
Hashes: MD5=3120B24060924F9B94182A1432B2D7F9,SHA256=9F21E51442209BCEC0EA4A468EF8A4741685AE204D5063F4C3E45E1F8CF72643
ParentProcessGuid: {E4CEE641-C4E1-597E-0000-0010333E0000}
ParentProcessId: 572
ParentImage: C:\Windows\System32\services.exe
ParentCommandLine: C:\WINDOWS\system32\services.exe"
Information	10.10.2017 07:49:32	Microsoft-Windows-Sysmon	1	Process Create (rule: ProcessCreate)	"Process Create:
UtcTime: 2017-10-10 05:49:22.991
ProcessGuid: {E4CEE641-C4E2-597E-0000-001093A60000}
ProcessId: 1020
Image: C:\Windows\System32\svchost.exe
CommandLine: c:\windows\system32\svchost.exe -k localservicenetworkrestricted -s lmhosts
CurrentDirectory: C:\WINDOWS\system32\
User: NT AUTHORITY\LOCAL SERVICE
LogonGuid: {E4CEE641-C4E2-597E-0000-0020E5030000}
LogonId: 0x3E5
TerminalSessionId: 0
IntegrityLevel: System
Hashes: MD5=3120B24060924F9B94182A1432B2D7F9,SHA256=9F21E51442209BCEC0EA4A468EF8A4741685AE204D5063F4C3E45E1F8CF72643
ParentProcessGuid: {E4CEE641-C4E1-597E-0000-0010333E0000}
ParentProcessId: 572
ParentImage: C:\Windows\System32\services.exe
ParentCommandLine: C:\WINDOWS\system32\services.exe"
Information	10.10.2017 07:49:32	Microsoft-Windows-Sysmon	1	Process Create (rule: ProcessCreate)	"Process Create:
UtcTime: 2017-10-10 05:49:22.970
ProcessGuid: {E4CEE641-C4E2-597E-0000-001045A50000}
ProcessId: 1000
Image: C:\Windows\System32\svchost.exe
CommandLine: c:\windows\system32\svchost.exe -k networkservice -s TermService
CurrentDirectory: C:\WINDOWS\system32\
User: NT AUTHORITY\NETWORK SERVICE
LogonGuid: {E4CEE641-C4E2-597E-0000-0020E4030000}
LogonId: 0x3E4
TerminalSessionId: 0
IntegrityLevel: System
Hashes: MD5=3120B24060924F9B94182A1432B2D7F9,SHA256=9F21E51442209BCEC0EA4A468EF8A4741685AE204D5063F4C3E45E1F8CF72643
ParentProcessGuid: {E4CEE641-C4E1-597E-0000-0010333E0000}
ParentProcessId: 572
ParentImage: C:\Windows\System32\services.exe
ParentCommandLine: C:\WINDOWS\system32\services.exe"
Information	10.10.2017 07:49:32	Microsoft-Windows-Sysmon	1	Process Create (rule: ProcessCreate)	"Process Create:
UtcTime: 2017-10-10 05:49:22.968
ProcessGuid: {E4CEE641-C4E2-597E-0000-0010E2A40000}
ProcessId: 992
Image: C:\Windows\System32\svchost.exe
CommandLine: C:\WINDOWS\system32\svchost.exe -k LocalServiceNoNetwork
CurrentDirectory: C:\WINDOWS\system32\
User: NT AUTHORITY\LOCAL SERVICE
LogonGuid: {E4CEE641-C4E2-597E-0000-0020E5030000}
LogonId: 0x3E5
TerminalSessionId: 0
IntegrityLevel: System
Hashes: MD5=3120B24060924F9B94182A1432B2D7F9,SHA256=9F21E51442209BCEC0EA4A468EF8A4741685AE204D5063F4C3E45E1F8CF72643
ParentProcessGuid: {E4CEE641-C4E1-597E-0000-0010333E0000}
ParentProcessId: 572
ParentImage: C:\Windows\System32\services.exe
ParentCommandLine: C:\WINDOWS\system32\services.exe"
Information	10.10.2017 07:49:32	Microsoft-Windows-Sysmon	1	Process Create (rule: ProcessCreate)	"Process Create:
UtcTime: 2017-10-10 05:49:22.738
ProcessGuid: {E4CEE641-C4E2-597E-0000-00102F970000}
ProcessId: 888
Image: C:\Windows\System32\dwm.exe
CommandLine: ""dwm.exe""
CurrentDirectory: C:\WINDOWS\system32\
User: Window Manager\DWM-1
LogonGuid: {E4CEE641-C4E2-597E-0000-002006970000}
LogonId: 0x9706
TerminalSessionId: 1
IntegrityLevel: System
Hashes: MD5=7C58D437F828B75330490E39CE5E109B,SHA256=066843E640DF04FE2976F226C75AB0916BCCACBBC2BBBC189896783448EEF825
ParentProcessGuid: {E4CEE641-C4E1-597E-0000-0010B83B0000}
ParentProcessId: 528
ParentImage: C:\Windows\System32\winlogon.exe
ParentCommandLine: winlogon.exe"
Information	10.10.2017 07:49:32	Microsoft-Windows-Sysmon	1	Process Create (rule: ProcessCreate)	"Process Create:
UtcTime: 2017-10-10 05:49:22.724
ProcessGuid: {E4CEE641-C4E2-597E-0000-001086960000}
ProcessId: 880
Image: C:\Windows\System32\LogonUI.exe
CommandLine: ""LogonUI.exe"" /flags:0x0 /state0:0xa3bc8855 /state1:0x41c64e6d
CurrentDirectory: C:\WINDOWS\system32\
User: NT AUTHORITY\SYSTEM
LogonGuid: {E4CEE641-C4E1-597E-0000-0020E7030000}
LogonId: 0x3E7
TerminalSessionId: 1
IntegrityLevel: System
Hashes: MD5=B9AD6172EA17EE30AB0044EE532E586F,SHA256=8D6207EE0D1A0476FE26ACDB725FDB2CEA9B691AFB6B578ACD039DA7AED9DE4F
ParentProcessGuid: {E4CEE641-C4E1-597E-0000-0010B83B0000}
ParentProcessId: 528
ParentImage: C:\Windows\System32\winlogon.exe
ParentCommandLine: winlogon.exe"
Information	10.10.2017 07:49:32	Microsoft-Windows-Sysmon	1	Process Create (rule: ProcessCreate)	"Process Create:
UtcTime: 2017-10-10 05:49:22.603
ProcessGuid: {E4CEE641-C4E2-597E-0000-001064920000}
ProcessId: 824
Image: C:\Windows\System32\svchost.exe
CommandLine: c:\windows\system32\svchost.exe -k dcomlaunch -s LSM
CurrentDirectory: C:\WINDOWS\system32\
User: NT AUTHORITY\SYSTEM
LogonGuid: {E4CEE641-C4E1-597E-0000-0020E7030000}
LogonId: 0x3E7
TerminalSessionId: 0
IntegrityLevel: System
Hashes: MD5=3120B24060924F9B94182A1432B2D7F9,SHA256=9F21E51442209BCEC0EA4A468EF8A4741685AE204D5063F4C3E45E1F8CF72643
ParentProcessGuid: {E4CEE641-C4E1-597E-0000-0010333E0000}
ParentProcessId: 572
ParentImage: C:\Windows\System32\services.exe
ParentCommandLine: C:\WINDOWS\system32\services.exe"
Information	10.10.2017 07:49:32	Microsoft-Windows-Sysmon	1	Process Create (rule: ProcessCreate)	"Process Create:
UtcTime: 2017-10-10 05:49:22.482
ProcessGuid: {E4CEE641-C4E2-597E-0000-0010388D0000}
ProcessId: 788
Image: C:\Windows\System32\svchost.exe
CommandLine: c:\windows\system32\svchost.exe -k rpcss
CurrentDirectory: C:\WINDOWS\system32\
User: NT AUTHORITY\NETWORK SERVICE
LogonGuid: {E4CEE641-C4E2-597E-0000-0020E4030000}
LogonId: 0x3E4
TerminalSessionId: 0
IntegrityLevel: System
Hashes: MD5=3120B24060924F9B94182A1432B2D7F9,SHA256=9F21E51442209BCEC0EA4A468EF8A4741685AE204D5063F4C3E45E1F8CF72643
ParentProcessGuid: {E4CEE641-C4E1-597E-0000-0010333E0000}
ParentProcessId: 572
ParentImage: C:\Windows\System32\services.exe
ParentCommandLine: C:\WINDOWS\system32\services.exe"
Information	10.10.2017 07:49:32	Microsoft-Windows-Sysmon	1	Process Create (rule: ProcessCreate)	"Process Create:
UtcTime: 2017-10-10 05:49:22.248
ProcessGuid: {E4CEE641-C4E2-597E-0000-001090520000}
ProcessId: 712
Image: C:\Windows\System32\fontdrvhost.exe
CommandLine: ""fontdrvhost.exe""
CurrentDirectory: C:\WINDOWS\system32\
User: Font Driver Host\UMFD-0
LogonGuid: {E4CEE641-C4E2-597E-0000-0020AD4F0000}
LogonId: 0x4FAD
TerminalSessionId: 0
IntegrityLevel: AppContainer
Hashes: MD5=B7BFC0E302EFF9418CF0A6525D56864F,SHA256=BD97839D7CA8712E0D527A33FBCF392C4171EAC17699EBE33AFC965583533654
ParentProcessGuid: {E4CEE641-C4E1-597E-0000-0010163A0000}
ParentProcessId: 476
ParentImage: C:\Windows\System32\wininit.exe
ParentCommandLine: wininit.exe"
Information	10.10.2017 07:49:32	Microsoft-Windows-Sysmon	1	Process Create (rule: ProcessCreate)	"Process Create:
UtcTime: 2017-10-10 05:49:22.211
ProcessGuid: {E4CEE641-C4E2-597E-0000-001065500000}
ProcessId: 676
Image: C:\Windows\System32\fontdrvhost.exe
CommandLine: ""fontdrvhost.exe""
CurrentDirectory: C:\WINDOWS\system32\
User: Font Driver Host\UMFD-1
LogonGuid: {E4CEE641-C4E2-597E-0000-0020844F0000}
LogonId: 0x4F84
TerminalSessionId: 1
IntegrityLevel: AppContainer
Hashes: MD5=B7BFC0E302EFF9418CF0A6525D56864F,SHA256=BD97839D7CA8712E0D527A33FBCF392C4171EAC17699EBE33AFC965583533654
ParentProcessGuid: {E4CEE641-C4E1-597E-0000-0010B83B0000}
ParentProcessId: 528
ParentImage: C:\Windows\System32\winlogon.exe
ParentCommandLine: winlogon.exe"
Information	10.10.2017 07:49:32	Microsoft-Windows-Sysmon	1	Process Create (rule: ProcessCreate)	"Process Create:
UtcTime: 2017-10-10 05:49:22.240
ProcessGuid: {E4CEE641-C4E2-597E-0000-001053520000}
ProcessId: 700
Image: C:\Windows\System32\svchost.exe
CommandLine: C:\WINDOWS\system32\svchost.exe -k DcomLaunch
CurrentDirectory: C:\WINDOWS\system32\
User: NT AUTHORITY\SYSTEM
LogonGuid: {E4CEE641-C4E1-597E-0000-0020E7030000}
LogonId: 0x3E7
TerminalSessionId: 0
IntegrityLevel: System
Hashes: MD5=3120B24060924F9B94182A1432B2D7F9,SHA256=9F21E51442209BCEC0EA4A468EF8A4741685AE204D5063F4C3E45E1F8CF72643
ParentProcessGuid: {E4CEE641-C4E1-597E-0000-0010333E0000}
ParentProcessId: 572
ParentImage: C:\Windows\System32\services.exe
ParentCommandLine: C:\WINDOWS\system32\services.exe"
Information	10.10.2017 07:49:32	Microsoft-Windows-Sysmon	1	Process Create (rule: ProcessCreate)	"Process Create:
UtcTime: 2017-10-10 05:49:22.222
ProcessGuid: {E4CEE641-C4E2-597E-0000-001054510000}
ProcessId: 684
Image: C:\Windows\System32\svchost.exe
CommandLine: c:\windows\system32\svchost.exe -k dcomlaunch -s PlugPlay
CurrentDirectory: C:\WINDOWS\system32\
User: NT AUTHORITY\SYSTEM
LogonGuid: {E4CEE641-C4E1-597E-0000-0020E7030000}
LogonId: 0x3E7
TerminalSessionId: 0
IntegrityLevel: System
Hashes: MD5=3120B24060924F9B94182A1432B2D7F9,SHA256=9F21E51442209BCEC0EA4A468EF8A4741685AE204D5063F4C3E45E1F8CF72643
ParentProcessGuid: {E4CEE641-C4E1-597E-0000-0010333E0000}
ParentProcessId: 572
ParentImage: C:\Windows\System32\services.exe
ParentCommandLine: C:\WINDOWS\system32\services.exe"
Information	10.10.2017 07:49:32	Microsoft-Windows-Sysmon	5	Process terminated (rule: ProcessTerminate)	"Process terminated:
UtcTime: 2017-10-10 05:49:21.783
ProcessGuid: {E4CEE641-C4E1-597E-0000-0010043A0000}
ProcessId: 468
Image: C:\Windows\System32\smss.exe"
Information	10.10.2017 07:49:32	Microsoft-Windows-Sysmon	1	Process Create (rule: ProcessCreate)	"Process Create:
UtcTime: 2017-10-10 05:49:21.653
ProcessGuid: {E4CEE641-C4E1-597E-0000-0010B83B0000}
ProcessId: 528
Image: C:\Windows\System32\winlogon.exe
CommandLine: winlogon.exe
CurrentDirectory: C:\WINDOWS\system32\
User: NT AUTHORITY\SYSTEM
LogonGuid: {E4CEE641-C4E1-597E-0000-0020E7030000}
LogonId: 0x3E7
TerminalSessionId: 1
IntegrityLevel: System
Hashes: MD5=31E3287EF6D97C5864A301CEA75BBBA1,SHA256=042A54F28FF5F4BC088B6707D557A8C073FB281D7E0B04850896F396E852F5E7
ParentProcessGuid: {E4CEE641-C4E1-597E-0000-0010043A0000}
ParentProcessId: 468
ParentImage: C:\Windows\System32\smss.exe
ParentCommandLine: \SystemRoot\System32\smss.exe 000000d0 00000080 "
Information	10.10.2017 07:49:32	Microsoft-Windows-Sysmon	1	Process Create (rule: ProcessCreate)	"Process Create:
UtcTime: 2017-10-10 05:49:21.746
ProcessGuid: {E4CEE641-C4E1-597E-0000-00103E3F0000}
ProcessId: 580
Image: C:\Windows\System32\lsass.exe
CommandLine: C:\WINDOWS\system32\lsass.exe
CurrentDirectory: C:\WINDOWS\system32\
User: NT AUTHORITY\SYSTEM
LogonGuid: {E4CEE641-C4E1-597E-0000-0020E7030000}
LogonId: 0x3E7
TerminalSessionId: 0
IntegrityLevel: System
Hashes: MD5=9936F9E94C6E3F47A158D7BFF020575A,SHA256=D28F6BBCBA07AD8FC17C99D701A0C9367270C4A504BAAB7B840931BBF333D65D
ParentProcessGuid: {E4CEE641-C4E1-597E-0000-0010163A0000}
ParentProcessId: 476
ParentImage: C:\Windows\System32\wininit.exe
ParentCommandLine: wininit.exe"
Information	10.10.2017 07:49:32	Microsoft-Windows-Sysmon	1	Process Create (rule: ProcessCreate)	"Process Create:
UtcTime: 2017-10-10 05:49:21.705
ProcessGuid: {E4CEE641-C4E1-597E-0000-0010333E0000}
ProcessId: 572
Image: C:\Windows\System32\services.exe
CommandLine: C:\WINDOWS\system32\services.exe
CurrentDirectory: C:\WINDOWS\system32\
User: NT AUTHORITY\SYSTEM
LogonGuid: {E4CEE641-C4E1-597E-0000-0020E7030000}
LogonId: 0x3E7
TerminalSessionId: 0
IntegrityLevel: System
Hashes: MD5=800D00D1A7ADA9E341CACDF287347584,SHA256=70AD5A458203B35F227F3F6B4783D00424C96AA9E29DB3090CEC8C00E62CD8E5
ParentProcessGuid: {E4CEE641-C4E1-597E-0000-0010163A0000}
ParentProcessId: 476
ParentImage: C:\Windows\System32\wininit.exe
ParentCommandLine: wininit.exe"
Information	10.10.2017 07:49:32	Microsoft-Windows-Sysmon	5	Process terminated (rule: ProcessTerminate)	"Process terminated:
UtcTime: 2017-10-10 05:49:21.652
ProcessGuid: {E4CEE641-C4E1-597E-0000-0010E6350000}
ProcessId: 400
Image: C:\Windows\System32\smss.exe"
Information	10.10.2017 07:49:32	Microsoft-Windows-Sysmon	1	Process Create (rule: ProcessCreate)	"Process Create:
UtcTime: 2017-10-10 05:49:21.615
ProcessGuid: {E4CEE641-C4E1-597E-0000-0010163A0000}
ProcessId: 476
Image: C:\Windows\System32\wininit.exe
CommandLine: wininit.exe
CurrentDirectory: C:\WINDOWS\system32\
User: NT AUTHORITY\SYSTEM
LogonGuid: {E4CEE641-C4E1-597E-0000-0020E7030000}
LogonId: 0x3E7
TerminalSessionId: 0
IntegrityLevel: System
Hashes: MD5=B2DB5876B6F68D32E470F691C7088F3F,SHA256=042B0701C0E4841D806406108D7E06993A619039B380014614322B6D4D301E1D
ParentProcessGuid: {E4CEE641-C4E1-597E-0000-0010E6350000}
ParentProcessId: 400
ParentImage: C:\Windows\System32\smss.exe
ParentCommandLine: \SystemRoot\System32\smss.exe 000000cc 00000080 "
Information	10.10.2017 07:49:32	Microsoft-Windows-Sysmon	1	Process Create (rule: ProcessCreate)	"Process Create:
UtcTime: 2017-10-10 05:49:21.620
ProcessGuid: {E4CEE641-C4E1-597E-0000-0010833A0000}
ProcessId: 484
Image: C:\Windows\System32\csrss.exe
CommandLine: %%SystemRoot%%\system32\csrss.exe ObjectDirectory=\Windows SharedSection=1024,20480,768 Windows=On SubSystemType=Windows ServerDll=basesrv,1 ServerDll=winsrv:UserServerDllInitialization,3 ServerDll=sxssrv,4 ProfileControl=Off MaxRequestThreads=16
CurrentDirectory: C:\WINDOWS\system32\
User: NT AUTHORITY\SYSTEM
LogonGuid: {E4CEE641-C4E1-597E-0000-0020E7030000}
LogonId: 0x3E7
TerminalSessionId: 1
IntegrityLevel: System
Hashes: MD5=31E45CAA8E7035ECD47E96A7377BE975,SHA256=A798DEF2CD3B2DA331BF0B49CB69AC111EDBADB206100EEA1628EF3EF3E2E1BC
ParentProcessGuid: {E4CEE641-C4E1-597E-0000-0010043A0000}
ParentProcessId: 468
ParentImage: C:\Windows\System32\smss.exe
ParentCommandLine: \SystemRoot\System32\smss.exe 000000d0 00000080 "
Information	10.10.2017 07:49:32	Microsoft-Windows-Sysmon	1	Process Create (rule: ProcessCreate)	"Process Create:
UtcTime: 2017-10-10 05:49:21.614
ProcessGuid: {E4CEE641-C4E1-597E-0000-0010043A0000}
ProcessId: 468
Image: C:\Windows\System32\smss.exe
CommandLine: \SystemRoot\System32\smss.exe 000000d0 00000080 
CurrentDirectory: C:\WINDOWS\
User: NT AUTHORITY\SYSTEM
LogonGuid: {E4CEE641-C4E1-597E-0000-0020E7030000}
LogonId: 0x3E7
TerminalSessionId: 1
IntegrityLevel: System
Hashes: MD5=B999183E2195DEBC03B6B7B73A0C83C7,SHA256=F6066162E9E4F279D2D5F0C207C209AE8C2B13FC7555186F32C7E8CE49EB52A2
ParentProcessGuid: {E4CEE641-C4D6-597E-0000-0010D1240000}
ParentProcessId: 328
ParentImage: C:\Windows\System32\smss.exe
ParentCommandLine: \SystemRoot\System32\smss.exe"
Information	10.10.2017 07:49:32	Microsoft-Windows-Sysmon	1	Process Create (rule: ProcessCreate)	"Process Create:
UtcTime: 2017-10-10 05:49:21.325
ProcessGuid: {E4CEE641-C4E1-597E-0000-001096370000}
ProcessId: 408
Image: C:\Windows\System32\csrss.exe
CommandLine: %%SystemRoot%%\system32\csrss.exe ObjectDirectory=\Windows SharedSection=1024,20480,768 Windows=On SubSystemType=Windows ServerDll=basesrv,1 ServerDll=winsrv:UserServerDllInitialization,3 ServerDll=sxssrv,4 ProfileControl=Off MaxRequestThreads=16
CurrentDirectory: C:\WINDOWS\system32\
User: NT AUTHORITY\SYSTEM
LogonGuid: {E4CEE641-C4E1-597E-0000-0020E7030000}
LogonId: 0x3E7
TerminalSessionId: 0
IntegrityLevel: System
Hashes: MD5=31E45CAA8E7035ECD47E96A7377BE975,SHA256=A798DEF2CD3B2DA331BF0B49CB69AC111EDBADB206100EEA1628EF3EF3E2E1BC
ParentProcessGuid: {E4CEE641-C4E1-597E-0000-0010E6350000}
ParentProcessId: 400
ParentImage: C:\Windows\System32\smss.exe
ParentCommandLine: \SystemRoot\System32\smss.exe 000000cc 00000080 "
Information	10.10.2017 07:49:32	Microsoft-Windows-Sysmon	1	Process Create (rule: ProcessCreate)	"Process Create:
UtcTime: 2017-10-10 05:49:21.033
ProcessGuid: {E4CEE641-C4E1-597E-0000-0010E6350000}
ProcessId: 400
Image: C:\Windows\System32\smss.exe
CommandLine: \SystemRoot\System32\smss.exe 000000cc 00000080 
CurrentDirectory: C:\WINDOWS\
User: NT AUTHORITY\SYSTEM
LogonGuid: {E4CEE641-C4E1-597E-0000-0020E7030000}
LogonId: 0x3E7
TerminalSessionId: 0
IntegrityLevel: System
Hashes: MD5=B999183E2195DEBC03B6B7B73A0C83C7,SHA256=F6066162E9E4F279D2D5F0C207C209AE8C2B13FC7555186F32C7E8CE49EB52A2
ParentProcessGuid: {E4CEE641-C4D6-597E-0000-0010D1240000}
ParentProcessId: 328
ParentImage: C:\Windows\System32\smss.exe
ParentCommandLine: \SystemRoot\System32\smss.exe"
Information	10.10.2017 07:49:32	Microsoft-Windows-Sysmon	5	Process terminated (rule: ProcessTerminate)	"Process terminated:
UtcTime: 2017-10-10 05:49:18.964
ProcessGuid: {E4CEE641-C4DE-597E-0000-0010432D0000}
ProcessId: 348
Image: C:\Windows\System32\autochk.exe"
Information	10.10.2017 07:49:32	Microsoft-Windows-Sysmon	1	Process Create (rule: ProcessCreate)	"Process Create:
UtcTime: 2017-10-10 05:49:18.804
ProcessGuid: {E4CEE641-C4DE-597E-0000-0010432D0000}
ProcessId: 348
Image: C:\Windows\System32\autochk.exe
CommandLine: \??\C:\WINDOWS\system32\autochk.exe *
CurrentDirectory: C:\WINDOWS\system32\
User: NT AUTHORITY\SYSTEM
LogonGuid: {E4CEE641-C4E1-597E-0000-0020E7030000}
LogonId: 0x3E7
TerminalSessionId: 0
IntegrityLevel: System
Hashes: MD5=FC84D5ABA3CD649965E17EA5E06D8033,SHA256=80E2037D37C80D4D35B3AEF78E3FC7347C4F14F7FBE60EDDFE00550E956F4AEF
ParentProcessGuid: {E4CEE641-C4D6-597E-0000-0010D1240000}
ParentProcessId: 328
ParentImage: C:\Windows\System32\smss.exe
ParentCommandLine: \SystemRoot\System32\smss.exe"
Information	10.10.2017 07:49:32	Microsoft-Windows-Sysmon	1	Process Create (rule: ProcessCreate)	"Process Create:
UtcTime: 2017-10-10 05:49:10.422
ProcessGuid: {E4CEE641-C4D6-597E-0000-0010D1240000}
ProcessId: 328
Image: C:\Windows\System32\smss.exe
CommandLine: \SystemRoot\System32\smss.exe
CurrentDirectory: C:\WINDOWS
User: NT AUTHORITY\SYSTEM
LogonGuid: {E4CEE641-C4E1-597E-0000-0020E7030000}
LogonId: 0x3E7
TerminalSessionId: 0
IntegrityLevel: System
Hashes: MD5=B999183E2195DEBC03B6B7B73A0C83C7,SHA256=F6066162E9E4F279D2D5F0C207C209AE8C2B13FC7555186F32C7E8CE49EB52A2
ParentProcessGuid: {E4CEE641-C4D6-597E-0000-0010EB030000}
ParentProcessId: 4
ParentImage: System
ParentCommandLine: ?"
Information	10.10.2017 07:49:32	Microsoft-Windows-Sysmon	4	Sysmon service state changed	"Sysmon service state changed:
UtcTime: 2017-10-10 05:49:32.625
State: Started
Version: 6.03
SchemaVersion: 3.30"
Information	10.10.2017 07:48:48	Microsoft-Windows-Sysmon	3	Network connection detected (rule: NetworkConnect)	"Network connection detected:
UtcTime: 2017-10-10 05:48:47.063
ProcessGuid: {E4CEE641-DFB9-597A-0000-00109DD10A00}
ProcessId: 5916
Image: C:\Windows\System32\svchost.exe
User: NT AUTHORITY\SYSTEM
Protocol: tcp
Initiated: true
SourceIsIpv6: false
SourceIp: 10.34.1.27
SourceHostname: DESKTOP-63KR1PU
SourcePort: 50481
SourcePortName: 
DestinationIsIpv6: false
DestinationIp: 65.52.108.135
DestinationHostname: 
DestinationPort: 443
DestinationPortName: https"
Information	10.10.2017 07:48:47	Microsoft-Windows-Sysmon	5	Process terminated (rule: ProcessTerminate)	"Process terminated:
UtcTime: 2017-10-10 05:48:47.871
ProcessGuid: {E4CEE641-DFB9-597A-0000-00109DD10A00}
ProcessId: 5916
Image: C:\Windows\System32\svchost.exe"
Information	10.10.2017 07:48:47	Microsoft-Windows-Sysmon	3	Network connection detected (rule: NetworkConnect)	"Network connection detected:
UtcTime: 2017-10-10 05:48:46.287
ProcessGuid: {E4CEE641-DFB9-597A-0000-00109DD10A00}
ProcessId: 5916
Image: C:\Windows\System32\svchost.exe
User: NT AUTHORITY\SYSTEM
Protocol: tcp
Initiated: true
SourceIsIpv6: false
SourceIp: 10.34.1.27
SourceHostname: DESKTOP-63KR1PU
SourcePort: 50480
SourcePortName: 
DestinationIsIpv6: false
DestinationIp: 65.52.108.116
DestinationHostname: 
DestinationPort: 443
DestinationPortName: https"
Information	10.10.2017 07:48:46	Microsoft-Windows-Sysmon	3	Network connection detected (rule: NetworkConnect)	"Network connection detected:
UtcTime: 2017-10-10 05:48:45.191
ProcessGuid: {E4CEE641-DFB9-597A-0000-00109DD10A00}
ProcessId: 5916
Image: C:\Windows\System32\svchost.exe
User: NT AUTHORITY\SYSTEM
Protocol: tcp
Initiated: true
SourceIsIpv6: false
SourceIp: 10.34.1.27
SourceHostname: DESKTOP-63KR1PU
SourcePort: 50479
SourcePortName: 
DestinationIsIpv6: false
DestinationIp: 65.52.108.116
DestinationHostname: 
DestinationPort: 443
DestinationPortName: https"
Information	10.10.2017 07:48:45	Microsoft-Windows-Sysmon	3	Network connection detected (rule: NetworkConnect)	"Network connection detected:
UtcTime: 2017-10-10 05:48:44.290
ProcessGuid: {E4CEE641-DFB9-597A-0000-00109DD10A00}
ProcessId: 5916
Image: C:\Windows\System32\svchost.exe
User: NT AUTHORITY\SYSTEM
Protocol: tcp
Initiated: true
SourceIsIpv6: false
SourceIp: 10.34.1.27
SourceHostname: DESKTOP-63KR1PU
SourcePort: 50478
SourcePortName: 
DestinationIsIpv6: false
DestinationIp: 65.52.108.135
DestinationHostname: 
DestinationPort: 443
DestinationPortName: https"
Information	10.10.2017 07:48:44	Microsoft-Windows-Sysmon	3	Network connection detected (rule: NetworkConnect)	"Network connection detected:
UtcTime: 2017-10-10 05:48:43.144
ProcessGuid: {E4CEE641-DFB9-597A-0000-00109DD10A00}
ProcessId: 5916
Image: C:\Windows\System32\svchost.exe
User: NT AUTHORITY\SYSTEM
Protocol: tcp
Initiated: true
SourceIsIpv6: false
SourceIp: 10.34.1.27
SourceHostname: DESKTOP-63KR1PU
SourcePort: 50477
SourcePortName: 
DestinationIsIpv6: false
DestinationIp: 65.52.108.135
DestinationHostname: 
DestinationPort: 443
DestinationPortName: https"
Information	10.10.2017 07:48:43	Microsoft-Windows-Sysmon	3	Network connection detected (rule: NetworkConnect)	"Network connection detected:
UtcTime: 2017-10-10 05:48:42.278
ProcessGuid: {E4CEE641-DFB9-597A-0000-00109DD10A00}
ProcessId: 5916
Image: C:\Windows\System32\svchost.exe
User: NT AUTHORITY\SYSTEM
Protocol: tcp
Initiated: true
SourceIsIpv6: false
SourceIp: 10.34.1.27
SourceHostname: DESKTOP-63KR1PU
SourcePort: 50476
SourcePortName: 
DestinationIsIpv6: false
DestinationIp: 65.55.44.54
DestinationHostname: 
DestinationPort: 443
DestinationPortName: https"
Information	10.10.2017 07:48:42	Microsoft-Windows-Sysmon	3	Network connection detected (rule: NetworkConnect)	"Network connection detected:
UtcTime: 2017-10-10 05:48:41.322
ProcessGuid: {E4CEE641-DFB9-597A-0000-00109DD10A00}
ProcessId: 5916
Image: C:\Windows\System32\svchost.exe
User: NT AUTHORITY\SYSTEM
Protocol: tcp
Initiated: true
SourceIsIpv6: false
SourceIp: 10.34.1.27
SourceHostname: DESKTOP-63KR1PU
SourcePort: 50475
SourcePortName: 
DestinationIsIpv6: false
DestinationIp: 65.52.108.116
DestinationHostname: 
DestinationPort: 443
DestinationPortName: https"
Information	10.10.2017 07:48:41	Microsoft-Windows-Sysmon	3	Network connection detected (rule: NetworkConnect)	"Network connection detected:
UtcTime: 2017-10-10 05:48:40.508
ProcessGuid: {E4CEE641-DFB9-597A-0000-00109DD10A00}
ProcessId: 5916
Image: C:\Windows\System32\svchost.exe
User: NT AUTHORITY\SYSTEM
Protocol: tcp
Initiated: true
SourceIsIpv6: false
SourceIp: 10.34.1.27
SourceHostname: DESKTOP-63KR1PU
SourcePort: 50474
SourcePortName: 
DestinationIsIpv6: false
DestinationIp: 65.52.108.135
DestinationHostname: 
DestinationPort: 443
DestinationPortName: https"
Information	10.10.2017 07:48:40	Microsoft-Windows-Sysmon	3	Network connection detected (rule: NetworkConnect)	"Network connection detected:
UtcTime: 2017-10-10 05:48:39.608
ProcessGuid: {E4CEE641-DFB9-597A-0000-00109DD10A00}
ProcessId: 5916
Image: C:\Windows\System32\svchost.exe
User: NT AUTHORITY\SYSTEM
Protocol: tcp
Initiated: true
SourceIsIpv6: false
SourceIp: 10.34.1.27
SourceHostname: DESKTOP-63KR1PU
SourcePort: 50473
SourcePortName: 
DestinationIsIpv6: false
DestinationIp: 65.52.108.135
DestinationHostname: 
DestinationPort: 443
DestinationPortName: https"
Information	10.10.2017 07:48:39	Microsoft-Windows-Sysmon	3	Network connection detected (rule: NetworkConnect)	"Network connection detected:
UtcTime: 2017-10-10 05:48:38.737
ProcessGuid: {E4CEE641-DFB9-597A-0000-00109DD10A00}
ProcessId: 5916
Image: C:\Windows\System32\svchost.exe
User: NT AUTHORITY\SYSTEM
Protocol: tcp
Initiated: true
SourceIsIpv6: false
SourceIp: 10.34.1.27
SourceHostname: DESKTOP-63KR1PU
SourcePort: 50472
SourcePortName: 
DestinationIsIpv6: false
DestinationIp: 65.52.108.135
DestinationHostname: 
DestinationPort: 443
DestinationPortName: https"
Information	10.10.2017 07:48:38	Microsoft-Windows-Sysmon	5	Process terminated (rule: ProcessTerminate)	"Process terminated:
UtcTime: 2017-10-10 05:48:38.737
ProcessGuid: {E4CEE641-DF29-597A-0000-00104A1C0100}
ProcessId: 1564
Image: C:\Windows\System32\svchost.exe"
Information	10.10.2017 07:48:38	Microsoft-Windows-Sysmon	1	Process Create (rule: ProcessCreate)	"Process Create:
UtcTime: 2017-10-10 05:48:38.613
ProcessGuid: {E4CEE641-C4B6-597E-0000-001083B2B800}
ProcessId: 5548
Image: C:\Windows\System32\SearchFilterHost.exe
CommandLine: ""C:\WINDOWS\system32\SearchFilterHost.exe"" 0 692 696 704 8192 700 
CurrentDirectory: C:\WINDOWS\system32\
User: NT AUTHORITY\SYSTEM
LogonGuid: {E4CEE641-DF21-597A-0000-0020E7030000}
LogonId: 0x3E7
TerminalSessionId: 0
IntegrityLevel: Medium
Hashes: MD5=938A12B3104DD57A478BFF0F05336962,SHA256=E7015BF982E45BC8E4E37328EE6C42BA47A20AAFED6BAC107B6AC83A8F753063
ParentProcessGuid: {E4CEE641-DF54-597A-0000-001090370300}
ParentProcessId: 4392
ParentImage: C:\Windows\System32\SearchIndexer.exe
ParentCommandLine: C:\WINDOWS\system32\SearchIndexer.exe /Embedding"
