Information	10.10.2017 08:04:03	Microsoft-Windows-Sysmon	3	Network connection detected (rule: NetworkConnect)	"Network connection detected:
UtcTime: 2017-10-10 06:04:03.051
ProcessGuid: {E4CEE641-C82B-597E-0000-00106A881600}
ProcessId: 6080
Image: C:\Program Files (x86)\Google\Chrome\Application\chrome.exe
User: DESKTOP-63KR1PU\John
Protocol: tcp
Initiated: true
SourceIsIpv6: false
SourceIp: 10.34.1.27
SourceHostname: DESKTOP-63KR1PU
SourcePort: 49986
SourcePortName: 
DestinationIsIpv6: false
DestinationIp: 151.101.112.175
DestinationHostname: 
DestinationPort: 443
DestinationPortName: https"
Information	10.10.2017 08:04:03	Microsoft-Windows-Sysmon	3	Network connection detected (rule: NetworkConnect)	"Network connection detected:
UtcTime: 2017-10-10 06:04:02.927
ProcessGuid: {E4CEE641-C82B-597E-0000-00106A881600}
ProcessId: 6080
Image: C:\Program Files (x86)\Google\Chrome\Application\chrome.exe
User: DESKTOP-63KR1PU\John
Protocol: tcp
Initiated: true
SourceIsIpv6: false
SourceIp: 10.34.1.27
SourceHostname: DESKTOP-63KR1PU
SourcePort: 49984
SourcePortName: 
DestinationIsIpv6: false
DestinationIp: 151.101.112.84
DestinationHostname: 
DestinationPort: 443
DestinationPortName: https"
Information	10.10.2017 08:04:02	Microsoft-Windows-Sysmon	3	Network connection detected (rule: NetworkConnect)	"Network connection detected:
UtcTime: 2017-10-10 06:04:01.920
ProcessGuid: {E4CEE641-C82B-597E-0000-00106A881600}
ProcessId: 6080
Image: C:\Program Files (x86)\Google\Chrome\Application\chrome.exe
User: DESKTOP-63KR1PU\John
Protocol: tcp
Initiated: true
SourceIsIpv6: false
SourceIp: 10.34.1.27
SourceHostname: DESKTOP-63KR1PU
SourcePort: 49983
SourcePortName: 
DestinationIsIpv6: false
DestinationIp: 151.101.113.164
DestinationHostname: 
DestinationPort: 443
DestinationPortName: https"
Information	10.10.2017 08:04:02	Microsoft-Windows-Sysmon	3	Network connection detected (rule: NetworkConnect)	"Network connection detected:
UtcTime: 2017-10-10 06:04:01.919
ProcessGuid: {E4CEE641-C82B-597E-0000-00106A881600}
ProcessId: 6080
Image: C:\Program Files (x86)\Google\Chrome\Application\chrome.exe
User: DESKTOP-63KR1PU\John
Protocol: tcp
Initiated: true
SourceIsIpv6: false
SourceIp: 10.34.1.27
SourceHostname: DESKTOP-63KR1PU
SourcePort: 49982
SourcePortName: 
DestinationIsIpv6: false
DestinationIp: 151.101.113.164
DestinationHostname: 
DestinationPort: 443
DestinationPortName: https"
Information	10.10.2017 08:04:02	Microsoft-Windows-Sysmon	3	Network connection detected (rule: NetworkConnect)	"Network connection detected:
UtcTime: 2017-10-10 06:04:01.919
ProcessGuid: {E4CEE641-C82B-597E-0000-00106A881600}
ProcessId: 6080
Image: C:\Program Files (x86)\Google\Chrome\Application\chrome.exe
User: DESKTOP-63KR1PU\John
Protocol: tcp
Initiated: true
SourceIsIpv6: false
SourceIp: 10.34.1.27
SourceHostname: DESKTOP-63KR1PU
SourcePort: 49981
SourcePortName: 
DestinationIsIpv6: false
DestinationIp: 151.101.113.164
DestinationHostname: 
DestinationPort: 443
DestinationPortName: https"
Information	10.10.2017 08:04:02	Microsoft-Windows-Sysmon	3	Network connection detected (rule: NetworkConnect)	"Network connection detected:
UtcTime: 2017-10-10 06:04:01.371
ProcessGuid: {E4CEE641-C82B-597E-0000-00106A881600}
ProcessId: 6080
Image: C:\Program Files (x86)\Google\Chrome\Application\chrome.exe
User: DESKTOP-63KR1PU\John
Protocol: tcp
Initiated: true
SourceIsIpv6: false
SourceIp: 10.34.1.27
SourceHostname: DESKTOP-63KR1PU
SourcePort: 49980
SourcePortName: 
DestinationIsIpv6: false
DestinationIp: 184.31.10.65
DestinationHostname: a184-31-10-65.deploy.static.akamaitechnologies.com
DestinationPort: 443
DestinationPortName: https"
Information	10.10.2017 08:04:02	Microsoft-Windows-Sysmon	3	Network connection detected (rule: NetworkConnect)	"Network connection detected:
UtcTime: 2017-10-10 06:04:01.357
ProcessGuid: {E4CEE641-C82B-597E-0000-00106A881600}
ProcessId: 6080
Image: C:\Program Files (x86)\Google\Chrome\Application\chrome.exe
User: DESKTOP-63KR1PU\John
Protocol: tcp
Initiated: true
SourceIsIpv6: false
SourceIp: 10.34.1.27
SourceHostname: DESKTOP-63KR1PU
SourcePort: 49979
SourcePortName: 
DestinationIsIpv6: false
DestinationIp: 174.129.202.209
DestinationHostname: ec2-174-129-202-209.compute-1.amazonaws.com
DestinationPort: 443
DestinationPortName: https"
Information	10.10.2017 08:04:02	Microsoft-Windows-Sysmon	3	Network connection detected (rule: NetworkConnect)	"Network connection detected:
UtcTime: 2017-10-10 06:04:01.314
ProcessGuid: {E4CEE641-C82B-597E-0000-00106A881600}
ProcessId: 6080
Image: C:\Program Files (x86)\Google\Chrome\Application\chrome.exe
User: DESKTOP-63KR1PU\John
Protocol: tcp
Initiated: true
SourceIsIpv6: false
SourceIp: 10.34.1.27
SourceHostname: DESKTOP-63KR1PU
SourcePort: 49977
SourcePortName: 
DestinationIsIpv6: false
DestinationIp: 157.240.17.18
DestinationHostname: xx-fbcdn-shv-03-dft4.fbcdn.net
DestinationPort: 443
DestinationPortName: https"
Information	10.10.2017 08:04:02	Microsoft-Windows-Sysmon	3	Network connection detected (rule: NetworkConnect)	"Network connection detected:
UtcTime: 2017-10-10 06:04:01.256
ProcessGuid: {E4CEE641-C82B-597E-0000-00106A881600}
ProcessId: 6080
Image: C:\Program Files (x86)\Google\Chrome\Application\chrome.exe
User: DESKTOP-63KR1PU\John
Protocol: tcp
Initiated: true
SourceIsIpv6: false
SourceIp: 10.34.1.27
SourceHostname: DESKTOP-63KR1PU
SourcePort: 49978
SourcePortName: 
DestinationIsIpv6: false
DestinationIp: 104.244.43.112
DestinationHostname: 
DestinationPort: 443
DestinationPortName: https"
Information	10.10.2017 08:04:01	Microsoft-Windows-Sysmon	3	Network connection detected (rule: NetworkConnect)	"Network connection detected:
UtcTime: 2017-10-10 06:04:00.892
ProcessGuid: {E4CEE641-C82B-597E-0000-00106A881600}
ProcessId: 6080
Image: C:\Program Files (x86)\Google\Chrome\Application\chrome.exe
User: DESKTOP-63KR1PU\John
Protocol: tcp
Initiated: true
SourceIsIpv6: false
SourceIp: 10.34.1.27
SourceHostname: DESKTOP-63KR1PU
SourcePort: 49976
SourcePortName: 
DestinationIsIpv6: false
DestinationIp: 23.59.123.85
DestinationHostname: a23-59-123-85.deploy.static.akamaitechnologies.com
DestinationPort: 443
DestinationPortName: https"
Information	10.10.2017 08:04:01	Microsoft-Windows-Sysmon	3	Network connection detected (rule: NetworkConnect)	"Network connection detected:
UtcTime: 2017-10-10 06:04:00.892
ProcessGuid: {E4CEE641-C82B-597E-0000-00106A881600}
ProcessId: 6080
Image: C:\Program Files (x86)\Google\Chrome\Application\chrome.exe
User: DESKTOP-63KR1PU\John
Protocol: tcp
Initiated: true
SourceIsIpv6: false
SourceIp: 10.34.1.27
SourceHostname: DESKTOP-63KR1PU
SourcePort: 49975
SourcePortName: 
DestinationIsIpv6: false
DestinationIp: 23.59.123.85
DestinationHostname: a23-59-123-85.deploy.static.akamaitechnologies.com
DestinationPort: 443
DestinationPortName: https"
Information	10.10.2017 08:04:01	Microsoft-Windows-Sysmon	3	Network connection detected (rule: NetworkConnect)	"Network connection detected:
UtcTime: 2017-10-10 06:04:00.867
ProcessGuid: {E4CEE641-C82B-597E-0000-00106A881600}
ProcessId: 6080
Image: C:\Program Files (x86)\Google\Chrome\Application\chrome.exe
User: DESKTOP-63KR1PU\John
Protocol: tcp
Initiated: true
SourceIsIpv6: false
SourceIp: 10.34.1.27
SourceHostname: DESKTOP-63KR1PU
SourcePort: 49974
SourcePortName: 
DestinationIsIpv6: false
DestinationIp: 104.94.136.237
DestinationHostname: a104-94-136-237.deploy.static.akamaitechnologies.com
DestinationPort: 443
DestinationPortName: https"
Information	10.10.2017 08:04:00	Microsoft-Windows-Sysmon	3	Network connection detected (rule: NetworkConnect)	"Network connection detected:
UtcTime: 2017-10-10 06:04:00.286
ProcessGuid: {E4CEE641-C82B-597E-0000-00106A881600}
ProcessId: 6080
Image: C:\Program Files (x86)\Google\Chrome\Application\chrome.exe
User: DESKTOP-63KR1PU\John
Protocol: tcp
Initiated: true
SourceIsIpv6: false
SourceIp: 10.34.1.27
SourceHostname: DESKTOP-63KR1PU
SourcePort: 49972
SourcePortName: 
DestinationIsIpv6: false
DestinationIp: 52.204.144.94
DestinationHostname: ec2-52-204-144-94.compute-1.amazonaws.com
DestinationPort: 80
DestinationPortName: http"
Information	10.10.2017 08:04:00	Microsoft-Windows-Sysmon	3	Network connection detected (rule: NetworkConnect)	"Network connection detected:
UtcTime: 2017-10-10 06:04:00.276
ProcessGuid: {E4CEE641-C82B-597E-0000-00106A881600}
ProcessId: 6080
Image: C:\Program Files (x86)\Google\Chrome\Application\chrome.exe
User: DESKTOP-63KR1PU\John
Protocol: tcp
Initiated: true
SourceIsIpv6: false
SourceIp: 10.34.1.27
SourceHostname: DESKTOP-63KR1PU
SourcePort: 49973
SourcePortName: 
DestinationIsIpv6: false
DestinationIp: 104.94.136.237
DestinationHostname: a104-94-136-237.deploy.static.akamaitechnologies.com
DestinationPort: 443
DestinationPortName: https"
Information	10.10.2017 08:04:00	Microsoft-Windows-Sysmon	3	Network connection detected (rule: NetworkConnect)	"Network connection detected:
UtcTime: 2017-10-10 06:03:59.781
ProcessGuid: {E4CEE641-C82B-597E-0000-00106A881600}
ProcessId: 6080
Image: C:\Program Files (x86)\Google\Chrome\Application\chrome.exe
User: DESKTOP-63KR1PU\John
Protocol: tcp
Initiated: true
SourceIsIpv6: false
SourceIp: 10.34.1.27
SourceHostname: DESKTOP-63KR1PU
SourcePort: 49971
SourcePortName: 
DestinationIsIpv6: false
DestinationIp: 151.101.113.164
DestinationHostname: 
DestinationPort: 443
DestinationPortName: https"
Information	10.10.2017 08:04:00	Microsoft-Windows-Sysmon	3	Network connection detected (rule: NetworkConnect)	"Network connection detected:
UtcTime: 2017-10-10 06:03:59.624
ProcessGuid: {E4CEE641-C82B-597E-0000-00106A881600}
ProcessId: 6080
Image: C:\Program Files (x86)\Google\Chrome\Application\chrome.exe
User: DESKTOP-63KR1PU\John
Protocol: tcp
Initiated: true
SourceIsIpv6: false
SourceIp: 10.34.1.27
SourceHostname: DESKTOP-63KR1PU
SourcePort: 49970
SourcePortName: 
DestinationIsIpv6: false
DestinationIp: 216.58.209.70
DestinationHostname: waw02s06-in-f6.1e100.net
DestinationPort: 443
DestinationPortName: https"
Information	10.10.2017 08:04:00	Microsoft-Windows-Sysmon	3	Network connection detected (rule: NetworkConnect)	"Network connection detected:
UtcTime: 2017-10-10 06:03:59.621
ProcessGuid: {E4CEE641-C82B-597E-0000-00106A881600}
ProcessId: 6080
Image: C:\Program Files (x86)\Google\Chrome\Application\chrome.exe
User: DESKTOP-63KR1PU\John
Protocol: tcp
Initiated: true
SourceIsIpv6: false
SourceIp: 10.34.1.27
SourceHostname: DESKTOP-63KR1PU
SourcePort: 49969
SourcePortName: 
DestinationIsIpv6: false
DestinationIp: 216.58.209.70
DestinationHostname: waw02s06-in-f6.1e100.net
DestinationPort: 443
DestinationPortName: https"
Information	10.10.2017 08:04:00	Microsoft-Windows-Sysmon	3	Network connection detected (rule: NetworkConnect)	"Network connection detected:
UtcTime: 2017-10-10 06:03:59.600
ProcessGuid: {E4CEE641-C82B-597E-0000-00106A881600}
ProcessId: 6080
Image: C:\Program Files (x86)\Google\Chrome\Application\chrome.exe
User: DESKTOP-63KR1PU\John
Protocol: tcp
Initiated: true
SourceIsIpv6: false
SourceIp: 10.34.1.27
SourceHostname: DESKTOP-63KR1PU
SourcePort: 49968
SourcePortName: 
DestinationIsIpv6: false
DestinationIp: 151.101.113.164
DestinationHostname: 
DestinationPort: 443
DestinationPortName: https"
Information	10.10.2017 08:04:00	Microsoft-Windows-Sysmon	3	Network connection detected (rule: NetworkConnect)	"Network connection detected:
UtcTime: 2017-10-10 06:03:59.527
ProcessGuid: {E4CEE641-C82B-597E-0000-00106A881600}
ProcessId: 6080
Image: C:\Program Files (x86)\Google\Chrome\Application\chrome.exe
User: DESKTOP-63KR1PU\John
Protocol: tcp
Initiated: true
SourceIsIpv6: false
SourceIp: 10.34.1.27
SourceHostname: DESKTOP-63KR1PU
SourcePort: 49967
SourcePortName: 
DestinationIsIpv6: false
DestinationIp: 52.48.175.49
DestinationHostname: ec2-52-48-175-49.eu-west-1.compute.amazonaws.com
DestinationPort: 80
DestinationPortName: http"
Information	10.10.2017 08:04:00	Microsoft-Windows-Sysmon	3	Network connection detected (rule: NetworkConnect)	"Network connection detected:
UtcTime: 2017-10-10 06:03:59.521
ProcessGuid: {E4CEE641-C82B-597E-0000-00106A881600}
ProcessId: 6080
Image: C:\Program Files (x86)\Google\Chrome\Application\chrome.exe
User: DESKTOP-63KR1PU\John
Protocol: tcp
Initiated: true
SourceIsIpv6: false
SourceIp: 10.34.1.27
SourceHostname: DESKTOP-63KR1PU
SourcePort: 49966
SourcePortName: 
DestinationIsIpv6: false
DestinationIp: 54.228.201.127
DestinationHostname: ec2-54-228-201-127.eu-west-1.compute.amazonaws.com
DestinationPort: 80
DestinationPortName: http"
Information	10.10.2017 08:04:00	Microsoft-Windows-Sysmon	3	Network connection detected (rule: NetworkConnect)	"Network connection detected:
UtcTime: 2017-10-10 06:03:59.503
ProcessGuid: {E4CEE641-C82B-597E-0000-00106A881600}
ProcessId: 6080
Image: C:\Program Files (x86)\Google\Chrome\Application\chrome.exe
User: DESKTOP-63KR1PU\John
Protocol: tcp
Initiated: true
SourceIsIpv6: false
SourceIp: 10.34.1.27
SourceHostname: DESKTOP-63KR1PU
SourcePort: 49965
SourcePortName: 
DestinationIsIpv6: false
DestinationIp: 52.48.175.49
DestinationHostname: ec2-52-48-175-49.eu-west-1.compute.amazonaws.com
DestinationPort: 80
DestinationPortName: http"
Information	10.10.2017 08:04:00	Microsoft-Windows-Sysmon	3	Network connection detected (rule: NetworkConnect)	"Network connection detected:
UtcTime: 2017-10-10 06:03:59.387
ProcessGuid: {E4CEE641-C82B-597E-0000-00106A881600}
ProcessId: 6080
Image: C:\Program Files (x86)\Google\Chrome\Application\chrome.exe
User: DESKTOP-63KR1PU\John
Protocol: tcp
Initiated: true
SourceIsIpv6: false
SourceIp: 10.34.1.27
SourceHostname: DESKTOP-63KR1PU
SourcePort: 49963
SourcePortName: 
DestinationIsIpv6: false
DestinationIp: 54.247.81.29
DestinationHostname: ec2-54-247-81-29.eu-west-1.compute.amazonaws.com
DestinationPort: 80
DestinationPortName: http"
Information	10.10.2017 08:04:00	Microsoft-Windows-Sysmon	3	Network connection detected (rule: NetworkConnect)	"Network connection detected:
UtcTime: 2017-10-10 06:03:59.363
ProcessGuid: {E4CEE641-C82B-597E-0000-00106A881600}
ProcessId: 6080
Image: C:\Program Files (x86)\Google\Chrome\Application\chrome.exe
User: DESKTOP-63KR1PU\John
Protocol: tcp
Initiated: true
SourceIsIpv6: false
SourceIp: 10.34.1.27
SourceHostname: DESKTOP-63KR1PU
SourcePort: 49964
SourcePortName: 
DestinationIsIpv6: false
DestinationIp: 95.172.94.53
DestinationHostname: pixel.quantserve.com
DestinationPort: 80
DestinationPortName: http"
Information	10.10.2017 08:04:00	Microsoft-Windows-Sysmon	3	Network connection detected (rule: NetworkConnect)	"Network connection detected:
UtcTime: 2017-10-10 06:03:59.254
ProcessGuid: {E4CEE641-C82B-597E-0000-00106A881600}
ProcessId: 6080
Image: C:\Program Files (x86)\Google\Chrome\Application\chrome.exe
User: DESKTOP-63KR1PU\John
Protocol: tcp
Initiated: true
SourceIsIpv6: false
SourceIp: 10.34.1.27
SourceHostname: DESKTOP-63KR1PU
SourcePort: 49962
SourcePortName: 
DestinationIsIpv6: false
DestinationIp: 151.101.112.175
DestinationHostname: 
DestinationPort: 80
DestinationPortName: http"
Information	10.10.2017 08:03:59	Microsoft-Windows-Sysmon	3	Network connection detected (rule: NetworkConnect)	"Network connection detected:
UtcTime: 2017-10-10 06:03:58.282
ProcessGuid: {E4CEE641-C82B-597E-0000-00106A881600}
ProcessId: 6080
Image: C:\Program Files (x86)\Google\Chrome\Application\chrome.exe
User: DESKTOP-63KR1PU\John
Protocol: tcp
Initiated: true
SourceIsIpv6: false
SourceIp: 10.34.1.27
SourceHostname: DESKTOP-63KR1PU
SourcePort: 49961
SourcePortName: 
DestinationIsIpv6: false
DestinationIp: 172.217.20.194
DestinationHostname: waw02s08-in-f2.1e100.net
DestinationPort: 443
DestinationPortName: https"
Information	10.10.2017 08:03:57	Microsoft-Windows-Sysmon	3	Network connection detected (rule: NetworkConnect)	"Network connection detected:
UtcTime: 2017-10-10 06:03:56.821
ProcessGuid: {E4CEE641-C82B-597E-0000-00106A881600}
ProcessId: 6080
Image: C:\Program Files (x86)\Google\Chrome\Application\chrome.exe
User: DESKTOP-63KR1PU\John
Protocol: tcp
Initiated: true
SourceIsIpv6: false
SourceIp: 10.34.1.27
SourceHostname: DESKTOP-63KR1PU
SourcePort: 49959
SourcePortName: 
DestinationIsIpv6: false
DestinationIp: 138.108.96.100
DestinationHostname: 
DestinationPort: 80
DestinationPortName: http"
Information	10.10.2017 08:03:57	Microsoft-Windows-Sysmon	3	Network connection detected (rule: NetworkConnect)	"Network connection detected:
UtcTime: 2017-10-10 06:03:56.801
ProcessGuid: {E4CEE641-C82B-597E-0000-00106A881600}
ProcessId: 6080
Image: C:\Program Files (x86)\Google\Chrome\Application\chrome.exe
User: DESKTOP-63KR1PU\John
Protocol: tcp
Initiated: true
SourceIsIpv6: false
SourceIp: 10.34.1.27
SourceHostname: DESKTOP-63KR1PU
SourcePort: 49960
SourcePortName: 
DestinationIsIpv6: false
DestinationIp: 72.247.182.16
DestinationHostname: a72-247-182-16.deploy.akamaitechnologies.com
DestinationPort: 80
DestinationPortName: http"
Information	10.10.2017 08:03:57	Microsoft-Windows-Sysmon	3	Network connection detected (rule: NetworkConnect)	"Network connection detected:
UtcTime: 2017-10-10 06:03:56.656
ProcessGuid: {E4CEE641-C82B-597E-0000-00106A881600}
ProcessId: 6080
Image: C:\Program Files (x86)\Google\Chrome\Application\chrome.exe
User: DESKTOP-63KR1PU\John
Protocol: tcp
Initiated: true
SourceIsIpv6: false
SourceIp: 10.34.1.27
SourceHostname: DESKTOP-63KR1PU
SourcePort: 49958
SourcePortName: 
DestinationIsIpv6: false
DestinationIp: 72.247.182.17
DestinationHostname: a72-247-182-17.deploy.akamaitechnologies.com
DestinationPort: 80
DestinationPortName: http"
Information	10.10.2017 08:03:57	Microsoft-Windows-Sysmon	3	Network connection detected (rule: NetworkConnect)	"Network connection detected:
UtcTime: 2017-10-10 06:03:56.651
ProcessGuid: {E4CEE641-C82B-597E-0000-00106A881600}
ProcessId: 6080
Image: C:\Program Files (x86)\Google\Chrome\Application\chrome.exe
User: DESKTOP-63KR1PU\John
Protocol: tcp
Initiated: true
SourceIsIpv6: false
SourceIp: 10.34.1.27
SourceHostname: DESKTOP-63KR1PU
SourcePort: 49957
SourcePortName: 
DestinationIsIpv6: false
DestinationIp: 62.67.193.97
DestinationHostname: 
DestinationPort: 80
DestinationPortName: http"
Information	10.10.2017 08:03:57	Microsoft-Windows-Sysmon	3	Network connection detected (rule: NetworkConnect)	"Network connection detected:
UtcTime: 2017-10-10 06:03:56.350
ProcessGuid: {E4CEE641-C82B-597E-0000-00106A881600}
ProcessId: 6080
Image: C:\Program Files (x86)\Google\Chrome\Application\chrome.exe
User: DESKTOP-63KR1PU\John
Protocol: tcp
Initiated: true
SourceIsIpv6: false
SourceIp: 10.34.1.27
SourceHostname: DESKTOP-63KR1PU
SourcePort: 49956
SourcePortName: 
DestinationIsIpv6: false
DestinationIp: 62.67.193.97
DestinationHostname: 
DestinationPort: 80
DestinationPortName: http"
Information	10.10.2017 08:03:57	Microsoft-Windows-Sysmon	3	Network connection detected (rule: NetworkConnect)	"Network connection detected:
UtcTime: 2017-10-10 06:03:56.350
ProcessGuid: {E4CEE641-C82B-597E-0000-00106A881600}
ProcessId: 6080
Image: C:\Program Files (x86)\Google\Chrome\Application\chrome.exe
User: DESKTOP-63KR1PU\John
Protocol: tcp
Initiated: true
SourceIsIpv6: false
SourceIp: 10.34.1.27
SourceHostname: DESKTOP-63KR1PU
SourcePort: 49955
SourcePortName: 
DestinationIsIpv6: false
DestinationIp: 62.67.193.97
DestinationHostname: 
DestinationPort: 80
DestinationPortName: http"
Information	10.10.2017 08:03:56	Microsoft-Windows-Sysmon	3	Network connection detected (rule: NetworkConnect)	"Network connection detected:
UtcTime: 2017-10-10 06:03:55.771
ProcessGuid: {E4CEE641-C82B-597E-0000-00106A881600}
ProcessId: 6080
Image: C:\Program Files (x86)\Google\Chrome\Application\chrome.exe
User: DESKTOP-63KR1PU\John
Protocol: tcp
Initiated: true
SourceIsIpv6: false
SourceIp: 10.34.1.27
SourceHostname: DESKTOP-63KR1PU
SourcePort: 49954
SourcePortName: 
DestinationIsIpv6: false
DestinationIp: 52.94.218.7
DestinationHostname: 
DestinationPort: 80
DestinationPortName: http"
Information	10.10.2017 08:03:56	Microsoft-Windows-Sysmon	3	Network connection detected (rule: NetworkConnect)	"Network connection detected:
UtcTime: 2017-10-10 06:03:55.327
ProcessGuid: {E4CEE641-C82B-597E-0000-00106A881600}
ProcessId: 6080
Image: C:\Program Files (x86)\Google\Chrome\Application\chrome.exe
User: DESKTOP-63KR1PU\John
Protocol: tcp
Initiated: true
SourceIsIpv6: false
SourceIp: 10.34.1.27
SourceHostname: DESKTOP-63KR1PU
SourcePort: 49953
SourcePortName: 
DestinationIsIpv6: false
DestinationIp: 151.101.112.68
DestinationHostname: 
DestinationPort: 80
DestinationPortName: http"
Information	10.10.2017 08:03:56	Microsoft-Windows-Sysmon	3	Network connection detected (rule: NetworkConnect)	"Network connection detected:
UtcTime: 2017-10-10 06:03:55.325
ProcessGuid: {E4CEE641-C82B-597E-0000-00106A881600}
ProcessId: 6080
Image: C:\Program Files (x86)\Google\Chrome\Application\chrome.exe
User: DESKTOP-63KR1PU\John
Protocol: tcp
Initiated: true
SourceIsIpv6: false
SourceIp: 10.34.1.27
SourceHostname: DESKTOP-63KR1PU
SourcePort: 49952
SourcePortName: 
DestinationIsIpv6: false
DestinationIp: 151.101.112.68
DestinationHostname: 
DestinationPort: 80
DestinationPortName: http"
Information	10.10.2017 08:03:56	Microsoft-Windows-Sysmon	3	Network connection detected (rule: NetworkConnect)	"Network connection detected:
UtcTime: 2017-10-10 06:03:55.207
ProcessGuid: {E4CEE641-C82B-597E-0000-00106A881600}
ProcessId: 6080
Image: C:\Program Files (x86)\Google\Chrome\Application\chrome.exe
User: DESKTOP-63KR1PU\John
Protocol: tcp
Initiated: true
SourceIsIpv6: false
SourceIp: 10.34.1.27
SourceHostname: DESKTOP-63KR1PU
SourcePort: 49951
SourcePortName: 
DestinationIsIpv6: false
DestinationIp: 151.101.112.249
DestinationHostname: 
DestinationPort: 80
DestinationPortName: http"
Information	10.10.2017 08:03:55	Microsoft-Windows-Sysmon	3	Network connection detected (rule: NetworkConnect)	"Network connection detected:
UtcTime: 2017-10-10 06:03:54.884
ProcessGuid: {E4CEE641-C82B-597E-0000-00106A881600}
ProcessId: 6080
Image: C:\Program Files (x86)\Google\Chrome\Application\chrome.exe
User: DESKTOP-63KR1PU\John
Protocol: tcp
Initiated: true
SourceIsIpv6: false
SourceIp: 10.34.1.27
SourceHostname: DESKTOP-63KR1PU
SourcePort: 49949
SourcePortName: 
DestinationIsIpv6: false
DestinationIp: 63.140.35.160
DestinationHostname: *.122.2o7.net
DestinationPort: 80
DestinationPortName: http"
Information	10.10.2017 08:03:55	Microsoft-Windows-Sysmon	3	Network connection detected (rule: NetworkConnect)	"Network connection detected:
UtcTime: 2017-10-10 06:03:54.835
ProcessGuid: {E4CEE641-C82B-597E-0000-00106A881600}
ProcessId: 6080
Image: C:\Program Files (x86)\Google\Chrome\Application\chrome.exe
User: DESKTOP-63KR1PU\John
Protocol: tcp
Initiated: true
SourceIsIpv6: false
SourceIp: 10.34.1.27
SourceHostname: DESKTOP-63KR1PU
SourcePort: 49950
SourcePortName: 
DestinationIsIpv6: false
DestinationIp: 138.108.96.100
DestinationHostname: 
DestinationPort: 80
DestinationPortName: http"
Information	10.10.2017 08:03:55	Microsoft-Windows-Sysmon	1	Process Create (rule: ProcessCreate)	"Process Create:
UtcTime: 2017-10-10 06:03:55.409
ProcessGuid: {E4CEE641-C84B-597E-0000-0010B6341700}
ProcessId: 5892
Image: C:\Program Files (x86)\Google\Chrome\Application\chrome.exe
CommandLine: ""C:\Program Files (x86)\Google\Chrome\Application\chrome.exe"" --type=renderer --field-trial-handle=1348 --primordial-pipe-token=96819D9E67A47946791A43BCF2984CC0 --lang=pl --enable-offline-auto-reload --enable-offline-auto-reload-visible-only --blink-settings=disallowFetchForDocWrittenScriptsInMainFrame=false,disallowFetchForDocWrittenScriptsInMainFrameOnSlowConnections=true --enable-pinch --device-scale-factor=1 --num-raster-threads=1 --content-image-texture-target=0,0,3553;0,1,3553;0,2,3553;0,3,3553;0,4,3553;0,5,3553;0,6,3553;0,7,3553;0,8,3553;0,9,3553;0,10,3553;0,11,3553;0,12,3553;0,13,3553;0,14,3553;0,15,3553;0,16,3553;1,0,3553;1,1,3553;1,2,3553;1,3,3553;1,4,3553;1,5,3553;1,6,3553;1,7,3553;1,8,3553;1,9,3553;1,10,3553;1,11,3553;1,12,3553;1,13,3553;1,14,3553;1,15,3553;1,16,3553;2,0,3553;2,1,3553;2,2,3553;2,3,3553;2,4,3553;2,5,3553;2,6,3553;2,7,3553;2,8,3553;2,9,3553;2,10,3553;2,11,3553;2,12,3553;2,13,3553;2,14,3553;2,15,3553;2,16,3553;3,0,3553;3,1,3553;3,2,3553;3,3,3553;3,4,3553;3,5,3553;3,6,3553;3,7,3553;3,8,3553;3,9,3553;3,10,3553;3,11,3553;3,12,3553;3,13,3553;3,14,3553;3,15,3553;3,16,3553;4,0,3553;4,1,3553;4,2,3553;4,3,3553;4,4,3553;4,5,3553;4,6,3553;4,7,3553;4,8,3553;4,9,3553;4,10,3553;4,11,3553;4,12,3553;4,13,3553;4,14,3553;4,15,3553;4,16,3553 --service-request-channel-token=96819D9E67A47946791A43BCF2984CC0 --renderer-client-id=10 --mojo-platform-channel-handle=6028 /prefetch:1
CurrentDirectory: C:\Program Files (x86)\Google\Chrome\Application\59.0.3071.115\
User: DESKTOP-63KR1PU\John
LogonGuid: {E4CEE641-C4E8-597E-0000-002051990100}
LogonId: 0x19951
TerminalSessionId: 1
IntegrityLevel: Low
Hashes: MD5=D387A06CD4BF5FCC1B50C3882F41A44E,SHA256=34FCB083CD01B1BD89FC467FD3C2CD292DE92F915A5CB43A36EDAED39CE2689A
ParentProcessGuid: {E4CEE641-C82B-597E-0000-00106A881600}
ParentProcessId: 6080
ParentImage: C:\Program Files (x86)\Google\Chrome\Application\chrome.exe
ParentCommandLine: ""C:\Program Files (x86)\Google\Chrome\Application\chrome.exe"" "
Information	10.10.2017 08:03:54	Microsoft-Windows-Sysmon	3	Network connection detected (rule: NetworkConnect)	"Network connection detected:
UtcTime: 2017-10-10 06:03:54.116
ProcessGuid: {E4CEE641-C82B-597E-0000-00106A881600}
ProcessId: 6080
Image: C:\Program Files (x86)\Google\Chrome\Application\chrome.exe
User: DESKTOP-63KR1PU\John
Protocol: tcp
Initiated: true
SourceIsIpv6: false
SourceIp: 10.34.1.27
SourceHostname: DESKTOP-63KR1PU
SourcePort: 49948
SourcePortName: 
DestinationIsIpv6: false
DestinationIp: 104.81.103.122
DestinationHostname: a104-81-103-122.deploy.static.akamaitechnologies.com
DestinationPort: 80
DestinationPortName: http"
Information	10.10.2017 08:03:54	Microsoft-Windows-Sysmon	3	Network connection detected (rule: NetworkConnect)	"Network connection detected:
UtcTime: 2017-10-10 06:03:53.990
ProcessGuid: {E4CEE641-C82B-597E-0000-00106A881600}
ProcessId: 6080
Image: C:\Program Files (x86)\Google\Chrome\Application\chrome.exe
User: DESKTOP-63KR1PU\John
Protocol: tcp
Initiated: true
SourceIsIpv6: false
SourceIp: 10.34.1.27
SourceHostname: DESKTOP-63KR1PU
SourcePort: 49947
SourcePortName: 
DestinationIsIpv6: false
DestinationIp: 104.94.136.168
DestinationHostname: a104-94-136-168.deploy.static.akamaitechnologies.com
DestinationPort: 80
DestinationPortName: http"
Information	10.10.2017 08:03:54	Microsoft-Windows-Sysmon	3	Network connection detected (rule: NetworkConnect)	"Network connection detected:
UtcTime: 2017-10-10 06:03:53.945
ProcessGuid: {E4CEE641-C82B-597E-0000-00106A881600}
ProcessId: 6080
Image: C:\Program Files (x86)\Google\Chrome\Application\chrome.exe
User: DESKTOP-63KR1PU\John
Protocol: tcp
Initiated: true
SourceIsIpv6: false
SourceIp: 10.34.1.27
SourceHostname: DESKTOP-63KR1PU
SourcePort: 49946
SourcePortName: 
DestinationIsIpv6: false
DestinationIp: 104.94.105.185
DestinationHostname: a104-94-105-185.deploy.static.akamaitechnologies.com
DestinationPort: 443
DestinationPortName: https"
Information	10.10.2017 08:03:54	Microsoft-Windows-Sysmon	3	Network connection detected (rule: NetworkConnect)	"Network connection detected:
UtcTime: 2017-10-10 06:03:53.747
ProcessGuid: {E4CEE641-C82B-597E-0000-00106A881600}
ProcessId: 6080
Image: C:\Program Files (x86)\Google\Chrome\Application\chrome.exe
User: DESKTOP-63KR1PU\John
Protocol: tcp
Initiated: true
SourceIsIpv6: false
SourceIp: 10.34.1.27
SourceHostname: DESKTOP-63KR1PU
SourcePort: 49945
SourcePortName: 
DestinationIsIpv6: false
DestinationIp: 104.94.128.184
DestinationHostname: a104-94-128-184.deploy.static.akamaitechnologies.com
DestinationPort: 80
DestinationPortName: http"
Information	10.10.2017 08:03:54	Microsoft-Windows-Sysmon	3	Network connection detected (rule: NetworkConnect)	"Network connection detected:
UtcTime: 2017-10-10 06:03:53.736
ProcessGuid: {E4CEE641-C82B-597E-0000-00106A881600}
ProcessId: 6080
Image: C:\Program Files (x86)\Google\Chrome\Application\chrome.exe
User: DESKTOP-63KR1PU\John
Protocol: tcp
Initiated: true
SourceIsIpv6: false
SourceIp: 10.34.1.27
SourceHostname: DESKTOP-63KR1PU
SourcePort: 49944
SourcePortName: 
DestinationIsIpv6: false
DestinationIp: 104.94.128.184
DestinationHostname: a104-94-128-184.deploy.static.akamaitechnologies.com
DestinationPort: 80
DestinationPortName: http"
Information	10.10.2017 08:03:54	Microsoft-Windows-Sysmon	3	Network connection detected (rule: NetworkConnect)	"Network connection detected:
UtcTime: 2017-10-10 06:03:53.727
ProcessGuid: {E4CEE641-C82B-597E-0000-00106A881600}
ProcessId: 6080
Image: C:\Program Files (x86)\Google\Chrome\Application\chrome.exe
User: DESKTOP-63KR1PU\John
Protocol: tcp
Initiated: true
SourceIsIpv6: false
SourceIp: 10.34.1.27
SourceHostname: DESKTOP-63KR1PU
SourcePort: 49942
SourcePortName: 
DestinationIsIpv6: false
DestinationIp: 104.94.128.184
DestinationHostname: a104-94-128-184.deploy.static.akamaitechnologies.com
DestinationPort: 80
DestinationPortName: http"
Information	10.10.2017 08:03:54	Microsoft-Windows-Sysmon	3	Network connection detected (rule: NetworkConnect)	"Network connection detected:
UtcTime: 2017-10-10 06:03:53.726
ProcessGuid: {E4CEE641-C82B-597E-0000-00106A881600}
ProcessId: 6080
Image: C:\Program Files (x86)\Google\Chrome\Application\chrome.exe
User: DESKTOP-63KR1PU\John
Protocol: tcp
Initiated: true
SourceIsIpv6: false
SourceIp: 10.34.1.27
SourceHostname: DESKTOP-63KR1PU
SourcePort: 49943
SourcePortName: 
DestinationIsIpv6: false
DestinationIp: 104.94.128.184
DestinationHostname: a104-94-128-184.deploy.static.akamaitechnologies.com
DestinationPort: 80
DestinationPortName: http"
Information	10.10.2017 08:03:54	Microsoft-Windows-Sysmon	2	File creation time changed (rule: FileCreateTime)	"File creation time changed:
UtcTime: 2017-10-10 06:03:54.372
ProcessGuid: {E4CEE641-C82B-597E-0000-00106A881600}
ProcessId: 6080
Image: C:\Program Files (x86)\Google\Chrome\Application\chrome.exe
TargetFilename: C:\Users\John\AppData\Roaming\Microsoft\Windows\Recent\CustomDestinations\AER36UFX12QKI35MUV47.temp
CreationUtcTime: 2017-07-13 09:31:16.620
PreviousCreationUtcTime: 2017-10-10 06:03:54.368"
Information	10.10.2017 08:03:53	Microsoft-Windows-Sysmon	3	Network connection detected (rule: NetworkConnect)	"Network connection detected:
UtcTime: 2017-10-10 06:03:53.124
ProcessGuid: {E4CEE641-C82B-597E-0000-00106A881600}
ProcessId: 6080
Image: C:\Program Files (x86)\Google\Chrome\Application\chrome.exe
User: DESKTOP-63KR1PU\John
Protocol: tcp
Initiated: true
SourceIsIpv6: false
SourceIp: 10.34.1.27
SourceHostname: DESKTOP-63KR1PU
SourcePort: 49941
SourcePortName: 
DestinationIsIpv6: false
DestinationIp: 104.94.128.184
DestinationHostname: a104-94-128-184.deploy.static.akamaitechnologies.com
DestinationPort: 80
DestinationPortName: http"
Information	10.10.2017 08:03:53	Microsoft-Windows-Sysmon	3	Network connection detected (rule: NetworkConnect)	"Network connection detected:
UtcTime: 2017-10-10 06:03:53.123
ProcessGuid: {E4CEE641-C82B-597E-0000-00106A881600}
ProcessId: 6080
Image: C:\Program Files (x86)\Google\Chrome\Application\chrome.exe
User: DESKTOP-63KR1PU\John
Protocol: tcp
Initiated: true
SourceIsIpv6: false
SourceIp: 10.34.1.27
SourceHostname: DESKTOP-63KR1PU
SourcePort: 49940
SourcePortName: 
DestinationIsIpv6: false
DestinationIp: 104.94.128.184
DestinationHostname: a104-94-128-184.deploy.static.akamaitechnologies.com
DestinationPort: 80
DestinationPortName: http"
Information	10.10.2017 08:03:53	Microsoft-Windows-Sysmon	2	File creation time changed (rule: FileCreateTime)	"File creation time changed:
UtcTime: 2017-10-10 06:03:53.489
ProcessGuid: {E4CEE641-C82B-597E-0000-00106A881600}
ProcessId: 6080
Image: C:\Program Files (x86)\Google\Chrome\Application\chrome.exe
TargetFilename: C:\Users\John\AppData\Local\Google\Chrome\User Data\920864cc-2775-4899-8f43-0043ef7d8183.tmp
CreationUtcTime: 2017-07-13 09:31:14.496
PreviousCreationUtcTime: 2017-10-10 06:03:53.464"
Information	10.10.2017 08:03:52	Microsoft-Windows-Sysmon	3	Network connection detected (rule: NetworkConnect)	"Network connection detected:
UtcTime: 2017-10-10 06:03:51.131
ProcessGuid: {E4CEE641-C82B-597E-0000-00106A881600}
ProcessId: 6080
Image: C:\Program Files (x86)\Google\Chrome\Application\chrome.exe
User: DESKTOP-63KR1PU\John
Protocol: tcp
Initiated: true
SourceIsIpv6: false
SourceIp: 10.34.1.27
SourceHostname: DESKTOP-63KR1PU
SourcePort: 49939
SourcePortName: 
DestinationIsIpv6: false
DestinationIp: 216.58.209.67
DestinationHostname: waw02s06-in-f67.1e100.net
DestinationPort: 443
DestinationPortName: https"
Information	10.10.2017 08:03:52	Microsoft-Windows-Sysmon	3	Network connection detected (rule: NetworkConnect)	"Network connection detected:
UtcTime: 2017-10-10 06:03:51.131
ProcessGuid: {E4CEE641-C82B-597E-0000-00106A881600}
ProcessId: 6080
Image: C:\Program Files (x86)\Google\Chrome\Application\chrome.exe
User: DESKTOP-63KR1PU\John
Protocol: tcp
Initiated: true
SourceIsIpv6: false
SourceIp: 10.34.1.27
SourceHostname: DESKTOP-63KR1PU
SourcePort: 49938
SourcePortName: 
DestinationIsIpv6: false
DestinationIp: 216.58.209.67
DestinationHostname: waw02s06-in-f67.1e100.net
DestinationPort: 443
DestinationPortName: https"
Information	10.10.2017 08:03:51	Microsoft-Windows-Sysmon	1	Process Create (rule: ProcessCreate)	"Process Create:
UtcTime: 2017-10-10 06:03:51.813
ProcessGuid: {E4CEE641-C847-597E-0000-0010A6211700}
ProcessId: 3280
Image: C:\Windows\System32\svchost.exe
CommandLine: C:\WINDOWS\System32\svchost.exe -k netsvcs -s Browser
CurrentDirectory: C:\WINDOWS\system32\
User: NT AUTHORITY\SYSTEM
LogonGuid: {E4CEE641-C4E1-597E-0000-0020E7030000}
LogonId: 0x3E7
TerminalSessionId: 0
IntegrityLevel: System
Hashes: MD5=3120B24060924F9B94182A1432B2D7F9,SHA256=9F21E51442209BCEC0EA4A468EF8A4741685AE204D5063F4C3E45E1F8CF72643
ParentProcessGuid: {E4CEE641-C4E1-597E-0000-0010333E0000}
ParentProcessId: 572
ParentImage: C:\Windows\System32\services.exe
ParentCommandLine: C:\WINDOWS\system32\services.exe"
Information	10.10.2017 08:03:51	Microsoft-Windows-Sysmon	3	Network connection detected (rule: NetworkConnect)	"Network connection detected:
UtcTime: 2017-10-10 06:03:51.070
ProcessGuid: {E4CEE641-C82B-597E-0000-00106A881600}
ProcessId: 6080
Image: C:\Program Files (x86)\Google\Chrome\Application\chrome.exe
User: DESKTOP-63KR1PU\John
Protocol: tcp
Initiated: true
SourceIsIpv6: false
SourceIp: 10.34.1.27
SourceHostname: DESKTOP-63KR1PU
SourcePort: 49937
SourcePortName: 
DestinationIsIpv6: false
DestinationIp: 151.101.113.67
DestinationHostname: 
DestinationPort: 80
DestinationPortName: http"
Information	10.10.2017 08:03:51	Microsoft-Windows-Sysmon	3	Network connection detected (rule: NetworkConnect)	"Network connection detected:
UtcTime: 2017-10-10 06:03:51.070
ProcessGuid: {E4CEE641-C82B-597E-0000-00106A881600}
ProcessId: 6080
Image: C:\Program Files (x86)\Google\Chrome\Application\chrome.exe
User: DESKTOP-63KR1PU\John
Protocol: tcp
Initiated: true
SourceIsIpv6: false
SourceIp: 10.34.1.27
SourceHostname: DESKTOP-63KR1PU
SourcePort: 49936
SourcePortName: 
DestinationIsIpv6: false
DestinationIp: 151.101.113.67
DestinationHostname: 
DestinationPort: 80
DestinationPortName: http"
Information	10.10.2017 08:03:51	Microsoft-Windows-Sysmon	3	Network connection detected (rule: NetworkConnect)	"Network connection detected:
UtcTime: 2017-10-10 06:03:51.064
ProcessGuid: {E4CEE641-C82B-597E-0000-00106A881600}
ProcessId: 6080
Image: C:\Program Files (x86)\Google\Chrome\Application\chrome.exe
User: DESKTOP-63KR1PU\John
Protocol: tcp
Initiated: true
SourceIsIpv6: false
SourceIp: 10.34.1.27
SourceHostname: DESKTOP-63KR1PU
SourcePort: 49935
SourcePortName: 
DestinationIsIpv6: false
DestinationIp: 151.101.113.67
DestinationHostname: 
DestinationPort: 80
DestinationPortName: http"
Information	10.10.2017 08:03:51	Microsoft-Windows-Sysmon	3	Network connection detected (rule: NetworkConnect)	"Network connection detected:
UtcTime: 2017-10-10 06:03:51.039
ProcessGuid: {E4CEE641-C82B-597E-0000-00106A881600}
ProcessId: 6080
Image: C:\Program Files (x86)\Google\Chrome\Application\chrome.exe
User: DESKTOP-63KR1PU\John
Protocol: tcp
Initiated: true
SourceIsIpv6: false
SourceIp: 10.34.1.27
SourceHostname: DESKTOP-63KR1PU
SourcePort: 49934
SourcePortName: 
DestinationIsIpv6: false
DestinationIp: 151.101.113.67
DestinationHostname: 
DestinationPort: 80
DestinationPortName: http"
Information	10.10.2017 08:03:51	Microsoft-Windows-Sysmon	3	Network connection detected (rule: NetworkConnect)	"Network connection detected:
UtcTime: 2017-10-10 06:03:51.039
ProcessGuid: {E4CEE641-C82B-597E-0000-00106A881600}
ProcessId: 6080
Image: C:\Program Files (x86)\Google\Chrome\Application\chrome.exe
User: DESKTOP-63KR1PU\John
Protocol: tcp
Initiated: true
SourceIsIpv6: false
SourceIp: 10.34.1.27
SourceHostname: DESKTOP-63KR1PU
SourcePort: 49933
SourcePortName: 
DestinationIsIpv6: false
DestinationIp: 151.101.113.67
DestinationHostname: 
DestinationPort: 80
DestinationPortName: http"
Information	10.10.2017 08:03:51	Microsoft-Windows-Sysmon	3	Network connection detected (rule: NetworkConnect)	"Network connection detected:
UtcTime: 2017-10-10 06:03:50.896
ProcessGuid: {E4CEE641-C82B-597E-0000-00106A881600}
ProcessId: 6080
Image: C:\Program Files (x86)\Google\Chrome\Application\chrome.exe
User: DESKTOP-63KR1PU\John
Protocol: tcp
Initiated: true
SourceIsIpv6: false
SourceIp: 10.34.1.27
SourceHostname: DESKTOP-63KR1PU
SourcePort: 49932
SourcePortName: 
DestinationIsIpv6: false
DestinationIp: 95.172.94.53
DestinationHostname: pixel.quantserve.com
DestinationPort: 80
DestinationPortName: http"
Information	10.10.2017 08:03:51	Microsoft-Windows-Sysmon	3	Network connection detected (rule: NetworkConnect)	"Network connection detected:
UtcTime: 2017-10-10 06:03:50.757
ProcessGuid: {E4CEE641-C82B-597E-0000-00106A881600}
ProcessId: 6080
Image: C:\Program Files (x86)\Google\Chrome\Application\chrome.exe
User: DESKTOP-63KR1PU\John
Protocol: tcp
Initiated: true
SourceIsIpv6: false
SourceIp: 10.34.1.27
SourceHostname: DESKTOP-63KR1PU
SourcePort: 49931
SourcePortName: 
DestinationIsIpv6: false
DestinationIp: 52.84.195.61
DestinationHostname: server-52-84-195-61.waw50.r.cloudfront.net
DestinationPort: 80
DestinationPortName: http"
Information	10.10.2017 08:03:51	Microsoft-Windows-Sysmon	3	Network connection detected (rule: NetworkConnect)	"Network connection detected:
UtcTime: 2017-10-10 06:03:50.725
ProcessGuid: {E4CEE641-C82B-597E-0000-00106A881600}
ProcessId: 6080
Image: C:\Program Files (x86)\Google\Chrome\Application\chrome.exe
User: DESKTOP-63KR1PU\John
Protocol: tcp
Initiated: true
SourceIsIpv6: false
SourceIp: 10.34.1.27
SourceHostname: DESKTOP-63KR1PU
SourcePort: 49925
SourcePortName: 
DestinationIsIpv6: false
DestinationIp: 52.204.144.94
DestinationHostname: ec2-52-204-144-94.compute-1.amazonaws.com
DestinationPort: 80
DestinationPortName: http"
Information	10.10.2017 08:03:51	Microsoft-Windows-Sysmon	3	Network connection detected (rule: NetworkConnect)	"Network connection detected:
UtcTime: 2017-10-10 06:03:50.702
ProcessGuid: {E4CEE641-C82B-597E-0000-00106A881600}
ProcessId: 6080
Image: C:\Program Files (x86)\Google\Chrome\Application\chrome.exe
User: DESKTOP-63KR1PU\John
Protocol: tcp
Initiated: true
SourceIsIpv6: false
SourceIp: 10.34.1.27
SourceHostname: DESKTOP-63KR1PU
SourcePort: 49929
SourcePortName: 
DestinationIsIpv6: false
DestinationIp: 204.79.197.200
DestinationHostname: a-0001.a-msedge.net
DestinationPort: 80
DestinationPortName: http"
Information	10.10.2017 08:03:51	Microsoft-Windows-Sysmon	3	Network connection detected (rule: NetworkConnect)	"Network connection detected:
UtcTime: 2017-10-10 06:03:50.699
ProcessGuid: {E4CEE641-C82B-597E-0000-00106A881600}
ProcessId: 6080
Image: C:\Program Files (x86)\Google\Chrome\Application\chrome.exe
User: DESKTOP-63KR1PU\John
Protocol: tcp
Initiated: true
SourceIsIpv6: false
SourceIp: 10.34.1.27
SourceHostname: DESKTOP-63KR1PU
SourcePort: 49930
SourcePortName: 
DestinationIsIpv6: false
DestinationIp: 54.192.231.46
DestinationHostname: server-54-192-231-46.waw50.r.cloudfront.net
DestinationPort: 80
DestinationPortName: http"
Information	10.10.2017 08:03:51	Microsoft-Windows-Sysmon	3	Network connection detected (rule: NetworkConnect)	"Network connection detected:
UtcTime: 2017-10-10 06:03:50.672
ProcessGuid: {E4CEE641-C82B-597E-0000-00106A881600}
ProcessId: 6080
Image: C:\Program Files (x86)\Google\Chrome\Application\chrome.exe
User: DESKTOP-63KR1PU\John
Protocol: tcp
Initiated: true
SourceIsIpv6: false
SourceIp: 10.34.1.27
SourceHostname: DESKTOP-63KR1PU
SourcePort: 49927
SourcePortName: 
DestinationIsIpv6: false
DestinationIp: 151.101.113.67
DestinationHostname: 
DestinationPort: 80
DestinationPortName: http"
Information	10.10.2017 08:03:51	Microsoft-Windows-Sysmon	3	Network connection detected (rule: NetworkConnect)	"Network connection detected:
UtcTime: 2017-10-10 06:03:50.648
ProcessGuid: {E4CEE641-C82B-597E-0000-00106A881600}
ProcessId: 6080
Image: C:\Program Files (x86)\Google\Chrome\Application\chrome.exe
User: DESKTOP-63KR1PU\John
Protocol: tcp
Initiated: true
SourceIsIpv6: false
SourceIp: 10.34.1.27
SourceHostname: DESKTOP-63KR1PU
SourcePort: 49928
SourcePortName: 
DestinationIsIpv6: false
DestinationIp: 104.94.136.168
DestinationHostname: a104-94-136-168.deploy.static.akamaitechnologies.com
DestinationPort: 80
DestinationPortName: http"
Information	10.10.2017 08:03:51	Microsoft-Windows-Sysmon	3	Network connection detected (rule: NetworkConnect)	"Network connection detected:
UtcTime: 2017-10-10 06:03:50.638
ProcessGuid: {E4CEE641-C82B-597E-0000-00106A881600}
ProcessId: 6080
Image: C:\Program Files (x86)\Google\Chrome\Application\chrome.exe
User: DESKTOP-63KR1PU\John
Protocol: tcp
Initiated: true
SourceIsIpv6: false
SourceIp: 10.34.1.27
SourceHostname: DESKTOP-63KR1PU
SourcePort: 49926
SourcePortName: 
DestinationIsIpv6: false
DestinationIp: 151.101.113.67
DestinationHostname: 
DestinationPort: 80
DestinationPortName: http"
Information	10.10.2017 08:03:51	Microsoft-Windows-Sysmon	3	Network connection detected (rule: NetworkConnect)	"Network connection detected:
UtcTime: 2017-10-10 06:03:50.255
ProcessGuid: {E4CEE641-C82B-597E-0000-00106A881600}
ProcessId: 6080
Image: C:\Program Files (x86)\Google\Chrome\Application\chrome.exe
User: DESKTOP-63KR1PU\John
Protocol: tcp
Initiated: true
SourceIsIpv6: false
SourceIp: 10.34.1.27
SourceHostname: DESKTOP-63KR1PU
SourcePort: 49924
SourcePortName: 
DestinationIsIpv6: false
DestinationIp: 52.71.219.68
DestinationHostname: ec2-52-71-219-68.compute-1.amazonaws.com
DestinationPort: 443
DestinationPortName: https"
Information	10.10.2017 08:03:51	Microsoft-Windows-Sysmon	2	File creation time changed (rule: FileCreateTime)	"File creation time changed:
UtcTime: 2017-10-10 06:03:51.029
ProcessGuid: {E4CEE641-C82B-597E-0000-00106A881600}
ProcessId: 6080
Image: C:\Program Files (x86)\Google\Chrome\Application\chrome.exe
TargetFilename: C:\Users\John\AppData\Local\Google\Chrome\User Data\Default\IndexedDB\https_www.google.pl_0.indexeddb.leveldb\LOG
CreationUtcTime: 2017-07-14 06:18:41.894
PreviousCreationUtcTime: 2017-07-14 06:18:41.894"
Information	10.10.2017 08:03:50	Microsoft-Windows-Sysmon	3	Network connection detected (rule: NetworkConnect)	"Network connection detected:
UtcTime: 2017-10-10 06:03:50.239
ProcessGuid: {E4CEE641-C82B-597E-0000-00106A881600}
ProcessId: 6080
Image: C:\Program Files (x86)\Google\Chrome\Application\chrome.exe
User: DESKTOP-63KR1PU\John
Protocol: tcp
Initiated: true
SourceIsIpv6: false
SourceIp: 10.34.1.27
SourceHostname: DESKTOP-63KR1PU
SourcePort: 49923
SourcePortName: 
DestinationIsIpv6: false
DestinationIp: 52.71.219.68
DestinationHostname: ec2-52-71-219-68.compute-1.amazonaws.com
DestinationPort: 443
DestinationPortName: https"
Information	10.10.2017 08:03:50	Microsoft-Windows-Sysmon	3	Network connection detected (rule: NetworkConnect)	"Network connection detected:
UtcTime: 2017-10-10 06:03:50.230
ProcessGuid: {E4CEE641-C82B-597E-0000-00106A881600}
ProcessId: 6080
Image: C:\Program Files (x86)\Google\Chrome\Application\chrome.exe
User: DESKTOP-63KR1PU\John
Protocol: tcp
Initiated: true
SourceIsIpv6: false
SourceIp: 10.34.1.27
SourceHostname: DESKTOP-63KR1PU
SourcePort: 49922
SourcePortName: 
DestinationIsIpv6: false
DestinationIp: 52.71.219.68
DestinationHostname: ec2-52-71-219-68.compute-1.amazonaws.com
DestinationPort: 443
DestinationPortName: https"
Information	10.10.2017 08:03:50	Microsoft-Windows-Sysmon	3	Network connection detected (rule: NetworkConnect)	"Network connection detected:
UtcTime: 2017-10-10 06:03:50.222
ProcessGuid: {E4CEE641-C82B-597E-0000-00106A881600}
ProcessId: 6080
Image: C:\Program Files (x86)\Google\Chrome\Application\chrome.exe
User: DESKTOP-63KR1PU\John
Protocol: tcp
Initiated: true
SourceIsIpv6: false
SourceIp: 10.34.1.27
SourceHostname: DESKTOP-63KR1PU
SourcePort: 49921
SourcePortName: 
DestinationIsIpv6: false
DestinationIp: 52.71.219.68
DestinationHostname: ec2-52-71-219-68.compute-1.amazonaws.com
DestinationPort: 443
DestinationPortName: https"
Information	10.10.2017 08:03:50	Microsoft-Windows-Sysmon	3	Network connection detected (rule: NetworkConnect)	"Network connection detected:
UtcTime: 2017-10-10 06:03:50.104
ProcessGuid: {E4CEE641-C82B-597E-0000-00106A881600}
ProcessId: 6080
Image: C:\Program Files (x86)\Google\Chrome\Application\chrome.exe
User: DESKTOP-63KR1PU\John
Protocol: tcp
Initiated: true
SourceIsIpv6: false
SourceIp: 10.34.1.27
SourceHostname: DESKTOP-63KR1PU
SourcePort: 49920
SourcePortName: 
DestinationIsIpv6: false
DestinationIp: 52.71.219.68
DestinationHostname: ec2-52-71-219-68.compute-1.amazonaws.com
DestinationPort: 443
DestinationPortName: https"
Information	10.10.2017 08:03:50	Microsoft-Windows-Sysmon	3	Network connection detected (rule: NetworkConnect)	"Network connection detected:
UtcTime: 2017-10-10 06:03:49.911
ProcessGuid: {E4CEE641-C82B-597E-0000-00106A881600}
ProcessId: 6080
Image: C:\Program Files (x86)\Google\Chrome\Application\chrome.exe
User: DESKTOP-63KR1PU\John
Protocol: tcp
Initiated: true
SourceIsIpv6: false
SourceIp: 10.34.1.27
SourceHostname: DESKTOP-63KR1PU
SourcePort: 49919
SourcePortName: 
DestinationIsIpv6: false
DestinationIp: 216.58.209.66
DestinationHostname: 
DestinationPort: 443
DestinationPortName: https"
Information	10.10.2017 08:03:50	Microsoft-Windows-Sysmon	3	Network connection detected (rule: NetworkConnect)	"Network connection detected:
UtcTime: 2017-10-10 06:03:49.855
ProcessGuid: {E4CEE641-C82B-597E-0000-00106A881600}
ProcessId: 6080
Image: C:\Program Files (x86)\Google\Chrome\Application\chrome.exe
User: DESKTOP-63KR1PU\John
Protocol: tcp
Initiated: true
SourceIsIpv6: false
SourceIp: 10.34.1.27
SourceHostname: DESKTOP-63KR1PU
SourcePort: 49918
SourcePortName: 
DestinationIsIpv6: false
DestinationIp: 104.94.136.237
DestinationHostname: a104-94-136-237.deploy.static.akamaitechnologies.com
DestinationPort: 80
DestinationPortName: http"
Information	10.10.2017 08:03:50	Microsoft-Windows-Sysmon	3	Network connection detected (rule: NetworkConnect)	"Network connection detected:
UtcTime: 2017-10-10 06:03:49.781
ProcessGuid: {E4CEE641-C82B-597E-0000-00106A881600}
ProcessId: 6080
Image: C:\Program Files (x86)\Google\Chrome\Application\chrome.exe
User: DESKTOP-63KR1PU\John
Protocol: tcp
Initiated: true
SourceIsIpv6: false
SourceIp: 10.34.1.27
SourceHostname: DESKTOP-63KR1PU
SourcePort: 49909
SourcePortName: 
DestinationIsIpv6: false
DestinationIp: 157.166.249.198
DestinationHostname: 
DestinationPort: 80
DestinationPortName: http"
Information	10.10.2017 08:03:50	Microsoft-Windows-Sysmon	3	Network connection detected (rule: NetworkConnect)	"Network connection detected:
UtcTime: 2017-10-10 06:03:49.781
ProcessGuid: {E4CEE641-C82B-597E-0000-00106A881600}
ProcessId: 6080
Image: C:\Program Files (x86)\Google\Chrome\Application\chrome.exe
User: DESKTOP-63KR1PU\John
Protocol: tcp
Initiated: true
SourceIsIpv6: false
SourceIp: 10.34.1.27
SourceHostname: DESKTOP-63KR1PU
SourcePort: 49916
SourcePortName: 
DestinationIsIpv6: false
DestinationIp: 104.94.105.185
DestinationHostname: a104-94-105-185.deploy.static.akamaitechnologies.com
DestinationPort: 80
DestinationPortName: http"
