Information	10.10.2017 08:01:39	Microsoft-Windows-Sysmon	3	Network connection detected (rule: NetworkConnect)	"Network connection detected:
UtcTime: 2017-10-10 06:01:38.442
ProcessGuid: {E4CEE641-C7B9-597E-0000-00104F931200}
ProcessId: 6880
Image: C:\Windows\SystemApps\Microsoft.MicrosoftEdge_8wekyb3d8bbwe\MicrosoftEdgeCP.exe
User: DESKTOP-63KR1PU\John
Protocol: tcp
Initiated: true
SourceIsIpv6: false
SourceIp: 10.34.1.27
SourceHostname: DESKTOP-63KR1PU
SourcePort: 49757
SourcePortName: 
DestinationIsIpv6: false
DestinationIp: 40.114.54.223
DestinationHostname: 
DestinationPort: 443
DestinationPortName: https"
Information	10.10.2017 08:01:39	Microsoft-Windows-Sysmon	3	Network connection detected (rule: NetworkConnect)	"Network connection detected:
UtcTime: 2017-10-10 06:01:38.432
ProcessGuid: {E4CEE641-C7B9-597E-0000-00104F931200}
ProcessId: 6880
Image: C:\Windows\SystemApps\Microsoft.MicrosoftEdge_8wekyb3d8bbwe\MicrosoftEdgeCP.exe
User: DESKTOP-63KR1PU\John
Protocol: tcp
Initiated: true
SourceIsIpv6: false
SourceIp: 10.34.1.27
SourceHostname: DESKTOP-63KR1PU
SourcePort: 49756
SourcePortName: 
DestinationIsIpv6: false
DestinationIp: 40.114.54.223
DestinationHostname: 
DestinationPort: 443
DestinationPortName: https"
Information	10.10.2017 08:01:39	Microsoft-Windows-Sysmon	3	Network connection detected (rule: NetworkConnect)	"Network connection detected:
UtcTime: 2017-10-10 06:01:38.429
ProcessGuid: {E4CEE641-C7B9-597E-0000-00104F931200}
ProcessId: 6880
Image: C:\Windows\SystemApps\Microsoft.MicrosoftEdge_8wekyb3d8bbwe\MicrosoftEdgeCP.exe
User: DESKTOP-63KR1PU\John
Protocol: tcp
Initiated: true
SourceIsIpv6: false
SourceIp: 10.34.1.27
SourceHostname: DESKTOP-63KR1PU
SourcePort: 49758
SourcePortName: 
DestinationIsIpv6: false
DestinationIp: 40.114.54.223
DestinationHostname: 
DestinationPort: 443
DestinationPortName: https"
Information	10.10.2017 08:01:38	Microsoft-Windows-Sysmon	3	Network connection detected (rule: NetworkConnect)	"Network connection detected:
UtcTime: 2017-10-10 06:01:37.671
ProcessGuid: {E4CEE641-C7B9-597E-0000-00104F931200}
ProcessId: 6880
Image: C:\Windows\SystemApps\Microsoft.MicrosoftEdge_8wekyb3d8bbwe\MicrosoftEdgeCP.exe
User: DESKTOP-63KR1PU\John
Protocol: tcp
Initiated: true
SourceIsIpv6: false
SourceIp: 10.34.1.27
SourceHostname: DESKTOP-63KR1PU
SourcePort: 49755
SourcePortName: 
DestinationIsIpv6: false
DestinationIp: 151.101.114.2
DestinationHostname: 
DestinationPort: 443
DestinationPortName: https"
Information	10.10.2017 08:01:38	Microsoft-Windows-Sysmon	3	Network connection detected (rule: NetworkConnect)	"Network connection detected:
UtcTime: 2017-10-10 06:01:37.671
ProcessGuid: {E4CEE641-C7B9-597E-0000-00104F931200}
ProcessId: 6880
Image: C:\Windows\SystemApps\Microsoft.MicrosoftEdge_8wekyb3d8bbwe\MicrosoftEdgeCP.exe
User: DESKTOP-63KR1PU\John
Protocol: tcp
Initiated: true
SourceIsIpv6: false
SourceIp: 10.34.1.27
SourceHostname: DESKTOP-63KR1PU
SourcePort: 49754
SourcePortName: 
DestinationIsIpv6: false
DestinationIp: 151.101.114.2
DestinationHostname: 
DestinationPort: 443
DestinationPortName: https"
Information	10.10.2017 08:01:38	Microsoft-Windows-Sysmon	3	Network connection detected (rule: NetworkConnect)	"Network connection detected:
UtcTime: 2017-10-10 06:01:37.671
ProcessGuid: {E4CEE641-C7B9-597E-0000-00104F931200}
ProcessId: 6880
Image: C:\Windows\SystemApps\Microsoft.MicrosoftEdge_8wekyb3d8bbwe\MicrosoftEdgeCP.exe
User: DESKTOP-63KR1PU\John
Protocol: tcp
Initiated: true
SourceIsIpv6: false
SourceIp: 10.34.1.27
SourceHostname: DESKTOP-63KR1PU
SourcePort: 49753
SourcePortName: 
DestinationIsIpv6: false
DestinationIp: 151.101.114.2
DestinationHostname: 
DestinationPort: 443
DestinationPortName: https"
Information	10.10.2017 08:01:38	Microsoft-Windows-Sysmon	3	Network connection detected (rule: NetworkConnect)	"Network connection detected:
UtcTime: 2017-10-10 06:01:37.581
ProcessGuid: {E4CEE641-C7B9-597E-0000-00104F931200}
ProcessId: 6880
Image: C:\Windows\SystemApps\Microsoft.MicrosoftEdge_8wekyb3d8bbwe\MicrosoftEdgeCP.exe
User: DESKTOP-63KR1PU\John
Protocol: tcp
Initiated: true
SourceIsIpv6: false
SourceIp: 10.34.1.27
SourceHostname: DESKTOP-63KR1PU
SourcePort: 49751
SourcePortName: 
DestinationIsIpv6: false
DestinationIp: 13.107.5.80
DestinationHostname: 
DestinationPort: 443
DestinationPortName: https"
Information	10.10.2017 08:01:38	Microsoft-Windows-Sysmon	3	Network connection detected (rule: NetworkConnect)	"Network connection detected:
UtcTime: 2017-10-10 06:01:37.581
ProcessGuid: {E4CEE641-C7B9-597E-0000-00104F931200}
ProcessId: 6880
Image: C:\Windows\SystemApps\Microsoft.MicrosoftEdge_8wekyb3d8bbwe\MicrosoftEdgeCP.exe
User: DESKTOP-63KR1PU\John
Protocol: tcp
Initiated: true
SourceIsIpv6: false
SourceIp: 10.34.1.27
SourceHostname: DESKTOP-63KR1PU
SourcePort: 49752
SourcePortName: 
DestinationIsIpv6: false
DestinationIp: 13.107.5.80
DestinationHostname: 
DestinationPort: 443
DestinationPortName: https"
Information	10.10.2017 08:01:38	Microsoft-Windows-Sysmon	3	Network connection detected (rule: NetworkConnect)	"Network connection detected:
UtcTime: 2017-10-10 06:01:37.455
ProcessGuid: {E4CEE641-C7B9-597E-0000-00104F931200}
ProcessId: 6880
Image: C:\Windows\SystemApps\Microsoft.MicrosoftEdge_8wekyb3d8bbwe\MicrosoftEdgeCP.exe
User: DESKTOP-63KR1PU\John
Protocol: tcp
Initiated: true
SourceIsIpv6: false
SourceIp: 10.34.1.27
SourceHostname: DESKTOP-63KR1PU
SourcePort: 49750
SourcePortName: 
DestinationIsIpv6: false
DestinationIp: 72.247.182.26
DestinationHostname: a72-247-182-26.deploy.akamaitechnologies.com
DestinationPort: 443
DestinationPortName: https"
Information	10.10.2017 08:01:38	Microsoft-Windows-Sysmon	3	Network connection detected (rule: NetworkConnect)	"Network connection detected:
UtcTime: 2017-10-10 06:01:37.454
ProcessGuid: {E4CEE641-C7B9-597E-0000-00104F931200}
ProcessId: 6880
Image: C:\Windows\SystemApps\Microsoft.MicrosoftEdge_8wekyb3d8bbwe\MicrosoftEdgeCP.exe
User: DESKTOP-63KR1PU\John
Protocol: tcp
Initiated: true
SourceIsIpv6: false
SourceIp: 10.34.1.27
SourceHostname: DESKTOP-63KR1PU
SourcePort: 49749
SourcePortName: 
DestinationIsIpv6: false
DestinationIp: 72.247.182.26
DestinationHostname: a72-247-182-26.deploy.akamaitechnologies.com
DestinationPort: 443
DestinationPortName: https"
Information	10.10.2017 08:01:37	Microsoft-Windows-Sysmon	3	Network connection detected (rule: NetworkConnect)	"Network connection detected:
UtcTime: 2017-10-10 06:01:36.534
ProcessGuid: {E4CEE641-C7B9-597E-0000-00104F931200}
ProcessId: 6880
Image: C:\Windows\SystemApps\Microsoft.MicrosoftEdge_8wekyb3d8bbwe\MicrosoftEdgeCP.exe
User: DESKTOP-63KR1PU\John
Protocol: tcp
Initiated: true
SourceIsIpv6: false
SourceIp: 10.34.1.27
SourceHostname: DESKTOP-63KR1PU
SourcePort: 49747
SourcePortName: 
DestinationIsIpv6: false
DestinationIp: 204.79.197.200
DestinationHostname: a-0001.a-msedge.net
DestinationPort: 443
DestinationPortName: https"
Information	10.10.2017 08:01:37	Microsoft-Windows-Sysmon	3	Network connection detected (rule: NetworkConnect)	"Network connection detected:
UtcTime: 2017-10-10 06:01:36.534
ProcessGuid: {E4CEE641-C7B9-597E-0000-00104F931200}
ProcessId: 6880
Image: C:\Windows\SystemApps\Microsoft.MicrosoftEdge_8wekyb3d8bbwe\MicrosoftEdgeCP.exe
User: DESKTOP-63KR1PU\John
Protocol: tcp
Initiated: true
SourceIsIpv6: false
SourceIp: 10.34.1.27
SourceHostname: DESKTOP-63KR1PU
SourcePort: 49748
SourcePortName: 
DestinationIsIpv6: false
DestinationIp: 204.79.197.200
DestinationHostname: a-0001.a-msedge.net
DestinationPort: 443
DestinationPortName: https"
Information	10.10.2017 08:01:36	Microsoft-Windows-Sysmon	3	Network connection detected (rule: NetworkConnect)	"Network connection detected:
UtcTime: 2017-10-10 06:01:36.206
ProcessGuid: {E4CEE641-C7B9-597E-0000-00104F931200}
ProcessId: 6880
Image: C:\Windows\SystemApps\Microsoft.MicrosoftEdge_8wekyb3d8bbwe\MicrosoftEdgeCP.exe
User: DESKTOP-63KR1PU\John
Protocol: tcp
Initiated: true
SourceIsIpv6: false
SourceIp: 10.34.1.27
SourceHostname: DESKTOP-63KR1PU
SourcePort: 49746
SourcePortName: 
DestinationIsIpv6: false
DestinationIp: 40.114.54.223
DestinationHostname: 
DestinationPort: 443
DestinationPortName: https"
Information	10.10.2017 08:01:36	Microsoft-Windows-Sysmon	3	Network connection detected (rule: NetworkConnect)	"Network connection detected:
UtcTime: 2017-10-10 06:01:36.202
ProcessGuid: {E4CEE641-C7B9-597E-0000-00104F931200}
ProcessId: 6880
Image: C:\Windows\SystemApps\Microsoft.MicrosoftEdge_8wekyb3d8bbwe\MicrosoftEdgeCP.exe
User: DESKTOP-63KR1PU\John
Protocol: tcp
Initiated: true
SourceIsIpv6: false
SourceIp: 10.34.1.27
SourceHostname: DESKTOP-63KR1PU
SourcePort: 49745
SourcePortName: 
DestinationIsIpv6: false
DestinationIp: 40.114.54.223
DestinationHostname: 
DestinationPort: 443
DestinationPortName: https"
Information	10.10.2017 08:01:36	Microsoft-Windows-Sysmon	1	Process Create (rule: ProcessCreate)	"Process Create:
UtcTime: 2017-10-10 06:01:36.806
ProcessGuid: {E4CEE641-C7C0-597E-0000-0010A2171300}
ProcessId: 6368
Image: C:\Program Files\WindowsApps\microsoft.windowscommunicationsapps_17.8241.41275.0_x64__8wekyb3d8bbwe\HxTsr.exe
CommandLine: ""C:\Program Files\WindowsApps\microsoft.windowscommunicationsapps_17.8241.41275.0_x64__8wekyb3d8bbwe\HxTsr.exe"" -ServerName:Hx.IPC.Server
CurrentDirectory: C:\Program Files\WindowsApps\microsoft.windowscommunicationsapps_17.8241.41275.0_x64__8wekyb3d8bbwe\
User: DESKTOP-63KR1PU\John
LogonGuid: {E4CEE641-C4E8-597E-0000-002051990100}
LogonId: 0x19951
TerminalSessionId: 1
IntegrityLevel: AppContainer
Hashes: MD5=0FC2F2AEC2C11BD355DEDCE9C55CAFA9,SHA256=404B23DCFABE7FF016F0643D8301EA844C41DEB355BD3E2B0A1D6F7ACB85AEAC
ParentProcessGuid: {E4CEE641-C4E2-597E-0000-001053520000}
ParentProcessId: 700
ParentImage: C:\Windows\System32\svchost.exe
ParentCommandLine: C:\WINDOWS\system32\svchost.exe -k DcomLaunch"
Information	10.10.2017 08:01:36	Microsoft-Windows-Sysmon	3	Network connection detected (rule: NetworkConnect)	"Network connection detected:
UtcTime: 2017-10-10 06:01:35.869
ProcessGuid: {E4CEE641-C7B9-597E-0000-00104F931200}
ProcessId: 6880
Image: C:\Windows\SystemApps\Microsoft.MicrosoftEdge_8wekyb3d8bbwe\MicrosoftEdgeCP.exe
User: DESKTOP-63KR1PU\John
Protocol: tcp
Initiated: true
SourceIsIpv6: false
SourceIp: 10.34.1.27
SourceHostname: DESKTOP-63KR1PU
SourcePort: 49744
SourcePortName: 
DestinationIsIpv6: false
DestinationIp: 13.107.21.200
DestinationHostname: 
DestinationPort: 443
DestinationPortName: https"
Information	10.10.2017 08:01:36	Microsoft-Windows-Sysmon	3	Network connection detected (rule: NetworkConnect)	"Network connection detected:
UtcTime: 2017-10-10 06:01:35.869
ProcessGuid: {E4CEE641-C7B9-597E-0000-00104F931200}
ProcessId: 6880
Image: C:\Windows\SystemApps\Microsoft.MicrosoftEdge_8wekyb3d8bbwe\MicrosoftEdgeCP.exe
User: DESKTOP-63KR1PU\John
Protocol: tcp
Initiated: true
SourceIsIpv6: false
SourceIp: 10.34.1.27
SourceHostname: DESKTOP-63KR1PU
SourcePort: 49743
SourcePortName: 
DestinationIsIpv6: false
DestinationIp: 13.107.21.200
DestinationHostname: 
DestinationPort: 443
DestinationPortName: https"
Information	10.10.2017 08:01:35	Microsoft-Windows-Sysmon	3	Network connection detected (rule: NetworkConnect)	"Network connection detected:
UtcTime: 2017-10-10 06:01:35.230
ProcessGuid: {E4CEE641-C7B9-597E-0000-00104F931200}
ProcessId: 6880
Image: C:\Windows\SystemApps\Microsoft.MicrosoftEdge_8wekyb3d8bbwe\MicrosoftEdgeCP.exe
User: DESKTOP-63KR1PU\John
Protocol: tcp
Initiated: true
SourceIsIpv6: false
SourceIp: 10.34.1.27
SourceHostname: DESKTOP-63KR1PU
SourcePort: 49741
SourcePortName: 
DestinationIsIpv6: false
DestinationIp: 207.46.194.10
DestinationHostname: msnbot-207-46-194-10.search.msn.com
DestinationPort: 443
DestinationPortName: https"
Information	10.10.2017 08:01:35	Microsoft-Windows-Sysmon	3	Network connection detected (rule: NetworkConnect)	"Network connection detected:
UtcTime: 2017-10-10 06:01:35.230
ProcessGuid: {E4CEE641-C7B9-597E-0000-00104F931200}
ProcessId: 6880
Image: C:\Windows\SystemApps\Microsoft.MicrosoftEdge_8wekyb3d8bbwe\MicrosoftEdgeCP.exe
User: DESKTOP-63KR1PU\John
Protocol: tcp
Initiated: true
SourceIsIpv6: false
SourceIp: 10.34.1.27
SourceHostname: DESKTOP-63KR1PU
SourcePort: 49742
SourcePortName: 
DestinationIsIpv6: false
DestinationIp: 207.46.194.10
DestinationHostname: msnbot-207-46-194-10.search.msn.com
DestinationPort: 443
DestinationPortName: https"
Information	10.10.2017 08:01:35	Microsoft-Windows-Sysmon	3	Network connection detected (rule: NetworkConnect)	"Network connection detected:
UtcTime: 2017-10-10 06:01:35.078
ProcessGuid: {E4CEE641-C7B9-597E-0000-00104F931200}
ProcessId: 6880
Image: C:\Windows\SystemApps\Microsoft.MicrosoftEdge_8wekyb3d8bbwe\MicrosoftEdgeCP.exe
User: DESKTOP-63KR1PU\John
Protocol: tcp
Initiated: true
SourceIsIpv6: false
SourceIp: 10.34.1.27
SourceHostname: DESKTOP-63KR1PU
SourcePort: 49740
SourcePortName: 
DestinationIsIpv6: false
DestinationIp: 198.41.215.184
DestinationHostname: 
DestinationPort: 80
DestinationPortName: http"
Information	10.10.2017 08:01:35	Microsoft-Windows-Sysmon	3	Network connection detected (rule: NetworkConnect)	"Network connection detected:
UtcTime: 2017-10-10 06:01:34.687
ProcessGuid: {E4CEE641-C7B9-597E-0000-00104F931200}
ProcessId: 6880
Image: C:\Windows\SystemApps\Microsoft.MicrosoftEdge_8wekyb3d8bbwe\MicrosoftEdgeCP.exe
User: DESKTOP-63KR1PU\John
Protocol: tcp
Initiated: true
SourceIsIpv6: false
SourceIp: 10.34.1.27
SourceHostname: DESKTOP-63KR1PU
SourcePort: 49739
SourcePortName: 
DestinationIsIpv6: false
DestinationIp: 104.94.107.137
DestinationHostname: a104-94-107-137.deploy.static.akamaitechnologies.com
DestinationPort: 443
DestinationPortName: https"
Information	10.10.2017 08:01:35	Microsoft-Windows-Sysmon	3	Network connection detected (rule: NetworkConnect)	"Network connection detected:
UtcTime: 2017-10-10 06:01:34.687
ProcessGuid: {E4CEE641-C7B9-597E-0000-00104F931200}
ProcessId: 6880
Image: C:\Windows\SystemApps\Microsoft.MicrosoftEdge_8wekyb3d8bbwe\MicrosoftEdgeCP.exe
User: DESKTOP-63KR1PU\John
Protocol: tcp
Initiated: true
SourceIsIpv6: false
SourceIp: 10.34.1.27
SourceHostname: DESKTOP-63KR1PU
SourcePort: 49738
SourcePortName: 
DestinationIsIpv6: false
DestinationIp: 104.94.107.137
DestinationHostname: a104-94-107-137.deploy.static.akamaitechnologies.com
DestinationPort: 443
DestinationPortName: https"
Information	10.10.2017 08:01:34	Microsoft-Windows-Sysmon	3	Network connection detected (rule: NetworkConnect)	"Network connection detected:
UtcTime: 2017-10-10 06:01:34.083
ProcessGuid: {E4CEE641-C7B9-597E-0000-00104F931200}
ProcessId: 6880
Image: C:\Windows\SystemApps\Microsoft.MicrosoftEdge_8wekyb3d8bbwe\MicrosoftEdgeCP.exe
User: DESKTOP-63KR1PU\John
Protocol: tcp
Initiated: true
SourceIsIpv6: false
SourceIp: 10.34.1.27
SourceHostname: DESKTOP-63KR1PU
SourcePort: 49737
SourcePortName: 
DestinationIsIpv6: false
DestinationIp: 72.247.182.25
DestinationHostname: a72-247-182-25.deploy.akamaitechnologies.com
DestinationPort: 443
DestinationPortName: https"
Information	10.10.2017 08:01:34	Microsoft-Windows-Sysmon	3	Network connection detected (rule: NetworkConnect)	"Network connection detected:
UtcTime: 2017-10-10 06:01:34.078
ProcessGuid: {E4CEE641-C7B9-597E-0000-00104F931200}
ProcessId: 6880
Image: C:\Windows\SystemApps\Microsoft.MicrosoftEdge_8wekyb3d8bbwe\MicrosoftEdgeCP.exe
User: DESKTOP-63KR1PU\John
Protocol: tcp
Initiated: true
SourceIsIpv6: false
SourceIp: 10.34.1.27
SourceHostname: DESKTOP-63KR1PU
SourcePort: 49733
SourcePortName: 
DestinationIsIpv6: false
DestinationIp: 72.247.182.25
DestinationHostname: a72-247-182-25.deploy.akamaitechnologies.com
DestinationPort: 443
DestinationPortName: https"
Information	10.10.2017 08:01:34	Microsoft-Windows-Sysmon	3	Network connection detected (rule: NetworkConnect)	"Network connection detected:
UtcTime: 2017-10-10 06:01:34.078
ProcessGuid: {E4CEE641-C7B9-597E-0000-00104F931200}
ProcessId: 6880
Image: C:\Windows\SystemApps\Microsoft.MicrosoftEdge_8wekyb3d8bbwe\MicrosoftEdgeCP.exe
User: DESKTOP-63KR1PU\John
Protocol: tcp
Initiated: true
SourceIsIpv6: false
SourceIp: 10.34.1.27
SourceHostname: DESKTOP-63KR1PU
SourcePort: 49735
SourcePortName: 
DestinationIsIpv6: false
DestinationIp: 72.247.182.25
DestinationHostname: a72-247-182-25.deploy.akamaitechnologies.com
DestinationPort: 443
DestinationPortName: https"
Information	10.10.2017 08:01:34	Microsoft-Windows-Sysmon	3	Network connection detected (rule: NetworkConnect)	"Network connection detected:
UtcTime: 2017-10-10 06:01:34.078
ProcessGuid: {E4CEE641-C7B9-597E-0000-00104F931200}
ProcessId: 6880
Image: C:\Windows\SystemApps\Microsoft.MicrosoftEdge_8wekyb3d8bbwe\MicrosoftEdgeCP.exe
User: DESKTOP-63KR1PU\John
Protocol: tcp
Initiated: true
SourceIsIpv6: false
SourceIp: 10.34.1.27
SourceHostname: DESKTOP-63KR1PU
SourcePort: 49736
SourcePortName: 
DestinationIsIpv6: false
DestinationIp: 72.247.182.25
DestinationHostname: a72-247-182-25.deploy.akamaitechnologies.com
DestinationPort: 443
DestinationPortName: https"
Information	10.10.2017 08:01:34	Microsoft-Windows-Sysmon	3	Network connection detected (rule: NetworkConnect)	"Network connection detected:
UtcTime: 2017-10-10 06:01:34.078
ProcessGuid: {E4CEE641-C7B9-597E-0000-00104F931200}
ProcessId: 6880
Image: C:\Windows\SystemApps\Microsoft.MicrosoftEdge_8wekyb3d8bbwe\MicrosoftEdgeCP.exe
User: DESKTOP-63KR1PU\John
Protocol: tcp
Initiated: true
SourceIsIpv6: false
SourceIp: 10.34.1.27
SourceHostname: DESKTOP-63KR1PU
SourcePort: 49732
SourcePortName: 
DestinationIsIpv6: false
DestinationIp: 72.247.182.25
DestinationHostname: a72-247-182-25.deploy.akamaitechnologies.com
DestinationPort: 443
DestinationPortName: https"
Information	10.10.2017 08:01:34	Microsoft-Windows-Sysmon	3	Network connection detected (rule: NetworkConnect)	"Network connection detected:
UtcTime: 2017-10-10 06:01:34.078
ProcessGuid: {E4CEE641-C7B9-597E-0000-00104F931200}
ProcessId: 6880
Image: C:\Windows\SystemApps\Microsoft.MicrosoftEdge_8wekyb3d8bbwe\MicrosoftEdgeCP.exe
User: DESKTOP-63KR1PU\John
Protocol: tcp
Initiated: true
SourceIsIpv6: false
SourceIp: 10.34.1.27
SourceHostname: DESKTOP-63KR1PU
SourcePort: 49734
SourcePortName: 
DestinationIsIpv6: false
DestinationIp: 72.247.182.25
DestinationHostname: a72-247-182-25.deploy.akamaitechnologies.com
DestinationPort: 443
DestinationPortName: https"
Information	10.10.2017 08:01:33	Microsoft-Windows-Sysmon	3	Network connection detected (rule: NetworkConnect)	"Network connection detected:
UtcTime: 2017-10-10 06:01:33.293
ProcessGuid: {E4CEE641-C7B9-597E-0000-00104F931200}
ProcessId: 6880
Image: C:\Windows\SystemApps\Microsoft.MicrosoftEdge_8wekyb3d8bbwe\MicrosoftEdgeCP.exe
User: DESKTOP-63KR1PU\John
Protocol: tcp
Initiated: true
SourceIsIpv6: false
SourceIp: 10.34.1.27
SourceHostname: DESKTOP-63KR1PU
SourcePort: 49731
SourcePortName: 
DestinationIsIpv6: false
DestinationIp: 72.247.182.24
DestinationHostname: a72-247-182-24.deploy.akamaitechnologies.com
DestinationPort: 443
DestinationPortName: https"
Information	10.10.2017 08:01:33	Microsoft-Windows-Sysmon	3	Network connection detected (rule: NetworkConnect)	"Network connection detected:
UtcTime: 2017-10-10 06:01:33.285
ProcessGuid: {E4CEE641-C7B9-597E-0000-00104F931200}
ProcessId: 6880
Image: C:\Windows\SystemApps\Microsoft.MicrosoftEdge_8wekyb3d8bbwe\MicrosoftEdgeCP.exe
User: DESKTOP-63KR1PU\John
Protocol: tcp
Initiated: true
SourceIsIpv6: false
SourceIp: 10.34.1.27
SourceHostname: DESKTOP-63KR1PU
SourcePort: 49730
SourcePortName: 
DestinationIsIpv6: false
DestinationIp: 72.247.182.24
DestinationHostname: a72-247-182-24.deploy.akamaitechnologies.com
DestinationPort: 443
DestinationPortName: https"
Information	10.10.2017 08:01:33	Microsoft-Windows-Sysmon	5	Process terminated (rule: ProcessTerminate)	"Process terminated:
UtcTime: 2017-10-10 06:01:33.562
ProcessGuid: {E4CEE641-C7B8-597E-0000-0010D0711200}
ProcessId: 3288
Image: C:\Windows\System32\dllhost.exe"
Information	10.10.2017 08:01:33	Microsoft-Windows-Sysmon	3	Network connection detected (rule: NetworkConnect)	"Network connection detected:
UtcTime: 2017-10-10 06:01:32.750
ProcessGuid: {E4CEE641-C7B9-597E-0000-00106D931200}
ProcessId: 6752
Image: C:\Program Files\WindowsApps\Microsoft.WindowsStore_11706.1001.26.0_x64__8wekyb3d8bbwe\WinStore.App.exe
User: DESKTOP-63KR1PU\John
Protocol: tcp
Initiated: true
SourceIsIpv6: false
SourceIp: 10.34.1.27
SourceHostname: DESKTOP-63KR1PU
SourcePort: 49729
SourcePortName: 
DestinationIsIpv6: false
DestinationIp: 104.94.136.10
DestinationHostname: a104-94-136-10.deploy.static.akamaitechnologies.com
DestinationPort: 443
DestinationPortName: https"
Information	10.10.2017 08:01:33	Microsoft-Windows-Sysmon	3	Network connection detected (rule: NetworkConnect)	"Network connection detected:
UtcTime: 2017-10-10 06:01:32.550
ProcessGuid: {E4CEE641-C7B9-597E-0000-00104F931200}
ProcessId: 6880
Image: C:\Windows\SystemApps\Microsoft.MicrosoftEdge_8wekyb3d8bbwe\MicrosoftEdgeCP.exe
User: DESKTOP-63KR1PU\John
Protocol: tcp
Initiated: true
SourceIsIpv6: false
SourceIp: 10.34.1.27
SourceHostname: DESKTOP-63KR1PU
SourcePort: 49727
SourcePortName: 
DestinationIsIpv6: false
DestinationIp: 204.79.197.203
DestinationHostname: a-0003.a-msedge.net
DestinationPort: 443
DestinationPortName: https"
Information	10.10.2017 08:01:33	Microsoft-Windows-Sysmon	3	Network connection detected (rule: NetworkConnect)	"Network connection detected:
UtcTime: 2017-10-10 06:01:32.550
ProcessGuid: {E4CEE641-C7B9-597E-0000-00104F931200}
ProcessId: 6880
Image: C:\Windows\SystemApps\Microsoft.MicrosoftEdge_8wekyb3d8bbwe\MicrosoftEdgeCP.exe
User: DESKTOP-63KR1PU\John
Protocol: tcp
Initiated: true
SourceIsIpv6: false
SourceIp: 10.34.1.27
SourceHostname: DESKTOP-63KR1PU
SourcePort: 49728
SourcePortName: 
DestinationIsIpv6: false
DestinationIp: 204.79.197.203
DestinationHostname: a-0003.a-msedge.net
DestinationPort: 443
DestinationPortName: https"
Information	10.10.2017 08:01:32	Microsoft-Windows-Sysmon	1	Process Create (rule: ProcessCreate)	"Process Create:
UtcTime: 2017-10-10 06:01:32.406
ProcessGuid: {E4CEE641-C7BC-597E-0000-00103AE51200}
ProcessId: 7092
Image: C:\Windows\System32\wbem\WmiPrvSE.exe
CommandLine: C:\WINDOWS\system32\wbem\wmiprvse.exe -secured -Embedding
CurrentDirectory: C:\WINDOWS\system32\
User: NT AUTHORITY\NETWORK SERVICE
LogonGuid: {E4CEE641-C4E2-597E-0000-0020E4030000}
LogonId: 0x3E4
TerminalSessionId: 0
IntegrityLevel: System
Hashes: MD5=C3B76154E72CFE98742B899D53EE5AB2,SHA256=AC535A3ED8A0138305E1E9D060BB3B94AFE4D05A8B8506224F5DF802C54A9EEB
ParentProcessGuid: {E4CEE641-C4E2-597E-0000-001053520000}
ParentProcessId: 700
ParentImage: C:\Windows\System32\svchost.exe
ParentCommandLine: C:\WINDOWS\system32\svchost.exe -k DcomLaunch"
Information	10.10.2017 08:01:31	Microsoft-Windows-Sysmon	5	Process terminated (rule: ProcessTerminate)	"Process terminated:
UtcTime: 2017-10-10 06:01:31.549
ProcessGuid: {E4CEE641-C747-597E-0000-0010F6661100}
ProcessId: 5036
Image: C:\Windows\System32\wbem\WmiPrvSE.exe"
Information	10.10.2017 08:01:31	Microsoft-Windows-Sysmon	3	Network connection detected (rule: NetworkConnect)	"Network connection detected:
UtcTime: 2017-10-10 06:01:30.761
ProcessGuid: {E4CEE641-C7B9-597E-0000-00106D931200}
ProcessId: 6752
Image: C:\Program Files\WindowsApps\Microsoft.WindowsStore_11706.1001.26.0_x64__8wekyb3d8bbwe\WinStore.App.exe
User: DESKTOP-63KR1PU\John
Protocol: tcp
Initiated: true
SourceIsIpv6: false
SourceIp: 10.34.1.27
SourceHostname: DESKTOP-63KR1PU
SourcePort: 49726
SourcePortName: 
DestinationIsIpv6: false
DestinationIp: 104.94.136.10
DestinationHostname: a104-94-136-10.deploy.static.akamaitechnologies.com
DestinationPort: 443
DestinationPortName: https"
Information	10.10.2017 08:01:31	Microsoft-Windows-Sysmon	1	Process Create (rule: ProcessCreate)	"Process Create:
UtcTime: 2017-10-10 06:01:31.124
ProcessGuid: {E4CEE641-C7BB-597E-0000-00107AC31200}
ProcessId: 6204
Image: C:\Windows\SystemApps\Microsoft.MicrosoftEdge_8wekyb3d8bbwe\MicrosoftEdgeCP.exe
CommandLine: ""C:\Windows\SystemApps\Microsoft.MicrosoftEdge_8wekyb3d8bbwe\MicrosoftEdgeCP.exe"" -ServerName:ContentProcess.AppX6z3cwk4fvgady6zya12j1cw28d228a7k.mca
CurrentDirectory: C:\Windows\SystemApps\Microsoft.MicrosoftEdge_8wekyb3d8bbwe\
User: DESKTOP-63KR1PU\John
LogonGuid: {E4CEE641-C4E8-597E-0000-002051990100}
LogonId: 0x19951
TerminalSessionId: 1
IntegrityLevel: AppContainer
Hashes: MD5=26129C16970A4E1746C5558F9F6799A9,SHA256=DF50A4497BDBD66A2B6CFB72D18D25BAA1ACBF15E4C192C1662BC3DF0D29BDAC
ParentProcessGuid: {E4CEE641-C4E2-597E-0000-001053520000}
ParentProcessId: 700
ParentImage: C:\Windows\System32\svchost.exe
ParentCommandLine: C:\WINDOWS\system32\svchost.exe -k DcomLaunch"
Information	10.10.2017 08:01:31	Microsoft-Windows-Sysmon	1	Process Create (rule: ProcessCreate)	"Process Create:
UtcTime: 2017-10-10 06:01:30.592
ProcessGuid: {E4CEE641-C7BA-597E-0000-0010A2B61200}
ProcessId: 2820
Image: C:\Program Files\WindowsApps\microsoft.windowscommunicationsapps_17.8241.41275.0_x64__8wekyb3d8bbwe\HxOutlook.exe
CommandLine: ""C:\Program Files\WindowsApps\microsoft.windowscommunicationsapps_17.8241.41275.0_x64__8wekyb3d8bbwe\HxOutlook.exe"" -ServerName:microsoft.windowslive.mail.AppXfbjsbkxvprcgqg6q4c9jfr0pn3kv9x5s.mca
CurrentDirectory: C:\Program Files\WindowsApps\microsoft.windowscommunicationsapps_17.8241.41275.0_x64__8wekyb3d8bbwe\
User: DESKTOP-63KR1PU\John
LogonGuid: {E4CEE641-C4E8-597E-0000-002051990100}
LogonId: 0x19951
TerminalSessionId: 1
IntegrityLevel: AppContainer
Hashes: MD5=84AAD564AA96D12EB996B621ADC14C78,SHA256=E1D8F680252E6270F9300067D004CB145CE5085DCA96F0E3A25E25818D24CE31
ParentProcessGuid: {E4CEE641-C4E2-597E-0000-001053520000}
ParentProcessId: 700
ParentImage: C:\Windows\System32\svchost.exe
ParentCommandLine: C:\WINDOWS\system32\svchost.exe -k DcomLaunch"
Information	10.10.2017 08:01:29	Microsoft-Windows-Sysmon	1	Process Create (rule: ProcessCreate)	"Process Create:
UtcTime: 2017-10-10 06:01:29.863
ProcessGuid: {E4CEE641-C7B9-597E-0000-0010A7A31200}
ProcessId: 6608
Image: C:\Windows\System32\InstallAgent.exe
CommandLine: C:\Windows\System32\InstallAgent.exe -Embedding
CurrentDirectory: C:\WINDOWS\system32\
User: DESKTOP-63KR1PU\John
LogonGuid: {E4CEE641-C4E8-597E-0000-002051990100}
LogonId: 0x19951
TerminalSessionId: 1
IntegrityLevel: Medium
Hashes: MD5=7D4805F52F4F789658F9231F64591E94,SHA256=BE2F0E1657E92933A92D309D4BB9EF68841A480C5B294C45DBC396333CB23513
ParentProcessGuid: {E4CEE641-C4E2-597E-0000-001053520000}
ParentProcessId: 700
ParentImage: C:\Windows\System32\svchost.exe
ParentCommandLine: C:\WINDOWS\system32\svchost.exe -k DcomLaunch"
Information	10.10.2017 08:01:29	Microsoft-Windows-Sysmon	1	Process Create (rule: ProcessCreate)	"Process Create:
UtcTime: 2017-10-10 06:01:29.451
ProcessGuid: {E4CEE641-C7B9-597E-0000-00106D931200}
ProcessId: 6752
Image: C:\Program Files\WindowsApps\Microsoft.WindowsStore_11706.1001.26.0_x64__8wekyb3d8bbwe\WinStore.App.exe
CommandLine: ""C:\Program Files\WindowsApps\Microsoft.WindowsStore_11706.1001.26.0_x64__8wekyb3d8bbwe\WinStore.App.exe"" -ServerName:App.AppXc75wvwned5vhz4xyxxecvgdjhdkgsdza.mca
CurrentDirectory: C:\Program Files\WindowsApps\Microsoft.WindowsStore_11706.1001.26.0_x64__8wekyb3d8bbwe\
User: DESKTOP-63KR1PU\John
LogonGuid: {E4CEE641-C4E8-597E-0000-002051990100}
LogonId: 0x19951
TerminalSessionId: 1
IntegrityLevel: AppContainer
Hashes: MD5=CDCA45D2CBA81F3057E728C873DC466A,SHA256=18D0461AFCC21183A2B0B0F7E811A70E519EE15548D7E6D51CBC5708C77A030D
ParentProcessGuid: {E4CEE641-C4E2-597E-0000-001053520000}
ParentProcessId: 700
ParentImage: C:\Windows\System32\svchost.exe
ParentCommandLine: C:\WINDOWS\system32\svchost.exe -k DcomLaunch"
Information	10.10.2017 08:01:29	Microsoft-Windows-Sysmon	1	Process Create (rule: ProcessCreate)	"Process Create:
UtcTime: 2017-10-10 06:01:29.448
ProcessGuid: {E4CEE641-C7B9-597E-0000-00104F931200}
ProcessId: 6880
Image: C:\Windows\SystemApps\Microsoft.MicrosoftEdge_8wekyb3d8bbwe\MicrosoftEdgeCP.exe
CommandLine: ""C:\Windows\SystemApps\Microsoft.MicrosoftEdge_8wekyb3d8bbwe\MicrosoftEdgeCP.exe"" -ServerName:ContentProcess.AppX6z3cwk4fvgady6zya12j1cw28d228a7k.mca
CurrentDirectory: C:\Windows\SystemApps\Microsoft.MicrosoftEdge_8wekyb3d8bbwe\
User: DESKTOP-63KR1PU\John
LogonGuid: {E4CEE641-C4E8-597E-0000-002051990100}
LogonId: 0x19951
TerminalSessionId: 1
IntegrityLevel: AppContainer
Hashes: MD5=26129C16970A4E1746C5558F9F6799A9,SHA256=DF50A4497BDBD66A2B6CFB72D18D25BAA1ACBF15E4C192C1662BC3DF0D29BDAC
ParentProcessGuid: {E4CEE641-C4E2-597E-0000-001053520000}
ParentProcessId: 700
ParentImage: C:\Windows\System32\svchost.exe
ParentCommandLine: C:\WINDOWS\system32\svchost.exe -k DcomLaunch"
Information	10.10.2017 08:01:28	Microsoft-Windows-Sysmon	1	Process Create (rule: ProcessCreate)	"Process Create:
UtcTime: 2017-10-10 06:01:28.529
ProcessGuid: {E4CEE641-C7B8-597E-0000-0010207A1200}
ProcessId: 492
Image: C:\Windows\SystemApps\Microsoft.MicrosoftEdge_8wekyb3d8bbwe\MicrosoftEdgeCP.exe
CommandLine: ""C:\Windows\SystemApps\Microsoft.MicrosoftEdge_8wekyb3d8bbwe\MicrosoftEdgeCP.exe"" -ServerName:ContentProcess.AppX6z3cwk4fvgady6zya12j1cw28d228a7k.mca
CurrentDirectory: C:\Windows\SystemApps\Microsoft.MicrosoftEdge_8wekyb3d8bbwe\
User: DESKTOP-63KR1PU\John
LogonGuid: {E4CEE641-C4E8-597E-0000-002051990100}
LogonId: 0x19951
TerminalSessionId: 1
IntegrityLevel: AppContainer
Hashes: MD5=26129C16970A4E1746C5558F9F6799A9,SHA256=DF50A4497BDBD66A2B6CFB72D18D25BAA1ACBF15E4C192C1662BC3DF0D29BDAC
ParentProcessGuid: {E4CEE641-C4E2-597E-0000-001053520000}
ParentProcessId: 700
ParentImage: C:\Windows\System32\svchost.exe
ParentCommandLine: C:\WINDOWS\system32\svchost.exe -k DcomLaunch"
Information	10.10.2017 08:01:28	Microsoft-Windows-Sysmon	1	Process Create (rule: ProcessCreate)	"Process Create:
UtcTime: 2017-10-10 06:01:28.354
ProcessGuid: {E4CEE641-C7B8-597E-0000-0010D0711200}
ProcessId: 3288
Image: C:\Windows\System32\dllhost.exe
CommandLine: C:\WINDOWS\system32\DllHost.exe /Processid:{AB8902B4-09CA-4BB6-B78D-A8F59079A8D5}
CurrentDirectory: C:\WINDOWS\system32\
User: DESKTOP-63KR1PU\John
LogonGuid: {E4CEE641-C4E8-597E-0000-002051990100}
LogonId: 0x19951
TerminalSessionId: 1
IntegrityLevel: Medium
Hashes: MD5=2D29C0AFCC8225AFF6637F7362C22960,SHA256=79756AB8344C31A55223A51625F2379525428CEBD53531F11C26544A34621D81
ParentProcessGuid: {E4CEE641-C4E2-597E-0000-001053520000}
ParentProcessId: 700
ParentImage: C:\Windows\System32\svchost.exe
ParentCommandLine: C:\WINDOWS\system32\svchost.exe -k DcomLaunch"
Information	10.10.2017 08:01:26	Microsoft-Windows-Sysmon	1	Process Create (rule: ProcessCreate)	"Process Create:
UtcTime: 2017-10-10 06:01:26.618
ProcessGuid: {E4CEE641-C7B6-597E-0000-001025331200}
ProcessId: 6056
Image: C:\Windows\System32\browser_broker.exe
CommandLine: C:\WINDOWS\system32\browser_broker.exe -Embedding
CurrentDirectory: C:\WINDOWS\system32\
User: DESKTOP-63KR1PU\John
LogonGuid: {E4CEE641-C4E8-597E-0000-002051990100}
LogonId: 0x19951
TerminalSessionId: 1
IntegrityLevel: Medium
Hashes: MD5=90C80EC09679810B2EAF2045A26B197E,SHA256=3C2902AFD1D11A8059760990BE36089AE2D8AEF64C92D7F97B1B8E399A042069
ParentProcessGuid: {E4CEE641-C4E2-597E-0000-001053520000}
ParentProcessId: 700
ParentImage: C:\Windows\System32\svchost.exe
ParentCommandLine: C:\WINDOWS\system32\svchost.exe -k DcomLaunch"
Information	10.10.2017 08:01:26	Microsoft-Windows-Sysmon	1	Process Create (rule: ProcessCreate)	"Process Create:
UtcTime: 2017-10-10 06:01:25.673
ProcessGuid: {E4CEE641-C7B5-597E-0000-0010BA291200}
ProcessId: 4212
Image: C:\Windows\SystemApps\Microsoft.MicrosoftEdge_8wekyb3d8bbwe\MicrosoftEdge.exe
CommandLine: ""C:\Windows\SystemApps\Microsoft.MicrosoftEdge_8wekyb3d8bbwe\MicrosoftEdge.exe"" -ServerName:MicrosoftEdge.AppXdnhjhccw3zf0j06tkg3jtqr00qdm0khc.mca
CurrentDirectory: C:\Windows\SystemApps\Microsoft.MicrosoftEdge_8wekyb3d8bbwe\
User: DESKTOP-63KR1PU\John
LogonGuid: {E4CEE641-C4E8-597E-0000-002051990100}
LogonId: 0x19951
TerminalSessionId: 1
IntegrityLevel: AppContainer
Hashes: MD5=6166EE6801A09637075971FB23B76B29,SHA256=D4AE1AFC8345EDEC3944DE6A76696DBC1B1C6728541ACC37B635119D6509256E
ParentProcessGuid: {E4CEE641-C4E2-597E-0000-001053520000}
ParentProcessId: 700
ParentImage: C:\Windows\System32\svchost.exe
ParentCommandLine: C:\WINDOWS\system32\svchost.exe -k DcomLaunch"
Information	10.10.2017 08:01:25	Microsoft-Windows-Sysmon	1	Process Create (rule: ProcessCreate)	"Process Create:
UtcTime: 2017-10-10 06:01:25.267
ProcessGuid: {E4CEE641-C7B5-597E-0000-0010331F1200}
ProcessId: 2192
Image: C:\Windows\System32\ApplicationFrameHost.exe
CommandLine: C:\WINDOWS\system32\ApplicationFrameHost.exe -Embedding
CurrentDirectory: C:\WINDOWS\system32\
User: DESKTOP-63KR1PU\John
LogonGuid: {E4CEE641-C4E8-597E-0000-002051990100}
LogonId: 0x19951
TerminalSessionId: 1
IntegrityLevel: Medium
Hashes: MD5=8B4211AD6585175136C5672CBF4F1020,SHA256=266EC3E16D8FE97A63A1731C464E7E634026B397CB4978665283DB7774DBB94E
ParentProcessGuid: {E4CEE641-C4E2-597E-0000-001053520000}
ParentProcessId: 700
ParentImage: C:\Windows\System32\svchost.exe
ParentCommandLine: C:\WINDOWS\system32\svchost.exe -k DcomLaunch"
Information	10.10.2017 08:01:10	Microsoft-Windows-Sysmon	5	Process terminated (rule: ProcessTerminate)	"Process terminated:
UtcTime: 2017-10-10 06:01:10.392
ProcessGuid: {E4CEE641-C764-597E-0000-001007D21100}
ProcessId: 6032
Image: C:\Windows\System32\svchost.exe"
Information	10.10.2017 08:00:22	Microsoft-Windows-Sysmon	5	Process terminated (rule: ProcessTerminate)	"Process terminated:
UtcTime: 2017-10-10 06:00:22.499
ProcessGuid: {E4CEE641-C4F7-597E-0000-0010B6D30200}
ProcessId: 3900
Image: C:\Windows\System32\wbem\WmiPrvSE.exe"
Information	10.10.2017 08:00:22	Microsoft-Windows-Sysmon	2	File creation time changed (rule: FileCreateTime)	"File creation time changed:
UtcTime: 2017-10-10 06:00:22.393
ProcessGuid: {E4CEE641-C4E4-597E-0000-0010EB0B0100}
ProcessId: 1980
Image: c:\windows\system32\svchost.exe
TargetFilename: C:\ProgramData\USOPrivate\UpdateStore\updatestoretemp51b519d5-b6f5-4333-8df6-e74d7c9aead4.xml
CreationUtcTime: 2017-07-13 09:25:18.192
PreviousCreationUtcTime: 2017-10-10 06:00:22.363"
Information	10.10.2017 08:00:08	Microsoft-Windows-Sysmon	5	Process terminated (rule: ProcessTerminate)	"Process terminated:
UtcTime: 2017-10-10 06:00:08.834
ProcessGuid: {E4CEE641-C760-597E-0000-0010539E1100}
ProcessId: 6232
Image: C:\Windows\System32\conhost.exe"
Information	10.10.2017 08:00:08	Microsoft-Windows-Sysmon	5	Process terminated (rule: ProcessTerminate)	"Process terminated:
UtcTime: 2017-10-10 06:00:08.802
ProcessGuid: {E4CEE641-C760-597E-0000-0010E59D1100}
ProcessId: 6388
Image: C:\Users\John\Desktop\Invoice_no_89685958466.pdf.exe"
Information	10.10.2017 08:00:07	Microsoft-Windows-Sysmon	3	Network connection detected (rule: NetworkConnect)	"Network connection detected:
UtcTime: 2017-10-10 06:00:14.127
ProcessGuid: {E4CEE641-C761-597E-0000-0010E0AE1100}
ProcessId: 3924
Image: C:\Users\John\Desktop\Invoice_no_89685958466.pdf.exe
User: DESKTOP-63KR1PU\John
Protocol: tcp
Initiated: true
SourceIsIpv6: false
SourceIp: 10.34.1.27
SourceHostname: DESKTOP-63KR1PU
SourcePort: 49725
SourcePortName: 
DestinationIsIpv6: false
DestinationIp: 10.34.1.22
DestinationHostname: deadly-ursa.enisa.ex
DestinationPort: 1337
DestinationPortName: http"
Information	10.10.2017 08:00:06	Microsoft-Windows-Sysmon	3	Network connection detected (rule: NetworkConnect)	"Network connection detected:
UtcTime: 2017-10-10 06:00:12.417
ProcessGuid: {E4CEE641-C761-597E-0000-0010E0AE1100}
ProcessId: 3924
Image: C:\Users\John\Desktop\Invoice_no_89685958466.pdf.exe
User: DESKTOP-63KR1PU\John
Protocol: tcp
Initiated: true
SourceIsIpv6: false
SourceIp: 10.34.1.27
SourceHostname: DESKTOP-63KR1PU
SourcePort: 49724
SourcePortName: 
DestinationIsIpv6: false
DestinationIp: 10.34.1.22
DestinationHostname: deadly-ursa.enisa.ex
DestinationPort: 1337
DestinationPortName: https"
Information	10.10.2017 08:00:05	Microsoft-Windows-Sysmon	3	Network connection detected (rule: NetworkConnect)	"Network connection detected:
UtcTime: 2017-10-10 06:00:11.606
ProcessGuid: {E4CEE641-C764-597E-0000-001066C51100}
ProcessId: 4848
Image: C:\Windows\System32\svchost.exe
User: NT AUTHORITY\SYSTEM
Protocol: tcp
Initiated: true
SourceIsIpv6: false
SourceIp: 10.34.1.27
SourceHostname: DESKTOP-63KR1PU
SourcePort: 49723
SourcePortName: 
DestinationIsIpv6: false
DestinationIp: 131.253.61.98
DestinationHostname: 
DestinationPort: 443
DestinationPortName: https"
Information	10.10.2017 08:00:04	Microsoft-Windows-Sysmon	1	Process Create (rule: ProcessCreate)	"Process Create:
UtcTime: 2017-10-10 06:00:04.874
ProcessGuid: {E4CEE641-C764-597E-0000-001007D21100}
ProcessId: 6032
Image: C:\Windows\System32\svchost.exe
CommandLine: C:\WINDOWS\system32\svchost.exe -k netsvcs -s wisvc
CurrentDirectory: C:\WINDOWS\system32\
User: NT AUTHORITY\SYSTEM
LogonGuid: {E4CEE641-C4E1-597E-0000-0020E7030000}
LogonId: 0x3E7
TerminalSessionId: 0
IntegrityLevel: System
Hashes: MD5=3120B24060924F9B94182A1432B2D7F9,SHA256=9F21E51442209BCEC0EA4A468EF8A4741685AE204D5063F4C3E45E1F8CF72643
ParentProcessGuid: {E4CEE641-C4E1-597E-0000-0010333E0000}
ParentProcessId: 572
ParentImage: C:\Windows\System32\services.exe
ParentCommandLine: C:\WINDOWS\system32\services.exe"
Information	10.10.2017 08:00:04	Microsoft-Windows-Sysmon	1	Process Create (rule: ProcessCreate)	"Process Create:
UtcTime: 2017-10-10 06:00:04.140
ProcessGuid: {E4CEE641-C764-597E-0000-001066C51100}
ProcessId: 4848
Image: C:\Windows\System32\svchost.exe
CommandLine: C:\WINDOWS\system32\svchost.exe -k netsvcs -s wlidsvc
CurrentDirectory: C:\WINDOWS\system32\
User: NT AUTHORITY\SYSTEM
LogonGuid: {E4CEE641-C4E1-597E-0000-0020E7030000}
LogonId: 0x3E7
TerminalSessionId: 0
IntegrityLevel: System
Hashes: MD5=3120B24060924F9B94182A1432B2D7F9,SHA256=9F21E51442209BCEC0EA4A468EF8A4741685AE204D5063F4C3E45E1F8CF72643
ParentProcessGuid: {E4CEE641-C4E1-597E-0000-0010333E0000}
ParentProcessId: 572
ParentImage: C:\Windows\System32\services.exe
ParentCommandLine: C:\WINDOWS\system32\services.exe"
Information	10.10.2017 08:00:02	Microsoft-Windows-Sysmon	1	Process Create (rule: ProcessCreate)	"Process Create:
UtcTime: 2017-10-10 06:00:02.755
ProcessGuid: {E4CEE641-C762-597E-0000-00103FB71100}
ProcessId: 7160
Image: C:\Windows\System32\svchost.exe
CommandLine: c:\windows\system32\svchost.exe -k localsystemnetworkrestricted -s WdiSystemHost
CurrentDirectory: C:\WINDOWS\system32\
User: NT AUTHORITY\SYSTEM
LogonGuid: {E4CEE641-C4E1-597E-0000-0020E7030000}
LogonId: 0x3E7
TerminalSessionId: 0
IntegrityLevel: System
Hashes: MD5=3120B24060924F9B94182A1432B2D7F9,SHA256=9F21E51442209BCEC0EA4A468EF8A4741685AE204D5063F4C3E45E1F8CF72643
ParentProcessGuid: {E4CEE641-C4E1-597E-0000-0010333E0000}
ParentProcessId: 572
ParentImage: C:\Windows\System32\services.exe
ParentCommandLine: C:\WINDOWS\system32\services.exe"
Information	10.10.2017 08:00:02	Microsoft-Windows-Sysmon	3	Network connection detected (rule: NetworkConnect)	"Network connection detected:
UtcTime: 2017-10-10 06:00:07.567
ProcessGuid: {E4CEE641-C760-597E-0000-0010E59D1100}
ProcessId: 6388
Image: C:\Users\John\Desktop\Invoice_no_89685958466.pdf.exe
User: DESKTOP-63KR1PU\John
Protocol: tcp
Initiated: true
SourceIsIpv6: false
SourceIp: 10.34.1.27
SourceHostname: DESKTOP-63KR1PU
SourcePort: 49721
SourcePortName: 
DestinationIsIpv6: false
DestinationIp: 23.21.223.243
DestinationHostname: ec2-23-21-223-243.compute-1.amazonaws.com
DestinationPort: 443
DestinationPortName: https"
Information	10.10.2017 08:00:01	Microsoft-Windows-Sysmon	1	Process Create (rule: ProcessCreate)	"Process Create:
UtcTime: 2017-10-10 06:00:01.822
ProcessGuid: {E4CEE641-C761-597E-0000-0010E0AE1100}
ProcessId: 3924
Image: C:\Windows\System32\WerFault.exe
CommandLine: C:\WINDOWS\system32\WerFault.exe -u -p 6388 -s 1672
CurrentDirectory: C:\WINDOWS\system32\
User: DESKTOP-63KR1PU\John
LogonGuid: {E4CEE641-C4E8-597E-0000-002051990100}
LogonId: 0x19951
TerminalSessionId: 1
IntegrityLevel: Medium
Hashes: MD5=421666E339EF3660B8E9065A4A5479B6,SHA256=CA3ACE1BFF4DB5C96CF3FF79754D0FA09C63D067AD1E62019698601F34744B80
ParentProcessGuid: {E4CEE641-C760-597E-0000-0010E59D1100}
ParentProcessId: 6388
ParentImage: C:\Users\John\Desktop\Invoice_no_89685958466.pdf.exe
ParentCommandLine: ""C:\Users\John\Desktop\Invoice_no_89685958466.pdf.exe"" "
Information	10.10.2017 08:00:01	Microsoft-Windows-Sysmon	1	Process Create (rule: ProcessCreate)	"Process Create:
UtcTime: 2017-10-10 06:00:01.757
ProcessGuid: {E4CEE641-C761-597E-0000-001051AD1100}
ProcessId: 3772
Image: C:\Windows\System32\svchost.exe
CommandLine: C:\WINDOWS\System32\svchost.exe -k WerSvcGroup
CurrentDirectory: C:\WINDOWS\system32\
User: NT AUTHORITY\SYSTEM
LogonGuid: {E4CEE641-C4E1-597E-0000-0020E7030000}
LogonId: 0x3E7
TerminalSessionId: 0
IntegrityLevel: System
Hashes: MD5=3120B24060924F9B94182A1432B2D7F9,SHA256=9F21E51442209BCEC0EA4A468EF8A4741685AE204D5063F4C3E45E1F8CF72643
ParentProcessGuid: {E4CEE641-C4E1-597E-0000-0010333E0000}
ParentProcessId: 572
ParentImage: C:\Windows\System32\services.exe
ParentCommandLine: C:\WINDOWS\system32\services.exe"
Information	10.10.2017 08:00:00	Microsoft-Windows-Sysmon	1	Process Create (rule: ProcessCreate)	"Process Create:
UtcTime: 2017-10-10 06:00:00.722
ProcessGuid: {E4CEE641-C760-597E-0000-0010539E1100}
ProcessId: 6232
Image: C:\Windows\System32\conhost.exe
CommandLine: \??\C:\WINDOWS\system32\conhost.exe 0xffffffff -ForceV1
CurrentDirectory: C:\WINDOWS
User: DESKTOP-63KR1PU\John
LogonGuid: {E4CEE641-C4E8-597E-0000-002051990100}
LogonId: 0x19951
TerminalSessionId: 1
IntegrityLevel: Medium
Hashes: MD5=9D6E324F3F64EBB93A6D3592DCD478FF,SHA256=1E1C6A5A22AB34375811740E6FD0918F475C1395960E48972059977DDEC75F3B
ParentProcessGuid: {E4CEE641-C760-597E-0000-0010E59D1100}
ParentProcessId: 6388
ParentImage: C:\Users\John\Desktop\Invoice_no_89685958466.pdf.exe
ParentCommandLine: ""C:\Users\John\Desktop\Invoice_no_89685958466.pdf.exe"" "
Information	10.10.2017 08:00:00	Microsoft-Windows-Sysmon	1	Process Create (rule: ProcessCreate)	"Process Create:
UtcTime: 2017-10-10 06:00:00.711
ProcessGuid: {E4CEE641-C760-597E-0000-0010E59D1100}
ProcessId: 6388
Image: C:\Users\John\Desktop\Invoice_no_89685958466.pdf.exe
CommandLine: ""C:\Users\John\Desktop\Invoice_no_89685958466.pdf.exe"" 
CurrentDirectory: C:\Users\John\Desktop\
User: DESKTOP-63KR1PU\John
LogonGuid: {E4CEE641-C4E8-597E-0000-002051990100}
LogonId: 0x19951
TerminalSessionId: 1
IntegrityLevel: Medium
Hashes: MD5=FCEC508E05183CF3E5CCA3A4CD62AA64,SHA256=3EAB718E90A1870EB5FFA165E62841019CDA872BCCD8F80258BD0C28651899BC
ParentProcessGuid: {E4CEE641-C4FC-597E-0000-001054400300}
ParentProcessId: 4500
ParentImage: C:\Windows\explorer.exe
ParentCommandLine: C:\WINDOWS\Explorer.EXE"
Information	10.10.2017 07:59:35	Microsoft-Windows-Sysmon	1	Process Create (rule: ProcessCreate)	"Process Create:
UtcTime: 2017-10-10 05:59:35.724
ProcessGuid: {E4CEE641-C747-597E-0000-001077781100}
ProcessId: 2500
Image: C:\Windows\System32\svchost.exe
CommandLine: C:\WINDOWS\System32\svchost.exe -k wsappx -s ClipSVC
CurrentDirectory: C:\WINDOWS\system32\
User: NT AUTHORITY\SYSTEM
LogonGuid: {E4CEE641-C4E1-597E-0000-0020E7030000}
LogonId: 0x3E7
TerminalSessionId: 0
IntegrityLevel: System
Hashes: MD5=3120B24060924F9B94182A1432B2D7F9,SHA256=9F21E51442209BCEC0EA4A468EF8A4741685AE204D5063F4C3E45E1F8CF72643
ParentProcessGuid: {E4CEE641-C4E1-597E-0000-0010333E0000}
ParentProcessId: 572
ParentImage: C:\Windows\System32\services.exe
ParentCommandLine: C:\WINDOWS\system32\services.exe"
Information	10.10.2017 07:59:35	Microsoft-Windows-Sysmon	1	Process Create (rule: ProcessCreate)	"Process Create:
UtcTime: 2017-10-10 05:59:35.693
ProcessGuid: {E4CEE641-C747-597E-0000-001086761100}
ProcessId: 3704
Image: C:\Windows\System32\svchost.exe
CommandLine: C:\WINDOWS\system32\svchost.exe -k wsappx -s AppXSvc
CurrentDirectory: C:\WINDOWS\system32\
User: NT AUTHORITY\SYSTEM
LogonGuid: {E4CEE641-C4E1-597E-0000-0020E7030000}
LogonId: 0x3E7
TerminalSessionId: 0
IntegrityLevel: System
Hashes: MD5=3120B24060924F9B94182A1432B2D7F9,SHA256=9F21E51442209BCEC0EA4A468EF8A4741685AE204D5063F4C3E45E1F8CF72643
ParentProcessGuid: {E4CEE641-C4E1-597E-0000-0010333E0000}
ParentProcessId: 572
ParentImage: C:\Windows\System32\services.exe
ParentCommandLine: C:\WINDOWS\system32\services.exe"
Information	10.10.2017 07:59:35	Microsoft-Windows-Sysmon	5	Process terminated (rule: ProcessTerminate)	"Process terminated:
UtcTime: 2017-10-10 05:59:35.565
ProcessGuid: {E4CEE641-C747-597E-0000-00106A5F1100}
ProcessId: 4368
Image: C:\Windows\System32\taskhostw.exe"
Information	10.10.2017 07:59:35	Microsoft-Windows-Sysmon	1	Process Create (rule: ProcessCreate)	"Process Create:
UtcTime: 2017-10-10 05:59:35.559
ProcessGuid: {E4CEE641-C747-597E-0000-001019731100}
ProcessId: 6440
Image: C:\Windows\System32\svchost.exe
CommandLine: c:\windows\system32\svchost.exe -k localsystemnetworkrestricted -s StorSvc
CurrentDirectory: C:\WINDOWS\system32\
User: NT AUTHORITY\SYSTEM
LogonGuid: {E4CEE641-C4E1-597E-0000-0020E7030000}
LogonId: 0x3E7
TerminalSessionId: 0
IntegrityLevel: System
Hashes: MD5=3120B24060924F9B94182A1432B2D7F9,SHA256=9F21E51442209BCEC0EA4A468EF8A4741685AE204D5063F4C3E45E1F8CF72643
ParentProcessGuid: {E4CEE641-C4E1-597E-0000-0010333E0000}
ParentProcessId: 572
ParentImage: C:\Windows\System32\services.exe
ParentCommandLine: C:\WINDOWS\system32\services.exe"
Information	10.10.2017 07:59:35	Microsoft-Windows-Sysmon	1	Process Create (rule: ProcessCreate)	"Process Create:
UtcTime: 2017-10-10 05:59:35.421
ProcessGuid: {E4CEE641-C747-597E-0000-0010F6661100}
ProcessId: 5036
Image: C:\Windows\System32\wbem\WmiPrvSE.exe
CommandLine: C:\WINDOWS\system32\wbem\wmiprvse.exe -secured -Embedding
CurrentDirectory: C:\WINDOWS\system32\
User: NT AUTHORITY\NETWORK SERVICE
LogonGuid: {E4CEE641-C4E2-597E-0000-0020E4030000}
LogonId: 0x3E4
TerminalSessionId: 0
IntegrityLevel: System
Hashes: MD5=C3B76154E72CFE98742B899D53EE5AB2,SHA256=AC535A3ED8A0138305E1E9D060BB3B94AFE4D05A8B8506224F5DF802C54A9EEB
ParentProcessGuid: {E4CEE641-C4E2-597E-0000-001053520000}
ParentProcessId: 700
ParentImage: C:\Windows\System32\svchost.exe
ParentCommandLine: C:\WINDOWS\system32\svchost.exe -k DcomLaunch"
Information	10.10.2017 07:59:35	Microsoft-Windows-Sysmon	1	Process Create (rule: ProcessCreate)	"Process Create:
UtcTime: 2017-10-10 05:59:35.384
ProcessGuid: {E4CEE641-C747-597E-0000-001050651100}
ProcessId: 7156
Image: C:\Windows\System32\svchost.exe
CommandLine: c:\windows\system32\svchost.exe -k netsvcs -s lfsvc
CurrentDirectory: C:\WINDOWS\system32\
User: NT AUTHORITY\SYSTEM
LogonGuid: {E4CEE641-C4E1-597E-0000-0020E7030000}
LogonId: 0x3E7
TerminalSessionId: 0
IntegrityLevel: System
Hashes: MD5=3120B24060924F9B94182A1432B2D7F9,SHA256=9F21E51442209BCEC0EA4A468EF8A4741685AE204D5063F4C3E45E1F8CF72643
ParentProcessGuid: {E4CEE641-C4E1-597E-0000-0010333E0000}
ParentProcessId: 572
ParentImage: C:\Windows\System32\services.exe
ParentCommandLine: C:\WINDOWS\system32\services.exe"
Information	10.10.2017 07:59:35	Microsoft-Windows-Sysmon	1	Process Create (rule: ProcessCreate)	"Process Create:
UtcTime: 2017-10-10 05:59:35.327
ProcessGuid: {E4CEE641-C747-597E-0000-00106A5F1100}
ProcessId: 4368
Image: C:\Windows\System32\taskhostw.exe
CommandLine: taskhostw.exe -RegisterDevice -ProtectionStateChanged -FreeNetworkOnly -NoLocation
CurrentDirectory: C:\WINDOWS\system32\
User: NT AUTHORITY\SYSTEM
LogonGuid: {E4CEE641-C4E1-597E-0000-0020E7030000}
LogonId: 0x3E7
TerminalSessionId: 0
IntegrityLevel: System
Hashes: MD5=802F044589D1D0657F4A12B13AFFFAE4,SHA256=3BC9D9E67292B2D4849AD0DB1EAE86DDEDBFC27728CDED9CFA614C4939A5D2D4
ParentProcessGuid: {E4CEE641-C4E3-597E-0000-0010B5BE0000}
ParentProcessId: 1140
ParentImage: C:\Windows\System32\svchost.exe
ParentCommandLine: c:\windows\system32\svchost.exe -k netsvcs -s Schedule"
Information	10.10.2017 07:59:35	Microsoft-Windows-Sysmon	1	Process Create (rule: ProcessCreate)	"Process Create:
UtcTime: 2017-10-10 05:59:35.297
ProcessGuid: {E4CEE641-C747-597E-0000-0010E05C1100}
ProcessId: 4472
Image: C:\Windows\System32\smartscreen.exe
CommandLine: C:\Windows\System32\smartscreen.exe -Embedding
CurrentDirectory: C:\WINDOWS\system32\
User: DESKTOP-63KR1PU\John
LogonGuid: {E4CEE641-C4E8-597E-0000-002051990100}
LogonId: 0x19951
TerminalSessionId: 1
IntegrityLevel: Medium
Hashes: MD5=5CFFCDC66C84D2E96098B0BE8AE44ACE,SHA256=B0E5841175BDE6C28BB6AAEF222B90E930A29BBE5AC68BE846218CF8590C2A98
ParentProcessGuid: {E4CEE641-C4E2-597E-0000-001053520000}
ParentProcessId: 700
ParentImage: C:\Windows\System32\svchost.exe
ParentCommandLine: C:\WINDOWS\system32\svchost.exe -k DcomLaunch"
