Information	10.10.2017 08:04:23	Microsoft-Windows-Sysmon	1	Process Create (rule: ProcessCreate)	"Process Create:
UtcTime: 2017-10-10 06:04:23.721
ProcessGuid: {E4CEE641-C867-597E-0000-0010C1ED1700}
ProcessId: 4128
Image: C:\Windows\System32\InstallAgent.exe
CommandLine: C:\Windows\System32\InstallAgent.exe -Embedding
CurrentDirectory: C:\WINDOWS\system32\
User: DESKTOP-63KR1PU\John
LogonGuid: {E4CEE641-C4E8-597E-0000-002051990100}
LogonId: 0x19951
TerminalSessionId: 1
IntegrityLevel: Medium
Hashes: MD5=7D4805F52F4F789658F9231F64591E94,SHA256=BE2F0E1657E92933A92D309D4BB9EF68841A480C5B294C45DBC396333CB23513
ParentProcessGuid: {E4CEE641-C4E2-597E-0000-001053520000}
ParentProcessId: 700
ParentImage: C:\Windows\System32\svchost.exe
ParentCommandLine: C:\WINDOWS\system32\svchost.exe -k DcomLaunch"
Information	10.10.2017 08:04:23	Microsoft-Windows-Sysmon	1	Process Create (rule: ProcessCreate)	"Process Create:
UtcTime: 2017-10-10 06:04:23.609
ProcessGuid: {E4CEE641-C867-597E-0000-001033E71700}
ProcessId: 4212
Image: C:\Windows\System32\backgroundTaskHost.exe
CommandLine: ""C:\WINDOWS\system32\backgroundTaskHost.exe"" -ServerName:App.AppXmtcan0h2tfbfy7k9kn8hbxb6dmzz1zh0.mca
CurrentDirectory: C:\Windows\SystemApps\Microsoft.Windows.ContentDeliveryManager_cw5n1h2txyewy\
User: DESKTOP-63KR1PU\John
LogonGuid: {E4CEE641-C4E8-597E-0000-002051990100}
LogonId: 0x19951
TerminalSessionId: 1
IntegrityLevel: AppContainer
Hashes: MD5=00BDEAE44F02F23ADA619425E51F8C6E,SHA256=238D1D9A7A9AFE44CAB13E61E9F1896424598B9405402ACAECE0A4244B8F61B1
ParentProcessGuid: {E4CEE641-C4E2-597E-0000-001053520000}
ParentProcessId: 700
ParentImage: C:\Windows\System32\svchost.exe
ParentCommandLine: C:\WINDOWS\system32\svchost.exe -k DcomLaunch"
Information	10.10.2017 08:04:23	Microsoft-Windows-Sysmon	1	Process Create (rule: ProcessCreate)	"Process Create:
UtcTime: 2017-10-10 06:04:23.519
ProcessGuid: {E4CEE641-C867-597E-0000-001077E11700}
ProcessId: 5452
Image: C:\Windows\System32\backgroundTaskHost.exe
CommandLine: ""C:\WINDOWS\system32\backgroundTaskHost.exe"" -ServerName:CortanaUI.AppXy7vb4pc2dr3kc93kfc509b1d0arkfb2x.mca
CurrentDirectory: C:\Windows\SystemApps\Microsoft.Windows.Cortana_cw5n1h2txyewy\
User: DESKTOP-63KR1PU\John
LogonGuid: {E4CEE641-C4E8-597E-0000-002051990100}
LogonId: 0x19951
TerminalSessionId: 1
IntegrityLevel: AppContainer
Hashes: MD5=00BDEAE44F02F23ADA619425E51F8C6E,SHA256=238D1D9A7A9AFE44CAB13E61E9F1896424598B9405402ACAECE0A4244B8F61B1
ParentProcessGuid: {E4CEE641-C4E2-597E-0000-001053520000}
ParentProcessId: 700
ParentImage: C:\Windows\System32\svchost.exe
ParentCommandLine: C:\WINDOWS\system32\svchost.exe -k DcomLaunch"
Information	10.10.2017 08:04:23	Microsoft-Windows-Sysmon	3	Network connection detected (rule: NetworkConnect)	"Network connection detected:
UtcTime: 2017-10-10 06:04:22.637
ProcessGuid: {E4CEE641-C82B-597E-0000-00106A881600}
ProcessId: 6080
Image: C:\Program Files (x86)\Google\Chrome\Application\chrome.exe
User: DESKTOP-63KR1PU\John
Protocol: tcp
Initiated: true
SourceIsIpv6: false
SourceIp: 10.34.1.27
SourceHostname: DESKTOP-63KR1PU
SourcePort: 64319
SourcePortName: 
DestinationIsIpv6: false
DestinationIp: 31.13.71.7
DestinationHostname: xx-fbcdn-shv-01-lga3.fbcdn.net
DestinationPort: 443
DestinationPortName: https"
Information	10.10.2017 08:04:23	Microsoft-Windows-Sysmon	3	Network connection detected (rule: NetworkConnect)	"Network connection detected:
UtcTime: 2017-10-10 06:04:22.637
ProcessGuid: {E4CEE641-C82B-597E-0000-00106A881600}
ProcessId: 6080
Image: C:\Program Files (x86)\Google\Chrome\Application\chrome.exe
User: DESKTOP-63KR1PU\John
Protocol: tcp
Initiated: true
SourceIsIpv6: false
SourceIp: 10.34.1.27
SourceHostname: DESKTOP-63KR1PU
SourcePort: 64320
SourcePortName: 
DestinationIsIpv6: false
DestinationIp: 31.13.71.7
DestinationHostname: xx-fbcdn-shv-01-lga3.fbcdn.net
DestinationPort: 443
DestinationPortName: https"
Information	10.10.2017 08:04:23	Microsoft-Windows-Sysmon	3	Network connection detected (rule: NetworkConnect)	"Network connection detected:
UtcTime: 2017-10-10 06:04:22.636
ProcessGuid: {E4CEE641-C82B-597E-0000-00106A881600}
ProcessId: 6080
Image: C:\Program Files (x86)\Google\Chrome\Application\chrome.exe
User: DESKTOP-63KR1PU\John
Protocol: tcp
Initiated: true
SourceIsIpv6: false
SourceIp: 10.34.1.27
SourceHostname: DESKTOP-63KR1PU
SourcePort: 64317
SourcePortName: 
DestinationIsIpv6: false
DestinationIp: 31.13.71.7
DestinationHostname: xx-fbcdn-shv-01-lga3.fbcdn.net
DestinationPort: 80
DestinationPortName: http"
Information	10.10.2017 08:04:23	Microsoft-Windows-Sysmon	3	Network connection detected (rule: NetworkConnect)	"Network connection detected:
UtcTime: 2017-10-10 06:04:22.636
ProcessGuid: {E4CEE641-C82B-597E-0000-00106A881600}
ProcessId: 6080
Image: C:\Program Files (x86)\Google\Chrome\Application\chrome.exe
User: DESKTOP-63KR1PU\John
Protocol: tcp
Initiated: true
SourceIsIpv6: false
SourceIp: 10.34.1.27
SourceHostname: DESKTOP-63KR1PU
SourcePort: 64318
SourcePortName: 
DestinationIsIpv6: false
DestinationIp: 31.13.71.7
DestinationHostname: xx-fbcdn-shv-01-lga3.fbcdn.net
DestinationPort: 80
DestinationPortName: http"
Information	10.10.2017 08:04:23	Microsoft-Windows-Sysmon	1	Process Create (rule: ProcessCreate)	"Process Create:
UtcTime: 2017-10-10 06:04:23.277
ProcessGuid: {E4CEE641-C867-597E-0000-001003D31700}
ProcessId: 2448
Image: C:\Windows\System32\wermgr.exe
CommandLine: C:\WINDOWS\system32\wermgr.exe -upload
CurrentDirectory: C:\WINDOWS\system32\
User: NT AUTHORITY\SYSTEM
LogonGuid: {E4CEE641-C4E1-597E-0000-0020E7030000}
LogonId: 0x3E7
TerminalSessionId: 0
IntegrityLevel: System
Hashes: MD5=B6B07BD48ECE5E19F8FBBE3B9D4DEE8B,SHA256=AB6443218F56D9743FA4605A7696C82B016F621DDEFCB3207A9AA77666A7BCA1
ParentProcessGuid: {E4CEE641-C4E3-597E-0000-0010B5BE0000}
ParentProcessId: 1140
ParentImage: C:\Windows\System32\svchost.exe
ParentCommandLine: c:\windows\system32\svchost.exe -k netsvcs -s Schedule"
Information	10.10.2017 08:04:23	Microsoft-Windows-Sysmon	1	Process Create (rule: ProcessCreate)	"Process Create:
UtcTime: 2017-10-10 06:04:23.285
ProcessGuid: {E4CEE641-C867-597E-0000-0010D8D31700}
ProcessId: 6732
Image: C:\Windows\System32\taskhostw.exe
CommandLine: taskhostw.exe
CurrentDirectory: C:\WINDOWS\system32\
User: DESKTOP-63KR1PU\John
LogonGuid: {E4CEE641-C4E8-597E-0000-002051990100}
LogonId: 0x19951
TerminalSessionId: 1
IntegrityLevel: Medium
Hashes: MD5=802F044589D1D0657F4A12B13AFFFAE4,SHA256=3BC9D9E67292B2D4849AD0DB1EAE86DDEDBFC27728CDED9CFA614C4939A5D2D4
ParentProcessGuid: {E4CEE641-C4E3-597E-0000-0010B5BE0000}
ParentProcessId: 1140
ParentImage: C:\Windows\System32\svchost.exe
ParentCommandLine: c:\windows\system32\svchost.exe -k netsvcs -s Schedule"
Information	10.10.2017 08:04:21	Microsoft-Windows-Sysmon	2	File creation time changed (rule: FileCreateTime)	"File creation time changed:
UtcTime: 2017-10-10 06:04:21.827
ProcessGuid: {E4CEE641-C82B-597E-0000-00106A881600}
ProcessId: 6080
Image: C:\Program Files (x86)\Google\Chrome\Application\chrome.exe
TargetFilename: C:\Users\John\AppData\Local\Google\Chrome\User Data\Default\a89ed7e7-f9d5-486e-8a7d-42cb3aa92882.tmp
CreationUtcTime: 2017-07-13 09:31:34.553
PreviousCreationUtcTime: 2017-10-10 06:04:21.701"
Information	10.10.2017 08:04:21	Microsoft-Windows-Sysmon	3	Network connection detected (rule: NetworkConnect)	"Network connection detected:
UtcTime: 2017-10-10 06:04:20.701
ProcessGuid: {E4CEE641-C82B-597E-0000-00106A881600}
ProcessId: 6080
Image: C:\Program Files (x86)\Google\Chrome\Application\chrome.exe
User: DESKTOP-63KR1PU\John
Protocol: tcp
Initiated: true
SourceIsIpv6: false
SourceIp: 10.34.1.27
SourceHostname: DESKTOP-63KR1PU
SourcePort: 64316
SourcePortName: 
DestinationIsIpv6: false
DestinationIp: 54.173.61.237
DestinationHostname: ec2-54-173-61-237.compute-1.amazonaws.com
DestinationPort: 80
DestinationPortName: http"
Information	10.10.2017 08:04:21	Microsoft-Windows-Sysmon	3	Network connection detected (rule: NetworkConnect)	"Network connection detected:
UtcTime: 2017-10-10 06:04:20.647
ProcessGuid: {E4CEE641-C82B-597E-0000-00106A881600}
ProcessId: 6080
Image: C:\Program Files (x86)\Google\Chrome\Application\chrome.exe
User: DESKTOP-63KR1PU\John
Protocol: tcp
Initiated: true
SourceIsIpv6: false
SourceIp: 10.34.1.27
SourceHostname: DESKTOP-63KR1PU
SourcePort: 64314
SourcePortName: 
DestinationIsIpv6: false
DestinationIp: 54.173.61.237
DestinationHostname: ec2-54-173-61-237.compute-1.amazonaws.com
DestinationPort: 80
DestinationPortName: http"
Information	10.10.2017 08:04:21	Microsoft-Windows-Sysmon	3	Network connection detected (rule: NetworkConnect)	"Network connection detected:
UtcTime: 2017-10-10 06:04:20.610
ProcessGuid: {E4CEE641-C82B-597E-0000-00106A881600}
ProcessId: 6080
Image: C:\Program Files (x86)\Google\Chrome\Application\chrome.exe
User: DESKTOP-63KR1PU\John
Protocol: tcp
Initiated: true
SourceIsIpv6: false
SourceIp: 10.34.1.27
SourceHostname: DESKTOP-63KR1PU
SourcePort: 64315
SourcePortName: 
DestinationIsIpv6: false
DestinationIp: 54.247.81.29
DestinationHostname: ec2-54-247-81-29.eu-west-1.compute.amazonaws.com
DestinationPort: 80
DestinationPortName: http"
Information	10.10.2017 08:04:21	Microsoft-Windows-Sysmon	3	Network connection detected (rule: NetworkConnect)	"Network connection detected:
UtcTime: 2017-10-10 06:04:20.475
ProcessGuid: {E4CEE641-C82B-597E-0000-00106A881600}
ProcessId: 6080
Image: C:\Program Files (x86)\Google\Chrome\Application\chrome.exe
User: DESKTOP-63KR1PU\John
Protocol: tcp
Initiated: true
SourceIsIpv6: false
SourceIp: 10.34.1.27
SourceHostname: DESKTOP-63KR1PU
SourcePort: 64312
SourcePortName: 
DestinationIsIpv6: false
DestinationIp: 185.57.60.185
DestinationHostname: 
DestinationPort: 80
DestinationPortName: http"
Information	10.10.2017 08:04:21	Microsoft-Windows-Sysmon	3	Network connection detected (rule: NetworkConnect)	"Network connection detected:
UtcTime: 2017-10-10 06:04:20.475
ProcessGuid: {E4CEE641-C82B-597E-0000-00106A881600}
ProcessId: 6080
Image: C:\Program Files (x86)\Google\Chrome\Application\chrome.exe
User: DESKTOP-63KR1PU\John
Protocol: tcp
Initiated: true
SourceIsIpv6: false
SourceIp: 10.34.1.27
SourceHostname: DESKTOP-63KR1PU
SourcePort: 64313
SourcePortName: 
DestinationIsIpv6: false
DestinationIp: 69.172.216.111
DestinationHostname: 
DestinationPort: 80
DestinationPortName: http"
Information	10.10.2017 08:04:21	Microsoft-Windows-Sysmon	3	Network connection detected (rule: NetworkConnect)	"Network connection detected:
UtcTime: 2017-10-10 06:04:20.462
ProcessGuid: {E4CEE641-C82B-597E-0000-00106A881600}
ProcessId: 6080
Image: C:\Program Files (x86)\Google\Chrome\Application\chrome.exe
User: DESKTOP-63KR1PU\John
Protocol: tcp
Initiated: true
SourceIsIpv6: false
SourceIp: 10.34.1.27
SourceHostname: DESKTOP-63KR1PU
SourcePort: 64310
SourcePortName: 
DestinationIsIpv6: false
DestinationIp: 54.154.158.135
DestinationHostname: ec2-54-154-158-135.eu-west-1.compute.amazonaws.com
DestinationPort: 80
DestinationPortName: http"
Information	10.10.2017 08:04:21	Microsoft-Windows-Sysmon	3	Network connection detected (rule: NetworkConnect)	"Network connection detected:
UtcTime: 2017-10-10 06:04:20.430
ProcessGuid: {E4CEE641-C82B-597E-0000-00106A881600}
ProcessId: 6080
Image: C:\Program Files (x86)\Google\Chrome\Application\chrome.exe
User: DESKTOP-63KR1PU\John
Protocol: tcp
Initiated: true
SourceIsIpv6: false
SourceIp: 10.34.1.27
SourceHostname: DESKTOP-63KR1PU
SourcePort: 64311
SourcePortName: 
DestinationIsIpv6: false
DestinationIp: 2.17.157.164
DestinationHostname: 
DestinationPort: 80
DestinationPortName: http"
Information	10.10.2017 08:04:21	Microsoft-Windows-Sysmon	3	Network connection detected (rule: NetworkConnect)	"Network connection detected:
UtcTime: 2017-10-10 06:04:20.378
ProcessGuid: {E4CEE641-C82B-597E-0000-00106A881600}
ProcessId: 6080
Image: C:\Program Files (x86)\Google\Chrome\Application\chrome.exe
User: DESKTOP-63KR1PU\John
Protocol: tcp
Initiated: true
SourceIsIpv6: false
SourceIp: 10.34.1.27
SourceHostname: DESKTOP-63KR1PU
SourcePort: 64309
SourcePortName: 
DestinationIsIpv6: false
DestinationIp: 54.247.81.29
DestinationHostname: ec2-54-247-81-29.eu-west-1.compute.amazonaws.com
DestinationPort: 443
DestinationPortName: https"
Information	10.10.2017 08:04:21	Microsoft-Windows-Sysmon	3	Network connection detected (rule: NetworkConnect)	"Network connection detected:
UtcTime: 2017-10-10 06:04:20.366
ProcessGuid: {E4CEE641-C82B-597E-0000-00106A881600}
ProcessId: 6080
Image: C:\Program Files (x86)\Google\Chrome\Application\chrome.exe
User: DESKTOP-63KR1PU\John
Protocol: tcp
Initiated: true
SourceIsIpv6: false
SourceIp: 10.34.1.27
SourceHostname: DESKTOP-63KR1PU
SourcePort: 64307
SourcePortName: 
DestinationIsIpv6: false
DestinationIp: 129.146.12.99
DestinationHostname: 
DestinationPort: 80
DestinationPortName: http"
Information	10.10.2017 08:04:21	Microsoft-Windows-Sysmon	3	Network connection detected (rule: NetworkConnect)	"Network connection detected:
UtcTime: 2017-10-10 06:04:20.257
ProcessGuid: {E4CEE641-C82B-597E-0000-00106A881600}
ProcessId: 6080
Image: C:\Program Files (x86)\Google\Chrome\Application\chrome.exe
User: DESKTOP-63KR1PU\John
Protocol: tcp
Initiated: true
SourceIsIpv6: false
SourceIp: 10.34.1.27
SourceHostname: DESKTOP-63KR1PU
SourcePort: 64305
SourcePortName: 
DestinationIsIpv6: false
DestinationIp: 74.117.199.102
DestinationHostname: 
DestinationPort: 80
DestinationPortName: http"
Information	10.10.2017 08:04:21	Microsoft-Windows-Sysmon	3	Network connection detected (rule: NetworkConnect)	"Network connection detected:
UtcTime: 2017-10-10 06:04:20.215
ProcessGuid: {E4CEE641-C82B-597E-0000-00106A881600}
ProcessId: 6080
Image: C:\Program Files (x86)\Google\Chrome\Application\chrome.exe
User: DESKTOP-63KR1PU\John
Protocol: tcp
Initiated: true
SourceIsIpv6: false
SourceIp: 10.34.1.27
SourceHostname: DESKTOP-63KR1PU
SourcePort: 64306
SourcePortName: 
DestinationIsIpv6: false
DestinationIp: 185.33.223.198
DestinationHostname: 
DestinationPort: 80
DestinationPortName: http"
Information	10.10.2017 08:04:21	Microsoft-Windows-Sysmon	3	Network connection detected (rule: NetworkConnect)	"Network connection detected:
UtcTime: 2017-10-10 06:04:20.200
ProcessGuid: {E4CEE641-C82B-597E-0000-00106A881600}
ProcessId: 6080
Image: C:\Program Files (x86)\Google\Chrome\Application\chrome.exe
User: DESKTOP-63KR1PU\John
Protocol: tcp
Initiated: true
SourceIsIpv6: false
SourceIp: 10.34.1.27
SourceHostname: DESKTOP-63KR1PU
SourcePort: 64308
SourcePortName: 
DestinationIsIpv6: false
DestinationIp: 23.59.122.68
DestinationHostname: a23-59-122-68.deploy.static.akamaitechnologies.com
DestinationPort: 80
DestinationPortName: http"
Information	10.10.2017 08:04:20	Microsoft-Windows-Sysmon	3	Network connection detected (rule: NetworkConnect)	"Network connection detected:
UtcTime: 2017-10-10 06:04:20.124
ProcessGuid: {E4CEE641-C816-597E-0000-001002EF1500}
ProcessId: 5340
Image: C:\Program Files\Microsoft Office\root\Office16\EXCEL.EXE
User: DESKTOP-63KR1PU\John
Protocol: tcp
Initiated: true
SourceIsIpv6: false
SourceIp: 10.34.1.27
SourceHostname: DESKTOP-63KR1PU
SourcePort: 64301
SourcePortName: 
DestinationIsIpv6: false
DestinationIp: 40.117.144.240
DestinationHostname: 
DestinationPort: 443
DestinationPortName: https"
Information	10.10.2017 08:04:20	Microsoft-Windows-Sysmon	3	Network connection detected (rule: NetworkConnect)	"Network connection detected:
UtcTime: 2017-10-10 06:04:20.121
ProcessGuid: {E4CEE641-C82B-597E-0000-00106A881600}
ProcessId: 6080
Image: C:\Program Files (x86)\Google\Chrome\Application\chrome.exe
User: DESKTOP-63KR1PU\John
Protocol: tcp
Initiated: true
SourceIsIpv6: false
SourceIp: 10.34.1.27
SourceHostname: DESKTOP-63KR1PU
SourcePort: 64300
SourcePortName: 
DestinationIsIpv6: false
DestinationIp: 52.71.43.244
DestinationHostname: ec2-52-71-43-244.compute-1.amazonaws.com
DestinationPort: 443
DestinationPortName: https"
Information	10.10.2017 08:04:20	Microsoft-Windows-Sysmon	3	Network connection detected (rule: NetworkConnect)	"Network connection detected:
UtcTime: 2017-10-10 06:04:20.118
ProcessGuid: {E4CEE641-C82B-597E-0000-00106A881600}
ProcessId: 6080
Image: C:\Program Files (x86)\Google\Chrome\Application\chrome.exe
User: DESKTOP-63KR1PU\John
Protocol: tcp
Initiated: true
SourceIsIpv6: false
SourceIp: 10.34.1.27
SourceHostname: DESKTOP-63KR1PU
SourcePort: 64302
SourcePortName: 
DestinationIsIpv6: false
DestinationIp: 54.247.81.29
DestinationHostname: ec2-54-247-81-29.eu-west-1.compute.amazonaws.com
DestinationPort: 80
DestinationPortName: http"
Information	10.10.2017 08:04:20	Microsoft-Windows-Sysmon	3	Network connection detected (rule: NetworkConnect)	"Network connection detected:
UtcTime: 2017-10-10 06:04:20.118
ProcessGuid: {E4CEE641-C82B-597E-0000-00106A881600}
ProcessId: 6080
Image: C:\Program Files (x86)\Google\Chrome\Application\chrome.exe
User: DESKTOP-63KR1PU\John
Protocol: tcp
Initiated: true
SourceIsIpv6: false
SourceIp: 10.34.1.27
SourceHostname: DESKTOP-63KR1PU
SourcePort: 64304
SourcePortName: 
DestinationIsIpv6: false
DestinationIp: 54.247.81.29
DestinationHostname: ec2-54-247-81-29.eu-west-1.compute.amazonaws.com
DestinationPort: 80
DestinationPortName: http"
Information	10.10.2017 08:04:20	Microsoft-Windows-Sysmon	3	Network connection detected (rule: NetworkConnect)	"Network connection detected:
UtcTime: 2017-10-10 06:04:20.117
ProcessGuid: {E4CEE641-C82B-597E-0000-00106A881600}
ProcessId: 6080
Image: C:\Program Files (x86)\Google\Chrome\Application\chrome.exe
User: DESKTOP-63KR1PU\John
Protocol: tcp
Initiated: true
SourceIsIpv6: false
SourceIp: 10.34.1.27
SourceHostname: DESKTOP-63KR1PU
SourcePort: 64303
SourcePortName: 
DestinationIsIpv6: false
DestinationIp: 54.247.81.29
DestinationHostname: ec2-54-247-81-29.eu-west-1.compute.amazonaws.com
DestinationPort: 80
DestinationPortName: http"
Information	10.10.2017 08:04:20	Microsoft-Windows-Sysmon	3	Network connection detected (rule: NetworkConnect)	"Network connection detected:
UtcTime: 2017-10-10 06:04:20.039
ProcessGuid: {E4CEE641-C82B-597E-0000-00106A881600}
ProcessId: 6080
Image: C:\Program Files (x86)\Google\Chrome\Application\chrome.exe
User: DESKTOP-63KR1PU\John
Protocol: tcp
Initiated: true
SourceIsIpv6: false
SourceIp: 10.34.1.27
SourceHostname: DESKTOP-63KR1PU
SourcePort: 64299
SourcePortName: 
DestinationIsIpv6: false
DestinationIp: 184.73.198.9
DestinationHostname: ec2-184-73-198-9.compute-1.amazonaws.com
DestinationPort: 80
DestinationPortName: http"
Information	10.10.2017 08:04:20	Microsoft-Windows-Sysmon	3	Network connection detected (rule: NetworkConnect)	"Network connection detected:
UtcTime: 2017-10-10 06:04:19.999
ProcessGuid: {E4CEE641-C82B-597E-0000-00106A881600}
ProcessId: 6080
Image: C:\Program Files (x86)\Google\Chrome\Application\chrome.exe
User: DESKTOP-63KR1PU\John
Protocol: tcp
Initiated: true
SourceIsIpv6: false
SourceIp: 10.34.1.27
SourceHostname: DESKTOP-63KR1PU
SourcePort: 64298
SourcePortName: 
DestinationIsIpv6: false
DestinationIp: 52.71.43.244
DestinationHostname: ec2-52-71-43-244.compute-1.amazonaws.com
DestinationPort: 443
DestinationPortName: https"
Information	10.10.2017 08:04:20	Microsoft-Windows-Sysmon	3	Network connection detected (rule: NetworkConnect)	"Network connection detected:
UtcTime: 2017-10-10 06:04:19.943
ProcessGuid: {E4CEE641-C82B-597E-0000-00106A881600}
ProcessId: 6080
Image: C:\Program Files (x86)\Google\Chrome\Application\chrome.exe
User: DESKTOP-63KR1PU\John
Protocol: tcp
Initiated: true
SourceIsIpv6: false
SourceIp: 10.34.1.27
SourceHostname: DESKTOP-63KR1PU
SourcePort: 64297
SourcePortName: 
DestinationIsIpv6: false
DestinationIp: 107.20.179.113
DestinationHostname: ec2-107-20-179-113.compute-1.amazonaws.com
DestinationPort: 80
DestinationPortName: http"
Information	10.10.2017 08:04:20	Microsoft-Windows-Sysmon	3	Network connection detected (rule: NetworkConnect)	"Network connection detected:
UtcTime: 2017-10-10 06:04:19.873
ProcessGuid: {E4CEE641-C82B-597E-0000-00106A881600}
ProcessId: 6080
Image: C:\Program Files (x86)\Google\Chrome\Application\chrome.exe
User: DESKTOP-63KR1PU\John
Protocol: tcp
Initiated: true
SourceIsIpv6: false
SourceIp: 10.34.1.27
SourceHostname: DESKTOP-63KR1PU
SourcePort: 64295
SourcePortName: 
DestinationIsIpv6: false
DestinationIp: 46.137.107.67
DestinationHostname: ec2-46-137-107-67.eu-west-1.compute.amazonaws.com
DestinationPort: 80
DestinationPortName: http"
Information	10.10.2017 08:04:20	Microsoft-Windows-Sysmon	3	Network connection detected (rule: NetworkConnect)	"Network connection detected:
UtcTime: 2017-10-10 06:04:19.849
ProcessGuid: {E4CEE641-C82B-597E-0000-00106A881600}
ProcessId: 6080
Image: C:\Program Files (x86)\Google\Chrome\Application\chrome.exe
User: DESKTOP-63KR1PU\John
Protocol: tcp
Initiated: true
SourceIsIpv6: false
SourceIp: 10.34.1.27
SourceHostname: DESKTOP-63KR1PU
SourcePort: 64296
SourcePortName: 
DestinationIsIpv6: false
DestinationIp: 185.94.180.126
DestinationHostname: 
DestinationPort: 80
DestinationPortName: http"
Information	10.10.2017 08:04:20	Microsoft-Windows-Sysmon	3	Network connection detected (rule: NetworkConnect)	"Network connection detected:
UtcTime: 2017-10-10 06:04:19.833
ProcessGuid: {E4CEE641-C82B-597E-0000-00106A881600}
ProcessId: 6080
Image: C:\Program Files (x86)\Google\Chrome\Application\chrome.exe
User: DESKTOP-63KR1PU\John
Protocol: tcp
Initiated: true
SourceIsIpv6: false
SourceIp: 10.34.1.27
SourceHostname: DESKTOP-63KR1PU
SourcePort: 64291
SourcePortName: 
DestinationIsIpv6: false
DestinationIp: 52.1.226.202
DestinationHostname: ec2-52-1-226-202.compute-1.amazonaws.com
DestinationPort: 443
DestinationPortName: https"
Information	10.10.2017 08:04:20	Microsoft-Windows-Sysmon	3	Network connection detected (rule: NetworkConnect)	"Network connection detected:
UtcTime: 2017-10-10 06:04:19.800
ProcessGuid: {E4CEE641-C82B-597E-0000-00106A881600}
ProcessId: 6080
Image: C:\Program Files (x86)\Google\Chrome\Application\chrome.exe
User: DESKTOP-63KR1PU\John
Protocol: tcp
Initiated: true
SourceIsIpv6: false
SourceIp: 10.34.1.27
SourceHostname: DESKTOP-63KR1PU
SourcePort: 64293
SourcePortName: 
DestinationIsIpv6: false
DestinationIp: 52.59.63.4
DestinationHostname: ec2-52-59-63-4.eu-central-1.compute.amazonaws.com
DestinationPort: 80
DestinationPortName: http"
Information	10.10.2017 08:04:20	Microsoft-Windows-Sysmon	3	Network connection detected (rule: NetworkConnect)	"Network connection detected:
UtcTime: 2017-10-10 06:04:19.796
ProcessGuid: {E4CEE641-C82B-597E-0000-00106A881600}
ProcessId: 6080
Image: C:\Program Files (x86)\Google\Chrome\Application\chrome.exe
User: DESKTOP-63KR1PU\John
Protocol: tcp
Initiated: true
SourceIsIpv6: false
SourceIp: 10.34.1.27
SourceHostname: DESKTOP-63KR1PU
SourcePort: 64294
SourcePortName: 
DestinationIsIpv6: false
DestinationIp: 23.59.119.67
DestinationHostname: a23-59-119-67.deploy.static.akamaitechnologies.com
DestinationPort: 80
DestinationPortName: http"
Information	10.10.2017 08:04:20	Microsoft-Windows-Sysmon	3	Network connection detected (rule: NetworkConnect)	"Network connection detected:
UtcTime: 2017-10-10 06:04:19.763
ProcessGuid: {E4CEE641-C82B-597E-0000-00106A881600}
ProcessId: 6080
Image: C:\Program Files (x86)\Google\Chrome\Application\chrome.exe
User: DESKTOP-63KR1PU\John
Protocol: tcp
Initiated: true
SourceIsIpv6: false
SourceIp: 10.34.1.27
SourceHostname: DESKTOP-63KR1PU
SourcePort: 64290
SourcePortName: 
DestinationIsIpv6: false
DestinationIp: 52.1.226.202
DestinationHostname: ec2-52-1-226-202.compute-1.amazonaws.com
DestinationPort: 443
DestinationPortName: https"
Information	10.10.2017 08:04:20	Microsoft-Windows-Sysmon	3	Network connection detected (rule: NetworkConnect)	"Network connection detected:
UtcTime: 2017-10-10 06:04:19.763
ProcessGuid: {E4CEE641-C82B-597E-0000-00106A881600}
ProcessId: 6080
Image: C:\Program Files (x86)\Google\Chrome\Application\chrome.exe
User: DESKTOP-63KR1PU\John
Protocol: tcp
Initiated: true
SourceIsIpv6: false
SourceIp: 10.34.1.27
SourceHostname: DESKTOP-63KR1PU
SourcePort: 64292
SourcePortName: 
DestinationIsIpv6: false
DestinationIp: 69.172.216.111
DestinationHostname: 
DestinationPort: 80
DestinationPortName: http"
Information	10.10.2017 08:04:20	Microsoft-Windows-Sysmon	3	Network connection detected (rule: NetworkConnect)	"Network connection detected:
UtcTime: 2017-10-10 06:04:19.491
ProcessGuid: {E4CEE641-C82B-597E-0000-00106A881600}
ProcessId: 6080
Image: C:\Program Files (x86)\Google\Chrome\Application\chrome.exe
User: DESKTOP-63KR1PU\John
Protocol: tcp
Initiated: true
SourceIsIpv6: false
SourceIp: 10.34.1.27
SourceHostname: DESKTOP-63KR1PU
SourcePort: 64289
SourcePortName: 
DestinationIsIpv6: false
DestinationIp: 159.253.128.183
DestinationHostname: b7.80.fd9f.ip4.static.sl-reverse.com
DestinationPort: 443
DestinationPortName: https"
Information	10.10.2017 08:04:20	Microsoft-Windows-Sysmon	3	Network connection detected (rule: NetworkConnect)	"Network connection detected:
UtcTime: 2017-10-10 06:04:19.309
ProcessGuid: {E4CEE641-C82B-597E-0000-00106A881600}
ProcessId: 6080
Image: C:\Program Files (x86)\Google\Chrome\Application\chrome.exe
User: DESKTOP-63KR1PU\John
Protocol: tcp
Initiated: true
SourceIsIpv6: false
SourceIp: 10.34.1.27
SourceHostname: DESKTOP-63KR1PU
SourcePort: 64288
SourcePortName: 
DestinationIsIpv6: false
DestinationIp: 77.238.185.35
DestinationHostname: pr-bh.pbp.vip.ir2.yahoo.com
DestinationPort: 443
DestinationPortName: https"
Information	10.10.2017 08:04:19	Microsoft-Windows-Sysmon	3	Network connection detected (rule: NetworkConnect)	"Network connection detected:
UtcTime: 2017-10-10 06:04:19.295
ProcessGuid: {E4CEE641-C82B-597E-0000-00106A881600}
ProcessId: 6080
Image: C:\Program Files (x86)\Google\Chrome\Application\chrome.exe
User: DESKTOP-63KR1PU\John
Protocol: tcp
Initiated: true
SourceIsIpv6: false
SourceIp: 10.34.1.27
SourceHostname: DESKTOP-63KR1PU
SourcePort: 64287
SourcePortName: 
DestinationIsIpv6: false
DestinationIp: 34.206.181.118
DestinationHostname: ec2-34-206-181-118.compute-1.amazonaws.com
DestinationPort: 80
DestinationPortName: http"
Information	10.10.2017 08:04:19	Microsoft-Windows-Sysmon	3	Network connection detected (rule: NetworkConnect)	"Network connection detected:
UtcTime: 2017-10-10 06:04:19.204
ProcessGuid: {E4CEE641-C82B-597E-0000-00106A881600}
ProcessId: 6080
Image: C:\Program Files (x86)\Google\Chrome\Application\chrome.exe
User: DESKTOP-63KR1PU\John
Protocol: tcp
Initiated: true
SourceIsIpv6: false
SourceIp: 10.34.1.27
SourceHostname: DESKTOP-63KR1PU
SourcePort: 64285
SourcePortName: 
DestinationIsIpv6: false
DestinationIp: 74.120.149.167
DestinationHostname: 
DestinationPort: 443
DestinationPortName: https"
Information	10.10.2017 08:04:19	Microsoft-Windows-Sysmon	3	Network connection detected (rule: NetworkConnect)	"Network connection detected:
UtcTime: 2017-10-10 06:04:19.157
ProcessGuid: {E4CEE641-C82B-597E-0000-00106A881600}
ProcessId: 6080
Image: C:\Program Files (x86)\Google\Chrome\Application\chrome.exe
User: DESKTOP-63KR1PU\John
Protocol: tcp
Initiated: true
SourceIsIpv6: false
SourceIp: 10.34.1.27
SourceHostname: DESKTOP-63KR1PU
SourcePort: 64286
SourcePortName: 
DestinationIsIpv6: false
DestinationIp: 62.67.193.85
DestinationHostname: 
DestinationPort: 443
DestinationPortName: https"
Information	10.10.2017 08:04:19	Microsoft-Windows-Sysmon	3	Network connection detected (rule: NetworkConnect)	"Network connection detected:
UtcTime: 2017-10-10 06:04:19.115
ProcessGuid: {E4CEE641-C82B-597E-0000-00106A881600}
ProcessId: 6080
Image: C:\Program Files (x86)\Google\Chrome\Application\chrome.exe
User: DESKTOP-63KR1PU\John
Protocol: tcp
Initiated: true
SourceIsIpv6: false
SourceIp: 10.34.1.27
SourceHostname: DESKTOP-63KR1PU
SourcePort: 64281
SourcePortName: 
DestinationIsIpv6: false
DestinationIp: 152.163.50.3
DestinationHostname: m-prd-umpxl-shared-mr1-blue-a.evip.aol.com
DestinationPort: 443
DestinationPortName: https"
Information	10.10.2017 08:04:19	Microsoft-Windows-Sysmon	3	Network connection detected (rule: NetworkConnect)	"Network connection detected:
UtcTime: 2017-10-10 06:04:19.089
ProcessGuid: {E4CEE641-C82B-597E-0000-00106A881600}
ProcessId: 6080
Image: C:\Program Files (x86)\Google\Chrome\Application\chrome.exe
User: DESKTOP-63KR1PU\John
Protocol: tcp
Initiated: true
SourceIsIpv6: false
SourceIp: 10.34.1.27
SourceHostname: DESKTOP-63KR1PU
SourcePort: 64284
SourcePortName: 
DestinationIsIpv6: false
DestinationIp: 62.67.193.85
DestinationHostname: 
DestinationPort: 443
DestinationPortName: https"
Information	10.10.2017 08:04:19	Microsoft-Windows-Sysmon	3	Network connection detected (rule: NetworkConnect)	"Network connection detected:
UtcTime: 2017-10-10 06:04:19.086
ProcessGuid: {E4CEE641-C82B-597E-0000-00106A881600}
ProcessId: 6080
Image: C:\Program Files (x86)\Google\Chrome\Application\chrome.exe
User: DESKTOP-63KR1PU\John
Protocol: tcp
Initiated: true
SourceIsIpv6: false
SourceIp: 10.34.1.27
SourceHostname: DESKTOP-63KR1PU
SourcePort: 64283
SourcePortName: 
DestinationIsIpv6: false
DestinationIp: 62.67.193.85
DestinationHostname: 
DestinationPort: 443
DestinationPortName: https"
Information	10.10.2017 08:04:19	Microsoft-Windows-Sysmon	3	Network connection detected (rule: NetworkConnect)	"Network connection detected:
UtcTime: 2017-10-10 06:04:19.056
ProcessGuid: {E4CEE641-C82B-597E-0000-00106A881600}
ProcessId: 6080
Image: C:\Program Files (x86)\Google\Chrome\Application\chrome.exe
User: DESKTOP-63KR1PU\John
Protocol: tcp
Initiated: true
SourceIsIpv6: false
SourceIp: 10.34.1.27
SourceHostname: DESKTOP-63KR1PU
SourcePort: 64282
SourcePortName: 
DestinationIsIpv6: false
DestinationIp: 62.67.193.90
DestinationHostname: 
DestinationPort: 443
DestinationPortName: https"
Information	10.10.2017 08:04:19	Microsoft-Windows-Sysmon	3	Network connection detected (rule: NetworkConnect)	"Network connection detected:
UtcTime: 2017-10-10 06:04:18.789
ProcessGuid: {E4CEE641-C82B-597E-0000-00106A881600}
ProcessId: 6080
Image: C:\Program Files (x86)\Google\Chrome\Application\chrome.exe
User: DESKTOP-63KR1PU\John
Protocol: tcp
Initiated: true
SourceIsIpv6: false
SourceIp: 10.34.1.27
SourceHostname: DESKTOP-63KR1PU
SourcePort: 64280
SourcePortName: 
DestinationIsIpv6: false
DestinationIp: 185.33.223.198
DestinationHostname: 
DestinationPort: 443
DestinationPortName: https"
Information	10.10.2017 08:04:19	Microsoft-Windows-Sysmon	3	Network connection detected (rule: NetworkConnect)	"Network connection detected:
UtcTime: 2017-10-10 06:04:18.604
ProcessGuid: {E4CEE641-C82B-597E-0000-00106A881600}
ProcessId: 6080
Image: C:\Program Files (x86)\Google\Chrome\Application\chrome.exe
User: DESKTOP-63KR1PU\John
Protocol: tcp
Initiated: true
SourceIsIpv6: false
SourceIp: 10.34.1.27
SourceHostname: DESKTOP-63KR1PU
SourcePort: 64277
SourcePortName: 
DestinationIsIpv6: false
DestinationIp: 54.225.255.135
DestinationHostname: ec2-54-225-255-135.compute-1.amazonaws.com
DestinationPort: 443
DestinationPortName: https"
Information	10.10.2017 08:04:19	Microsoft-Windows-Sysmon	3	Network connection detected (rule: NetworkConnect)	"Network connection detected:
UtcTime: 2017-10-10 06:04:18.585
ProcessGuid: {E4CEE641-C82B-597E-0000-00106A881600}
ProcessId: 6080
Image: C:\Program Files (x86)\Google\Chrome\Application\chrome.exe
User: DESKTOP-63KR1PU\John
Protocol: tcp
Initiated: true
SourceIsIpv6: false
SourceIp: 10.34.1.27
SourceHostname: DESKTOP-63KR1PU
SourcePort: 64279
SourcePortName: 
DestinationIsIpv6: false
DestinationIp: 185.31.128.208
DestinationHostname: 
DestinationPort: 443
DestinationPortName: https"
Information	10.10.2017 08:04:19	Microsoft-Windows-Sysmon	3	Network connection detected (rule: NetworkConnect)	"Network connection detected:
UtcTime: 2017-10-10 06:04:18.552
ProcessGuid: {E4CEE641-C82B-597E-0000-00106A881600}
ProcessId: 6080
Image: C:\Program Files (x86)\Google\Chrome\Application\chrome.exe
User: DESKTOP-63KR1PU\John
Protocol: tcp
Initiated: true
SourceIsIpv6: false
SourceIp: 10.34.1.27
SourceHostname: DESKTOP-63KR1PU
SourcePort: 64278
SourcePortName: 
DestinationIsIpv6: false
DestinationIp: 130.211.103.172
DestinationHostname: 172.103.211.130.bc.googleusercontent.com
DestinationPort: 443
DestinationPortName: https"
Information	10.10.2017 08:04:19	Microsoft-Windows-Sysmon	3	Network connection detected (rule: NetworkConnect)	"Network connection detected:
UtcTime: 2017-10-10 06:04:18.422
ProcessGuid: {E4CEE641-C82B-597E-0000-00106A881600}
ProcessId: 6080
Image: C:\Program Files (x86)\Google\Chrome\Application\chrome.exe
User: DESKTOP-63KR1PU\John
Protocol: tcp
Initiated: true
SourceIsIpv6: false
SourceIp: 10.34.1.27
SourceHostname: DESKTOP-63KR1PU
SourcePort: 64276
SourcePortName: 
DestinationIsIpv6: false
DestinationIp: 52.84.194.213
DestinationHostname: server-52-84-194-213.waw50.r.cloudfront.net
DestinationPort: 443
DestinationPortName: https"
Information	10.10.2017 08:04:19	Microsoft-Windows-Sysmon	3	Network connection detected (rule: NetworkConnect)	"Network connection detected:
UtcTime: 2017-10-10 06:04:18.395
ProcessGuid: {E4CEE641-C82B-597E-0000-00106A881600}
ProcessId: 6080
Image: C:\Program Files (x86)\Google\Chrome\Application\chrome.exe
User: DESKTOP-63KR1PU\John
Protocol: tcp
Initiated: true
SourceIsIpv6: false
SourceIp: 10.34.1.27
SourceHostname: DESKTOP-63KR1PU
SourcePort: 64274
SourcePortName: 
DestinationIsIpv6: false
DestinationIp: 54.217.239.90
DestinationHostname: ec2-54-217-239-90.eu-west-1.compute.amazonaws.com
DestinationPort: 443
DestinationPortName: https"
Information	10.10.2017 08:04:19	Microsoft-Windows-Sysmon	3	Network connection detected (rule: NetworkConnect)	"Network connection detected:
UtcTime: 2017-10-10 06:04:18.380
ProcessGuid: {E4CEE641-C82B-597E-0000-00106A881600}
ProcessId: 6080
Image: C:\Program Files (x86)\Google\Chrome\Application\chrome.exe
User: DESKTOP-63KR1PU\John
Protocol: tcp
Initiated: true
SourceIsIpv6: false
SourceIp: 10.34.1.27
SourceHostname: DESKTOP-63KR1PU
SourcePort: 64275
SourcePortName: 
DestinationIsIpv6: false
DestinationIp: 104.94.130.214
DestinationHostname: a104-94-130-214.deploy.static.akamaitechnologies.com
DestinationPort: 443
DestinationPortName: https"
Information	10.10.2017 08:04:19	Microsoft-Windows-Sysmon	3	Network connection detected (rule: NetworkConnect)	"Network connection detected:
UtcTime: 2017-10-10 06:04:18.322
ProcessGuid: {E4CEE641-C82B-597E-0000-00106A881600}
ProcessId: 6080
Image: C:\Program Files (x86)\Google\Chrome\Application\chrome.exe
User: DESKTOP-63KR1PU\John
Protocol: tcp
Initiated: true
SourceIsIpv6: false
SourceIp: 10.34.1.27
SourceHostname: DESKTOP-63KR1PU
SourcePort: 64273
SourcePortName: 
DestinationIsIpv6: false
DestinationIp: 216.52.1.12
DestinationHostname: 
DestinationPort: 443
DestinationPortName: https"
Information	10.10.2017 08:04:19	Microsoft-Windows-Sysmon	3	Network connection detected (rule: NetworkConnect)	"Network connection detected:
UtcTime: 2017-10-10 06:04:18.267
ProcessGuid: {E4CEE641-C82B-597E-0000-00106A881600}
ProcessId: 6080
Image: C:\Program Files (x86)\Google\Chrome\Application\chrome.exe
User: DESKTOP-63KR1PU\John
Protocol: tcp
Initiated: true
SourceIsIpv6: false
SourceIp: 10.34.1.27
SourceHostname: DESKTOP-63KR1PU
SourcePort: 64271
SourcePortName: 
DestinationIsIpv6: false
DestinationIp: 46.228.164.13
DestinationHostname: 
DestinationPort: 443
DestinationPortName: https"
Information	10.10.2017 08:04:19	Microsoft-Windows-Sysmon	3	Network connection detected (rule: NetworkConnect)	"Network connection detected:
UtcTime: 2017-10-10 06:04:18.267
ProcessGuid: {E4CEE641-C82B-597E-0000-00106A881600}
ProcessId: 6080
Image: C:\Program Files (x86)\Google\Chrome\Application\chrome.exe
User: DESKTOP-63KR1PU\John
Protocol: tcp
Initiated: true
SourceIsIpv6: false
SourceIp: 10.34.1.27
SourceHostname: DESKTOP-63KR1PU
SourcePort: 64270
SourcePortName: 
DestinationIsIpv6: false
DestinationIp: 46.228.164.13
DestinationHostname: 
DestinationPort: 443
DestinationPortName: https"
Information	10.10.2017 08:04:18	Microsoft-Windows-Sysmon	3	Network connection detected (rule: NetworkConnect)	"Network connection detected:
UtcTime: 2017-10-10 06:04:18.247
ProcessGuid: {E4CEE641-C82B-597E-0000-00106A881600}
ProcessId: 6080
Image: C:\Program Files (x86)\Google\Chrome\Application\chrome.exe
User: DESKTOP-63KR1PU\John
Protocol: tcp
Initiated: true
SourceIsIpv6: false
SourceIp: 10.34.1.27
SourceHostname: DESKTOP-63KR1PU
SourcePort: 64269
SourcePortName: 
DestinationIsIpv6: false
DestinationIp: 46.228.164.13
DestinationHostname: 
DestinationPort: 443
DestinationPortName: https"
Information	10.10.2017 08:04:18	Microsoft-Windows-Sysmon	3	Network connection detected (rule: NetworkConnect)	"Network connection detected:
UtcTime: 2017-10-10 06:04:18.230
ProcessGuid: {E4CEE641-C82B-597E-0000-00106A881600}
ProcessId: 6080
Image: C:\Program Files (x86)\Google\Chrome\Application\chrome.exe
User: DESKTOP-63KR1PU\John
Protocol: tcp
Initiated: true
SourceIsIpv6: false
SourceIp: 10.34.1.27
SourceHostname: DESKTOP-63KR1PU
SourcePort: 64272
SourcePortName: 
DestinationIsIpv6: false
DestinationIp: 52.84.194.213
DestinationHostname: server-52-84-194-213.waw50.r.cloudfront.net
DestinationPort: 443
DestinationPortName: https"
Information	10.10.2017 08:04:18	Microsoft-Windows-Sysmon	3	Network connection detected (rule: NetworkConnect)	"Network connection detected:
UtcTime: 2017-10-10 06:04:18.170
ProcessGuid: {E4CEE641-C82B-597E-0000-00106A881600}
ProcessId: 6080
Image: C:\Program Files (x86)\Google\Chrome\Application\chrome.exe
User: DESKTOP-63KR1PU\John
Protocol: tcp
Initiated: true
SourceIsIpv6: false
SourceIp: 10.34.1.27
SourceHostname: DESKTOP-63KR1PU
SourcePort: 64268
SourcePortName: 
DestinationIsIpv6: false
DestinationIp: 107.178.240.89
DestinationHostname: 89.240.178.107.bc.googleusercontent.com
DestinationPort: 443
DestinationPortName: https"
Information	10.10.2017 08:04:18	Microsoft-Windows-Sysmon	3	Network connection detected (rule: NetworkConnect)	"Network connection detected:
UtcTime: 2017-10-10 06:04:18.116
ProcessGuid: {E4CEE641-C82B-597E-0000-00106A881600}
ProcessId: 6080
Image: C:\Program Files (x86)\Google\Chrome\Application\chrome.exe
User: DESKTOP-63KR1PU\John
Protocol: tcp
Initiated: true
SourceIsIpv6: false
SourceIp: 10.34.1.27
SourceHostname: DESKTOP-63KR1PU
SourcePort: 64266
SourcePortName: 
DestinationIsIpv6: false
DestinationIp: 129.146.12.99
DestinationHostname: 
DestinationPort: 443
DestinationPortName: https"
Information	10.10.2017 08:04:18	Microsoft-Windows-Sysmon	3	Network connection detected (rule: NetworkConnect)	"Network connection detected:
UtcTime: 2017-10-10 06:04:17.982
ProcessGuid: {E4CEE641-C82B-597E-0000-00106A881600}
ProcessId: 6080
Image: C:\Program Files (x86)\Google\Chrome\Application\chrome.exe
User: DESKTOP-63KR1PU\John
Protocol: tcp
Initiated: true
SourceIsIpv6: false
SourceIp: 10.34.1.27
SourceHostname: DESKTOP-63KR1PU
SourcePort: 64267
SourcePortName: 
DestinationIsIpv6: false
DestinationIp: 37.48.113.10
DestinationHostname: 
DestinationPort: 443
DestinationPortName: https"
Information	10.10.2017 08:04:18	Microsoft-Windows-Sysmon	3	Network connection detected (rule: NetworkConnect)	"Network connection detected:
UtcTime: 2017-10-10 06:04:17.949
ProcessGuid: {E4CEE641-C82B-597E-0000-00106A881600}
ProcessId: 6080
Image: C:\Program Files (x86)\Google\Chrome\Application\chrome.exe
User: DESKTOP-63KR1PU\John
Protocol: tcp
Initiated: true
SourceIsIpv6: false
SourceIp: 10.34.1.27
SourceHostname: DESKTOP-63KR1PU
SourcePort: 64264
SourcePortName: 
DestinationIsIpv6: false
DestinationIp: 129.146.12.99
DestinationHostname: 
DestinationPort: 443
DestinationPortName: https"
Information	10.10.2017 08:04:18	Microsoft-Windows-Sysmon	3	Network connection detected (rule: NetworkConnect)	"Network connection detected:
UtcTime: 2017-10-10 06:04:17.921
ProcessGuid: {E4CEE641-C82B-597E-0000-00106A881600}
ProcessId: 6080
Image: C:\Program Files (x86)\Google\Chrome\Application\chrome.exe
User: DESKTOP-63KR1PU\John
Protocol: tcp
Initiated: true
SourceIsIpv6: false
SourceIp: 10.34.1.27
SourceHostname: DESKTOP-63KR1PU
SourcePort: 64265
SourcePortName: 
DestinationIsIpv6: false
DestinationIp: 185.94.180.126
DestinationHostname: 
DestinationPort: 443
DestinationPortName: https"
Information	10.10.2017 08:04:18	Microsoft-Windows-Sysmon	3	Network connection detected (rule: NetworkConnect)	"Network connection detected:
UtcTime: 2017-10-10 06:04:17.738
ProcessGuid: {E4CEE641-C82B-597E-0000-00106A881600}
ProcessId: 6080
Image: C:\Program Files (x86)\Google\Chrome\Application\chrome.exe
User: DESKTOP-63KR1PU\John
Protocol: tcp
Initiated: true
SourceIsIpv6: false
SourceIp: 10.34.1.27
SourceHostname: DESKTOP-63KR1PU
SourcePort: 64263
SourcePortName: 
DestinationIsIpv6: false
DestinationIp: 104.94.133.30
DestinationHostname: a104-94-133-30.deploy.static.akamaitechnologies.com
DestinationPort: 443
DestinationPortName: https"
Information	10.10.2017 08:04:18	Microsoft-Windows-Sysmon	3	Network connection detected (rule: NetworkConnect)	"Network connection detected:
UtcTime: 2017-10-10 06:04:17.699
ProcessGuid: {E4CEE641-C82B-597E-0000-00106A881600}
ProcessId: 6080
Image: C:\Program Files (x86)\Google\Chrome\Application\chrome.exe
User: DESKTOP-63KR1PU\John
Protocol: tcp
Initiated: true
SourceIsIpv6: false
SourceIp: 10.34.1.27
SourceHostname: DESKTOP-63KR1PU
SourcePort: 64262
SourcePortName: 
DestinationIsIpv6: false
DestinationIp: 185.86.137.43
DestinationHostname: 
DestinationPort: 443
DestinationPortName: https"
Information	10.10.2017 08:04:18	Microsoft-Windows-Sysmon	3	Network connection detected (rule: NetworkConnect)	"Network connection detected:
UtcTime: 2017-10-10 06:04:17.584
ProcessGuid: {E4CEE641-C82B-597E-0000-00106A881600}
ProcessId: 6080
Image: C:\Program Files (x86)\Google\Chrome\Application\chrome.exe
User: DESKTOP-63KR1PU\John
Protocol: tcp
Initiated: true
SourceIsIpv6: false
SourceIp: 10.34.1.27
SourceHostname: DESKTOP-63KR1PU
SourcePort: 64261
SourcePortName: 
DestinationIsIpv6: false
DestinationIp: 176.31.229.179
DestinationHostname: ads44.stickyadstv.com
DestinationPort: 443
DestinationPortName: https"
Information	10.10.2017 08:04:18	Microsoft-Windows-Sysmon	3	Network connection detected (rule: NetworkConnect)	"Network connection detected:
UtcTime: 2017-10-10 06:04:17.581
ProcessGuid: {E4CEE641-C82B-597E-0000-00106A881600}
ProcessId: 6080
Image: C:\Program Files (x86)\Google\Chrome\Application\chrome.exe
User: DESKTOP-63KR1PU\John
Protocol: tcp
Initiated: true
SourceIsIpv6: false
SourceIp: 10.34.1.27
SourceHostname: DESKTOP-63KR1PU
SourcePort: 64260
SourcePortName: 
DestinationIsIpv6: false
DestinationIp: 54.225.255.135
DestinationHostname: ec2-54-225-255-135.compute-1.amazonaws.com
DestinationPort: 443
DestinationPortName: https"
Information	10.10.2017 08:04:18	Microsoft-Windows-Sysmon	3	Network connection detected (rule: NetworkConnect)	"Network connection detected:
UtcTime: 2017-10-10 06:04:17.521
ProcessGuid: {E4CEE641-C82B-597E-0000-00106A881600}
ProcessId: 6080
Image: C:\Program Files (x86)\Google\Chrome\Application\chrome.exe
User: DESKTOP-63KR1PU\John
Protocol: tcp
Initiated: true
SourceIsIpv6: false
SourceIp: 10.34.1.27
SourceHostname: DESKTOP-63KR1PU
SourcePort: 64256
SourcePortName: 
DestinationIsIpv6: false
DestinationIp: 52.27.157.2
DestinationHostname: ec2-52-27-157-2.us-west-2.compute.amazonaws.com
DestinationPort: 443
DestinationPortName: https"
Information	10.10.2017 08:04:18	Microsoft-Windows-Sysmon	3	Network connection detected (rule: NetworkConnect)	"Network connection detected:
UtcTime: 2017-10-10 06:04:17.483
ProcessGuid: {E4CEE641-C82B-597E-0000-00106A881600}
ProcessId: 6080
Image: C:\Program Files (x86)\Google\Chrome\Application\chrome.exe
User: DESKTOP-63KR1PU\John
Protocol: tcp
Initiated: true
SourceIsIpv6: false
SourceIp: 10.34.1.27
SourceHostname: DESKTOP-63KR1PU
SourcePort: 64259
SourcePortName: 
DestinationIsIpv6: false
DestinationIp: 54.76.70.112
DestinationHostname: ec2-54-76-70-112.eu-west-1.compute.amazonaws.com
DestinationPort: 443
DestinationPortName: https"
Information	10.10.2017 08:04:18	Microsoft-Windows-Sysmon	3	Network connection detected (rule: NetworkConnect)	"Network connection detected:
UtcTime: 2017-10-10 06:04:17.456
ProcessGuid: {E4CEE641-C82B-597E-0000-00106A881600}
ProcessId: 6080
Image: C:\Program Files (x86)\Google\Chrome\Application\chrome.exe
User: DESKTOP-63KR1PU\John
Protocol: tcp
Initiated: true
SourceIsIpv6: false
SourceIp: 10.34.1.27
SourceHostname: DESKTOP-63KR1PU
SourcePort: 64257
SourcePortName: 
DestinationIsIpv6: false
DestinationIp: 34.199.10.185
DestinationHostname: ec2-34-199-10-185.compute-1.amazonaws.com
DestinationPort: 443
DestinationPortName: https"
Information	10.10.2017 08:04:18	Microsoft-Windows-Sysmon	3	Network connection detected (rule: NetworkConnect)	"Network connection detected:
UtcTime: 2017-10-10 06:04:17.420
ProcessGuid: {E4CEE641-C82B-597E-0000-00106A881600}
ProcessId: 6080
Image: C:\Program Files (x86)\Google\Chrome\Application\chrome.exe
User: DESKTOP-63KR1PU\John
Protocol: tcp
Initiated: true
SourceIsIpv6: false
SourceIp: 10.34.1.27
SourceHostname: DESKTOP-63KR1PU
SourcePort: 64255
SourcePortName: 
DestinationIsIpv6: false
DestinationIp: 50.63.243.228
DestinationHostname: ch4plpkivs-v01.any.prod.ord1.secureserver.net
DestinationPort: 80
DestinationPortName: http"
Information	10.10.2017 08:04:18	Microsoft-Windows-Sysmon	3	Network connection detected (rule: NetworkConnect)	"Network connection detected:
UtcTime: 2017-10-10 06:04:17.401
ProcessGuid: {E4CEE641-C82B-597E-0000-00106A881600}
ProcessId: 6080
Image: C:\Program Files (x86)\Google\Chrome\Application\chrome.exe
User: DESKTOP-63KR1PU\John
Protocol: tcp
Initiated: true
SourceIsIpv6: false
SourceIp: 10.34.1.27
SourceHostname: DESKTOP-63KR1PU
SourcePort: 64258
SourcePortName: 
DestinationIsIpv6: false
DestinationIp: 104.94.105.202
DestinationHostname: a104-94-105-202.deploy.static.akamaitechnologies.com
DestinationPort: 443
DestinationPortName: https"
Information	10.10.2017 08:04:18	Microsoft-Windows-Sysmon	3	Network connection detected (rule: NetworkConnect)	"Network connection detected:
UtcTime: 2017-10-10 06:04:17.351
ProcessGuid: {E4CEE641-C82B-597E-0000-00106A881600}
ProcessId: 6080
Image: C:\Program Files (x86)\Google\Chrome\Application\chrome.exe
User: DESKTOP-63KR1PU\John
Protocol: tcp
Initiated: true
SourceIsIpv6: false
SourceIp: 10.34.1.27
SourceHostname: DESKTOP-63KR1PU
SourcePort: 64254
SourcePortName: 
DestinationIsIpv6: false
DestinationIp: 52.48.121.18
DestinationHostname: ec2-52-48-121-18.eu-west-1.compute.amazonaws.com
DestinationPort: 443
DestinationPortName: https"
Information	10.10.2017 08:04:18	Microsoft-Windows-Sysmon	3	Network connection detected (rule: NetworkConnect)	"Network connection detected:
UtcTime: 2017-10-10 06:04:17.331
ProcessGuid: {E4CEE641-C82B-597E-0000-00106A881600}
ProcessId: 6080
Image: C:\Program Files (x86)\Google\Chrome\Application\chrome.exe
User: DESKTOP-63KR1PU\John
Protocol: tcp
Initiated: true
SourceIsIpv6: false
SourceIp: 10.34.1.27
SourceHostname: DESKTOP-63KR1PU
SourcePort: 64253
SourcePortName: 
DestinationIsIpv6: false
DestinationIp: 169.55.70.175
DestinationHostname: af.46.37a9.ip4.static.sl-reverse.com
DestinationPort: 443
DestinationPortName: https"
Information	10.10.2017 08:04:18	Microsoft-Windows-Sysmon	3	Network connection detected (rule: NetworkConnect)	"Network connection detected:
UtcTime: 2017-10-10 06:04:17.255
ProcessGuid: {E4CEE641-C82B-597E-0000-00106A881600}
ProcessId: 6080
Image: C:\Program Files (x86)\Google\Chrome\Application\chrome.exe
User: DESKTOP-63KR1PU\John
Protocol: tcp
Initiated: true
SourceIsIpv6: false
SourceIp: 10.34.1.27
SourceHostname: DESKTOP-63KR1PU
SourcePort: 64252
SourcePortName: 
DestinationIsIpv6: false
DestinationIp: 46.137.107.67
DestinationHostname: ec2-46-137-107-67.eu-west-1.compute.amazonaws.com
DestinationPort: 443
DestinationPortName: https"
Information	10.10.2017 08:04:18	Microsoft-Windows-Sysmon	3	Network connection detected (rule: NetworkConnect)	"Network connection detected:
UtcTime: 2017-10-10 06:04:17.211
ProcessGuid: {E4CEE641-C82B-597E-0000-00106A881600}
ProcessId: 6080
Image: C:\Program Files (x86)\Google\Chrome\Application\chrome.exe
User: DESKTOP-63KR1PU\John
Protocol: tcp
Initiated: true
SourceIsIpv6: false
SourceIp: 10.34.1.27
SourceHostname: DESKTOP-63KR1PU
SourcePort: 64249
SourcePortName: 
DestinationIsIpv6: false
DestinationIp: 46.228.164.11
DestinationHostname: 
DestinationPort: 443
DestinationPortName: https"
