Information	10.10.2017 08:02:40	Microsoft-Windows-Sysmon	3	Network connection detected (rule: NetworkConnect)	"Network connection detected:
UtcTime: 2017-10-10 06:02:39.868
ProcessGuid: {E4CEE641-C7B9-597E-0000-00106D931200}
ProcessId: 6752
Image: C:\Program Files\WindowsApps\Microsoft.WindowsStore_11706.1001.26.0_x64__8wekyb3d8bbwe\WinStore.App.exe
User: DESKTOP-63KR1PU\John
Protocol: tcp
Initiated: true
SourceIsIpv6: false
SourceIp: 10.34.1.27
SourceHostname: DESKTOP-63KR1PU
SourcePort: 49819
SourcePortName: 
DestinationIsIpv6: false
DestinationIp: 2.17.158.237
DestinationHostname: 
DestinationPort: 80
DestinationPortName: http"
Information	10.10.2017 08:02:40	Microsoft-Windows-Sysmon	3	Network connection detected (rule: NetworkConnect)	"Network connection detected:
UtcTime: 2017-10-10 06:02:39.868
ProcessGuid: {E4CEE641-C7B9-597E-0000-00106D931200}
ProcessId: 6752
Image: C:\Program Files\WindowsApps\Microsoft.WindowsStore_11706.1001.26.0_x64__8wekyb3d8bbwe\WinStore.App.exe
User: DESKTOP-63KR1PU\John
Protocol: tcp
Initiated: true
SourceIsIpv6: false
SourceIp: 10.34.1.27
SourceHostname: DESKTOP-63KR1PU
SourcePort: 49818
SourcePortName: 
DestinationIsIpv6: false
DestinationIp: 2.17.158.237
DestinationHostname: 
DestinationPort: 80
DestinationPortName: http"
Information	10.10.2017 08:02:40	Microsoft-Windows-Sysmon	3	Network connection detected (rule: NetworkConnect)	"Network connection detected:
UtcTime: 2017-10-10 06:02:39.868
ProcessGuid: {E4CEE641-C7B9-597E-0000-00106D931200}
ProcessId: 6752
Image: C:\Program Files\WindowsApps\Microsoft.WindowsStore_11706.1001.26.0_x64__8wekyb3d8bbwe\WinStore.App.exe
User: DESKTOP-63KR1PU\John
Protocol: tcp
Initiated: true
SourceIsIpv6: false
SourceIp: 10.34.1.27
SourceHostname: DESKTOP-63KR1PU
SourcePort: 49817
SourcePortName: 
DestinationIsIpv6: false
DestinationIp: 2.17.158.237
DestinationHostname: 
DestinationPort: 80
DestinationPortName: http"
Information	10.10.2017 08:02:40	Microsoft-Windows-Sysmon	3	Network connection detected (rule: NetworkConnect)	"Network connection detected:
UtcTime: 2017-10-10 06:02:39.590
ProcessGuid: {E4CEE641-C7B9-597E-0000-00106D931200}
ProcessId: 6752
Image: C:\Program Files\WindowsApps\Microsoft.WindowsStore_11706.1001.26.0_x64__8wekyb3d8bbwe\WinStore.App.exe
User: DESKTOP-63KR1PU\John
Protocol: tcp
Initiated: true
SourceIsIpv6: false
SourceIp: 10.34.1.27
SourceHostname: DESKTOP-63KR1PU
SourcePort: 49816
SourcePortName: 
DestinationIsIpv6: false
DestinationIp: 2.17.158.237
DestinationHostname: 
DestinationPort: 443
DestinationPortName: https"
Information	10.10.2017 08:02:39	Microsoft-Windows-Sysmon	3	Network connection detected (rule: NetworkConnect)	"Network connection detected:
UtcTime: 2017-10-10 06:02:39.271
ProcessGuid: {E4CEE641-C7B9-597E-0000-00106D931200}
ProcessId: 6752
Image: C:\Program Files\WindowsApps\Microsoft.WindowsStore_11706.1001.26.0_x64__8wekyb3d8bbwe\WinStore.App.exe
User: DESKTOP-63KR1PU\John
Protocol: tcp
Initiated: true
SourceIsIpv6: false
SourceIp: 10.34.1.27
SourceHostname: DESKTOP-63KR1PU
SourcePort: 49815
SourcePortName: 
DestinationIsIpv6: false
DestinationIp: 104.94.136.10
DestinationHostname: a104-94-136-10.deploy.static.akamaitechnologies.com
DestinationPort: 443
DestinationPortName: https"
Information	10.10.2017 08:02:39	Microsoft-Windows-Sysmon	3	Network connection detected (rule: NetworkConnect)	"Network connection detected:
UtcTime: 2017-10-10 06:02:39.260
ProcessGuid: {E4CEE641-C7B9-597E-0000-00106D931200}
ProcessId: 6752
Image: C:\Program Files\WindowsApps\Microsoft.WindowsStore_11706.1001.26.0_x64__8wekyb3d8bbwe\WinStore.App.exe
User: DESKTOP-63KR1PU\John
Protocol: tcp
Initiated: true
SourceIsIpv6: false
SourceIp: 10.34.1.27
SourceHostname: DESKTOP-63KR1PU
SourcePort: 49814
SourcePortName: 
DestinationIsIpv6: false
DestinationIp: 104.94.136.10
DestinationHostname: a104-94-136-10.deploy.static.akamaitechnologies.com
DestinationPort: 443
DestinationPortName: https"
Information	10.10.2017 08:02:39	Microsoft-Windows-Sysmon	3	Network connection detected (rule: NetworkConnect)	"Network connection detected:
UtcTime: 2017-10-10 06:02:39.134
ProcessGuid: {E4CEE641-C7B9-597E-0000-00106D931200}
ProcessId: 6752
Image: C:\Program Files\WindowsApps\Microsoft.WindowsStore_11706.1001.26.0_x64__8wekyb3d8bbwe\WinStore.App.exe
User: DESKTOP-63KR1PU\John
Protocol: tcp
Initiated: true
SourceIsIpv6: false
SourceIp: 10.34.1.27
SourceHostname: DESKTOP-63KR1PU
SourcePort: 49813
SourcePortName: 
DestinationIsIpv6: false
DestinationIp: 2.17.158.237
DestinationHostname: 
DestinationPort: 80
DestinationPortName: http"
Information	10.10.2017 08:02:39	Microsoft-Windows-Sysmon	3	Network connection detected (rule: NetworkConnect)	"Network connection detected:
UtcTime: 2017-10-10 06:02:39.032
ProcessGuid: {E4CEE641-C7FD-597E-0000-001036FD1400}
ProcessId: 5496
Image: C:\Windows\System32\InstallAgentUserBroker.exe
User: DESKTOP-63KR1PU\John
Protocol: tcp
Initiated: true
SourceIsIpv6: false
SourceIp: 10.34.1.27
SourceHostname: DESKTOP-63KR1PU
SourcePort: 49812
SourcePortName: 
DestinationIsIpv6: false
DestinationIp: 40.77.229.125
DestinationHostname: 
DestinationPort: 443
DestinationPortName: https"
Information	10.10.2017 08:02:38	Microsoft-Windows-Sysmon	5	Process terminated (rule: ProcessTerminate)	"Process terminated:
UtcTime: 2017-10-10 06:02:38.931
ProcessGuid: {E4CEE641-C7F9-597E-0000-001053DF1400}
ProcessId: 5756
Image: C:\Windows\System32\dllhost.exe"
Information	10.10.2017 08:02:38	Microsoft-Windows-Sysmon	3	Network connection detected (rule: NetworkConnect)	"Network connection detected:
UtcTime: 2017-10-10 06:02:38.075
ProcessGuid: {E4CEE641-C764-597E-0000-001066C51100}
ProcessId: 4848
Image: C:\Windows\System32\svchost.exe
User: NT AUTHORITY\SYSTEM
Protocol: tcp
Initiated: true
SourceIsIpv6: false
SourceIp: 10.34.1.27
SourceHostname: DESKTOP-63KR1PU
SourcePort: 49811
SourcePortName: 
DestinationIsIpv6: false
DestinationIp: 131.253.61.98
DestinationHostname: 
DestinationPort: 443
DestinationPortName: https"
Information	10.10.2017 08:02:38	Microsoft-Windows-Sysmon	3	Network connection detected (rule: NetworkConnect)	"Network connection detected:
UtcTime: 2017-10-10 06:02:37.725
ProcessGuid: {E4CEE641-C764-597E-0000-001066C51100}
ProcessId: 4848
Image: C:\Windows\System32\svchost.exe
User: NT AUTHORITY\SYSTEM
Protocol: tcp
Initiated: true
SourceIsIpv6: false
SourceIp: 10.34.1.27
SourceHostname: DESKTOP-63KR1PU
SourcePort: 49810
SourcePortName: 
DestinationIsIpv6: false
DestinationIp: 131.253.61.98
DestinationHostname: 
DestinationPort: 443
DestinationPortName: https"
Information	10.10.2017 08:02:37	Microsoft-Windows-Sysmon	1	Process Create (rule: ProcessCreate)	"Process Create:
UtcTime: 2017-10-10 06:02:37.404
ProcessGuid: {E4CEE641-C7FD-597E-0000-001036FD1400}
ProcessId: 5496
Image: C:\Windows\System32\InstallAgentUserBroker.exe
CommandLine: C:\Windows\System32\InstallAgentUserBroker.exe -Embedding
CurrentDirectory: C:\WINDOWS\system32\
User: DESKTOP-63KR1PU\John
LogonGuid: {E4CEE641-C4E8-597E-0000-002051990100}
LogonId: 0x19951
TerminalSessionId: 1
IntegrityLevel: Medium
Hashes: MD5=5240CD067F50BE2E5C21A27B7979223C,SHA256=63F49BB1C987D0EE7AD088EDCB429811D08DCA9FB94E559304EFF3A52F5B50C9
ParentProcessGuid: {E4CEE641-C4E2-597E-0000-001053520000}
ParentProcessId: 700
ParentImage: C:\Windows\System32\svchost.exe
ParentCommandLine: C:\WINDOWS\system32\svchost.exe -k DcomLaunch"
Information	10.10.2017 08:02:36	Microsoft-Windows-Sysmon	1	Process Create (rule: ProcessCreate)	"Process Create:
UtcTime: 2017-10-10 06:02:36.742
ProcessGuid: {E4CEE641-C7FC-597E-0000-00105AF21400}
ProcessId: 4656
Image: C:\Windows\System32\wuapihost.exe
CommandLine: C:\Windows\System32\wuapihost.exe -Embedding
CurrentDirectory: C:\WINDOWS\system32\
User: DESKTOP-63KR1PU\John
LogonGuid: {E4CEE641-C4E8-597E-0000-002051990100}
LogonId: 0x19951
TerminalSessionId: 1
IntegrityLevel: Medium
Hashes: MD5=5B8DA1F7DDB1AE05C6358CB5281EC5AB,SHA256=786958A30D21AFC93BD819075A04EB1E7893954776808790F1255FE7F3FBFB0A
ParentProcessGuid: {E4CEE641-C4E2-597E-0000-001053520000}
ParentProcessId: 700
ParentImage: C:\Windows\System32\svchost.exe
ParentCommandLine: C:\WINDOWS\system32\svchost.exe -k DcomLaunch"
Information	10.10.2017 08:02:33	Microsoft-Windows-Sysmon	3	Network connection detected (rule: NetworkConnect)	"Network connection detected:
UtcTime: 2017-10-10 06:02:33.096
ProcessGuid: {E4CEE641-C7B5-597E-0000-0010BA291200}
ProcessId: 4212
Image: C:\Windows\SystemApps\Microsoft.MicrosoftEdge_8wekyb3d8bbwe\MicrosoftEdge.exe
User: DESKTOP-63KR1PU\John
Protocol: tcp
Initiated: true
SourceIsIpv6: false
SourceIp: 10.34.1.27
SourceHostname: DESKTOP-63KR1PU
SourcePort: 49808
SourcePortName: 
DestinationIsIpv6: false
DestinationIp: 13.107.21.200
DestinationHostname: 
DestinationPort: 443
DestinationPortName: https"
Information	10.10.2017 08:02:33	Microsoft-Windows-Sysmon	3	Network connection detected (rule: NetworkConnect)	"Network connection detected:
UtcTime: 2017-10-10 06:02:33.096
ProcessGuid: {E4CEE641-C7B5-597E-0000-0010BA291200}
ProcessId: 4212
Image: C:\Windows\SystemApps\Microsoft.MicrosoftEdge_8wekyb3d8bbwe\MicrosoftEdge.exe
User: DESKTOP-63KR1PU\John
Protocol: tcp
Initiated: true
SourceIsIpv6: false
SourceIp: 10.34.1.27
SourceHostname: DESKTOP-63KR1PU
SourcePort: 49809
SourcePortName: 
DestinationIsIpv6: false
DestinationIp: 13.107.21.200
DestinationHostname: 
DestinationPort: 443
DestinationPortName: https"
Information	10.10.2017 08:02:33	Microsoft-Windows-Sysmon	1	Process Create (rule: ProcessCreate)	"Process Create:
UtcTime: 2017-10-10 06:02:33.600
ProcessGuid: {E4CEE641-C7F9-597E-0000-001053DF1400}
ProcessId: 5756
Image: C:\Windows\System32\dllhost.exe
CommandLine: C:\WINDOWS\system32\DllHost.exe /Processid:{AB8902B4-09CA-4BB6-B78D-A8F59079A8D5}
CurrentDirectory: C:\WINDOWS\system32\
User: DESKTOP-63KR1PU\John
LogonGuid: {E4CEE641-C4E8-597E-0000-002051990100}
LogonId: 0x19951
TerminalSessionId: 1
IntegrityLevel: Medium
Hashes: MD5=2D29C0AFCC8225AFF6637F7362C22960,SHA256=79756AB8344C31A55223A51625F2379525428CEBD53531F11C26544A34621D81
ParentProcessGuid: {E4CEE641-C4E2-597E-0000-001053520000}
ParentProcessId: 700
ParentImage: C:\Windows\System32\svchost.exe
ParentCommandLine: C:\WINDOWS\system32\svchost.exe -k DcomLaunch"
Information	10.10.2017 08:02:33	Microsoft-Windows-Sysmon	3	Network connection detected (rule: NetworkConnect)	"Network connection detected:
UtcTime: 2017-10-10 06:02:32.737
ProcessGuid: {E4CEE641-C7B5-597E-0000-0010BA291200}
ProcessId: 4212
Image: C:\Windows\SystemApps\Microsoft.MicrosoftEdge_8wekyb3d8bbwe\MicrosoftEdge.exe
User: DESKTOP-63KR1PU\John
Protocol: tcp
Initiated: true
SourceIsIpv6: false
SourceIp: 10.34.1.27
SourceHostname: DESKTOP-63KR1PU
SourcePort: 49806
SourcePortName: 
DestinationIsIpv6: false
DestinationIp: 204.79.197.200
DestinationHostname: a-0001.a-msedge.net
DestinationPort: 443
DestinationPortName: https"
Information	10.10.2017 08:02:33	Microsoft-Windows-Sysmon	3	Network connection detected (rule: NetworkConnect)	"Network connection detected:
UtcTime: 2017-10-10 06:02:32.737
ProcessGuid: {E4CEE641-C7B5-597E-0000-0010BA291200}
ProcessId: 4212
Image: C:\Windows\SystemApps\Microsoft.MicrosoftEdge_8wekyb3d8bbwe\MicrosoftEdge.exe
User: DESKTOP-63KR1PU\John
Protocol: tcp
Initiated: true
SourceIsIpv6: false
SourceIp: 10.34.1.27
SourceHostname: DESKTOP-63KR1PU
SourcePort: 49807
SourcePortName: 
DestinationIsIpv6: false
DestinationIp: 204.79.197.200
DestinationHostname: a-0001.a-msedge.net
DestinationPort: 443
DestinationPortName: https"
Information	10.10.2017 08:02:31	Microsoft-Windows-Sysmon	5	Process terminated (rule: ProcessTerminate)	"Process terminated:
UtcTime: 2017-10-10 06:02:31.541
ProcessGuid: {E4CEE641-C7BB-597E-0000-00107AC31200}
ProcessId: 6204
Image: C:\Windows\SystemApps\Microsoft.MicrosoftEdge_8wekyb3d8bbwe\MicrosoftEdgeCP.exe"
Information	10.10.2017 08:02:20	Microsoft-Windows-Sysmon	3	Network connection detected (rule: NetworkConnect)	"Network connection detected:
UtcTime: 2017-10-10 06:02:19.429
ProcessGuid: {E4CEE641-C7DE-597E-0000-0010FE161400}
ProcessId: 4516
Image: C:\Program Files\Microsoft Office\root\Office16\WINWORD.EXE
User: DESKTOP-63KR1PU\John
Protocol: tcp
Initiated: true
SourceIsIpv6: false
SourceIp: 10.34.1.27
SourceHostname: DESKTOP-63KR1PU
SourcePort: 49805
SourcePortName: 
DestinationIsIpv6: false
DestinationIp: 72.247.182.41
DestinationHostname: a72-247-182-41.deploy.akamaitechnologies.com
DestinationPort: 80
DestinationPortName: http"
Information	10.10.2017 08:02:20	Microsoft-Windows-Sysmon	3	Network connection detected (rule: NetworkConnect)	"Network connection detected:
UtcTime: 2017-10-10 06:02:19.407
ProcessGuid: {E4CEE641-C7DE-597E-0000-0010FE161400}
ProcessId: 4516
Image: C:\Program Files\Microsoft Office\root\Office16\WINWORD.EXE
User: DESKTOP-63KR1PU\John
Protocol: tcp
Initiated: true
SourceIsIpv6: false
SourceIp: 10.34.1.27
SourceHostname: DESKTOP-63KR1PU
SourcePort: 49804
SourcePortName: 
DestinationIsIpv6: false
DestinationIp: 72.247.182.41
DestinationHostname: a72-247-182-41.deploy.akamaitechnologies.com
DestinationPort: 80
DestinationPortName: http"
Information	10.10.2017 08:02:19	Microsoft-Windows-Sysmon	3	Network connection detected (rule: NetworkConnect)	"Network connection detected:
UtcTime: 2017-10-10 06:02:19.042
ProcessGuid: {E4CEE641-C7DE-597E-0000-0010FE161400}
ProcessId: 4516
Image: C:\Program Files\Microsoft Office\root\Office16\WINWORD.EXE
User: DESKTOP-63KR1PU\John
Protocol: tcp
Initiated: true
SourceIsIpv6: false
SourceIp: 10.34.1.27
SourceHostname: DESKTOP-63KR1PU
SourcePort: 49803
SourcePortName: 
DestinationIsIpv6: false
DestinationIp: 72.247.182.41
DestinationHostname: a72-247-182-41.deploy.akamaitechnologies.com
DestinationPort: 80
DestinationPortName: http"
Information	10.10.2017 08:02:19	Microsoft-Windows-Sysmon	3	Network connection detected (rule: NetworkConnect)	"Network connection detected:
UtcTime: 2017-10-10 06:02:19.042
ProcessGuid: {E4CEE641-C7DE-597E-0000-0010FE161400}
ProcessId: 4516
Image: C:\Program Files\Microsoft Office\root\Office16\WINWORD.EXE
User: DESKTOP-63KR1PU\John
Protocol: tcp
Initiated: true
SourceIsIpv6: false
SourceIp: 10.34.1.27
SourceHostname: DESKTOP-63KR1PU
SourcePort: 49802
SourcePortName: 
DestinationIsIpv6: false
DestinationIp: 72.247.182.41
DestinationHostname: a72-247-182-41.deploy.akamaitechnologies.com
DestinationPort: 80
DestinationPortName: http"
Information	10.10.2017 08:02:19	Microsoft-Windows-Sysmon	3	Network connection detected (rule: NetworkConnect)	"Network connection detected:
UtcTime: 2017-10-10 06:02:19.042
ProcessGuid: {E4CEE641-C7DE-597E-0000-0010FE161400}
ProcessId: 4516
Image: C:\Program Files\Microsoft Office\root\Office16\WINWORD.EXE
User: DESKTOP-63KR1PU\John
Protocol: tcp
Initiated: true
SourceIsIpv6: false
SourceIp: 10.34.1.27
SourceHostname: DESKTOP-63KR1PU
SourcePort: 49801
SourcePortName: 
DestinationIsIpv6: false
DestinationIp: 72.247.182.41
DestinationHostname: a72-247-182-41.deploy.akamaitechnologies.com
DestinationPort: 80
DestinationPortName: http"
Information	10.10.2017 08:02:19	Microsoft-Windows-Sysmon	3	Network connection detected (rule: NetworkConnect)	"Network connection detected:
UtcTime: 2017-10-10 06:02:19.042
ProcessGuid: {E4CEE641-C7DE-597E-0000-0010FE161400}
ProcessId: 4516
Image: C:\Program Files\Microsoft Office\root\Office16\WINWORD.EXE
User: DESKTOP-63KR1PU\John
Protocol: tcp
Initiated: true
SourceIsIpv6: false
SourceIp: 10.34.1.27
SourceHostname: DESKTOP-63KR1PU
SourcePort: 49800
SourcePortName: 
DestinationIsIpv6: false
DestinationIp: 72.247.182.41
DestinationHostname: a72-247-182-41.deploy.akamaitechnologies.com
DestinationPort: 80
DestinationPortName: http"
Information	10.10.2017 08:02:15	Microsoft-Windows-Sysmon	3	Network connection detected (rule: NetworkConnect)	"Network connection detected:
UtcTime: 2017-10-10 06:02:14.740
ProcessGuid: {E4CEE641-C7DE-597E-0000-0010FE161400}
ProcessId: 4516
Image: C:\Program Files\Microsoft Office\root\Office16\WINWORD.EXE
User: DESKTOP-63KR1PU\John
Protocol: tcp
Initiated: true
SourceIsIpv6: false
SourceIp: 10.34.1.27
SourceHostname: DESKTOP-63KR1PU
SourcePort: 49799
SourcePortName: 
DestinationIsIpv6: false
DestinationIp: 40.113.17.180
DestinationHostname: 
DestinationPort: 443
DestinationPortName: https"
Information	10.10.2017 08:02:15	Microsoft-Windows-Sysmon	3	Network connection detected (rule: NetworkConnect)	"Network connection detected:
UtcTime: 2017-10-10 06:02:14.393
ProcessGuid: {E4CEE641-C7DE-597E-0000-0010FE161400}
ProcessId: 4516
Image: C:\Program Files\Microsoft Office\root\Office16\WINWORD.EXE
User: DESKTOP-63KR1PU\John
Protocol: tcp
Initiated: true
SourceIsIpv6: false
SourceIp: 10.34.1.27
SourceHostname: DESKTOP-63KR1PU
SourcePort: 49798
SourcePortName: 
DestinationIsIpv6: false
DestinationIp: 40.113.17.180
DestinationHostname: 
DestinationPort: 443
DestinationPortName: https"
Information	10.10.2017 08:02:14	Microsoft-Windows-Sysmon	3	Network connection detected (rule: NetworkConnect)	"Network connection detected:
UtcTime: 2017-10-10 06:02:13.906
ProcessGuid: {E4CEE641-C7DE-597E-0000-0010FE161400}
ProcessId: 4516
Image: C:\Program Files\Microsoft Office\root\Office16\WINWORD.EXE
User: DESKTOP-63KR1PU\John
Protocol: tcp
Initiated: true
SourceIsIpv6: false
SourceIp: 10.34.1.27
SourceHostname: DESKTOP-63KR1PU
SourcePort: 49796
SourcePortName: 
DestinationIsIpv6: false
DestinationIp: 40.84.54.36
DestinationHostname: 
DestinationPort: 443
DestinationPortName: https"
Information	10.10.2017 08:02:14	Microsoft-Windows-Sysmon	3	Network connection detected (rule: NetworkConnect)	"Network connection detected:
UtcTime: 2017-10-10 06:02:13.853
ProcessGuid: {E4CEE641-C7DE-597E-0000-0010FE161400}
ProcessId: 4516
Image: C:\Program Files\Microsoft Office\root\Office16\WINWORD.EXE
User: DESKTOP-63KR1PU\John
Protocol: tcp
Initiated: true
SourceIsIpv6: false
SourceIp: 10.34.1.27
SourceHostname: DESKTOP-63KR1PU
SourcePort: 49797
SourcePortName: 
DestinationIsIpv6: false
DestinationIp: 40.113.17.180
DestinationHostname: 
DestinationPort: 443
DestinationPortName: https"
Information	10.10.2017 08:02:12	Microsoft-Windows-Sysmon	3	Network connection detected (rule: NetworkConnect)	"Network connection detected:
UtcTime: 2017-10-10 06:02:11.540
ProcessGuid: {E4CEE641-C7DE-597E-0000-0010FE161400}
ProcessId: 4516
Image: C:\Program Files\Microsoft Office\root\Office16\WINWORD.EXE
User: DESKTOP-63KR1PU\John
Protocol: tcp
Initiated: true
SourceIsIpv6: false
SourceIp: 10.34.1.27
SourceHostname: DESKTOP-63KR1PU
SourcePort: 49794
SourcePortName: 
DestinationIsIpv6: false
DestinationIp: 40.117.144.240
DestinationHostname: 
DestinationPort: 443
DestinationPortName: https"
Information	10.10.2017 08:02:12	Microsoft-Windows-Sysmon	3	Network connection detected (rule: NetworkConnect)	"Network connection detected:
UtcTime: 2017-10-10 06:02:11.487
ProcessGuid: {E4CEE641-C7DE-597E-0000-0010FE161400}
ProcessId: 4516
Image: C:\Program Files\Microsoft Office\root\Office16\WINWORD.EXE
User: DESKTOP-63KR1PU\John
Protocol: tcp
Initiated: true
SourceIsIpv6: false
SourceIp: 10.34.1.27
SourceHostname: DESKTOP-63KR1PU
SourcePort: 49795
SourcePortName: 
DestinationIsIpv6: false
DestinationIp: 40.74.50.25
DestinationHostname: 
DestinationPort: 443
DestinationPortName: https"
Information	10.10.2017 08:02:11	Microsoft-Windows-Sysmon	1	Process Create (rule: ProcessCreate)	"Process Create:
UtcTime: 2017-10-10 06:02:11.920
ProcessGuid: {E4CEE641-C7E3-597E-0000-0010384E1400}
ProcessId: 4228
Image: C:\Windows\System32\sppsvc.exe
CommandLine: C:\WINDOWS\system32\sppsvc.exe
CurrentDirectory: C:\WINDOWS
User: NT AUTHORITY\NETWORK SERVICE
LogonGuid: {E4CEE641-C4E2-597E-0000-0020E4030000}
LogonId: 0x3E4
TerminalSessionId: 0
IntegrityLevel: System
Hashes: MD5=E910861720DE6EDFB5CC6158CE3C7E17,SHA256=526BA8EEB9EE5312FEC39753D728E05F49AD81132346A354C95D4D4938001E2B
ParentProcessGuid: {E4CEE641-C4E1-597E-0000-0010333E0000}
ParentProcessId: 572
ParentImage: C:\Windows\System32\services.exe
ParentCommandLine: C:\WINDOWS\system32\services.exe"
Information	10.10.2017 08:02:11	Microsoft-Windows-Sysmon	3	Network connection detected (rule: NetworkConnect)	"Network connection detected:
UtcTime: 2017-10-10 06:02:10.666
ProcessGuid: {E4CEE641-C7DE-597E-0000-0010FE161400}
ProcessId: 4516
Image: C:\Program Files\Microsoft Office\root\Office16\WINWORD.EXE
User: DESKTOP-63KR1PU\John
Protocol: tcp
Initiated: true
SourceIsIpv6: false
SourceIp: 10.34.1.27
SourceHostname: DESKTOP-63KR1PU
SourcePort: 49793
SourcePortName: 
DestinationIsIpv6: false
DestinationIp: 23.99.116.116
DestinationHostname: 
DestinationPort: 443
DestinationPortName: https"
Information	10.10.2017 08:02:10	Microsoft-Windows-Sysmon	3	Network connection detected (rule: NetworkConnect)	"Network connection detected:
UtcTime: 2017-10-10 06:02:10.146
ProcessGuid: {E4CEE641-C7DE-597E-0000-0010FE161400}
ProcessId: 4516
Image: C:\Program Files\Microsoft Office\root\Office16\WINWORD.EXE
User: DESKTOP-63KR1PU\John
Protocol: tcp
Initiated: true
SourceIsIpv6: false
SourceIp: 10.34.1.27
SourceHostname: DESKTOP-63KR1PU
SourcePort: 49792
SourcePortName: 
DestinationIsIpv6: false
DestinationIp: 23.97.178.173
DestinationHostname: 
DestinationPort: 443
DestinationPortName: https"
Information	10.10.2017 08:02:10	Microsoft-Windows-Sysmon	5	Process terminated (rule: ProcessTerminate)	"Process terminated:
UtcTime: 2017-10-10 06:02:10.378
ProcessGuid: {E4CEE641-C761-597E-0000-001051AD1100}
ProcessId: 3772
Image: C:\Windows\System32\svchost.exe"
Information	10.10.2017 08:02:07	Microsoft-Windows-Sysmon	3	Network connection detected (rule: NetworkConnect)	"Network connection detected:
UtcTime: 2017-10-10 06:02:06.583
ProcessGuid: {E4CEE641-C528-597E-0000-0010C2CC0500}
ProcessId: 832
Image: C:\Windows\System32\svchost.exe
User: NT AUTHORITY\SYSTEM
Protocol: tcp
Initiated: true
SourceIsIpv6: false
SourceIp: 10.34.1.27
SourceHostname: DESKTOP-63KR1PU
SourcePort: 49791
SourcePortName: 
DestinationIsIpv6: false
DestinationIp: 2.17.158.237
DestinationHostname: 
DestinationPort: 80
DestinationPortName: http"
Information	10.10.2017 08:02:06	Microsoft-Windows-Sysmon	1	Process Create (rule: ProcessCreate)	"Process Create:
UtcTime: 2017-10-10 06:02:06.570
ProcessGuid: {E4CEE641-C7DE-597E-0000-0010FE161400}
ProcessId: 4516
Image: C:\Program Files\Microsoft Office\root\Office16\WINWORD.EXE
CommandLine: ""C:\Program Files\Microsoft Office\root\Office16\WINWORD.EXE"" 
CurrentDirectory: C:\WINDOWS\system32\
User: DESKTOP-63KR1PU\John
LogonGuid: {E4CEE641-C4E8-597E-0000-002051990100}
LogonId: 0x19951
TerminalSessionId: 1
IntegrityLevel: Medium
Hashes: MD5=1668242DFBE31871F66F393128E95652,SHA256=EB083AA522FB026E251C600351534395716E7771F7C42469E954BF5887B41C0A
ParentProcessGuid: {E4CEE641-C4FC-597E-0000-001054400300}
ParentProcessId: 4500
ParentImage: C:\Windows\explorer.exe
ParentCommandLine: C:\WINDOWS\Explorer.EXE"
Information	10.10.2017 08:02:06	Microsoft-Windows-Sysmon	5	Process terminated (rule: ProcessTerminate)	"Process terminated:
UtcTime: 2017-10-10 06:02:06.398
ProcessGuid: {E4CEE641-C7DC-597E-0000-0010A3DD1300}
ProcessId: 3932
Image: C:\Windows\System32\backgroundTaskHost.exe"
Information	10.10.2017 08:02:06	Microsoft-Windows-Sysmon	2	File creation time changed (rule: FileCreateTime)	"File creation time changed:
UtcTime: 2017-10-10 06:02:06.275
ProcessGuid: {E4CEE641-C7DC-597E-0000-0010A3DD1300}
ProcessId: 3932
Image: C:\WINDOWS\system32\backgroundTaskHost.exe
TargetFilename: C:\Users\John\AppData\Local\Packages\Microsoft.Windows.ContentDeliveryManager_cw5n1h2txyewy\LocalState\ContentManagementSDK\Creatives\279986\imprbeacons.dat.~tmp
CreationUtcTime: 2017-03-28 10:31:21.865
PreviousCreationUtcTime: 2017-10-10 06:02:06.260"
Information	10.10.2017 08:02:06	Microsoft-Windows-Sysmon	2	File creation time changed (rule: FileCreateTime)	"File creation time changed:
UtcTime: 2017-10-10 06:02:06.260
ProcessGuid: {E4CEE641-C528-597E-0000-0010C2CC0500}
ProcessId: 832
Image: c:\windows\system32\svchost.exe
TargetFilename: C:\Users\John\AppData\Local\Microsoft\Windows\Notifications\wpnidm\3a38c92d.jpg
CreationUtcTime: 2015-12-11 19:09:44.000
PreviousCreationUtcTime: 2017-10-10 06:02:06.229"
Information	10.10.2017 08:02:05	Microsoft-Windows-Sysmon	3	Network connection detected (rule: NetworkConnect)	"Network connection detected:
UtcTime: 2017-10-10 06:02:05.145
ProcessGuid: {E4CEE641-C528-597E-0000-0010C2CC0500}
ProcessId: 832
Image: C:\Windows\System32\svchost.exe
User: NT AUTHORITY\SYSTEM
Protocol: tcp
Initiated: true
SourceIsIpv6: false
SourceIp: 10.34.1.27
SourceHostname: DESKTOP-63KR1PU
SourcePort: 49790
SourcePortName: 
DestinationIsIpv6: false
DestinationIp: 2.17.158.237
DestinationHostname: 
DestinationPort: 80
DestinationPortName: http"
Information	10.10.2017 08:02:05	Microsoft-Windows-Sysmon	2	File creation time changed (rule: FileCreateTime)	"File creation time changed:
UtcTime: 2017-10-10 06:02:05.496
ProcessGuid: {E4CEE641-C528-597E-0000-0010C2CC0500}
ProcessId: 832
Image: c:\windows\system32\svchost.exe
TargetFilename: C:\Users\John\AppData\Local\Microsoft\Windows\Notifications\wpnidm\2ce556a4.jpg
CreationUtcTime: 2015-11-05 20:18:45.000
PreviousCreationUtcTime: 2017-10-10 06:02:05.400"
Information	10.10.2017 08:02:05	Microsoft-Windows-Sysmon	2	File creation time changed (rule: FileCreateTime)	"File creation time changed:
UtcTime: 2017-10-10 06:02:05.193
ProcessGuid: {E4CEE641-C528-597E-0000-0010C2CC0500}
ProcessId: 832
Image: c:\windows\system32\svchost.exe
TargetFilename: C:\Users\John\AppData\Local\Microsoft\Windows\Notifications\wpnidm\94a83bb2.jpg
CreationUtcTime: 2017-04-06 17:56:57.000
PreviousCreationUtcTime: 2017-10-10 06:02:05.010"
Information	10.10.2017 08:02:04	Microsoft-Windows-Sysmon	2	File creation time changed (rule: FileCreateTime)	"File creation time changed:
UtcTime: 2017-10-10 06:02:04.902
ProcessGuid: {E4CEE641-C528-597E-0000-0010C2CC0500}
ProcessId: 832
Image: c:\windows\system32\svchost.exe
TargetFilename: C:\Users\John\AppData\Local\Microsoft\Windows\Notifications\wpnidm\c50b2e3d.jpg
CreationUtcTime: 2017-03-24 15:17:36.000
PreviousCreationUtcTime: 2017-10-10 06:02:04.881"
Information	10.10.2017 08:02:04	Microsoft-Windows-Sysmon	2	File creation time changed (rule: FileCreateTime)	"File creation time changed:
UtcTime: 2017-10-10 06:02:04.810
ProcessGuid: {E4CEE641-C528-597E-0000-0010C2CC0500}
ProcessId: 832
Image: c:\windows\system32\svchost.exe
TargetFilename: C:\Users\John\AppData\Local\Microsoft\Windows\Notifications\wpnidm\2cd31fda.jpg
CreationUtcTime: 2017-05-05 22:17:35.000
PreviousCreationUtcTime: 2017-10-10 06:02:04.757"
Information	10.10.2017 08:02:04	Microsoft-Windows-Sysmon	1	Process Create (rule: ProcessCreate)	"Process Create:
UtcTime: 2017-10-10 06:02:04.222
ProcessGuid: {E4CEE641-C7DC-597E-0000-0010A3DD1300}
ProcessId: 3932
Image: C:\Windows\System32\backgroundTaskHost.exe
CommandLine: ""C:\WINDOWS\system32\backgroundTaskHost.exe"" -ServerName:App.AppXmtcan0h2tfbfy7k9kn8hbxb6dmzz1zh0.mca
CurrentDirectory: C:\Windows\SystemApps\Microsoft.Windows.ContentDeliveryManager_cw5n1h2txyewy\
User: DESKTOP-63KR1PU\John
LogonGuid: {E4CEE641-C4E8-597E-0000-002051990100}
LogonId: 0x19951
TerminalSessionId: 1
IntegrityLevel: AppContainer
Hashes: MD5=00BDEAE44F02F23ADA619425E51F8C6E,SHA256=238D1D9A7A9AFE44CAB13E61E9F1896424598B9405402ACAECE0A4244B8F61B1
ParentProcessGuid: {E4CEE641-C4E2-597E-0000-001053520000}
ParentProcessId: 700
ParentImage: C:\Windows\System32\svchost.exe
ParentCommandLine: C:\WINDOWS\system32\svchost.exe -k DcomLaunch"
Information	10.10.2017 08:01:59	Microsoft-Windows-Sysmon	3	Network connection detected (rule: NetworkConnect)	"Network connection detected:
UtcTime: 2017-10-10 06:01:58.509
ProcessGuid: {E4CEE641-C7B9-597E-0000-00104F931200}
ProcessId: 6880
Image: C:\Windows\SystemApps\Microsoft.MicrosoftEdge_8wekyb3d8bbwe\MicrosoftEdgeCP.exe
User: DESKTOP-63KR1PU\John
Protocol: tcp
Initiated: true
SourceIsIpv6: false
SourceIp: 10.34.1.27
SourceHostname: DESKTOP-63KR1PU
SourcePort: 49788
SourcePortName: 
DestinationIsIpv6: false
DestinationIp: 151.101.114.2
DestinationHostname: 
DestinationPort: 443
DestinationPortName: https"
Information	10.10.2017 08:01:59	Microsoft-Windows-Sysmon	3	Network connection detected (rule: NetworkConnect)	"Network connection detected:
UtcTime: 2017-10-10 06:01:58.509
ProcessGuid: {E4CEE641-C7B9-597E-0000-00104F931200}
ProcessId: 6880
Image: C:\Windows\SystemApps\Microsoft.MicrosoftEdge_8wekyb3d8bbwe\MicrosoftEdgeCP.exe
User: DESKTOP-63KR1PU\John
Protocol: tcp
Initiated: true
SourceIsIpv6: false
SourceIp: 10.34.1.27
SourceHostname: DESKTOP-63KR1PU
SourcePort: 49789
SourcePortName: 
DestinationIsIpv6: false
DestinationIp: 151.101.114.2
DestinationHostname: 
DestinationPort: 443
DestinationPortName: https"
Information	10.10.2017 08:01:58	Microsoft-Windows-Sysmon	3	Network connection detected (rule: NetworkConnect)	"Network connection detected:
UtcTime: 2017-10-10 06:01:57.719
ProcessGuid: {E4CEE641-C7B6-597E-0000-001025331200}
ProcessId: 6056
Image: C:\Windows\System32\browser_broker.exe
User: DESKTOP-63KR1PU\John
Protocol: tcp
Initiated: true
SourceIsIpv6: false
SourceIp: 10.34.1.27
SourceHostname: DESKTOP-63KR1PU
SourcePort: 49787
SourcePortName: 
DestinationIsIpv6: false
DestinationIp: 93.184.221.200
DestinationHostname: 
DestinationPort: 443
DestinationPortName: https"
Information	10.10.2017 08:01:58	Microsoft-Windows-Sysmon	5	Process terminated (rule: ProcessTerminate)	"Process terminated:
UtcTime: 2017-10-10 06:01:58.185
ProcessGuid: {E4CEE641-C7C0-597E-0000-0010A2171300}
ProcessId: 6368
Image: C:\Program Files\WindowsApps\microsoft.windowscommunicationsapps_17.8241.41275.0_x64__8wekyb3d8bbwe\HxTsr.exe"
Information	10.10.2017 08:01:57	Microsoft-Windows-Sysmon	5	Process terminated (rule: ProcessTerminate)	"Process terminated:
UtcTime: 2017-10-10 06:01:57.901
ProcessGuid: {E4CEE641-C7BA-597E-0000-0010A2B61200}
ProcessId: 2820
Image: C:\Program Files\WindowsApps\microsoft.windowscommunicationsapps_17.8241.41275.0_x64__8wekyb3d8bbwe\HxOutlook.exe"
Information	10.10.2017 08:01:56	Microsoft-Windows-Sysmon	3	Network connection detected (rule: NetworkConnect)	"Network connection detected:
UtcTime: 2017-10-10 06:01:55.824
ProcessGuid: {E4CEE641-C7C0-597E-0000-0010A2171300}
ProcessId: 6368
Image: C:\Program Files\WindowsApps\microsoft.windowscommunicationsapps_17.8241.41275.0_x64__8wekyb3d8bbwe\HxTsr.exe
User: DESKTOP-63KR1PU\John
Protocol: tcp
Initiated: true
SourceIsIpv6: false
SourceIp: 10.34.1.27
SourceHostname: DESKTOP-63KR1PU
SourcePort: 49786
SourcePortName: 
DestinationIsIpv6: false
DestinationIp: 65.55.44.108
DestinationHostname: 
DestinationPort: 443
DestinationPortName: https"
Information	10.10.2017 08:01:54	Microsoft-Windows-Sysmon	3	Network connection detected (rule: NetworkConnect)	"Network connection detected:
UtcTime: 2017-10-10 06:01:53.517
ProcessGuid: {E4CEE641-C7C0-597E-0000-0010A2171300}
ProcessId: 6368
Image: C:\Program Files\WindowsApps\microsoft.windowscommunicationsapps_17.8241.41275.0_x64__8wekyb3d8bbwe\HxTsr.exe
User: DESKTOP-63KR1PU\John
Protocol: tcp
Initiated: true
SourceIsIpv6: false
SourceIp: 10.34.1.27
SourceHostname: DESKTOP-63KR1PU
SourcePort: 49785
SourcePortName: 
DestinationIsIpv6: false
DestinationIp: 13.107.3.128
DestinationHostname: 
DestinationPort: 443
DestinationPortName: https"
Information	10.10.2017 08:01:54	Microsoft-Windows-Sysmon	3	Network connection detected (rule: NetworkConnect)	"Network connection detected:
UtcTime: 2017-10-10 06:01:53.490
ProcessGuid: {E4CEE641-C7C0-597E-0000-0010A2171300}
ProcessId: 6368
Image: C:\Program Files\WindowsApps\microsoft.windowscommunicationsapps_17.8241.41275.0_x64__8wekyb3d8bbwe\HxTsr.exe
User: DESKTOP-63KR1PU\John
Protocol: tcp
Initiated: true
SourceIsIpv6: false
SourceIp: 10.34.1.27
SourceHostname: DESKTOP-63KR1PU
SourcePort: 49784
SourcePortName: 
DestinationIsIpv6: false
DestinationIp: 13.107.5.88
DestinationHostname: 
DestinationPort: 443
DestinationPortName: https"
Information	10.10.2017 08:01:54	Microsoft-Windows-Sysmon	3	Network connection detected (rule: NetworkConnect)	"Network connection detected:
UtcTime: 2017-10-10 06:01:53.382
ProcessGuid: {E4CEE641-C7C0-597E-0000-0010A2171300}
ProcessId: 6368
Image: C:\Program Files\WindowsApps\microsoft.windowscommunicationsapps_17.8241.41275.0_x64__8wekyb3d8bbwe\HxTsr.exe
User: DESKTOP-63KR1PU\John
Protocol: tcp
Initiated: true
SourceIsIpv6: false
SourceIp: 10.34.1.27
SourceHostname: DESKTOP-63KR1PU
SourcePort: 49783
SourcePortName: 
DestinationIsIpv6: false
DestinationIp: 13.107.5.88
DestinationHostname: 
DestinationPort: 443
DestinationPortName: https"
Information	10.10.2017 08:01:52	Microsoft-Windows-Sysmon	3	Network connection detected (rule: NetworkConnect)	"Network connection detected:
UtcTime: 2017-10-10 06:01:51.444
ProcessGuid: {E4CEE641-C7B9-597E-0000-00106D931200}
ProcessId: 6752
Image: C:\Program Files\WindowsApps\Microsoft.WindowsStore_11706.1001.26.0_x64__8wekyb3d8bbwe\WinStore.App.exe
User: DESKTOP-63KR1PU\John
Protocol: tcp
Initiated: true
SourceIsIpv6: false
SourceIp: 10.34.1.27
SourceHostname: DESKTOP-63KR1PU
SourcePort: 49782
SourcePortName: 
DestinationIsIpv6: false
DestinationIp: 104.94.136.10
DestinationHostname: a104-94-136-10.deploy.static.akamaitechnologies.com
DestinationPort: 443
DestinationPortName: https"
Information	10.10.2017 08:01:49	Microsoft-Windows-Sysmon	3	Network connection detected (rule: NetworkConnect)	"Network connection detected:
UtcTime: 2017-10-10 06:01:49.047
ProcessGuid: {E4CEE641-C7B9-597E-0000-00106D931200}
ProcessId: 6752
Image: C:\Program Files\WindowsApps\Microsoft.WindowsStore_11706.1001.26.0_x64__8wekyb3d8bbwe\WinStore.App.exe
User: DESKTOP-63KR1PU\John
Protocol: tcp
Initiated: true
SourceIsIpv6: false
SourceIp: 10.34.1.27
SourceHostname: DESKTOP-63KR1PU
SourcePort: 49781
SourcePortName: 
DestinationIsIpv6: false
DestinationIp: 104.94.140.182
DestinationHostname: a104-94-140-182.deploy.static.akamaitechnologies.com
DestinationPort: 80
DestinationPortName: http"
Information	10.10.2017 08:01:49	Microsoft-Windows-Sysmon	3	Network connection detected (rule: NetworkConnect)	"Network connection detected:
UtcTime: 2017-10-10 06:01:49.022
ProcessGuid: {E4CEE641-C7B9-597E-0000-00106D931200}
ProcessId: 6752
Image: C:\Program Files\WindowsApps\Microsoft.WindowsStore_11706.1001.26.0_x64__8wekyb3d8bbwe\WinStore.App.exe
User: DESKTOP-63KR1PU\John
Protocol: tcp
Initiated: true
SourceIsIpv6: false
SourceIp: 10.34.1.27
SourceHostname: DESKTOP-63KR1PU
SourcePort: 49780
SourcePortName: 
DestinationIsIpv6: false
DestinationIp: 104.94.140.182
DestinationHostname: a104-94-140-182.deploy.static.akamaitechnologies.com
DestinationPort: 80
DestinationPortName: http"
Information	10.10.2017 08:01:49	Microsoft-Windows-Sysmon	3	Network connection detected (rule: NetworkConnect)	"Network connection detected:
UtcTime: 2017-10-10 06:01:49.002
ProcessGuid: {E4CEE641-C7B9-597E-0000-00106D931200}
ProcessId: 6752
Image: C:\Program Files\WindowsApps\Microsoft.WindowsStore_11706.1001.26.0_x64__8wekyb3d8bbwe\WinStore.App.exe
User: DESKTOP-63KR1PU\John
Protocol: tcp
Initiated: true
SourceIsIpv6: false
SourceIp: 10.34.1.27
SourceHostname: DESKTOP-63KR1PU
SourcePort: 49779
SourcePortName: 
DestinationIsIpv6: false
DestinationIp: 2.17.158.237
DestinationHostname: 
DestinationPort: 80
DestinationPortName: http"
Information	10.10.2017 08:01:49	Microsoft-Windows-Sysmon	3	Network connection detected (rule: NetworkConnect)	"Network connection detected:
UtcTime: 2017-10-10 06:01:49.002
ProcessGuid: {E4CEE641-C7B9-597E-0000-00106D931200}
ProcessId: 6752
Image: C:\Program Files\WindowsApps\Microsoft.WindowsStore_11706.1001.26.0_x64__8wekyb3d8bbwe\WinStore.App.exe
User: DESKTOP-63KR1PU\John
Protocol: tcp
Initiated: true
SourceIsIpv6: false
SourceIp: 10.34.1.27
SourceHostname: DESKTOP-63KR1PU
SourcePort: 49778
SourcePortName: 
DestinationIsIpv6: false
DestinationIp: 2.17.158.237
DestinationHostname: 
DestinationPort: 80
DestinationPortName: http"
Information	10.10.2017 08:01:47	Microsoft-Windows-Sysmon	3	Network connection detected (rule: NetworkConnect)	"Network connection detected:
UtcTime: 2017-10-10 06:01:46.944
ProcessGuid: {E4CEE641-C7B9-597E-0000-00106D931200}
ProcessId: 6752
Image: C:\Program Files\WindowsApps\Microsoft.WindowsStore_11706.1001.26.0_x64__8wekyb3d8bbwe\WinStore.App.exe
User: DESKTOP-63KR1PU\John
Protocol: tcp
Initiated: true
SourceIsIpv6: false
SourceIp: 10.34.1.27
SourceHostname: DESKTOP-63KR1PU
SourcePort: 49777
SourcePortName: 
DestinationIsIpv6: false
DestinationIp: 2.17.158.237
DestinationHostname: 
DestinationPort: 80
DestinationPortName: http"
Information	10.10.2017 08:01:47	Microsoft-Windows-Sysmon	3	Network connection detected (rule: NetworkConnect)	"Network connection detected:
UtcTime: 2017-10-10 06:01:46.873
ProcessGuid: {E4CEE641-C7B9-597E-0000-00106D931200}
ProcessId: 6752
Image: C:\Program Files\WindowsApps\Microsoft.WindowsStore_11706.1001.26.0_x64__8wekyb3d8bbwe\WinStore.App.exe
User: DESKTOP-63KR1PU\John
Protocol: tcp
Initiated: true
SourceIsIpv6: false
SourceIp: 10.34.1.27
SourceHostname: DESKTOP-63KR1PU
SourcePort: 49776
SourcePortName: 
DestinationIsIpv6: false
DestinationIp: 2.17.158.237
DestinationHostname: 
DestinationPort: 80
DestinationPortName: http"
Information	10.10.2017 08:01:47	Microsoft-Windows-Sysmon	3	Network connection detected (rule: NetworkConnect)	"Network connection detected:
UtcTime: 2017-10-10 06:01:46.873
ProcessGuid: {E4CEE641-C7B9-597E-0000-00106D931200}
ProcessId: 6752
Image: C:\Program Files\WindowsApps\Microsoft.WindowsStore_11706.1001.26.0_x64__8wekyb3d8bbwe\WinStore.App.exe
User: DESKTOP-63KR1PU\John
Protocol: tcp
Initiated: true
SourceIsIpv6: false
SourceIp: 10.34.1.27
SourceHostname: DESKTOP-63KR1PU
SourcePort: 49774
SourcePortName: 
DestinationIsIpv6: false
DestinationIp: 2.17.158.237
DestinationHostname: 
DestinationPort: 80
DestinationPortName: http"
Information	10.10.2017 08:01:47	Microsoft-Windows-Sysmon	3	Network connection detected (rule: NetworkConnect)	"Network connection detected:
UtcTime: 2017-10-10 06:01:46.873
ProcessGuid: {E4CEE641-C7B9-597E-0000-00106D931200}
ProcessId: 6752
Image: C:\Program Files\WindowsApps\Microsoft.WindowsStore_11706.1001.26.0_x64__8wekyb3d8bbwe\WinStore.App.exe
User: DESKTOP-63KR1PU\John
Protocol: tcp
Initiated: true
SourceIsIpv6: false
SourceIp: 10.34.1.27
SourceHostname: DESKTOP-63KR1PU
SourcePort: 49775
SourcePortName: 
DestinationIsIpv6: false
DestinationIp: 2.17.158.237
DestinationHostname: 
DestinationPort: 80
DestinationPortName: http"
Information	10.10.2017 08:01:46	Microsoft-Windows-Sysmon	3	Network connection detected (rule: NetworkConnect)	"Network connection detected:
UtcTime: 2017-10-10 06:01:45.371
ProcessGuid: {E4CEE641-C7B9-597E-0000-00106D931200}
ProcessId: 6752
Image: C:\Program Files\WindowsApps\Microsoft.WindowsStore_11706.1001.26.0_x64__8wekyb3d8bbwe\WinStore.App.exe
User: DESKTOP-63KR1PU\John
Protocol: tcp
Initiated: true
SourceIsIpv6: false
SourceIp: 10.34.1.27
SourceHostname: DESKTOP-63KR1PU
SourcePort: 49773
SourcePortName: 
DestinationIsIpv6: false
DestinationIp: 2.17.158.237
DestinationHostname: 
DestinationPort: 80
DestinationPortName: http"
Information	10.10.2017 08:01:46	Microsoft-Windows-Sysmon	3	Network connection detected (rule: NetworkConnect)	"Network connection detected:
UtcTime: 2017-10-10 06:01:45.371
ProcessGuid: {E4CEE641-C7B9-597E-0000-00106D931200}
ProcessId: 6752
Image: C:\Program Files\WindowsApps\Microsoft.WindowsStore_11706.1001.26.0_x64__8wekyb3d8bbwe\WinStore.App.exe
User: DESKTOP-63KR1PU\John
Protocol: tcp
Initiated: true
SourceIsIpv6: false
SourceIp: 10.34.1.27
SourceHostname: DESKTOP-63KR1PU
SourcePort: 49772
SourcePortName: 
DestinationIsIpv6: false
DestinationIp: 2.17.158.237
DestinationHostname: 
DestinationPort: 80
DestinationPortName: http"
Information	10.10.2017 08:01:46	Microsoft-Windows-Sysmon	3	Network connection detected (rule: NetworkConnect)	"Network connection detected:
UtcTime: 2017-10-10 06:01:45.370
ProcessGuid: {E4CEE641-C7B9-597E-0000-00106D931200}
ProcessId: 6752
Image: C:\Program Files\WindowsApps\Microsoft.WindowsStore_11706.1001.26.0_x64__8wekyb3d8bbwe\WinStore.App.exe
User: DESKTOP-63KR1PU\John
Protocol: tcp
Initiated: true
SourceIsIpv6: false
SourceIp: 10.34.1.27
SourceHostname: DESKTOP-63KR1PU
SourcePort: 49771
SourcePortName: 
DestinationIsIpv6: false
DestinationIp: 2.17.158.237
DestinationHostname: 
DestinationPort: 80
DestinationPortName: http"
Information	10.10.2017 08:01:46	Microsoft-Windows-Sysmon	3	Network connection detected (rule: NetworkConnect)	"Network connection detected:
UtcTime: 2017-10-10 06:01:45.370
ProcessGuid: {E4CEE641-C7B9-597E-0000-00106D931200}
ProcessId: 6752
Image: C:\Program Files\WindowsApps\Microsoft.WindowsStore_11706.1001.26.0_x64__8wekyb3d8bbwe\WinStore.App.exe
User: DESKTOP-63KR1PU\John
Protocol: tcp
Initiated: true
SourceIsIpv6: false
SourceIp: 10.34.1.27
SourceHostname: DESKTOP-63KR1PU
SourcePort: 49770
SourcePortName: 
DestinationIsIpv6: false
DestinationIp: 2.17.158.237
DestinationHostname: 
DestinationPort: 80
DestinationPortName: http"
Information	10.10.2017 08:01:46	Microsoft-Windows-Sysmon	3	Network connection detected (rule: NetworkConnect)	"Network connection detected:
UtcTime: 2017-10-10 06:01:45.369
ProcessGuid: {E4CEE641-C7B9-597E-0000-00106D931200}
ProcessId: 6752
Image: C:\Program Files\WindowsApps\Microsoft.WindowsStore_11706.1001.26.0_x64__8wekyb3d8bbwe\WinStore.App.exe
User: DESKTOP-63KR1PU\John
Protocol: tcp
Initiated: true
SourceIsIpv6: false
SourceIp: 10.34.1.27
SourceHostname: DESKTOP-63KR1PU
SourcePort: 49769
SourcePortName: 
DestinationIsIpv6: false
DestinationIp: 2.17.158.237
DestinationHostname: 
DestinationPort: 80
DestinationPortName: http"
Information	10.10.2017 08:01:45	Microsoft-Windows-Sysmon	5	Process terminated (rule: ProcessTerminate)	"Process terminated:
UtcTime: 2017-10-10 06:01:45.686
ProcessGuid: {E4CEE641-C730-597E-0000-0010BC341100}
ProcessId: 5340
Image: C:\Windows\System32\SearchFilterHost.exe"
Information	10.10.2017 08:01:45	Microsoft-Windows-Sysmon	5	Process terminated (rule: ProcessTerminate)	"Process terminated:
UtcTime: 2017-10-10 06:01:45.686
ProcessGuid: {E4CEE641-C72F-597E-0000-0010C3321100}
ProcessId: 2256
Image: C:\Windows\System32\SearchProtocolHost.exe"
Information	10.10.2017 08:01:43	Microsoft-Windows-Sysmon	3	Network connection detected (rule: NetworkConnect)	"Network connection detected:
UtcTime: 2017-10-10 06:01:42.737
ProcessGuid: {E4CEE641-C7BA-597E-0000-0010A2B61200}
ProcessId: 2820
Image: C:\Program Files\WindowsApps\microsoft.windowscommunicationsapps_17.8241.41275.0_x64__8wekyb3d8bbwe\HxOutlook.exe
User: DESKTOP-63KR1PU\John
Protocol: tcp
Initiated: true
SourceIsIpv6: false
SourceIp: 10.34.1.27
SourceHostname: DESKTOP-63KR1PU
SourcePort: 49768
SourcePortName: 
DestinationIsIpv6: false
DestinationIp: 93.184.220.20
DestinationHostname: 
DestinationPort: 80
DestinationPortName: http"
Information	10.10.2017 08:01:42	Microsoft-Windows-Sysmon	3	Network connection detected (rule: NetworkConnect)	"Network connection detected:
UtcTime: 2017-10-10 06:01:41.973
ProcessGuid: {E4CEE641-C7BA-597E-0000-0010A2B61200}
ProcessId: 2820
Image: C:\Program Files\WindowsApps\microsoft.windowscommunicationsapps_17.8241.41275.0_x64__8wekyb3d8bbwe\HxOutlook.exe
User: DESKTOP-63KR1PU\John
Protocol: tcp
Initiated: true
SourceIsIpv6: false
SourceIp: 10.34.1.27
SourceHostname: DESKTOP-63KR1PU
SourcePort: 49767
SourcePortName: 
DestinationIsIpv6: false
DestinationIp: 13.107.5.88
DestinationHostname: 
DestinationPort: 443
DestinationPortName: https"
Information	10.10.2017 08:01:42	Microsoft-Windows-Sysmon	3	Network connection detected (rule: NetworkConnect)	"Network connection detected:
UtcTime: 2017-10-10 06:01:41.971
ProcessGuid: {E4CEE641-C7BA-597E-0000-0010A2B61200}
ProcessId: 2820
Image: C:\Program Files\WindowsApps\microsoft.windowscommunicationsapps_17.8241.41275.0_x64__8wekyb3d8bbwe\HxOutlook.exe
User: DESKTOP-63KR1PU\John
Protocol: tcp
Initiated: true
SourceIsIpv6: false
SourceIp: 10.34.1.27
SourceHostname: DESKTOP-63KR1PU
SourcePort: 49766
SourcePortName: 
DestinationIsIpv6: false
DestinationIp: 13.107.3.128
DestinationHostname: 
DestinationPort: 443
DestinationPortName: https"
Information	10.10.2017 08:01:42	Microsoft-Windows-Sysmon	3	Network connection detected (rule: NetworkConnect)	"Network connection detected:
UtcTime: 2017-10-10 06:01:41.727
ProcessGuid: {E4CEE641-C7BA-597E-0000-0010A2B61200}
ProcessId: 2820
Image: C:\Program Files\WindowsApps\microsoft.windowscommunicationsapps_17.8241.41275.0_x64__8wekyb3d8bbwe\HxOutlook.exe
User: DESKTOP-63KR1PU\John
Protocol: tcp
Initiated: true
SourceIsIpv6: false
SourceIp: 10.34.1.27
SourceHostname: DESKTOP-63KR1PU
SourcePort: 49765
SourcePortName: 
DestinationIsIpv6: false
DestinationIp: 13.107.5.88
DestinationHostname: 
DestinationPort: 443
DestinationPortName: https"
Information	10.10.2017 08:01:39	Microsoft-Windows-Sysmon	3	Network connection detected (rule: NetworkConnect)	"Network connection detected:
UtcTime: 2017-10-10 06:01:38.886
ProcessGuid: {E4CEE641-C7B9-597E-0000-00106D931200}
ProcessId: 6752
Image: C:\Program Files\WindowsApps\Microsoft.WindowsStore_11706.1001.26.0_x64__8wekyb3d8bbwe\WinStore.App.exe
User: DESKTOP-63KR1PU\John
Protocol: tcp
Initiated: true
SourceIsIpv6: false
SourceIp: 10.34.1.27
SourceHostname: DESKTOP-63KR1PU
SourcePort: 49764
SourcePortName: 
DestinationIsIpv6: false
DestinationIp: 198.41.215.184
DestinationHostname: 
DestinationPort: 80
DestinationPortName: http"
Information	10.10.2017 08:01:39	Microsoft-Windows-Sysmon	3	Network connection detected (rule: NetworkConnect)	"Network connection detected:
UtcTime: 2017-10-10 06:01:38.796
ProcessGuid: {E4CEE641-C7B9-597E-0000-00104F931200}
ProcessId: 6880
Image: C:\Windows\SystemApps\Microsoft.MicrosoftEdge_8wekyb3d8bbwe\MicrosoftEdgeCP.exe
User: DESKTOP-63KR1PU\John
Protocol: tcp
Initiated: true
SourceIsIpv6: false
SourceIp: 10.34.1.27
SourceHostname: DESKTOP-63KR1PU
SourcePort: 49762
SourcePortName: 
DestinationIsIpv6: false
DestinationIp: 131.253.61.98
DestinationHostname: 
DestinationPort: 443
DestinationPortName: https"
Information	10.10.2017 08:01:39	Microsoft-Windows-Sysmon	3	Network connection detected (rule: NetworkConnect)	"Network connection detected:
UtcTime: 2017-10-10 06:01:38.796
ProcessGuid: {E4CEE641-C7B9-597E-0000-00104F931200}
ProcessId: 6880
Image: C:\Windows\SystemApps\Microsoft.MicrosoftEdge_8wekyb3d8bbwe\MicrosoftEdgeCP.exe
User: DESKTOP-63KR1PU\John
Protocol: tcp
Initiated: true
SourceIsIpv6: false
SourceIp: 10.34.1.27
SourceHostname: DESKTOP-63KR1PU
SourcePort: 49763
SourcePortName: 
DestinationIsIpv6: false
DestinationIp: 131.253.61.98
DestinationHostname: 
DestinationPort: 443
DestinationPortName: https"
Information	10.10.2017 08:01:39	Microsoft-Windows-Sysmon	3	Network connection detected (rule: NetworkConnect)	"Network connection detected:
UtcTime: 2017-10-10 06:01:38.650
ProcessGuid: {E4CEE641-C7B9-597E-0000-00106D931200}
ProcessId: 6752
Image: C:\Program Files\WindowsApps\Microsoft.WindowsStore_11706.1001.26.0_x64__8wekyb3d8bbwe\WinStore.App.exe
User: DESKTOP-63KR1PU\John
Protocol: tcp
Initiated: true
SourceIsIpv6: false
SourceIp: 10.34.1.27
SourceHostname: DESKTOP-63KR1PU
SourcePort: 49761
SourcePortName: 
DestinationIsIpv6: false
DestinationIp: 2.17.156.15
DestinationHostname: 
DestinationPort: 443
DestinationPortName: https"
Information	10.10.2017 08:01:39	Microsoft-Windows-Sysmon	3	Network connection detected (rule: NetworkConnect)	"Network connection detected:
UtcTime: 2017-10-10 06:01:38.631
ProcessGuid: {E4CEE641-C7B9-597E-0000-00104F931200}
ProcessId: 6880
Image: C:\Windows\SystemApps\Microsoft.MicrosoftEdge_8wekyb3d8bbwe\MicrosoftEdgeCP.exe
User: DESKTOP-63KR1PU\John
Protocol: tcp
Initiated: true
SourceIsIpv6: false
SourceIp: 10.34.1.27
SourceHostname: DESKTOP-63KR1PU
SourcePort: 49759
SourcePortName: 
DestinationIsIpv6: false
DestinationIp: 40.114.54.223
DestinationHostname: 
DestinationPort: 443
DestinationPortName: https"
Information	10.10.2017 08:01:39	Microsoft-Windows-Sysmon	3	Network connection detected (rule: NetworkConnect)	"Network connection detected:
UtcTime: 2017-10-10 06:01:38.520
ProcessGuid: {E4CEE641-C7B9-597E-0000-00104F931200}
ProcessId: 6880
Image: C:\Windows\SystemApps\Microsoft.MicrosoftEdge_8wekyb3d8bbwe\MicrosoftEdgeCP.exe
User: DESKTOP-63KR1PU\John
Protocol: tcp
Initiated: true
SourceIsIpv6: false
SourceIp: 10.34.1.27
SourceHostname: DESKTOP-63KR1PU
SourcePort: 49760
SourcePortName: 
DestinationIsIpv6: false
DestinationIp: 104.16.27.216
DestinationHostname: 
DestinationPort: 80
DestinationPortName: http"
