Information	10.10.2017 08:03:50	Microsoft-Windows-Sysmon	3	Network connection detected (rule: NetworkConnect)	"Network connection detected:
UtcTime: 2017-10-10 06:03:49.781
ProcessGuid: {E4CEE641-C82B-597E-0000-00106A881600}
ProcessId: 6080
Image: C:\Program Files (x86)\Google\Chrome\Application\chrome.exe
User: DESKTOP-63KR1PU\John
Protocol: tcp
Initiated: true
SourceIsIpv6: false
SourceIp: 10.34.1.27
SourceHostname: DESKTOP-63KR1PU
SourcePort: 49917
SourcePortName: 
DestinationIsIpv6: false
DestinationIp: 104.94.105.185
DestinationHostname: a104-94-105-185.deploy.static.akamaitechnologies.com
DestinationPort: 80
DestinationPortName: http"
Information	10.10.2017 08:03:50	Microsoft-Windows-Sysmon	3	Network connection detected (rule: NetworkConnect)	"Network connection detected:
UtcTime: 2017-10-10 06:03:49.752
ProcessGuid: {E4CEE641-C82B-597E-0000-00106A881600}
ProcessId: 6080
Image: C:\Program Files (x86)\Google\Chrome\Application\chrome.exe
User: DESKTOP-63KR1PU\John
Protocol: tcp
Initiated: true
SourceIsIpv6: false
SourceIp: 10.34.1.27
SourceHostname: DESKTOP-63KR1PU
SourcePort: 49915
SourcePortName: 
DestinationIsIpv6: false
DestinationIp: 52.84.194.94
DestinationHostname: server-52-84-194-94.waw50.r.cloudfront.net
DestinationPort: 80
DestinationPortName: http"
Information	10.10.2017 08:03:50	Microsoft-Windows-Sysmon	3	Network connection detected (rule: NetworkConnect)	"Network connection detected:
UtcTime: 2017-10-10 06:03:49.728
ProcessGuid: {E4CEE641-C82B-597E-0000-00106A881600}
ProcessId: 6080
Image: C:\Program Files (x86)\Google\Chrome\Application\chrome.exe
User: DESKTOP-63KR1PU\John
Protocol: tcp
Initiated: true
SourceIsIpv6: false
SourceIp: 10.34.1.27
SourceHostname: DESKTOP-63KR1PU
SourcePort: 49913
SourcePortName: 
DestinationIsIpv6: false
DestinationIp: 23.59.123.85
DestinationHostname: a23-59-123-85.deploy.static.akamaitechnologies.com
DestinationPort: 443
DestinationPortName: https"
Information	10.10.2017 08:03:50	Microsoft-Windows-Sysmon	3	Network connection detected (rule: NetworkConnect)	"Network connection detected:
UtcTime: 2017-10-10 06:03:49.728
ProcessGuid: {E4CEE641-C82B-597E-0000-00106A881600}
ProcessId: 6080
Image: C:\Program Files (x86)\Google\Chrome\Application\chrome.exe
User: DESKTOP-63KR1PU\John
Protocol: tcp
Initiated: true
SourceIsIpv6: false
SourceIp: 10.34.1.27
SourceHostname: DESKTOP-63KR1PU
SourcePort: 49914
SourcePortName: 
DestinationIsIpv6: false
DestinationIp: 23.59.123.85
DestinationHostname: a23-59-123-85.deploy.static.akamaitechnologies.com
DestinationPort: 443
DestinationPortName: https"
Information	10.10.2017 08:03:50	Microsoft-Windows-Sysmon	3	Network connection detected (rule: NetworkConnect)	"Network connection detected:
UtcTime: 2017-10-10 06:03:49.689
ProcessGuid: {E4CEE641-C82B-597E-0000-00106A881600}
ProcessId: 6080
Image: C:\Program Files (x86)\Google\Chrome\Application\chrome.exe
User: DESKTOP-63KR1PU\John
Protocol: tcp
Initiated: true
SourceIsIpv6: false
SourceIp: 10.34.1.27
SourceHostname: DESKTOP-63KR1PU
SourcePort: 49910
SourcePortName: 
DestinationIsIpv6: false
DestinationIp: 151.101.112.175
DestinationHostname: 
DestinationPort: 80
DestinationPortName: http"
Information	10.10.2017 08:03:50	Microsoft-Windows-Sysmon	3	Network connection detected (rule: NetworkConnect)	"Network connection detected:
UtcTime: 2017-10-10 06:03:49.669
ProcessGuid: {E4CEE641-C82B-597E-0000-00106A881600}
ProcessId: 6080
Image: C:\Program Files (x86)\Google\Chrome\Application\chrome.exe
User: DESKTOP-63KR1PU\John
Protocol: tcp
Initiated: true
SourceIsIpv6: false
SourceIp: 10.34.1.27
SourceHostname: DESKTOP-63KR1PU
SourcePort: 49912
SourcePortName: 
DestinationIsIpv6: false
DestinationIp: 54.230.229.35
DestinationHostname: server-54-230-229-35.waw50.r.cloudfront.net
DestinationPort: 80
DestinationPortName: http"
Information	10.10.2017 08:03:50	Microsoft-Windows-Sysmon	3	Network connection detected (rule: NetworkConnect)	"Network connection detected:
UtcTime: 2017-10-10 06:03:49.654
ProcessGuid: {E4CEE641-C82B-597E-0000-00106A881600}
ProcessId: 6080
Image: C:\Program Files (x86)\Google\Chrome\Application\chrome.exe
User: DESKTOP-63KR1PU\John
Protocol: tcp
Initiated: true
SourceIsIpv6: false
SourceIp: 10.34.1.27
SourceHostname: DESKTOP-63KR1PU
SourcePort: 49911
SourcePortName: 
DestinationIsIpv6: false
DestinationIp: 172.217.20.194
DestinationHostname: waw02s08-in-f2.1e100.net
DestinationPort: 80
DestinationPortName: http"
Information	10.10.2017 08:03:50	Microsoft-Windows-Sysmon	3	Network connection detected (rule: NetworkConnect)	"Network connection detected:
UtcTime: 2017-10-10 06:03:49.654
ProcessGuid: {E4CEE641-C82B-597E-0000-00106A881600}
ProcessId: 6080
Image: C:\Program Files (x86)\Google\Chrome\Application\chrome.exe
User: DESKTOP-63KR1PU\John
Protocol: tcp
Initiated: true
SourceIsIpv6: false
SourceIp: 10.34.1.27
SourceHostname: DESKTOP-63KR1PU
SourcePort: 49908
SourcePortName: 
DestinationIsIpv6: false
DestinationIp: 104.81.232.23
DestinationHostname: a104-81-232-23.deploy.static.akamaitechnologies.com
DestinationPort: 80
DestinationPortName: http"
Information	10.10.2017 08:03:50	Microsoft-Windows-Sysmon	3	Network connection detected (rule: NetworkConnect)	"Network connection detected:
UtcTime: 2017-10-10 06:03:49.462
ProcessGuid: {E4CEE641-C82B-597E-0000-00106A881600}
ProcessId: 6080
Image: C:\Program Files (x86)\Google\Chrome\Application\chrome.exe
User: DESKTOP-63KR1PU\John
Protocol: tcp
Initiated: true
SourceIsIpv6: false
SourceIp: 10.34.1.27
SourceHostname: DESKTOP-63KR1PU
SourcePort: 49907
SourcePortName: 
DestinationIsIpv6: false
DestinationIp: 52.84.194.30
DestinationHostname: server-52-84-194-30.waw50.r.cloudfront.net
DestinationPort: 80
DestinationPortName: http"
Information	10.10.2017 08:03:50	Microsoft-Windows-Sysmon	3	Network connection detected (rule: NetworkConnect)	"Network connection detected:
UtcTime: 2017-10-10 06:03:49.370
ProcessGuid: {E4CEE641-C82B-597E-0000-00106A881600}
ProcessId: 6080
Image: C:\Program Files (x86)\Google\Chrome\Application\chrome.exe
User: DESKTOP-63KR1PU\John
Protocol: tcp
Initiated: true
SourceIsIpv6: false
SourceIp: 10.34.1.27
SourceHostname: DESKTOP-63KR1PU
SourcePort: 49906
SourcePortName: 
DestinationIsIpv6: false
DestinationIp: 23.59.119.67
DestinationHostname: a23-59-119-67.deploy.static.akamaitechnologies.com
DestinationPort: 80
DestinationPortName: http"
Information	10.10.2017 08:03:50	Microsoft-Windows-Sysmon	3	Network connection detected (rule: NetworkConnect)	"Network connection detected:
UtcTime: 2017-10-10 06:03:49.228
ProcessGuid: {E4CEE641-C82B-597E-0000-00106A881600}
ProcessId: 6080
Image: C:\Program Files (x86)\Google\Chrome\Application\chrome.exe
User: DESKTOP-63KR1PU\John
Protocol: tcp
Initiated: true
SourceIsIpv6: false
SourceIp: 10.34.1.27
SourceHostname: DESKTOP-63KR1PU
SourcePort: 49905
SourcePortName: 
DestinationIsIpv6: false
DestinationIp: 104.94.128.184
DestinationHostname: a104-94-128-184.deploy.static.akamaitechnologies.com
DestinationPort: 80
DestinationPortName: http"
Information	10.10.2017 08:03:50	Microsoft-Windows-Sysmon	3	Network connection detected (rule: NetworkConnect)	"Network connection detected:
UtcTime: 2017-10-10 06:03:49.062
ProcessGuid: {E4CEE641-C82B-597E-0000-00106A881600}
ProcessId: 6080
Image: C:\Program Files (x86)\Google\Chrome\Application\chrome.exe
User: DESKTOP-63KR1PU\John
Protocol: tcp
Initiated: true
SourceIsIpv6: false
SourceIp: 10.34.1.27
SourceHostname: DESKTOP-63KR1PU
SourcePort: 49904
SourcePortName: 
DestinationIsIpv6: false
DestinationIp: 72.247.182.9
DestinationHostname: a72-247-182-9.deploy.akamaitechnologies.com
DestinationPort: 80
DestinationPortName: http"
Information	10.10.2017 08:03:49	Microsoft-Windows-Sysmon	3	Network connection detected (rule: NetworkConnect)	"Network connection detected:
UtcTime: 2017-10-10 06:03:48.884
ProcessGuid: {E4CEE641-C82B-597E-0000-00106A881600}
ProcessId: 6080
Image: C:\Program Files (x86)\Google\Chrome\Application\chrome.exe
User: DESKTOP-63KR1PU\John
Protocol: tcp
Initiated: true
SourceIsIpv6: false
SourceIp: 10.34.1.27
SourceHostname: DESKTOP-63KR1PU
SourcePort: 49903
SourcePortName: 
DestinationIsIpv6: false
DestinationIp: 23.59.119.67
DestinationHostname: 
DestinationPort: 80
DestinationPortName: http"
Information	10.10.2017 08:03:49	Microsoft-Windows-Sysmon	3	Network connection detected (rule: NetworkConnect)	"Network connection detected:
UtcTime: 2017-10-10 06:03:48.627
ProcessGuid: {E4CEE641-C82B-597E-0000-00106A881600}
ProcessId: 6080
Image: C:\Program Files (x86)\Google\Chrome\Application\chrome.exe
User: DESKTOP-63KR1PU\John
Protocol: tcp
Initiated: true
SourceIsIpv6: false
SourceIp: 10.34.1.27
SourceHostname: DESKTOP-63KR1PU
SourcePort: 49901
SourcePortName: 
DestinationIsIpv6: false
DestinationIp: 151.101.113.67
DestinationHostname: 
DestinationPort: 80
DestinationPortName: http"
Information	10.10.2017 08:03:49	Microsoft-Windows-Sysmon	3	Network connection detected (rule: NetworkConnect)	"Network connection detected:
UtcTime: 2017-10-10 06:03:48.627
ProcessGuid: {E4CEE641-C82B-597E-0000-00106A881600}
ProcessId: 6080
Image: C:\Program Files (x86)\Google\Chrome\Application\chrome.exe
User: DESKTOP-63KR1PU\John
Protocol: tcp
Initiated: true
SourceIsIpv6: false
SourceIp: 10.34.1.27
SourceHostname: DESKTOP-63KR1PU
SourcePort: 49902
SourcePortName: 
DestinationIsIpv6: false
DestinationIp: 151.101.113.67
DestinationHostname: 
DestinationPort: 80
DestinationPortName: http"
Information	10.10.2017 08:03:49	Microsoft-Windows-Sysmon	3	Network connection detected (rule: NetworkConnect)	"Network connection detected:
UtcTime: 2017-10-10 06:03:48.603
ProcessGuid: {E4CEE641-C82B-597E-0000-00106A881600}
ProcessId: 6080
Image: C:\Program Files (x86)\Google\Chrome\Application\chrome.exe
User: DESKTOP-63KR1PU\John
Protocol: tcp
Initiated: true
SourceIsIpv6: false
SourceIp: 10.34.1.27
SourceHostname: DESKTOP-63KR1PU
SourcePort: 49900
SourcePortName: 
DestinationIsIpv6: false
DestinationIp: 104.94.136.237
DestinationHostname: a104-94-136-237.deploy.static.akamaitechnologies.com
DestinationPort: 80
DestinationPortName: http"
Information	10.10.2017 08:03:49	Microsoft-Windows-Sysmon	3	Network connection detected (rule: NetworkConnect)	"Network connection detected:
UtcTime: 2017-10-10 06:03:48.502
ProcessGuid: {E4CEE641-C82B-597E-0000-00106A881600}
ProcessId: 6080
Image: C:\Program Files (x86)\Google\Chrome\Application\chrome.exe
User: DESKTOP-63KR1PU\John
Protocol: tcp
Initiated: true
SourceIsIpv6: false
SourceIp: 10.34.1.27
SourceHostname: DESKTOP-63KR1PU
SourcePort: 49899
SourcePortName: 
DestinationIsIpv6: false
DestinationIp: 151.101.113.67
DestinationHostname: 
DestinationPort: 80
DestinationPortName: http"
Information	10.10.2017 08:03:49	Microsoft-Windows-Sysmon	3	Network connection detected (rule: NetworkConnect)	"Network connection detected:
UtcTime: 2017-10-10 06:03:48.502
ProcessGuid: {E4CEE641-C82B-597E-0000-00106A881600}
ProcessId: 6080
Image: C:\Program Files (x86)\Google\Chrome\Application\chrome.exe
User: DESKTOP-63KR1PU\John
Protocol: tcp
Initiated: true
SourceIsIpv6: false
SourceIp: 10.34.1.27
SourceHostname: DESKTOP-63KR1PU
SourcePort: 49898
SourcePortName: 
DestinationIsIpv6: false
DestinationIp: 151.101.113.67
DestinationHostname: 
DestinationPort: 80
DestinationPortName: http"
Information	10.10.2017 08:03:49	Microsoft-Windows-Sysmon	3	Network connection detected (rule: NetworkConnect)	"Network connection detected:
UtcTime: 2017-10-10 06:03:48.233
ProcessGuid: {E4CEE641-C82B-597E-0000-00106A881600}
ProcessId: 6080
Image: C:\Program Files (x86)\Google\Chrome\Application\chrome.exe
User: DESKTOP-63KR1PU\John
Protocol: tcp
Initiated: true
SourceIsIpv6: false
SourceIp: 10.34.1.27
SourceHostname: DESKTOP-63KR1PU
SourcePort: 49897
SourcePortName: 
DestinationIsIpv6: false
DestinationIp: 151.101.113.67
DestinationHostname: 
DestinationPort: 80
DestinationPortName: http"
Information	10.10.2017 08:03:48	Microsoft-Windows-Sysmon	2	File creation time changed (rule: FileCreateTime)	"File creation time changed:
UtcTime: 2017-10-10 06:03:48.878
ProcessGuid: {E4CEE641-C82B-597E-0000-00106A881600}
ProcessId: 6080
Image: C:\Program Files (x86)\Google\Chrome\Application\chrome.exe
TargetFilename: C:\Users\John\AppData\Local\Google\Chrome\User Data\Default\7a725004-22a9-432b-8f24-70858c4f8e05.tmp
CreationUtcTime: 2017-07-13 09:31:14.760
PreviousCreationUtcTime: 2017-10-10 06:03:48.818"
Information	10.10.2017 08:03:48	Microsoft-Windows-Sysmon	2	File creation time changed (rule: FileCreateTime)	"File creation time changed:
UtcTime: 2017-10-10 06:03:48.362
ProcessGuid: {E4CEE641-C82B-597E-0000-00106A881600}
ProcessId: 6080
Image: C:\Program Files (x86)\Google\Chrome\Application\chrome.exe
TargetFilename: C:\Users\John\AppData\Local\Google\Chrome\User Data\Default\3ecedb1c-ea5d-4b58-86e1-f251587e38f9.tmp
CreationUtcTime: 2017-07-13 09:31:05.775
PreviousCreationUtcTime: 2017-10-10 06:03:48.296"
Information	10.10.2017 08:03:45	Microsoft-Windows-Sysmon	5	Process terminated (rule: ProcessTerminate)	"Process terminated:
UtcTime: 2017-10-10 06:03:45.442
ProcessGuid: {E4CEE641-C82F-597E-0000-00108CA71600}
ProcessId: 4720
Image: C:\Program Files (x86)\Google\Chrome\Application\chrome.exe"
Information	10.10.2017 08:03:45	Microsoft-Windows-Sysmon	2	File creation time changed (rule: FileCreateTime)	"File creation time changed:
UtcTime: 2017-10-10 06:03:45.190
ProcessGuid: {E4CEE641-C82B-597E-0000-00106A881600}
ProcessId: 6080
Image: C:\Program Files (x86)\Google\Chrome\Application\chrome.exe
TargetFilename: C:\Users\John\AppData\Local\Google\Chrome\User Data\Default\Service Worker\CacheStorage\4cffe5d0b59926c8d8069ad00d0f24a3d5b507ed\index.txt.tmp
CreationUtcTime: 2017-07-14 06:18:57.791
PreviousCreationUtcTime: 2017-07-14 06:18:57.791"
Information	10.10.2017 08:03:45	Microsoft-Windows-Sysmon	1	Process Create (rule: ProcessCreate)	"Process Create:
UtcTime: 2017-10-10 06:03:45.143
ProcessGuid: {E4CEE641-C841-597E-0000-0010200E1700}
ProcessId: 7088
Image: C:\Program Files (x86)\Google\Chrome\Application\chrome.exe
CommandLine: ""C:\Program Files (x86)\Google\Chrome\Application\chrome.exe"" --type=renderer --field-trial-handle=1348 --primordial-pipe-token=14FDB612E9B2B60DA15DDE5CC80E2193 --lang=pl --enable-offline-auto-reload --enable-offline-auto-reload-visible-only --blink-settings=disallowFetchForDocWrittenScriptsInMainFrame=false,disallowFetchForDocWrittenScriptsInMainFrameOnSlowConnections=true --enable-pinch --device-scale-factor=1 --num-raster-threads=1 --content-image-texture-target=0,0,3553;0,1,3553;0,2,3553;0,3,3553;0,4,3553;0,5,3553;0,6,3553;0,7,3553;0,8,3553;0,9,3553;0,10,3553;0,11,3553;0,12,3553;0,13,3553;0,14,3553;0,15,3553;0,16,3553;1,0,3553;1,1,3553;1,2,3553;1,3,3553;1,4,3553;1,5,3553;1,6,3553;1,7,3553;1,8,3553;1,9,3553;1,10,3553;1,11,3553;1,12,3553;1,13,3553;1,14,3553;1,15,3553;1,16,3553;2,0,3553;2,1,3553;2,2,3553;2,3,3553;2,4,3553;2,5,3553;2,6,3553;2,7,3553;2,8,3553;2,9,3553;2,10,3553;2,11,3553;2,12,3553;2,13,3553;2,14,3553;2,15,3553;2,16,3553;3,0,3553;3,1,3553;3,2,3553;3,3,3553;3,4,3553;3,5,3553;3,6,3553;3,7,3553;3,8,3553;3,9,3553;3,10,3553;3,11,3553;3,12,3553;3,13,3553;3,14,3553;3,15,3553;3,16,3553;4,0,3553;4,1,3553;4,2,3553;4,3,3553;4,4,3553;4,5,3553;4,6,3553;4,7,3553;4,8,3553;4,9,3553;4,10,3553;4,11,3553;4,12,3553;4,13,3553;4,14,3553;4,15,3553;4,16,3553 --service-request-channel-token=14FDB612E9B2B60DA15DDE5CC80E2193 --renderer-client-id=8 --mojo-platform-channel-handle=3356 /prefetch:1
CurrentDirectory: C:\Program Files (x86)\Google\Chrome\Application\59.0.3071.115\
User: DESKTOP-63KR1PU\John
LogonGuid: {E4CEE641-C4E8-597E-0000-002051990100}
LogonId: 0x19951
TerminalSessionId: 1
IntegrityLevel: Low
Hashes: MD5=D387A06CD4BF5FCC1B50C3882F41A44E,SHA256=34FCB083CD01B1BD89FC467FD3C2CD292DE92F915A5CB43A36EDAED39CE2689A
ParentProcessGuid: {E4CEE641-C82B-597E-0000-00106A881600}
ParentProcessId: 6080
ParentImage: C:\Program Files (x86)\Google\Chrome\Application\chrome.exe
ParentCommandLine: ""C:\Program Files (x86)\Google\Chrome\Application\chrome.exe"" "
Information	10.10.2017 08:03:44	Microsoft-Windows-Sysmon	5	Process terminated (rule: ProcessTerminate)	"Process terminated:
UtcTime: 2017-10-10 06:03:44.571
ProcessGuid: {E4CEE641-C818-597E-0000-0010E4131600}
ProcessId: 6248
Image: C:\Windows\System32\sppsvc.exe"
Information	10.10.2017 08:03:43	Microsoft-Windows-Sysmon	3	Network connection detected (rule: NetworkConnect)	"Network connection detected:
UtcTime: 2017-10-10 06:03:42.254
ProcessGuid: {E4CEE641-C816-597E-0000-001002EF1500}
ProcessId: 5340
Image: C:\Program Files\Microsoft Office\root\Office16\EXCEL.EXE
User: DESKTOP-63KR1PU\John
Protocol: tcp
Initiated: true
SourceIsIpv6: false
SourceIp: 10.34.1.27
SourceHostname: DESKTOP-63KR1PU
SourcePort: 49896
SourcePortName: 
DestinationIsIpv6: false
DestinationIp: 40.84.54.36
DestinationHostname: 
DestinationPort: 443
DestinationPortName: https"
Information	10.10.2017 08:03:43	Microsoft-Windows-Sysmon	3	Network connection detected (rule: NetworkConnect)	"Network connection detected:
UtcTime: 2017-10-10 06:03:42.253
ProcessGuid: {E4CEE641-C816-597E-0000-001002EF1500}
ProcessId: 5340
Image: C:\Program Files\Microsoft Office\root\Office16\EXCEL.EXE
User: DESKTOP-63KR1PU\John
Protocol: tcp
Initiated: true
SourceIsIpv6: false
SourceIp: 10.34.1.27
SourceHostname: DESKTOP-63KR1PU
SourcePort: 49895
SourcePortName: 
DestinationIsIpv6: false
DestinationIp: 40.84.54.36
DestinationHostname: 
DestinationPort: 443
DestinationPortName: https"
Information	10.10.2017 08:03:42	Microsoft-Windows-Sysmon	3	Network connection detected (rule: NetworkConnect)	"Network connection detected:
UtcTime: 2017-10-10 06:03:41.931
ProcessGuid: {E4CEE641-C82B-597E-0000-00106A881600}
ProcessId: 6080
Image: C:\Program Files (x86)\Google\Chrome\Application\chrome.exe
User: DESKTOP-63KR1PU\John
Protocol: tcp
Initiated: true
SourceIsIpv6: false
SourceIp: 10.34.1.27
SourceHostname: DESKTOP-63KR1PU
SourcePort: 49894
SourcePortName: 
DestinationIsIpv6: false
DestinationIp: 104.94.106.213
DestinationHostname: a104-94-106-213.deploy.static.akamaitechnologies.com
DestinationPort: 80
DestinationPortName: http"
Information	10.10.2017 08:03:42	Microsoft-Windows-Sysmon	2	File creation time changed (rule: FileCreateTime)	"File creation time changed:
UtcTime: 2017-10-10 06:03:42.697
ProcessGuid: {E4CEE641-C82B-597E-0000-00106A881600}
ProcessId: 6080
Image: C:\Program Files (x86)\Google\Chrome\Application\chrome.exe
TargetFilename: C:\Users\John\AppData\Roaming\Microsoft\Windows\Recent\CustomDestinations\IZUWKQYC7X4Y4YM3OYFG.temp
CreationUtcTime: 2017-07-13 09:31:16.620
PreviousCreationUtcTime: 2017-10-10 06:03:42.665"
Information	10.10.2017 08:03:42	Microsoft-Windows-Sysmon	3	Network connection detected (rule: NetworkConnect)	"Network connection detected:
UtcTime: 2017-10-10 06:03:41.653
ProcessGuid: {E4CEE641-C82B-597E-0000-00106A881600}
ProcessId: 6080
Image: C:\Program Files (x86)\Google\Chrome\Application\chrome.exe
User: DESKTOP-63KR1PU\John
Protocol: tcp
Initiated: true
SourceIsIpv6: false
SourceIp: 10.34.1.27
SourceHostname: DESKTOP-63KR1PU
SourcePort: 49893
SourcePortName: 
DestinationIsIpv6: false
DestinationIp: 50.16.197.102
DestinationHostname: ec2-50-16-197-102.compute-1.amazonaws.com
DestinationPort: 80
DestinationPortName: http"
Information	10.10.2017 08:03:42	Microsoft-Windows-Sysmon	3	Network connection detected (rule: NetworkConnect)	"Network connection detected:
UtcTime: 2017-10-10 06:03:41.418
ProcessGuid: {E4CEE641-C82B-597E-0000-00106A881600}
ProcessId: 6080
Image: C:\Program Files (x86)\Google\Chrome\Application\chrome.exe
User: DESKTOP-63KR1PU\John
Protocol: tcp
Initiated: true
SourceIsIpv6: false
SourceIp: 10.34.1.27
SourceHostname: DESKTOP-63KR1PU
SourcePort: 49892
SourcePortName: 
DestinationIsIpv6: false
DestinationIp: 151.101.112.249
DestinationHostname: 
DestinationPort: 80
DestinationPortName: http"
Information	10.10.2017 08:03:41	Microsoft-Windows-Sysmon	2	File creation time changed (rule: FileCreateTime)	"File creation time changed:
UtcTime: 2017-10-10 06:03:41.626
ProcessGuid: {E4CEE641-C82B-597E-0000-00106A881600}
ProcessId: 6080
Image: C:\Program Files (x86)\Google\Chrome\Application\chrome.exe
TargetFilename: C:\Users\John\AppData\Local\Google\Chrome\User Data\Default\c772815b-c614-4c2e-8e2f-c9d2e5bc8f3d.tmp
CreationUtcTime: 2017-07-13 09:31:34.553
PreviousCreationUtcTime: 2017-10-10 06:03:41.613"
Information	10.10.2017 08:03:40	Microsoft-Windows-Sysmon	3	Network connection detected (rule: NetworkConnect)	"Network connection detected:
UtcTime: 2017-10-10 06:03:39.488
ProcessGuid: {E4CEE641-C82B-597E-0000-00106A881600}
ProcessId: 6080
Image: C:\Program Files (x86)\Google\Chrome\Application\chrome.exe
User: DESKTOP-63KR1PU\John
Protocol: tcp
Initiated: true
SourceIsIpv6: false
SourceIp: 10.34.1.27
SourceHostname: DESKTOP-63KR1PU
SourcePort: 49890
SourcePortName: 
DestinationIsIpv6: false
DestinationIp: 216.58.209.67
DestinationHostname: waw02s06-in-f67.1e100.net
DestinationPort: 443
DestinationPortName: https"
Information	10.10.2017 08:03:40	Microsoft-Windows-Sysmon	3	Network connection detected (rule: NetworkConnect)	"Network connection detected:
UtcTime: 2017-10-10 06:03:39.488
ProcessGuid: {E4CEE641-C82B-597E-0000-00106A881600}
ProcessId: 6080
Image: C:\Program Files (x86)\Google\Chrome\Application\chrome.exe
User: DESKTOP-63KR1PU\John
Protocol: tcp
Initiated: true
SourceIsIpv6: false
SourceIp: 10.34.1.27
SourceHostname: DESKTOP-63KR1PU
SourcePort: 49889
SourcePortName: 
DestinationIsIpv6: false
DestinationIp: 172.217.20.195
DestinationHostname: waw02s08-in-f195.1e100.net
DestinationPort: 443
DestinationPortName: https"
Information	10.10.2017 08:03:40	Microsoft-Windows-Sysmon	3	Network connection detected (rule: NetworkConnect)	"Network connection detected:
UtcTime: 2017-10-10 06:03:39.488
ProcessGuid: {E4CEE641-C82B-597E-0000-00106A881600}
ProcessId: 6080
Image: C:\Program Files (x86)\Google\Chrome\Application\chrome.exe
User: DESKTOP-63KR1PU\John
Protocol: tcp
Initiated: true
SourceIsIpv6: false
SourceIp: 10.34.1.27
SourceHostname: DESKTOP-63KR1PU
SourcePort: 49891
SourcePortName: 
DestinationIsIpv6: false
DestinationIp: 216.58.209.67
DestinationHostname: waw02s06-in-f67.1e100.net
DestinationPort: 443
DestinationPortName: https"
Information	10.10.2017 08:03:39	Microsoft-Windows-Sysmon	3	Network connection detected (rule: NetworkConnect)	"Network connection detected:
UtcTime: 2017-10-10 06:03:39.204
ProcessGuid: {E4CEE641-C82B-597E-0000-00106A881600}
ProcessId: 6080
Image: C:\Program Files (x86)\Google\Chrome\Application\chrome.exe
User: DESKTOP-63KR1PU\John
Protocol: tcp
Initiated: true
SourceIsIpv6: false
SourceIp: 10.34.1.27
SourceHostname: DESKTOP-63KR1PU
SourcePort: 49888
SourcePortName: 
DestinationIsIpv6: false
DestinationIp: 77.72.118.173
DestinationHostname: an.haven.com
DestinationPort: 443
DestinationPortName: https"
Information	10.10.2017 08:03:39	Microsoft-Windows-Sysmon	3	Network connection detected (rule: NetworkConnect)	"Network connection detected:
UtcTime: 2017-10-10 06:03:39.053
ProcessGuid: {E4CEE641-C82B-597E-0000-00106A881600}
ProcessId: 6080
Image: C:\Program Files (x86)\Google\Chrome\Application\chrome.exe
User: DESKTOP-63KR1PU\John
Protocol: tcp
Initiated: true
SourceIsIpv6: false
SourceIp: 10.34.1.27
SourceHostname: DESKTOP-63KR1PU
SourcePort: 49886
SourcePortName: 
DestinationIsIpv6: false
DestinationIp: 77.72.118.173
DestinationHostname: an.haven.com
DestinationPort: 443
DestinationPortName: https"
Information	10.10.2017 08:03:39	Microsoft-Windows-Sysmon	3	Network connection detected (rule: NetworkConnect)	"Network connection detected:
UtcTime: 2017-10-10 06:03:39.030
ProcessGuid: {E4CEE641-C82B-597E-0000-00106A881600}
ProcessId: 6080
Image: C:\Program Files (x86)\Google\Chrome\Application\chrome.exe
User: DESKTOP-63KR1PU\John
Protocol: tcp
Initiated: true
SourceIsIpv6: false
SourceIp: 10.34.1.27
SourceHostname: DESKTOP-63KR1PU
SourcePort: 49887
SourcePortName: 
DestinationIsIpv6: false
DestinationIp: 216.58.209.78
DestinationHostname: waw02s06-in-f78.1e100.net
DestinationPort: 443
DestinationPortName: https"
Information	10.10.2017 08:03:39	Microsoft-Windows-Sysmon	3	Network connection detected (rule: NetworkConnect)	"Network connection detected:
UtcTime: 2017-10-10 06:03:39.023
ProcessGuid: {E4CEE641-C82B-597E-0000-00106A881600}
ProcessId: 6080
Image: C:\Program Files (x86)\Google\Chrome\Application\chrome.exe
User: DESKTOP-63KR1PU\John
Protocol: tcp
Initiated: true
SourceIsIpv6: false
SourceIp: 10.34.1.27
SourceHostname: DESKTOP-63KR1PU
SourcePort: 49885
SourcePortName: 
DestinationIsIpv6: false
DestinationIp: 212.58.244.70
DestinationHostname: bbc-vip115.telhc.bbc.co.uk
DestinationPort: 80
DestinationPortName: http"
Information	10.10.2017 08:03:39	Microsoft-Windows-Sysmon	3	Network connection detected (rule: NetworkConnect)	"Network connection detected:
UtcTime: 2017-10-10 06:03:38.785
ProcessGuid: {E4CEE641-C82B-597E-0000-00106A881600}
ProcessId: 6080
Image: C:\Program Files (x86)\Google\Chrome\Application\chrome.exe
User: DESKTOP-63KR1PU\John
Protocol: tcp
Initiated: true
SourceIsIpv6: false
SourceIp: 10.34.1.27
SourceHostname: DESKTOP-63KR1PU
SourcePort: 49884
SourcePortName: 
DestinationIsIpv6: false
DestinationIp: 104.94.106.213
DestinationHostname: a104-94-106-213.deploy.static.akamaitechnologies.com
DestinationPort: 80
DestinationPortName: http"
Information	10.10.2017 08:03:39	Microsoft-Windows-Sysmon	3	Network connection detected (rule: NetworkConnect)	"Network connection detected:
UtcTime: 2017-10-10 06:03:38.701
ProcessGuid: {E4CEE641-C82B-597E-0000-00106A881600}
ProcessId: 6080
Image: C:\Program Files (x86)\Google\Chrome\Application\chrome.exe
User: DESKTOP-63KR1PU\John
Protocol: tcp
Initiated: true
SourceIsIpv6: false
SourceIp: 10.34.1.27
SourceHostname: DESKTOP-63KR1PU
SourcePort: 49883
SourcePortName: 
DestinationIsIpv6: false
DestinationIp: 104.94.133.195
DestinationHostname: a104-94-133-195.deploy.static.akamaitechnologies.com
DestinationPort: 443
DestinationPortName: https"
Information	10.10.2017 08:03:39	Microsoft-Windows-Sysmon	3	Network connection detected (rule: NetworkConnect)	"Network connection detected:
UtcTime: 2017-10-10 06:03:38.701
ProcessGuid: {E4CEE641-C82B-597E-0000-00106A881600}
ProcessId: 6080
Image: C:\Program Files (x86)\Google\Chrome\Application\chrome.exe
User: DESKTOP-63KR1PU\John
Protocol: tcp
Initiated: true
SourceIsIpv6: false
SourceIp: 10.34.1.27
SourceHostname: DESKTOP-63KR1PU
SourcePort: 49882
SourcePortName: 
DestinationIsIpv6: false
DestinationIp: 104.94.133.195
DestinationHostname: a104-94-133-195.deploy.static.akamaitechnologies.com
DestinationPort: 443
DestinationPortName: https"
Information	10.10.2017 08:03:39	Microsoft-Windows-Sysmon	2	File creation time changed (rule: FileCreateTime)	"File creation time changed:
UtcTime: 2017-10-10 06:03:39.395
ProcessGuid: {E4CEE641-C82B-597E-0000-00106A881600}
ProcessId: 6080
Image: C:\Program Files (x86)\Google\Chrome\Application\chrome.exe
TargetFilename: C:\Users\John\AppData\Local\Google\Chrome\User Data\Default\IndexedDB\https_www.google.pl_0.indexeddb.leveldb\LOG
CreationUtcTime: 2017-07-14 06:18:41.894
PreviousCreationUtcTime: 2017-07-14 06:18:41.894"
Information	10.10.2017 08:03:39	Microsoft-Windows-Sysmon	3	Network connection detected (rule: NetworkConnect)	"Network connection detected:
UtcTime: 2017-10-10 06:03:38.592
ProcessGuid: {E4CEE641-C82B-597E-0000-00106A881600}
ProcessId: 6080
Image: C:\Program Files (x86)\Google\Chrome\Application\chrome.exe
User: DESKTOP-63KR1PU\John
Protocol: tcp
Initiated: true
SourceIsIpv6: false
SourceIp: 10.34.1.27
SourceHostname: DESKTOP-63KR1PU
SourcePort: 49881
SourcePortName: 
DestinationIsIpv6: false
DestinationIp: 104.94.133.195
DestinationHostname: a104-94-133-195.deploy.static.akamaitechnologies.com
DestinationPort: 443
DestinationPortName: https"
Information	10.10.2017 08:03:39	Microsoft-Windows-Sysmon	3	Network connection detected (rule: NetworkConnect)	"Network connection detected:
UtcTime: 2017-10-10 06:03:38.423
ProcessGuid: {E4CEE641-C82B-597E-0000-00106A881600}
ProcessId: 6080
Image: C:\Program Files (x86)\Google\Chrome\Application\chrome.exe
User: DESKTOP-63KR1PU\John
Protocol: tcp
Initiated: true
SourceIsIpv6: false
SourceIp: 10.34.1.27
SourceHostname: DESKTOP-63KR1PU
SourcePort: 49880
SourcePortName: 
DestinationIsIpv6: false
DestinationIp: 104.94.133.195
DestinationHostname: a104-94-133-195.deploy.static.akamaitechnologies.com
DestinationPort: 443
DestinationPortName: https"
Information	10.10.2017 08:03:38	Microsoft-Windows-Sysmon	3	Network connection detected (rule: NetworkConnect)	"Network connection detected:
UtcTime: 2017-10-10 06:03:38.168
ProcessGuid: {E4CEE641-C82B-597E-0000-00106A881600}
ProcessId: 6080
Image: C:\Program Files (x86)\Google\Chrome\Application\chrome.exe
User: DESKTOP-63KR1PU\John
Protocol: tcp
Initiated: true
SourceIsIpv6: false
SourceIp: 10.34.1.27
SourceHostname: DESKTOP-63KR1PU
SourcePort: 49879
SourcePortName: 
DestinationIsIpv6: false
DestinationIp: 212.58.244.114
DestinationHostname: fmt-vip57.telhc.bbc.co.uk
DestinationPort: 443
DestinationPortName: https"
Information	10.10.2017 08:03:38	Microsoft-Windows-Sysmon	3	Network connection detected (rule: NetworkConnect)	"Network connection detected:
UtcTime: 2017-10-10 06:03:38.120
ProcessGuid: {E4CEE641-C82B-597E-0000-00106A881600}
ProcessId: 6080
Image: C:\Program Files (x86)\Google\Chrome\Application\chrome.exe
User: DESKTOP-63KR1PU\John
Protocol: tcp
Initiated: true
SourceIsIpv6: false
SourceIp: 10.34.1.27
SourceHostname: DESKTOP-63KR1PU
SourcePort: 49878
SourcePortName: 
DestinationIsIpv6: false
DestinationIp: 104.94.106.213
DestinationHostname: a104-94-106-213.deploy.static.akamaitechnologies.com
DestinationPort: 80
DestinationPortName: http"
Information	10.10.2017 08:03:38	Microsoft-Windows-Sysmon	3	Network connection detected (rule: NetworkConnect)	"Network connection detected:
UtcTime: 2017-10-10 06:03:38.120
ProcessGuid: {E4CEE641-C82B-597E-0000-00106A881600}
ProcessId: 6080
Image: C:\Program Files (x86)\Google\Chrome\Application\chrome.exe
User: DESKTOP-63KR1PU\John
Protocol: tcp
Initiated: true
SourceIsIpv6: false
SourceIp: 10.34.1.27
SourceHostname: DESKTOP-63KR1PU
SourcePort: 49876
SourcePortName: 
DestinationIsIpv6: false
DestinationIp: 104.94.133.195
DestinationHostname: a104-94-133-195.deploy.static.akamaitechnologies.com
DestinationPort: 443
DestinationPortName: https"
Information	10.10.2017 08:03:38	Microsoft-Windows-Sysmon	3	Network connection detected (rule: NetworkConnect)	"Network connection detected:
UtcTime: 2017-10-10 06:03:38.120
ProcessGuid: {E4CEE641-C82B-597E-0000-00106A881600}
ProcessId: 6080
Image: C:\Program Files (x86)\Google\Chrome\Application\chrome.exe
User: DESKTOP-63KR1PU\John
Protocol: tcp
Initiated: true
SourceIsIpv6: false
SourceIp: 10.34.1.27
SourceHostname: DESKTOP-63KR1PU
SourcePort: 49877
SourcePortName: 
DestinationIsIpv6: false
DestinationIp: 104.94.133.195
DestinationHostname: a104-94-133-195.deploy.static.akamaitechnologies.com
DestinationPort: 443
DestinationPortName: https"
Information	10.10.2017 08:03:38	Microsoft-Windows-Sysmon	3	Network connection detected (rule: NetworkConnect)	"Network connection detected:
UtcTime: 2017-10-10 06:03:38.120
ProcessGuid: {E4CEE641-C82B-597E-0000-00106A881600}
ProcessId: 6080
Image: C:\Program Files (x86)\Google\Chrome\Application\chrome.exe
User: DESKTOP-63KR1PU\John
Protocol: tcp
Initiated: true
SourceIsIpv6: false
SourceIp: 10.34.1.27
SourceHostname: DESKTOP-63KR1PU
SourcePort: 49875
SourcePortName: 
DestinationIsIpv6: false
DestinationIp: 104.94.133.195
DestinationHostname: a104-94-133-195.deploy.static.akamaitechnologies.com
DestinationPort: 443
DestinationPortName: https"
Information	10.10.2017 08:03:38	Microsoft-Windows-Sysmon	3	Network connection detected (rule: NetworkConnect)	"Network connection detected:
UtcTime: 2017-10-10 06:03:38.056
ProcessGuid: {E4CEE641-C82B-597E-0000-00106A881600}
ProcessId: 6080
Image: C:\Program Files (x86)\Google\Chrome\Application\chrome.exe
User: DESKTOP-63KR1PU\John
Protocol: tcp
Initiated: true
SourceIsIpv6: false
SourceIp: 10.34.1.27
SourceHostname: DESKTOP-63KR1PU
SourcePort: 49874
SourcePortName: 
DestinationIsIpv6: false
DestinationIp: 104.94.106.213
DestinationHostname: a104-94-106-213.deploy.static.akamaitechnologies.com
DestinationPort: 80
DestinationPortName: http"
Information	10.10.2017 08:03:38	Microsoft-Windows-Sysmon	3	Network connection detected (rule: NetworkConnect)	"Network connection detected:
UtcTime: 2017-10-10 06:03:37.976
ProcessGuid: {E4CEE641-C82B-597E-0000-00106A881600}
ProcessId: 6080
Image: C:\Program Files (x86)\Google\Chrome\Application\chrome.exe
User: DESKTOP-63KR1PU\John
Protocol: tcp
Initiated: true
SourceIsIpv6: false
SourceIp: 10.34.1.27
SourceHostname: DESKTOP-63KR1PU
SourcePort: 49873
SourcePortName: 
DestinationIsIpv6: false
DestinationIp: 104.94.133.195
DestinationHostname: a104-94-133-195.deploy.static.akamaitechnologies.com
DestinationPort: 443
DestinationPortName: https"
Information	10.10.2017 08:03:38	Microsoft-Windows-Sysmon	3	Network connection detected (rule: NetworkConnect)	"Network connection detected:
UtcTime: 2017-10-10 06:03:37.898
ProcessGuid: {E4CEE641-C82B-597E-0000-00106A881600}
ProcessId: 6080
Image: C:\Program Files (x86)\Google\Chrome\Application\chrome.exe
User: DESKTOP-63KR1PU\John
Protocol: tcp
Initiated: true
SourceIsIpv6: false
SourceIp: 10.34.1.27
SourceHostname: DESKTOP-63KR1PU
SourcePort: 49870
SourcePortName: 
DestinationIsIpv6: false
DestinationIp: 104.94.106.213
DestinationHostname: a104-94-106-213.deploy.static.akamaitechnologies.com
DestinationPort: 443
DestinationPortName: https"
Information	10.10.2017 08:03:38	Microsoft-Windows-Sysmon	3	Network connection detected (rule: NetworkConnect)	"Network connection detected:
UtcTime: 2017-10-10 06:03:37.898
ProcessGuid: {E4CEE641-C82B-597E-0000-00106A881600}
ProcessId: 6080
Image: C:\Program Files (x86)\Google\Chrome\Application\chrome.exe
User: DESKTOP-63KR1PU\John
Protocol: tcp
Initiated: true
SourceIsIpv6: false
SourceIp: 10.34.1.27
SourceHostname: DESKTOP-63KR1PU
SourcePort: 49871
SourcePortName: 
DestinationIsIpv6: false
DestinationIp: 104.94.106.213
DestinationHostname: a104-94-106-213.deploy.static.akamaitechnologies.com
DestinationPort: 443
DestinationPortName: https"
Information	10.10.2017 08:03:38	Microsoft-Windows-Sysmon	3	Network connection detected (rule: NetworkConnect)	"Network connection detected:
UtcTime: 2017-10-10 06:03:37.898
ProcessGuid: {E4CEE641-C82B-597E-0000-00106A881600}
ProcessId: 6080
Image: C:\Program Files (x86)\Google\Chrome\Application\chrome.exe
User: DESKTOP-63KR1PU\John
Protocol: tcp
Initiated: true
SourceIsIpv6: false
SourceIp: 10.34.1.27
SourceHostname: DESKTOP-63KR1PU
SourcePort: 49872
SourcePortName: 
DestinationIsIpv6: false
DestinationIp: 104.94.106.213
DestinationHostname: a104-94-106-213.deploy.static.akamaitechnologies.com
DestinationPort: 80
DestinationPortName: http"
Information	10.10.2017 08:03:38	Microsoft-Windows-Sysmon	3	Network connection detected (rule: NetworkConnect)	"Network connection detected:
UtcTime: 2017-10-10 06:03:37.810
ProcessGuid: {E4CEE641-C82B-597E-0000-00106A881600}
ProcessId: 6080
Image: C:\Program Files (x86)\Google\Chrome\Application\chrome.exe
User: DESKTOP-63KR1PU\John
Protocol: tcp
Initiated: true
SourceIsIpv6: false
SourceIp: 10.34.1.27
SourceHostname: DESKTOP-63KR1PU
SourcePort: 49869
SourcePortName: 
DestinationIsIpv6: false
DestinationIp: 104.94.106.213
DestinationHostname: a104-94-106-213.deploy.static.akamaitechnologies.com
DestinationPort: 80
DestinationPortName: http"
Information	10.10.2017 08:03:38	Microsoft-Windows-Sysmon	3	Network connection detected (rule: NetworkConnect)	"Network connection detected:
UtcTime: 2017-10-10 06:03:37.810
ProcessGuid: {E4CEE641-C82B-597E-0000-00106A881600}
ProcessId: 6080
Image: C:\Program Files (x86)\Google\Chrome\Application\chrome.exe
User: DESKTOP-63KR1PU\John
Protocol: tcp
Initiated: true
SourceIsIpv6: false
SourceIp: 10.34.1.27
SourceHostname: DESKTOP-63KR1PU
SourcePort: 49867
SourcePortName: 
DestinationIsIpv6: false
DestinationIp: 104.94.106.213
DestinationHostname: a104-94-106-213.deploy.static.akamaitechnologies.com
DestinationPort: 80
DestinationPortName: http"
Information	10.10.2017 08:03:38	Microsoft-Windows-Sysmon	3	Network connection detected (rule: NetworkConnect)	"Network connection detected:
UtcTime: 2017-10-10 06:03:37.810
ProcessGuid: {E4CEE641-C82B-597E-0000-00106A881600}
ProcessId: 6080
Image: C:\Program Files (x86)\Google\Chrome\Application\chrome.exe
User: DESKTOP-63KR1PU\John
Protocol: tcp
Initiated: true
SourceIsIpv6: false
SourceIp: 10.34.1.27
SourceHostname: DESKTOP-63KR1PU
SourcePort: 49868
SourcePortName: 
DestinationIsIpv6: false
DestinationIp: 104.94.106.213
DestinationHostname: a104-94-106-213.deploy.static.akamaitechnologies.com
DestinationPort: 80
DestinationPortName: http"
Information	10.10.2017 08:03:38	Microsoft-Windows-Sysmon	3	Network connection detected (rule: NetworkConnect)	"Network connection detected:
UtcTime: 2017-10-10 06:03:37.771
ProcessGuid: {E4CEE641-C82B-597E-0000-00106A881600}
ProcessId: 6080
Image: C:\Program Files (x86)\Google\Chrome\Application\chrome.exe
User: DESKTOP-63KR1PU\John
Protocol: tcp
Initiated: true
SourceIsIpv6: false
SourceIp: 10.34.1.27
SourceHostname: DESKTOP-63KR1PU
SourcePort: 49866
SourcePortName: 
DestinationIsIpv6: false
DestinationIp: 104.94.106.213
DestinationHostname: a104-94-106-213.deploy.static.akamaitechnologies.com
DestinationPort: 80
DestinationPortName: http"
Information	10.10.2017 08:03:38	Microsoft-Windows-Sysmon	3	Network connection detected (rule: NetworkConnect)	"Network connection detected:
UtcTime: 2017-10-10 06:03:37.487
ProcessGuid: {E4CEE641-C82B-597E-0000-00106A881600}
ProcessId: 6080
Image: C:\Program Files (x86)\Google\Chrome\Application\chrome.exe
User: DESKTOP-63KR1PU\John
Protocol: tcp
Initiated: true
SourceIsIpv6: false
SourceIp: 10.34.1.27
SourceHostname: DESKTOP-63KR1PU
SourcePort: 49865
SourcePortName: 
DestinationIsIpv6: false
DestinationIp: 212.58.244.26
DestinationHostname: bbc-vip145.telhc.bbc.co.uk
DestinationPort: 80
DestinationPortName: http"
Information	10.10.2017 08:03:38	Microsoft-Windows-Sysmon	3	Network connection detected (rule: NetworkConnect)	"Network connection detected:
UtcTime: 2017-10-10 06:03:37.440
ProcessGuid: {E4CEE641-C82B-597E-0000-00106A881600}
ProcessId: 6080
Image: C:\Program Files (x86)\Google\Chrome\Application\chrome.exe
User: DESKTOP-63KR1PU\John
Protocol: tcp
Initiated: true
SourceIsIpv6: false
SourceIp: 10.34.1.27
SourceHostname: DESKTOP-63KR1PU
SourcePort: 49864
SourcePortName: 
DestinationIsIpv6: false
DestinationIp: 212.58.244.26
DestinationHostname: bbc-vip145.telhc.bbc.co.uk
DestinationPort: 80
DestinationPortName: http"
Information	10.10.2017 08:03:37	Microsoft-Windows-Sysmon	3	Network connection detected (rule: NetworkConnect)	"Network connection detected:
UtcTime: 2017-10-10 06:03:36.942
ProcessGuid: {E4CEE641-C82B-597E-0000-00106A881600}
ProcessId: 6080
Image: C:\Program Files (x86)\Google\Chrome\Application\chrome.exe
User: DESKTOP-63KR1PU\John
Protocol: tcp
Initiated: true
SourceIsIpv6: false
SourceIp: 10.34.1.27
SourceHostname: DESKTOP-63KR1PU
SourcePort: 49862
SourcePortName: 
DestinationIsIpv6: false
DestinationIp: 216.58.209.67
DestinationHostname: waw02s06-in-f67.1e100.net
DestinationPort: 443
DestinationPortName: https"
Information	10.10.2017 08:03:37	Microsoft-Windows-Sysmon	3	Network connection detected (rule: NetworkConnect)	"Network connection detected:
UtcTime: 2017-10-10 06:03:36.942
ProcessGuid: {E4CEE641-C82B-597E-0000-00106A881600}
ProcessId: 6080
Image: C:\Program Files (x86)\Google\Chrome\Application\chrome.exe
User: DESKTOP-63KR1PU\John
Protocol: tcp
Initiated: true
SourceIsIpv6: false
SourceIp: 10.34.1.27
SourceHostname: DESKTOP-63KR1PU
SourcePort: 49863
SourcePortName: 
DestinationIsIpv6: false
DestinationIp: 216.58.209.67
DestinationHostname: waw02s06-in-f67.1e100.net
DestinationPort: 443
DestinationPortName: https"
Information	10.10.2017 08:03:36	Microsoft-Windows-Sysmon	2	File creation time changed (rule: FileCreateTime)	"File creation time changed:
UtcTime: 2017-10-10 06:03:36.602
ProcessGuid: {E4CEE641-C82B-597E-0000-00106A881600}
ProcessId: 6080
Image: C:\Program Files (x86)\Google\Chrome\Application\chrome.exe
TargetFilename: C:\Users\John\AppData\Local\Google\Chrome\User Data\Default\ebe8e5ca-0d9a-4e9c-b7ca-7fec2d47c008.tmp
CreationUtcTime: 2017-07-13 09:31:14.760
PreviousCreationUtcTime: 2017-10-10 06:03:36.600"
Information	10.10.2017 08:03:36	Microsoft-Windows-Sysmon	2	File creation time changed (rule: FileCreateTime)	"File creation time changed:
UtcTime: 2017-10-10 06:03:36.598
ProcessGuid: {E4CEE641-C82B-597E-0000-00106A881600}
ProcessId: 6080
Image: C:\Program Files (x86)\Google\Chrome\Application\chrome.exe
TargetFilename: C:\Users\John\AppData\Local\Google\Chrome\User Data\Default\8ec4d0de-8f4e-4b45-9f0c-028705eca916.tmp
CreationUtcTime: 2017-07-13 09:31:05.775
PreviousCreationUtcTime: 2017-10-10 06:03:36.554"
Information	10.10.2017 08:03:36	Microsoft-Windows-Sysmon	2	File creation time changed (rule: FileCreateTime)	"File creation time changed:
UtcTime: 2017-10-10 06:03:36.498
ProcessGuid: {E4CEE641-C82B-597E-0000-00106A881600}
ProcessId: 6080
Image: C:\Program Files (x86)\Google\Chrome\Application\chrome.exe
TargetFilename: C:\Users\John\AppData\Local\Google\Chrome\User Data\1d7a89e7-2a42-4672-be24-917e295aefbb.tmp
CreationUtcTime: 2017-07-13 09:31:14.496
PreviousCreationUtcTime: 2017-10-10 06:03:36.494"
Information	10.10.2017 08:03:36	Microsoft-Windows-Sysmon	2	File creation time changed (rule: FileCreateTime)	"File creation time changed:
UtcTime: 2017-10-10 06:03:35.941
ProcessGuid: {E4CEE641-C82B-597E-0000-00106A881600}
ProcessId: 6080
Image: C:\Program Files (x86)\Google\Chrome\Application\chrome.exe
TargetFilename: C:\Users\John\AppData\Local\Google\Chrome\User Data\Default\Service Worker\CacheStorage\4cffe5d0b59926c8d8069ad00d0f24a3d5b507ed\index.txt.tmp
CreationUtcTime: 2017-07-14 06:18:57.791
PreviousCreationUtcTime: 2017-10-10 06:03:35.941"
Information	10.10.2017 08:03:34	Microsoft-Windows-Sysmon	1	Process Create (rule: ProcessCreate)	"Process Create:
UtcTime: 2017-10-10 06:03:34.325
ProcessGuid: {E4CEE641-C836-597E-0000-0010C7D71600}
ProcessId: 6900
Image: C:\Program Files (x86)\Google\Chrome\Application\chrome.exe
CommandLine: ""C:\Program Files (x86)\Google\Chrome\Application\chrome.exe"" --type=renderer --field-trial-handle=1348 --primordial-pipe-token=EB3A55F8A330B26FA47DA25D4332FB59 --lang=pl --enable-offline-auto-reload --enable-offline-auto-reload-visible-only --blink-settings=disallowFetchForDocWrittenScriptsInMainFrame=false,disallowFetchForDocWrittenScriptsInMainFrameOnSlowConnections=true --enable-pinch --device-scale-factor=1 --num-raster-threads=1 --content-image-texture-target=0,0,3553;0,1,3553;0,2,3553;0,3,3553;0,4,3553;0,5,3553;0,6,3553;0,7,3553;0,8,3553;0,9,3553;0,10,3553;0,11,3553;0,12,3553;0,13,3553;0,14,3553;0,15,3553;0,16,3553;1,0,3553;1,1,3553;1,2,3553;1,3,3553;1,4,3553;1,5,3553;1,6,3553;1,7,3553;1,8,3553;1,9,3553;1,10,3553;1,11,3553;1,12,3553;1,13,3553;1,14,3553;1,15,3553;1,16,3553;2,0,3553;2,1,3553;2,2,3553;2,3,3553;2,4,3553;2,5,3553;2,6,3553;2,7,3553;2,8,3553;2,9,3553;2,10,3553;2,11,3553;2,12,3553;2,13,3553;2,14,3553;2,15,3553;2,16,3553;3,0,3553;3,1,3553;3,2,3553;3,3,3553;3,4,3553;3,5,3553;3,6,3553;3,7,3553;3,8,3553;3,9,3553;3,10,3553;3,11,3553;3,12,3553;3,13,3553;3,14,3553;3,15,3553;3,16,3553;4,0,3553;4,1,3553;4,2,3553;4,3,3553;4,4,3553;4,5,3553;4,6,3553;4,7,3553;4,8,3553;4,9,3553;4,10,3553;4,11,3553;4,12,3553;4,13,3553;4,14,3553;4,15,3553;4,16,3553 --service-request-channel-token=EB3A55F8A330B26FA47DA25D4332FB59 --renderer-client-id=6 --mojo-platform-channel-handle=4332 /prefetch:1
CurrentDirectory: C:\Program Files (x86)\Google\Chrome\Application\59.0.3071.115\
User: DESKTOP-63KR1PU\John
LogonGuid: {E4CEE641-C4E8-597E-0000-002051990100}
LogonId: 0x19951
TerminalSessionId: 1
IntegrityLevel: Low
Hashes: MD5=D387A06CD4BF5FCC1B50C3882F41A44E,SHA256=34FCB083CD01B1BD89FC467FD3C2CD292DE92F915A5CB43A36EDAED39CE2689A
ParentProcessGuid: {E4CEE641-C82B-597E-0000-00106A881600}
ParentProcessId: 6080
ParentImage: C:\Program Files (x86)\Google\Chrome\Application\chrome.exe
ParentCommandLine: ""C:\Program Files (x86)\Google\Chrome\Application\chrome.exe"" "
Information	10.10.2017 08:03:33	Microsoft-Windows-Sysmon	2	File creation time changed (rule: FileCreateTime)	"File creation time changed:
UtcTime: 2017-10-10 06:03:33.171
ProcessGuid: {E4CEE641-C82B-597E-0000-00106A881600}
ProcessId: 6080
Image: C:\Program Files (x86)\Google\Chrome\Application\chrome.exe
TargetFilename: C:\Users\John\AppData\Roaming\Microsoft\Windows\Recent\CustomDestinations\1H0V2O5AQHYV10CQ1EL8.temp
CreationUtcTime: 2017-07-13 09:31:16.620
PreviousCreationUtcTime: 2017-10-10 06:03:33.150"
Information	10.10.2017 08:03:32	Microsoft-Windows-Sysmon	3	Network connection detected (rule: NetworkConnect)	"Network connection detected:
UtcTime: 2017-10-10 06:03:31.886
ProcessGuid: {E4CEE641-C82B-597E-0000-00106A881600}
ProcessId: 6080
Image: C:\Program Files (x86)\Google\Chrome\Application\chrome.exe
User: DESKTOP-63KR1PU\John
Protocol: tcp
Initiated: true
SourceIsIpv6: false
SourceIp: 10.34.1.27
SourceHostname: DESKTOP-63KR1PU
SourcePort: 49861
SourcePortName: 
DestinationIsIpv6: false
DestinationIp: 216.58.209.68
DestinationHostname: waw02s06-in-f68.1e100.net
DestinationPort: 443
DestinationPortName: https"
Information	10.10.2017 08:03:31	Microsoft-Windows-Sysmon	5	Process terminated (rule: ProcessTerminate)	"Process terminated:
UtcTime: 2017-10-10 06:03:31.344
ProcessGuid: {E4CEE641-C7B6-597E-0000-001025331200}
ProcessId: 6056
Image: C:\Windows\System32\browser_broker.exe"
Information	10.10.2017 08:03:31	Microsoft-Windows-Sysmon	5	Process terminated (rule: ProcessTerminate)	"Process terminated:
UtcTime: 2017-10-10 06:03:31.320
ProcessGuid: {E4CEE641-C7B8-597E-0000-0010207A1200}
ProcessId: 492
Image: C:\Windows\SystemApps\Microsoft.MicrosoftEdge_8wekyb3d8bbwe\MicrosoftEdgeCP.exe"
Information	10.10.2017 08:03:31	Microsoft-Windows-Sysmon	5	Process terminated (rule: ProcessTerminate)	"Process terminated:
UtcTime: 2017-10-10 06:03:31.252
ProcessGuid: {E4CEE641-C7B5-597E-0000-0010BA291200}
ProcessId: 4212
Image: C:\Windows\SystemApps\Microsoft.MicrosoftEdge_8wekyb3d8bbwe\MicrosoftEdge.exe"
Information	10.10.2017 08:03:30	Microsoft-Windows-Sysmon	2	File creation time changed (rule: FileCreateTime)	"File creation time changed:
UtcTime: 2017-10-10 06:03:30.634
ProcessGuid: {E4CEE641-C82B-597E-0000-00106A881600}
ProcessId: 6080
Image: C:\Program Files (x86)\Google\Chrome\Application\chrome.exe
TargetFilename: C:\Users\John\AppData\Local\Google\Chrome\User Data\Default\Extension State\LOG
CreationUtcTime: 2017-07-13 09:31:13.990
PreviousCreationUtcTime: 2017-07-13 09:31:13.990"
Information	10.10.2017 08:03:30	Microsoft-Windows-Sysmon	3	Network connection detected (rule: NetworkConnect)	"Network connection detected:
UtcTime: 2017-10-10 06:03:29.851
ProcessGuid: {E4CEE641-C82B-597E-0000-00106A881600}
ProcessId: 6080
Image: C:\Program Files (x86)\Google\Chrome\Application\chrome.exe
User: DESKTOP-63KR1PU\John
Protocol: tcp
Initiated: true
SourceIsIpv6: false
SourceIp: 10.34.1.27
SourceHostname: DESKTOP-63KR1PU
SourcePort: 49860
SourcePortName: 
DestinationIsIpv6: false
DestinationIp: 216.58.209.67
DestinationHostname: waw02s06-in-f67.1e100.net
DestinationPort: 443
DestinationPortName: https"
Information	10.10.2017 08:03:30	Microsoft-Windows-Sysmon	5	Process terminated (rule: ProcessTerminate)	"Process terminated:
UtcTime: 2017-10-10 06:03:30.357
ProcessGuid: {E4CEE641-C7B9-597E-0000-0010A7A31200}
ProcessId: 6608
Image: C:\Windows\System32\InstallAgent.exe"
Information	10.10.2017 08:03:30	Microsoft-Windows-Sysmon	2	File creation time changed (rule: FileCreateTime)	"File creation time changed:
UtcTime: 2017-10-10 06:03:30.201
ProcessGuid: {E4CEE641-C82B-597E-0000-00106A881600}
ProcessId: 6080
Image: C:\Program Files (x86)\Google\Chrome\Application\chrome.exe
TargetFilename: C:\Users\John\AppData\Local\Google\Chrome\User Data\Default\Sync Extension Settings\pkedcjkdefgpdelpbcmbmeomcjbeemfm\LOG
CreationUtcTime: 2017-07-13 09:31:33.957
PreviousCreationUtcTime: 2017-07-13 09:31:33.957"
