Information	10.10.2017 07:59:35	Microsoft-Windows-Sysmon	1	Process Create (rule: ProcessCreate)	"Process Create:
UtcTime: 2017-10-10 05:59:35.246
ProcessGuid: {E4CEE641-C747-597E-0000-0010B3591100}
ProcessId: 4680
Image: C:\Windows\System32\svchost.exe
CommandLine: C:\WINDOWS\system32\svchost.exe -k netsvcs -s gpsvc
CurrentDirectory: C:\WINDOWS\system32\
User: NT AUTHORITY\SYSTEM
LogonGuid: {E4CEE641-C4E1-597E-0000-0020E7030000}
LogonId: 0x3E7
TerminalSessionId: 0
IntegrityLevel: System
Hashes: MD5=3120B24060924F9B94182A1432B2D7F9,SHA256=9F21E51442209BCEC0EA4A468EF8A4741685AE204D5063F4C3E45E1F8CF72643
ParentProcessGuid: {E4CEE641-C4E1-597E-0000-0010333E0000}
ParentProcessId: 572
ParentImage: C:\Windows\System32\services.exe
ParentCommandLine: C:\WINDOWS\system32\services.exe"
Information	10.10.2017 07:59:32	Microsoft-Windows-Sysmon	5	Process terminated (rule: ProcessTerminate)	"Process terminated:
UtcTime: 2017-10-10 05:59:32.714
ProcessGuid: {E4CEE641-C5DA-597E-0000-00106ED10D00}
ProcessId: 6536
Image: C:\Windows\System32\svchost.exe"
Information	10.10.2017 07:59:29	Microsoft-Windows-Sysmon	5	Process terminated (rule: ProcessTerminate)	"Process terminated:
UtcTime: 2017-10-10 05:59:29.954
ProcessGuid: {E4CEE641-C71B-597E-0000-0010E9021100}
ProcessId: 4420
Image: C:\Windows\System32\svchost.exe"
Information	10.10.2017 07:59:29	Microsoft-Windows-Sysmon	5	Process terminated (rule: ProcessTerminate)	"Process terminated:
UtcTime: 2017-10-10 05:59:29.107
ProcessGuid: {E4CEE641-C4E3-597E-0000-00106DB40000}
ProcessId: 1036
Image: C:\Windows\System32\svchost.exe"
Information	10.10.2017 07:59:12	Microsoft-Windows-Sysmon	5	Process terminated (rule: ProcessTerminate)	"Process terminated:
UtcTime: 2017-10-10 05:59:12.193
ProcessGuid: {E4CEE641-C72A-597E-0000-00102D231100}
ProcessId: 5984
Image: C:\Windows\System32\dllhost.exe"
Information	10.10.2017 07:59:12	Microsoft-Windows-Sysmon	1	Process Create (rule: ProcessCreate)	"Process Create:
UtcTime: 2017-10-10 05:59:12.007
ProcessGuid: {E4CEE641-C730-597E-0000-0010BC341100}
ProcessId: 5340
Image: C:\Windows\System32\SearchFilterHost.exe
CommandLine: ""C:\WINDOWS\system32\SearchFilterHost.exe"" 0 692 696 704 8192 700 
CurrentDirectory: C:\WINDOWS\system32\
User: NT AUTHORITY\SYSTEM
LogonGuid: {E4CEE641-C4E1-597E-0000-0020E7030000}
LogonId: 0x3E7
TerminalSessionId: 0
IntegrityLevel: Medium
Hashes: MD5=938A12B3104DD57A478BFF0F05336962,SHA256=E7015BF982E45BC8E4E37328EE6C42BA47A20AAFED6BAC107B6AC83A8F753063
ParentProcessGuid: {E4CEE641-C4F4-597E-0000-0010067A0200}
ParentProcessId: 3544
ParentImage: C:\Windows\System32\SearchIndexer.exe
ParentCommandLine: C:\WINDOWS\system32\SearchIndexer.exe /Embedding"
Information	10.10.2017 07:59:11	Microsoft-Windows-Sysmon	1	Process Create (rule: ProcessCreate)	"Process Create:
UtcTime: 2017-10-10 05:59:11.958
ProcessGuid: {E4CEE641-C72F-597E-0000-0010C3321100}
ProcessId: 2256
Image: C:\Windows\System32\SearchProtocolHost.exe
CommandLine: ""C:\WINDOWS\system32\SearchProtocolHost.exe"" Global\UsGthrFltPipeMssGthrPipe2_ Global\UsGthrCtrlFltPipeMssGthrPipe2 1 -2147483646 ""Software\Microsoft\Windows Search"" ""Mozilla/4.0 (compatible; MSIE 6.0; Windows NT; MS Search 4.0 Robot)"" ""C:\ProgramData\Microsoft\Search\Data\Temp\usgthrsvc"" ""DownLevelDaemon"" 
CurrentDirectory: C:\WINDOWS\system32\
User: NT AUTHORITY\SYSTEM
LogonGuid: {E4CEE641-C4E1-597E-0000-0020E7030000}
LogonId: 0x3E7
TerminalSessionId: 0
IntegrityLevel: System
Hashes: MD5=96CB662846932E98D3B14CBCAFD3FE30,SHA256=782C36C541B2B240042717F26617C90AF65D65A771534CBD1746C601D14FFB95
ParentProcessGuid: {E4CEE641-C4F4-597E-0000-0010067A0200}
ParentProcessId: 3544
ParentImage: C:\Windows\System32\SearchIndexer.exe
ParentCommandLine: C:\WINDOWS\system32\SearchIndexer.exe /Embedding"
Information	10.10.2017 07:59:06	Microsoft-Windows-Sysmon	1	Process Create (rule: ProcessCreate)	"Process Create:
UtcTime: 2017-10-10 05:59:06.503
ProcessGuid: {E4CEE641-C72A-597E-0000-00102D231100}
ProcessId: 5984
Image: C:\Windows\System32\dllhost.exe
CommandLine: C:\WINDOWS\system32\DllHost.exe /Processid:{AB8902B4-09CA-4BB6-B78D-A8F59079A8D5}
CurrentDirectory: C:\WINDOWS\system32\
User: DESKTOP-63KR1PU\John
LogonGuid: {E4CEE641-C4E8-597E-0000-002051990100}
LogonId: 0x19951
TerminalSessionId: 1
IntegrityLevel: Medium
Hashes: MD5=2D29C0AFCC8225AFF6637F7362C22960,SHA256=79756AB8344C31A55223A51625F2379525428CEBD53531F11C26544A34621D81
ParentProcessGuid: {E4CEE641-C4E2-597E-0000-001053520000}
ParentProcessId: 700
ParentImage: C:\Windows\System32\svchost.exe
ParentCommandLine: C:\WINDOWS\system32\svchost.exe -k DcomLaunch"
Information	10.10.2017 07:59:00	Microsoft-Windows-Sysmon	5	Process terminated (rule: ProcessTerminate)	"Process terminated:
UtcTime: 2017-10-10 05:59:00.932
ProcessGuid: {E4CEE641-C4F7-597E-0000-0010FAD90200}
ProcessId: 3944
Image: C:\Program Files (x86)\Google\Update\GoogleUpdate.exe"
Information	10.10.2017 07:58:51	Microsoft-Windows-Sysmon	1	Process Create (rule: ProcessCreate)	"Process Create:
UtcTime: 2017-10-10 05:58:51.962
ProcessGuid: {E4CEE641-C71B-597E-0000-0010E9021100}
ProcessId: 4420
Image: C:\Windows\System32\svchost.exe
CommandLine: C:\WINDOWS\System32\svchost.exe -k netsvcs -s Browser
CurrentDirectory: C:\WINDOWS\system32\
User: NT AUTHORITY\SYSTEM
LogonGuid: {E4CEE641-C4E1-597E-0000-0020E7030000}
LogonId: 0x3E7
TerminalSessionId: 0
IntegrityLevel: System
Hashes: MD5=3120B24060924F9B94182A1432B2D7F9,SHA256=9F21E51442209BCEC0EA4A468EF8A4741685AE204D5063F4C3E45E1F8CF72643
ParentProcessGuid: {E4CEE641-C4E1-597E-0000-0010333E0000}
ParentProcessId: 572
ParentImage: C:\Windows\System32\services.exe
ParentCommandLine: C:\WINDOWS\system32\services.exe"
Information	10.10.2017 07:57:28	Microsoft-Windows-Sysmon	5	Process terminated (rule: ProcessTerminate)	"Process terminated:
UtcTime: 2017-10-10 05:57:28.837
ProcessGuid: {E4CEE641-C5DA-597E-0000-001063CF0D00}
ProcessId: 896
Image: C:\Windows\System32\svchost.exe"
Information	10.10.2017 07:57:20	Microsoft-Windows-Sysmon	5	Process terminated (rule: ProcessTerminate)	"Process terminated:
UtcTime: 2017-10-10 05:57:20.884
ProcessGuid: {E4CEE641-C69D-597E-0000-00108B8B1000}
ProcessId: 3756
Image: C:\Windows\System32\svchost.exe"
Information	10.10.2017 07:56:51	Microsoft-Windows-Sysmon	5	Process terminated (rule: ProcessTerminate)	"Process terminated:
UtcTime: 2017-10-10 05:56:51.654
ProcessGuid: {E4CEE641-C56C-597E-0000-00100D280C00}
ProcessId: 6692
Image: C:\Windows\System32\svchost.exe"
Information	10.10.2017 07:56:45	Microsoft-Windows-Sysmon	1	Process Create (rule: ProcessCreate)	"Process Create:
UtcTime: 2017-10-10 05:56:45.417
ProcessGuid: {E4CEE641-C69D-597E-0000-00108B8B1000}
ProcessId: 3756
Image: C:\Windows\System32\svchost.exe
CommandLine: C:\WINDOWS\System32\svchost.exe -k netsvcs -s Browser
CurrentDirectory: C:\WINDOWS\system32\
User: NT AUTHORITY\SYSTEM
LogonGuid: {E4CEE641-C4E1-597E-0000-0020E7030000}
LogonId: 0x3E7
TerminalSessionId: 0
IntegrityLevel: System
Hashes: MD5=3120B24060924F9B94182A1432B2D7F9,SHA256=9F21E51442209BCEC0EA4A468EF8A4741685AE204D5063F4C3E45E1F8CF72643
ParentProcessGuid: {E4CEE641-C4E1-597E-0000-0010333E0000}
ParentProcessId: 572
ParentImage: C:\Windows\System32\services.exe
ParentCommandLine: C:\WINDOWS\system32\services.exe"
Information	10.10.2017 07:56:28	Microsoft-Windows-Sysmon	5	Process terminated (rule: ProcessTerminate)	"Process terminated:
UtcTime: 2017-10-10 05:56:28.078
ProcessGuid: {E4CEE641-C685-597E-0000-001025351000}
ProcessId: 5732
Image: C:\Windows\System32\dllhost.exe"
Information	10.10.2017 07:56:24	Microsoft-Windows-Sysmon	5	Process terminated (rule: ProcessTerminate)	"Process terminated:
UtcTime: 2017-10-10 05:56:24.316
ProcessGuid: {E4CEE641-C688-597E-0000-00103B641000}
ProcessId: 6216
Image: C:\Windows\System32\rundll32.exe"
Information	10.10.2017 07:56:24	Microsoft-Windows-Sysmon	1	Process Create (rule: ProcessCreate)	"Process Create:
UtcTime: 2017-10-10 05:56:24.086
ProcessGuid: {E4CEE641-C688-597E-0000-00103B641000}
ProcessId: 6216
Image: C:\Windows\System32\rundll32.exe
CommandLine: C:\WINDOWS\System32\rundll32.exe C:\WINDOWS\System32\shell32.dll,SHCreateLocalServerRunDll {9aa46009-3ce0-458a-a354-715610a075e6} -Embedding
CurrentDirectory: C:\WINDOWS\system32\
User: DESKTOP-63KR1PU\John
LogonGuid: {E4CEE641-C4E8-597E-0000-002051990100}
LogonId: 0x19951
TerminalSessionId: 1
IntegrityLevel: Medium
Hashes: MD5=ECB702B8C5650381C0784F1EEABB97BC,SHA256=9CC4DDAD2E9AE05A8C5762BA88A13C2B1EE4E25AE98EF01DD041FE35D611DA87
ParentProcessGuid: {E4CEE641-C4E2-597E-0000-001053520000}
ParentProcessId: 700
ParentImage: C:\Windows\System32\svchost.exe
ParentCommandLine: C:\WINDOWS\system32\svchost.exe -k DcomLaunch"
Information	10.10.2017 07:56:21	Microsoft-Windows-Sysmon	1	Process Create (rule: ProcessCreate)	"Process Create:
UtcTime: 2017-10-10 05:56:21.175
ProcessGuid: {E4CEE641-C685-597E-0000-001025351000}
ProcessId: 5732
Image: C:\Windows\System32\dllhost.exe
CommandLine: C:\WINDOWS\system32\DllHost.exe /Processid:{AB8902B4-09CA-4BB6-B78D-A8F59079A8D5}
CurrentDirectory: C:\WINDOWS\system32\
User: DESKTOP-63KR1PU\John
LogonGuid: {E4CEE641-C4E8-597E-0000-002051990100}
LogonId: 0x19951
TerminalSessionId: 1
IntegrityLevel: Medium
Hashes: MD5=2D29C0AFCC8225AFF6637F7362C22960,SHA256=79756AB8344C31A55223A51625F2379525428CEBD53531F11C26544A34621D81
ParentProcessGuid: {E4CEE641-C4E2-597E-0000-001053520000}
ParentProcessId: 700
ParentImage: C:\Windows\System32\svchost.exe
ParentCommandLine: C:\WINDOWS\system32\svchost.exe -k DcomLaunch"
Information	10.10.2017 07:55:50	Microsoft-Windows-Sysmon	5	Process terminated (rule: ProcessTerminate)	"Process terminated:
UtcTime: 2017-10-10 05:55:50.796
ProcessGuid: {E4CEE641-C5DF-597E-0000-0010DE940E00}
ProcessId: 5952
Image: C:\Windows\WinSxS\amd64_microsoft-windows-servicingstack_31bf3856ad364e35_10.0.15063.410_none_9e914f9d2d85dacb\TiWorker.exe"
Information	10.10.2017 07:55:50	Microsoft-Windows-Sysmon	5	Process terminated (rule: ProcessTerminate)	"Process terminated:
UtcTime: 2017-10-10 05:55:50.782
ProcessGuid: {E4CEE641-C5DF-597E-0000-0010CF920E00}
ProcessId: 6444
Image: C:\Windows\servicing\TrustedInstaller.exe"
Information	10.10.2017 07:55:41	Microsoft-Windows-Sysmon	5	Process terminated (rule: ProcessTerminate)	"Process terminated:
UtcTime: 2017-10-10 05:55:41.649
ProcessGuid: {E4CEE641-C513-597E-0000-00108E190500}
ProcessId: 6008
Image: C:\Windows\System32\smartscreen.exe"
Information	10.10.2017 07:55:30	Microsoft-Windows-Sysmon	5	Process terminated (rule: ProcessTerminate)	"Process terminated:
UtcTime: 2017-10-10 05:55:30.491
ProcessGuid: {E4CEE641-C57C-597E-0000-0010DBB60C00}
ProcessId: 2600
Image: C:\Windows\System32\svchost.exe"
Information	10.10.2017 07:55:25	Microsoft-Windows-Sysmon	3	Network connection detected (rule: NetworkConnect)	"Network connection detected:
UtcTime: 2017-10-10 05:55:22.929
ProcessGuid: {E4CEE641-C647-597E-0000-0010F0600F00}
ProcessId: 6248
Image: C:\Program Files\Java\jre1.8.0_131\bin\jp2launcher.exe
User: DESKTOP-63KR1PU\John
Protocol: tcp
Initiated: true
SourceIsIpv6: false
SourceIp: 10.34.1.27
SourceHostname: DESKTOP-63KR1PU
SourcePort: 49720
SourcePortName: 
DestinationIsIpv6: false
DestinationIp: 23.37.43.27
DestinationHostname: a23-37-43-27.deploy.static.akamaitechnologies.com
DestinationPort: 80
DestinationPortName: http"
Information	10.10.2017 07:55:25	Microsoft-Windows-Sysmon	3	Network connection detected (rule: NetworkConnect)	"Network connection detected:
UtcTime: 2017-10-10 05:55:22.756
ProcessGuid: {E4CEE641-C647-597E-0000-0010F0600F00}
ProcessId: 6248
Image: C:\Program Files\Java\jre1.8.0_131\bin\jp2launcher.exe
User: DESKTOP-63KR1PU\John
Protocol: tcp
Initiated: true
SourceIsIpv6: false
SourceIp: 10.34.1.27
SourceHostname: DESKTOP-63KR1PU
SourcePort: 49719
SourcePortName: 
DestinationIsIpv6: false
DestinationIp: 23.37.43.27
DestinationHostname: a23-37-43-27.deploy.static.akamaitechnologies.com
DestinationPort: 80
DestinationPortName: http"
Information	10.10.2017 07:55:24	Microsoft-Windows-Sysmon	5	Process terminated (rule: ProcessTerminate)	"Process terminated:
UtcTime: 2017-10-10 05:55:24.402
ProcessGuid: {E4CEE641-C647-597E-0000-0010F0600F00}
ProcessId: 6248
Image: C:\Program Files\Java\jre1.8.0_131\bin\jp2launcher.exe"
Information	10.10.2017 07:55:24	Microsoft-Windows-Sysmon	3	Network connection detected (rule: NetworkConnect)	"Network connection detected:
UtcTime: 2017-10-10 05:55:21.919
ProcessGuid: {E4CEE641-C647-597E-0000-0010F0600F00}
ProcessId: 6248
Image: C:\Program Files\Java\jre1.8.0_131\bin\jp2launcher.exe
User: DESKTOP-63KR1PU\John
Protocol: tcp
Initiated: true
SourceIsIpv6: false
SourceIp: 10.34.1.27
SourceHostname: DESKTOP-63KR1PU
SourcePort: 49718
SourcePortName: 
DestinationIsIpv6: false
DestinationIp: 23.37.43.27
DestinationHostname: a23-37-43-27.deploy.static.akamaitechnologies.com
DestinationPort: 80
DestinationPortName: http"
Information	10.10.2017 07:55:24	Microsoft-Windows-Sysmon	3	Network connection detected (rule: NetworkConnect)	"Network connection detected:
UtcTime: 2017-10-10 05:55:21.744
ProcessGuid: {E4CEE641-C647-597E-0000-0010F0600F00}
ProcessId: 6248
Image: C:\Program Files\Java\jre1.8.0_131\bin\jp2launcher.exe
User: DESKTOP-63KR1PU\John
Protocol: tcp
Initiated: true
SourceIsIpv6: false
SourceIp: 10.34.1.27
SourceHostname: DESKTOP-63KR1PU
SourcePort: 49717
SourcePortName: 
DestinationIsIpv6: false
DestinationIp: 23.37.43.27
DestinationHostname: a23-37-43-27.deploy.static.akamaitechnologies.com
DestinationPort: 80
DestinationPortName: http"
Information	10.10.2017 07:55:24	Microsoft-Windows-Sysmon	3	Network connection detected (rule: NetworkConnect)	"Network connection detected:
UtcTime: 2017-10-10 05:55:21.272
ProcessGuid: {E4CEE641-C647-597E-0000-0010F0600F00}
ProcessId: 6248
Image: C:\Program Files\Java\jre1.8.0_131\bin\jp2launcher.exe
User: DESKTOP-63KR1PU\John
Protocol: tcp
Initiated: true
SourceIsIpv6: false
SourceIp: 10.34.1.27
SourceHostname: DESKTOP-63KR1PU
SourcePort: 49716
SourcePortName: 
DestinationIsIpv6: false
DestinationIp: 184.86.114.85
DestinationHostname: a184-86-114-85.deploy.static.akamaitechnologies.com
DestinationPort: 443
DestinationPortName: https"
Information	10.10.2017 07:55:22	Microsoft-Windows-Sysmon	3	Network connection detected (rule: NetworkConnect)	"Network connection detected:
UtcTime: 2017-10-10 05:55:19.225
ProcessGuid: {E4CEE641-C647-597E-0000-001075520F00}
ProcessId: 6168
Image: C:\Program Files (x86)\Common Files\Java\Java Update\jucheck.exe
User: DESKTOP-63KR1PU\John
Protocol: tcp
Initiated: true
SourceIsIpv6: false
SourceIp: 10.34.1.27
SourceHostname: DESKTOP-63KR1PU
SourcePort: 49715
SourcePortName: 
DestinationIsIpv6: false
DestinationIp: 184.86.114.85
DestinationHostname: a184-86-114-85.deploy.static.akamaitechnologies.com
DestinationPort: 443
DestinationPortName: https"
Information	10.10.2017 07:55:20	Microsoft-Windows-Sysmon	5	Process terminated (rule: ProcessTerminate)	"Process terminated:
UtcTime: 2017-10-10 05:55:20.854
ProcessGuid: {E4CEE641-C647-597E-0000-00109A5F0F00}
ProcessId: 6232
Image: C:\Program Files\Java\jre1.8.0_131\bin\javaws.exe"
Information	10.10.2017 07:55:19	Microsoft-Windows-Sysmon	1	Process Create (rule: ProcessCreate)	"Process Create:
UtcTime: 2017-10-10 05:55:19.827
ProcessGuid: {E4CEE641-C647-597E-0000-0010F0600F00}
ProcessId: 6248
Image: C:\Program Files\Java\jre1.8.0_131\bin\jp2launcher.exe
CommandLine: ""C:\Program Files\Java\jre1.8.0_131\bin\jp2launcher.exe"" -secure -javaws -jre ""C:\Program Files\Java\jre1.8.0_131"" -vma LWNsYXNzcGF0aABDOlxQcm9ncmFtIEZpbGVzXEphdmFcanJlMS44LjBfMTMxXGxpYlxkZXBsb3kuamFyAC1EamF2YS5zZWN1cml0eS5wb2xpY3k9ZmlsZTpDOlxQcm9ncmFtIEZpbGVzXEphdmFcanJlMS44LjBfMTMxXGxpYlxzZWN1cml0eVxqYXZhd3MucG9saWN5AC1EdHJ1c3RQcm94eT10cnVlAC1YdmVyaWZ5OnJlbW90ZQAtRGpubHB4LmhvbWU9QzpcUHJvZ3JhbSBGaWxlc1xKYXZhXGpyZTEuOC4wXzEzMVxiaW4ALURqYXZhLnNlY3VyaXR5Lm1hbmFnZXIALURzdW4uYXd0Lndhcm11cD10cnVlAC1YYm9vdGNsYXNzcGF0aC9hOkM6XFByb2dyYW0gRmlsZXNcSmF2YVxqcmUxLjguMF8xMzFcbGliXGphdmF3cy5qYXI7QzpcUHJvZ3JhbSBGaWxlc1xKYXZhXGpyZTEuOC4wXzEzMVxsaWJcZGVwbG95LmphcjtDOlxQcm9ncmFtIEZpbGVzXEphdmFcanJlMS44LjBfMTMxXGxpYlxwbHVnaW4uamFyAC1Eam5scHguanZtPUM6XFByb2dyYW0gRmlsZXNcSmF2YVxqcmUxLjguMF8xMzFcYmluXGphdmF3LmV4ZQ== -ma LVNTVkJhc2VsaW5lVXBkYXRlAC1ub3RXZWJKYXZh
CurrentDirectory: C:\WINDOWS\SysWOW64\
User: DESKTOP-63KR1PU\John
LogonGuid: {E4CEE641-C4E8-597E-0000-002051990100}
LogonId: 0x19951
TerminalSessionId: 1
IntegrityLevel: Medium
Hashes: MD5=1D1EA0D92B63EAC607C2DA1A44675DA7,SHA256=EFD203CC8EFFAF474C45153F336F7DEC3CCC362C1E0B51D5F0398294CE0EE3A2
ParentProcessGuid: {E4CEE641-C647-597E-0000-00109A5F0F00}
ParentProcessId: 6232
ParentImage: C:\Program Files\Java\jre1.8.0_131\bin\javaws.exe
ParentCommandLine: ""C:\Program Files\Java\jre1.8.0_131\bin\javaws.exe"" -SSVBaselineUpdate"
Information	10.10.2017 07:55:19	Microsoft-Windows-Sysmon	1	Process Create (rule: ProcessCreate)	"Process Create:
UtcTime: 2017-10-10 05:55:19.755
ProcessGuid: {E4CEE641-C647-597E-0000-00109A5F0F00}
ProcessId: 6232
Image: C:\Program Files\Java\jre1.8.0_131\bin\javaws.exe
CommandLine: ""C:\Program Files\Java\jre1.8.0_131\bin\javaws.exe"" -SSVBaselineUpdate
CurrentDirectory: C:\WINDOWS\SysWOW64\
User: DESKTOP-63KR1PU\John
LogonGuid: {E4CEE641-C4E8-597E-0000-002051990100}
LogonId: 0x19951
TerminalSessionId: 1
IntegrityLevel: Medium
Hashes: MD5=1E06894F5963F9C235B7D9D0AC105C1C,SHA256=56E8CAECF01DE604EA50D7E5CAA132C0FFBA4616857C1B99F3FF03D698741B44
ParentProcessGuid: {E4CEE641-C647-597E-0000-001075520F00}
ParentProcessId: 6168
ParentImage: C:\Program Files (x86)\Common Files\Java\Java Update\jucheck.exe
ParentCommandLine: ""C:\Program Files (x86)\Common Files\Java\Java Update\jucheck.exe"" -auto"
Information	10.10.2017 07:55:19	Microsoft-Windows-Sysmon	1	Process Create (rule: ProcessCreate)	"Process Create:
UtcTime: 2017-10-10 05:55:19.417
ProcessGuid: {E4CEE641-C647-597E-0000-001075520F00}
ProcessId: 6168
Image: C:\Program Files (x86)\Common Files\Java\Java Update\jucheck.exe
CommandLine: ""C:\Program Files (x86)\Common Files\Java\Java Update\jucheck.exe"" -auto
CurrentDirectory: C:\WINDOWS\SysWOW64\
User: DESKTOP-63KR1PU\John
LogonGuid: {E4CEE641-C4E8-597E-0000-002051990100}
LogonId: 0x19951
TerminalSessionId: 1
IntegrityLevel: Medium
Hashes: MD5=8926F925EB502EB32F7FDE4450B15444,SHA256=A0D1DFB415FD464AE6B8D0C352AB262B0C07CC33E1B9317243FF5E844D83DAA7
ParentProcessGuid: {E4CEE641-C518-597E-0000-0010E1610500}
ParentProcessId: 3784
ParentImage: C:\Program Files (x86)\Common Files\Java\Java Update\jusched.exe
ParentCommandLine: ""C:\Program Files (x86)\Common Files\Java\Java Update\jusched.exe"" "
Information	10.10.2017 07:55:11	Microsoft-Windows-Sysmon	5	Process terminated (rule: ProcessTerminate)	"Process terminated:
UtcTime: 2017-10-10 05:55:11.240
ProcessGuid: {E4CEE641-C50E-597E-0000-0010F6AC0400}
ProcessId: 5784
Image: C:\Windows\System32\svchost.exe"
Information	10.10.2017 07:55:03	Microsoft-Windows-Sysmon	5	Process terminated (rule: ProcessTerminate)	"Process terminated:
UtcTime: 2017-10-10 05:55:03.402
ProcessGuid: {E4CEE641-C5D8-597E-0000-001080640D00}
ProcessId: 1440
Image: C:\Windows\System32\wbem\WmiPrvSE.exe"
Information	10.10.2017 07:54:54	Microsoft-Windows-Sysmon	5	Process terminated (rule: ProcessTerminate)	"Process terminated:
UtcTime: 2017-10-10 05:54:54.327
ProcessGuid: {E4CEE641-C4F9-597E-0000-00100A0E0300}
ProcessId: 4220
Image: C:\Windows\System32\svchost.exe"
Information	10.10.2017 07:54:23	Microsoft-Windows-Sysmon	5	Process terminated (rule: ProcessTerminate)	"Process terminated:
UtcTime: 2017-10-10 05:54:23.380
ProcessGuid: {E4CEE641-C5D7-597E-0000-001045570D00}
ProcessId: 5828
Image: C:\Windows\System32\svchost.exe"
Information	10.10.2017 07:54:04	Microsoft-Windows-Sysmon	5	Process terminated (rule: ProcessTerminate)	"Process terminated:
UtcTime: 2017-10-10 05:54:04.058
ProcessGuid: {E4CEE641-C5DB-597E-0000-001029FB0D00}
ProcessId: 5812
Image: C:\Windows\System32\wbem\WMIADAP.exe"
Information	10.10.2017 07:54:02	Microsoft-Windows-Sysmon	5	Process terminated (rule: ProcessTerminate)	"Process terminated:
UtcTime: 2017-10-10 05:54:02.323
ProcessGuid: {E4CEE641-C5DA-597E-0000-00104DDE0D00}
ProcessId: 4680
Image: C:\Windows\System32\svchost.exe"
Information	10.10.2017 07:54:00	Microsoft-Windows-Sysmon	5	Process terminated (rule: ProcessTerminate)	"Process terminated:
UtcTime: 2017-10-10 05:54:00.613
ProcessGuid: {E4CEE641-C5DE-597E-0000-0010FF830E00}
ProcessId: 3508
Image: C:\Windows\System32\sppsvc.exe"
Information	10.10.2017 07:53:54	Microsoft-Windows-Sysmon	3	Network connection detected (rule: NetworkConnect)	"Network connection detected:
UtcTime: 2017-10-10 05:53:55.225
ProcessGuid: {E4CEE641-C4E9-597E-0000-0010369E0100}
ProcessId: 2352
Image: C:\Windows\System32\svchost.exe
User: NT AUTHORITY\SYSTEM
Protocol: tcp
Initiated: true
SourceIsIpv6: false
SourceIp: 10.34.1.27
SourceHostname: DESKTOP-63KR1PU
SourcePort: 49714
SourcePortName: 
DestinationIsIpv6: false
DestinationIp: 40.77.226.250
DestinationHostname: 
DestinationPort: 443
DestinationPortName: https"
Information	10.10.2017 07:53:52	Microsoft-Windows-Sysmon	2	File creation time changed (rule: FileCreateTime)	"File creation time changed:
UtcTime: 2017-10-10 05:53:52.622
ProcessGuid: {E4CEE641-C4E4-597E-0000-0010EB0B0100}
ProcessId: 1980
Image: c:\windows\system32\svchost.exe
TargetFilename: C:\ProgramData\USOPrivate\UpdateStore\updatestoretemp51b519d5-b6f5-4333-8df6-e74d7c9aead4.xml
CreationUtcTime: 2017-07-13 09:25:18.192
PreviousCreationUtcTime: 2017-07-13 09:25:18.192"
Information	10.10.2017 07:53:52	Microsoft-Windows-Sysmon	2	File creation time changed (rule: FileCreateTime)	"File creation time changed:
UtcTime: 2017-10-10 05:53:52.548
ProcessGuid: {E4CEE641-C4E4-597E-0000-0010EB0B0100}
ProcessId: 1980
Image: c:\windows\system32\svchost.exe
TargetFilename: C:\ProgramData\USOPrivate\UpdateStore\updatestoretemp51b519d5-b6f5-4333-8df6-e74d7c9aead4.xml
CreationUtcTime: 2017-07-13 09:25:18.192
PreviousCreationUtcTime: 2017-10-10 05:53:52.499"
Information	10.10.2017 07:53:37	Microsoft-Windows-Sysmon	3	Network connection detected (rule: NetworkConnect)	"Network connection detected:
UtcTime: 2017-10-10 05:53:35.177
ProcessGuid: {E4CEE641-C4E9-597E-0000-0010369E0100}
ProcessId: 2352
Image: C:\Windows\System32\svchost.exe
User: NT AUTHORITY\SYSTEM
Protocol: tcp
Initiated: true
SourceIsIpv6: false
SourceIp: 10.34.1.27
SourceHostname: DESKTOP-63KR1PU
SourcePort: 49713
SourcePortName: 
DestinationIsIpv6: false
DestinationIp: 40.77.226.250
DestinationHostname: 
DestinationPort: 443
DestinationPortName: https"
Information	10.10.2017 07:53:37	Microsoft-Windows-Sysmon	3	Network connection detected (rule: NetworkConnect)	"Network connection detected:
UtcTime: 2017-10-10 05:53:34.427
ProcessGuid: {E4CEE641-C4E4-597E-0000-0010EB0B0100}
ProcessId: 1980
Image: C:\Windows\System32\svchost.exe
User: NT AUTHORITY\SYSTEM
Protocol: tcp
Initiated: true
SourceIsIpv6: false
SourceIp: 10.34.1.27
SourceHostname: DESKTOP-63KR1PU
SourcePort: 49712
SourcePortName: 
DestinationIsIpv6: false
DestinationIp: 134.170.53.30
DestinationHostname: 
DestinationPort: 443
DestinationPortName: https"
Information	10.10.2017 07:53:35	Microsoft-Windows-Sysmon	3	Network connection detected (rule: NetworkConnect)	"Network connection detected:
UtcTime: 2017-10-10 05:53:33.087
ProcessGuid: {E4CEE641-C4D6-597E-0000-0010EB030000}
ProcessId: 4
Image: System
User: NT AUTHORITY\SYSTEM
Protocol: tcp
Initiated: false
SourceIsIpv6: true
SourceIp: 0:0:0:0:0:0:0:1
SourceHostname: DESKTOP-63KR1PU
SourcePort: 5357
SourcePortName: wsd
DestinationIsIpv6: true
DestinationIp: 0:0:0:0:0:0:0:1
DestinationHostname: DESKTOP-63KR1PU
DestinationPort: 49711
DestinationPortName: "
Information	10.10.2017 07:53:35	Microsoft-Windows-Sysmon	3	Network connection detected (rule: NetworkConnect)	"Network connection detected:
UtcTime: 2017-10-10 05:53:33.087
ProcessGuid: {E4CEE641-C4E6-597E-0000-001087420100}
ProcessId: 2080
Image: C:\Windows\System32\svchost.exe
User: NT AUTHORITY\LOCAL SERVICE
Protocol: tcp
Initiated: true
SourceIsIpv6: true
SourceIp: 0:0:0:0:0:0:0:1
SourceHostname: DESKTOP-63KR1PU
SourcePort: 49711
SourcePortName: 
DestinationIsIpv6: true
DestinationIp: 0:0:0:0:0:0:0:1
DestinationHostname: DESKTOP-63KR1PU
DestinationPort: 5357
DestinationPortName: wsd"
Information	10.10.2017 07:53:35	Microsoft-Windows-Sysmon	3	Network connection detected (rule: NetworkConnect)	"Network connection detected:
UtcTime: 2017-10-10 05:53:33.078
ProcessGuid: {E4CEE641-C4E6-597E-0000-0010BC440100}
ProcessId: 2108
Image: C:\Windows\System32\svchost.exe
User: NT AUTHORITY\LOCAL SERVICE
Protocol: udp
Initiated: true
SourceIsIpv6: true
SourceIp: 0:0:0:0:0:0:0:1
SourceHostname: DESKTOP-63KR1PU
SourcePort: 3702
SourcePortName: ws-discovery
DestinationIsIpv6: true
DestinationIp: 0:0:0:0:0:0:0:1
DestinationHostname: DESKTOP-63KR1PU
DestinationPort: 53705
DestinationPortName: "
Information	10.10.2017 07:53:35	Microsoft-Windows-Sysmon	1	Process Create (rule: ProcessCreate)	"Process Create:
UtcTime: 2017-10-10 05:53:35.354
ProcessGuid: {E4CEE641-C5DF-597E-0000-0010DE940E00}
ProcessId: 5952
Image: C:\Windows\WinSxS\amd64_microsoft-windows-servicingstack_31bf3856ad364e35_10.0.15063.410_none_9e914f9d2d85dacb\TiWorker.exe
CommandLine: C:\WINDOWS\winsxs\amd64_microsoft-windows-servicingstack_31bf3856ad364e35_10.0.15063.410_none_9e914f9d2d85dacb\TiWorker.exe -Embedding
CurrentDirectory: C:\WINDOWS\system32\
User: NT AUTHORITY\SYSTEM
LogonGuid: {E4CEE641-C4E1-597E-0000-0020E7030000}
LogonId: 0x3E7
TerminalSessionId: 0
IntegrityLevel: System
Hashes: MD5=1A63CDEA09854D27E46EF149B7AE9AFA,SHA256=29C8A6502BD234F881B295C59DAF722E21E461CC5D4D0FFE74C4738B39405A94
ParentProcessGuid: {E4CEE641-C4E2-597E-0000-001053520000}
ParentProcessId: 700
ParentImage: C:\Windows\System32\svchost.exe
ParentCommandLine: C:\WINDOWS\system32\svchost.exe -k DcomLaunch"
Information	10.10.2017 07:53:35	Microsoft-Windows-Sysmon	3	Network connection detected (rule: NetworkConnect)	"Network connection detected:
UtcTime: 2017-10-10 05:53:32.333
ProcessGuid: {E4CEE641-C4D6-597E-0000-0010EB030000}
ProcessId: 4
Image: System
User: NT AUTHORITY\SYSTEM
Protocol: tcp
Initiated: false
SourceIsIpv6: true
SourceIp: 0:0:0:0:0:0:0:1
SourceHostname: DESKTOP-63KR1PU
SourcePort: 5357
SourcePortName: wsd
DestinationIsIpv6: true
DestinationIp: 0:0:0:0:0:0:0:1
DestinationHostname: DESKTOP-63KR1PU
DestinationPort: 49710
DestinationPortName: "
Information	10.10.2017 07:53:35	Microsoft-Windows-Sysmon	3	Network connection detected (rule: NetworkConnect)	"Network connection detected:
UtcTime: 2017-10-10 05:53:32.333
ProcessGuid: {E4CEE641-C4F5-597E-0000-001047810200}
ProcessId: 3572
Image: C:\Windows\System32\dasHost.exe
User: NT AUTHORITY\LOCAL SERVICE
Protocol: tcp
Initiated: true
SourceIsIpv6: true
SourceIp: 0:0:0:0:0:0:0:1
SourceHostname: DESKTOP-63KR1PU
SourcePort: 49710
SourcePortName: 
DestinationIsIpv6: true
DestinationIp: 0:0:0:0:0:0:0:1
DestinationHostname: DESKTOP-63KR1PU
DestinationPort: 5357
DestinationPortName: wsd"
Information	10.10.2017 07:53:35	Microsoft-Windows-Sysmon	3	Network connection detected (rule: NetworkConnect)	"Network connection detected:
UtcTime: 2017-10-10 05:53:32.331
ProcessGuid: {E4CEE641-C4E6-597E-0000-0010BC440100}
ProcessId: 2108
Image: C:\Windows\System32\svchost.exe
User: NT AUTHORITY\LOCAL SERVICE
Protocol: udp
Initiated: true
SourceIsIpv6: true
SourceIp: 0:0:0:0:0:0:0:1
SourceHostname: DESKTOP-63KR1PU
SourcePort: 3702
SourcePortName: ws-discovery
DestinationIsIpv6: true
DestinationIp: 0:0:0:0:0:0:0:1
DestinationHostname: DESKTOP-63KR1PU
DestinationPort: 53703
DestinationPortName: "
Information	10.10.2017 07:53:35	Microsoft-Windows-Sysmon	1	Process Create (rule: ProcessCreate)	"Process Create:
UtcTime: 2017-10-10 05:53:35.038
ProcessGuid: {E4CEE641-C5DF-597E-0000-0010CF920E00}
ProcessId: 6444
Image: C:\Windows\servicing\TrustedInstaller.exe
CommandLine: C:\WINDOWS\servicing\TrustedInstaller.exe
CurrentDirectory: C:\WINDOWS\system32\
User: NT AUTHORITY\SYSTEM
LogonGuid: {E4CEE641-C4E1-597E-0000-0020E7030000}
LogonId: 0x3E7
TerminalSessionId: 0
IntegrityLevel: System
Hashes: MD5=F21A69013A67B372675F523262AC1E33,SHA256=C3F910E375C0F4B7FFA6F6D755622FF6B0CAE36DF691C938DE177C94815FE3C8
ParentProcessGuid: {E4CEE641-C4E1-597E-0000-0010333E0000}
ParentProcessId: 572
ParentImage: C:\Windows\System32\services.exe
ParentCommandLine: C:\WINDOWS\system32\services.exe"
Information	10.10.2017 07:53:34	Microsoft-Windows-Sysmon	3	Network connection detected (rule: NetworkConnect)	"Network connection detected:
UtcTime: 2017-10-10 05:53:31.819
ProcessGuid: {E4CEE641-C4E4-597E-0000-0010EB0B0100}
ProcessId: 1980
Image: C:\Windows\System32\svchost.exe
User: NT AUTHORITY\SYSTEM
Protocol: tcp
Initiated: true
SourceIsIpv6: false
SourceIp: 10.34.1.27
SourceHostname: DESKTOP-63KR1PU
SourcePort: 49709
SourcePortName: 
DestinationIsIpv6: false
DestinationIp: 64.4.54.18
DestinationHostname: msnbot-64-4-54-18.search.msn.com
DestinationPort: 443
DestinationPortName: https"
Information	10.10.2017 07:53:34	Microsoft-Windows-Sysmon	3	Network connection detected (rule: NetworkConnect)	"Network connection detected:
UtcTime: 2017-10-10 05:53:31.624
ProcessGuid: {E4CEE641-C4E9-597E-0000-0010369E0100}
ProcessId: 2352
Image: C:\Windows\System32\svchost.exe
User: NT AUTHORITY\SYSTEM
Protocol: tcp
Initiated: true
SourceIsIpv6: false
SourceIp: 10.34.1.27
SourceHostname: DESKTOP-63KR1PU
SourcePort: 49707
SourcePortName: 
DestinationIsIpv6: false
DestinationIp: 40.77.226.250
DestinationHostname: 
DestinationPort: 443
DestinationPortName: https"
Information	10.10.2017 07:53:34	Microsoft-Windows-Sysmon	3	Network connection detected (rule: NetworkConnect)	"Network connection detected:
UtcTime: 2017-10-10 05:53:31.360
ProcessGuid: {E4CEE641-C4E6-597E-0000-001087420100}
ProcessId: 2080
Image: C:\Windows\System32\svchost.exe
User: NT AUTHORITY\LOCAL SERVICE
Protocol: udp
Initiated: false
SourceIsIpv6: false
SourceIp: 239.255.255.250
SourceHostname: 
SourcePort: 3702
SourcePortName: ws-discovery
DestinationIsIpv6: false
DestinationIp: 127.0.0.1
DestinationHostname: DESKTOP-63KR1PU
DestinationPort: 53704
DestinationPortName: "
Information	10.10.2017 07:53:34	Microsoft-Windows-Sysmon	3	Network connection detected (rule: NetworkConnect)	"Network connection detected:
UtcTime: 2017-10-10 05:53:31.360
ProcessGuid: {E4CEE641-C4F5-597E-0000-001047810200}
ProcessId: 3572
Image: C:\Windows\System32\dasHost.exe
User: NT AUTHORITY\LOCAL SERVICE
Protocol: udp
Initiated: false
SourceIsIpv6: false
SourceIp: 239.255.255.250
SourceHostname: 
SourcePort: 3702
SourcePortName: ws-discovery
DestinationIsIpv6: false
DestinationIp: 127.0.0.1
DestinationHostname: DESKTOP-63KR1PU
DestinationPort: 53704
DestinationPortName: "
Information	10.10.2017 07:53:34	Microsoft-Windows-Sysmon	3	Network connection detected (rule: NetworkConnect)	"Network connection detected:
UtcTime: 2017-10-10 05:53:31.359
ProcessGuid: {E4CEE641-C4E6-597E-0000-0010BC440100}
ProcessId: 2108
Image: C:\Windows\System32\svchost.exe
User: NT AUTHORITY\LOCAL SERVICE
Protocol: udp
Initiated: false
SourceIsIpv6: false
SourceIp: 239.255.255.250
SourceHostname: 
SourcePort: 3702
SourcePortName: ws-discovery
DestinationIsIpv6: false
DestinationIp: 127.0.0.1
DestinationHostname: DESKTOP-63KR1PU
DestinationPort: 53704
DestinationPortName: "
Information	10.10.2017 07:53:34	Microsoft-Windows-Sysmon	3	Network connection detected (rule: NetworkConnect)	"Network connection detected:
UtcTime: 2017-10-10 05:53:31.359
ProcessGuid: {E4CEE641-C4E6-597E-0000-001087420100}
ProcessId: 2080
Image: C:\Windows\System32\svchost.exe
User: NT AUTHORITY\LOCAL SERVICE
Protocol: udp
Initiated: false
SourceIsIpv6: true
SourceIp: ff02:0:0:0:0:0:0:c
SourceHostname: 
SourcePort: 3702
SourcePortName: ws-discovery
DestinationIsIpv6: true
DestinationIp: 0:0:0:0:0:0:0:1
DestinationHostname: DESKTOP-63KR1PU
DestinationPort: 53705
DestinationPortName: "
Information	10.10.2017 07:53:34	Microsoft-Windows-Sysmon	3	Network connection detected (rule: NetworkConnect)	"Network connection detected:
UtcTime: 2017-10-10 05:53:31.359
ProcessGuid: {E4CEE641-C4F5-597E-0000-001047810200}
ProcessId: 3572
Image: C:\Windows\System32\dasHost.exe
User: NT AUTHORITY\LOCAL SERVICE
Protocol: udp
Initiated: false
SourceIsIpv6: true
SourceIp: ff02:0:0:0:0:0:0:c
SourceHostname: 
SourcePort: 3702
SourcePortName: ws-discovery
DestinationIsIpv6: true
DestinationIp: 0:0:0:0:0:0:0:1
DestinationHostname: DESKTOP-63KR1PU
DestinationPort: 53705
DestinationPortName: "
Information	10.10.2017 07:53:34	Microsoft-Windows-Sysmon	3	Network connection detected (rule: NetworkConnect)	"Network connection detected:
UtcTime: 2017-10-10 05:53:31.359
ProcessGuid: {E4CEE641-C4E6-597E-0000-0010BC440100}
ProcessId: 2108
Image: C:\Windows\System32\svchost.exe
User: NT AUTHORITY\LOCAL SERVICE
Protocol: udp
Initiated: false
SourceIsIpv6: true
SourceIp: ff02:0:0:0:0:0:0:c
SourceHostname: 
SourcePort: 3702
SourcePortName: ws-discovery
DestinationIsIpv6: true
DestinationIp: 0:0:0:0:0:0:0:1
DestinationHostname: DESKTOP-63KR1PU
DestinationPort: 53705
DestinationPortName: "
Information	10.10.2017 07:53:34	Microsoft-Windows-Sysmon	5	Process terminated (rule: ProcessTerminate)	"Process terminated:
UtcTime: 2017-10-10 05:53:34.373
ProcessGuid: {E4CEE641-C5D9-597E-0000-0010A3B50D00}
ProcessId: 4356
Image: C:\Windows\System32\dllhost.exe"
Information	10.10.2017 07:53:34	Microsoft-Windows-Sysmon	1	Process Create (rule: ProcessCreate)	"Process Create:
UtcTime: 2017-10-10 05:53:34.010
ProcessGuid: {E4CEE641-C5DE-597E-0000-0010FF830E00}
ProcessId: 3508
Image: C:\Windows\System32\sppsvc.exe
CommandLine: C:\WINDOWS\system32\sppsvc.exe
CurrentDirectory: C:\WINDOWS
User: NT AUTHORITY\NETWORK SERVICE
LogonGuid: {E4CEE641-C4E2-597E-0000-0020E4030000}
LogonId: 0x3E4
TerminalSessionId: 0
IntegrityLevel: System
Hashes: MD5=E910861720DE6EDFB5CC6158CE3C7E17,SHA256=526BA8EEB9EE5312FEC39753D728E05F49AD81132346A354C95D4D4938001E2B
ParentProcessGuid: {E4CEE641-C4E1-597E-0000-0010333E0000}
ParentProcessId: 572
ParentImage: C:\Windows\System32\services.exe
ParentCommandLine: C:\WINDOWS\system32\services.exe"
Information	10.10.2017 07:53:33	Microsoft-Windows-Sysmon	3	Network connection detected (rule: NetworkConnect)	"Network connection detected:
UtcTime: 2017-10-10 05:53:30.609
ProcessGuid: {E4CEE641-C4D6-597E-0000-0010EB030000}
ProcessId: 4
Image: System
User: NT AUTHORITY\SYSTEM
Protocol: tcp
Initiated: false
SourceIsIpv6: true
SourceIp: 0:0:0:0:0:0:0:1
SourceHostname: DESKTOP-63KR1PU
SourcePort: 5357
SourcePortName: wsd
DestinationIsIpv6: true
DestinationIp: 0:0:0:0:0:0:0:1
DestinationHostname: DESKTOP-63KR1PU
DestinationPort: 49708
DestinationPortName: "
Information	10.10.2017 07:53:33	Microsoft-Windows-Sysmon	3	Network connection detected (rule: NetworkConnect)	"Network connection detected:
UtcTime: 2017-10-10 05:53:30.609
ProcessGuid: {E4CEE641-C4E6-597E-0000-001087420100}
ProcessId: 2080
Image: C:\Windows\System32\svchost.exe
User: NT AUTHORITY\LOCAL SERVICE
Protocol: tcp
Initiated: true
SourceIsIpv6: true
SourceIp: 0:0:0:0:0:0:0:1
SourceHostname: DESKTOP-63KR1PU
SourcePort: 49708
SourcePortName: 
DestinationIsIpv6: true
DestinationIp: 0:0:0:0:0:0:0:1
DestinationHostname: DESKTOP-63KR1PU
DestinationPort: 5357
DestinationPortName: wsd"
Information	10.10.2017 07:53:33	Microsoft-Windows-Sysmon	3	Network connection detected (rule: NetworkConnect)	"Network connection detected:
UtcTime: 2017-10-10 05:53:30.606
ProcessGuid: {E4CEE641-C4E6-597E-0000-0010BC440100}
ProcessId: 2108
Image: C:\Windows\System32\svchost.exe
User: NT AUTHORITY\LOCAL SERVICE
Protocol: udp
Initiated: true
SourceIsIpv6: true
SourceIp: 0:0:0:0:0:0:0:1
SourceHostname: DESKTOP-63KR1PU
SourcePort: 3702
SourcePortName: ws-discovery
DestinationIsIpv6: true
DestinationIp: 0:0:0:0:0:0:0:1
DestinationHostname: DESKTOP-63KR1PU
DestinationPort: 55943
DestinationPortName: "
Information	10.10.2017 07:53:33	Microsoft-Windows-Sysmon	3	Network connection detected (rule: NetworkConnect)	"Network connection detected:
UtcTime: 2017-10-10 05:53:30.398
ProcessGuid: {E4CEE641-C4F5-597E-0000-001047810200}
ProcessId: 3572
Image: C:\Windows\System32\dasHost.exe
User: NT AUTHORITY\LOCAL SERVICE
Protocol: udp
Initiated: false
SourceIsIpv6: false
SourceIp: 239.255.255.250
SourceHostname: 
SourcePort: 3702
SourcePortName: ws-discovery
DestinationIsIpv6: false
DestinationIp: 127.0.0.1
DestinationHostname: DESKTOP-63KR1PU
DestinationPort: 55942
DestinationPortName: "
Information	10.10.2017 07:53:33	Microsoft-Windows-Sysmon	3	Network connection detected (rule: NetworkConnect)	"Network connection detected:
UtcTime: 2017-10-10 05:53:30.215
ProcessGuid: {E4CEE641-C4F5-597E-0000-001047810200}
ProcessId: 3572
Image: C:\Windows\System32\dasHost.exe
User: NT AUTHORITY\LOCAL SERVICE
Protocol: udp
Initiated: false
SourceIsIpv6: true
SourceIp: ff02:0:0:0:0:0:0:c
SourceHostname: 
SourcePort: 3702
SourcePortName: ws-discovery
DestinationIsIpv6: true
DestinationIp: 0:0:0:0:0:0:0:1
DestinationHostname: DESKTOP-63KR1PU
DestinationPort: 55943
DestinationPortName: "
Information	10.10.2017 07:53:33	Microsoft-Windows-Sysmon	3	Network connection detected (rule: NetworkConnect)	"Network connection detected:
UtcTime: 2017-10-10 05:53:30.153
ProcessGuid: {E4CEE641-C4F5-597E-0000-001047810200}
ProcessId: 3572
Image: C:\Windows\System32\dasHost.exe
User: NT AUTHORITY\LOCAL SERVICE
Protocol: udp
Initiated: false
SourceIsIpv6: false
SourceIp: 239.255.255.250
SourceHostname: 
SourcePort: 3702
SourcePortName: ws-discovery
DestinationIsIpv6: false
DestinationIp: 127.0.0.1
DestinationHostname: DESKTOP-63KR1PU
DestinationPort: 53702
DestinationPortName: "
Information	10.10.2017 07:53:33	Microsoft-Windows-Sysmon	3	Network connection detected (rule: NetworkConnect)	"Network connection detected:
UtcTime: 2017-10-10 05:53:30.153
ProcessGuid: {E4CEE641-C4E6-597E-0000-001087420100}
ProcessId: 2080
Image: C:\Windows\System32\svchost.exe
User: NT AUTHORITY\LOCAL SERVICE
Protocol: udp
Initiated: false
SourceIsIpv6: false
SourceIp: 239.255.255.250
SourceHostname: 
SourcePort: 3702
SourcePortName: ws-discovery
DestinationIsIpv6: false
DestinationIp: 127.0.0.1
DestinationHostname: DESKTOP-63KR1PU
DestinationPort: 53702
DestinationPortName: "
Information	10.10.2017 07:53:33	Microsoft-Windows-Sysmon	3	Network connection detected (rule: NetworkConnect)	"Network connection detected:
UtcTime: 2017-10-10 05:53:30.153
ProcessGuid: {E4CEE641-C4E6-597E-0000-0010BC440100}
ProcessId: 2108
Image: C:\Windows\System32\svchost.exe
User: NT AUTHORITY\LOCAL SERVICE
Protocol: udp
Initiated: false
SourceIsIpv6: false
SourceIp: 239.255.255.250
SourceHostname: 
SourcePort: 3702
SourcePortName: ws-discovery
DestinationIsIpv6: false
DestinationIp: 127.0.0.1
DestinationHostname: DESKTOP-63KR1PU
DestinationPort: 53702
DestinationPortName: "
Information	10.10.2017 07:53:33	Microsoft-Windows-Sysmon	3	Network connection detected (rule: NetworkConnect)	"Network connection detected:
UtcTime: 2017-10-10 05:53:30.153
ProcessGuid: {E4CEE641-C4F5-597E-0000-001047810200}
ProcessId: 3572
Image: C:\Windows\System32\dasHost.exe
User: NT AUTHORITY\LOCAL SERVICE
Protocol: udp
Initiated: false
SourceIsIpv6: true
SourceIp: ff02:0:0:0:0:0:0:c
SourceHostname: 
SourcePort: 3702
SourcePortName: ws-discovery
DestinationIsIpv6: true
DestinationIp: 0:0:0:0:0:0:0:1
DestinationHostname: DESKTOP-63KR1PU
DestinationPort: 53703
DestinationPortName: "
Information	10.10.2017 07:53:33	Microsoft-Windows-Sysmon	3	Network connection detected (rule: NetworkConnect)	"Network connection detected:
UtcTime: 2017-10-10 05:53:30.153
ProcessGuid: {E4CEE641-C4E6-597E-0000-001087420100}
ProcessId: 2080
Image: C:\Windows\System32\svchost.exe
User: NT AUTHORITY\LOCAL SERVICE
Protocol: udp
Initiated: false
SourceIsIpv6: true
SourceIp: ff02:0:0:0:0:0:0:c
SourceHostname: 
SourcePort: 3702
SourcePortName: ws-discovery
DestinationIsIpv6: true
DestinationIp: 0:0:0:0:0:0:0:1
DestinationHostname: DESKTOP-63KR1PU
DestinationPort: 53703
DestinationPortName: "
Information	10.10.2017 07:53:33	Microsoft-Windows-Sysmon	3	Network connection detected (rule: NetworkConnect)	"Network connection detected:
UtcTime: 2017-10-10 05:53:30.153
ProcessGuid: {E4CEE641-C4E6-597E-0000-0010BC440100}
ProcessId: 2108
Image: C:\Windows\System32\svchost.exe
User: NT AUTHORITY\LOCAL SERVICE
Protocol: udp
Initiated: false
SourceIsIpv6: true
SourceIp: ff02:0:0:0:0:0:0:c
SourceHostname: 
SourcePort: 3702
SourcePortName: ws-discovery
DestinationIsIpv6: true
DestinationIp: 0:0:0:0:0:0:0:1
DestinationHostname: DESKTOP-63KR1PU
DestinationPort: 53703
DestinationPortName: "
Information	10.10.2017 07:53:32	Microsoft-Windows-Sysmon	3	Network connection detected (rule: NetworkConnect)	"Network connection detected:
UtcTime: 2017-10-10 05:53:29.941
ProcessGuid: {E4CEE641-C4D6-597E-0000-0010EB030000}
ProcessId: 4
Image: System
User: NT AUTHORITY\SYSTEM
Protocol: udp
Initiated: true
SourceIsIpv6: false
SourceIp: 10.34.1.27
SourceHostname: DESKTOP-63KR1PU
SourcePort: 137
SourcePortName: netbios-ns
DestinationIsIpv6: false
DestinationIp: 10.0.2.2
DestinationHostname: HP
DestinationPort: 137
DestinationPortName: netbios-ns"
Information	10.10.2017 07:53:32	Microsoft-Windows-Sysmon	3	Network connection detected (rule: NetworkConnect)	"Network connection detected:
UtcTime: 2017-10-10 05:53:29.359
ProcessGuid: {E4CEE641-C4E6-597E-0000-001087420100}
ProcessId: 2080
Image: C:\Windows\System32\svchost.exe
User: NT AUTHORITY\LOCAL SERVICE
Protocol: udp
Initiated: false
SourceIsIpv6: false
SourceIp: 239.255.255.250
SourceHostname: 
SourcePort: 3702
SourcePortName: ws-discovery
DestinationIsIpv6: false
DestinationIp: 127.0.0.1
DestinationHostname: DESKTOP-63KR1PU
DestinationPort: 55942
DestinationPortName: "
Information	10.10.2017 07:53:32	Microsoft-Windows-Sysmon	3	Network connection detected (rule: NetworkConnect)	"Network connection detected:
UtcTime: 2017-10-10 05:53:29.359
ProcessGuid: {E4CEE641-C4E6-597E-0000-0010BC440100}
ProcessId: 2108
Image: C:\Windows\System32\svchost.exe
User: NT AUTHORITY\LOCAL SERVICE
Protocol: udp
Initiated: false
SourceIsIpv6: false
SourceIp: 239.255.255.250
SourceHostname: 
SourcePort: 3702
SourcePortName: ws-discovery
DestinationIsIpv6: false
DestinationIp: 127.0.0.1
DestinationHostname: DESKTOP-63KR1PU
DestinationPort: 55942
DestinationPortName: "
Information	10.10.2017 07:53:32	Microsoft-Windows-Sysmon	3	Network connection detected (rule: NetworkConnect)	"Network connection detected:
UtcTime: 2017-10-10 05:53:29.358
ProcessGuid: {E4CEE641-C4E6-597E-0000-001087420100}
ProcessId: 2080
Image: C:\Windows\System32\svchost.exe
User: NT AUTHORITY\LOCAL SERVICE
Protocol: udp
Initiated: false
SourceIsIpv6: true
SourceIp: ff02:0:0:0:0:0:0:c
SourceHostname: 
SourcePort: 3702
SourcePortName: ws-discovery
DestinationIsIpv6: true
DestinationIp: 0:0:0:0:0:0:0:1
DestinationHostname: DESKTOP-63KR1PU
DestinationPort: 55943
DestinationPortName: "
Information	10.10.2017 07:53:32	Microsoft-Windows-Sysmon	3	Network connection detected (rule: NetworkConnect)	"Network connection detected:
UtcTime: 2017-10-10 05:53:29.358
ProcessGuid: {E4CEE641-C4E6-597E-0000-0010BC440100}
ProcessId: 2108
Image: C:\Windows\System32\svchost.exe
User: NT AUTHORITY\LOCAL SERVICE
Protocol: udp
Initiated: false
SourceIsIpv6: true
SourceIp: ff02:0:0:0:0:0:0:c
SourceHostname: 
SourcePort: 3702
SourcePortName: ws-discovery
DestinationIsIpv6: true
DestinationIp: 0:0:0:0:0:0:0:1
DestinationHostname: DESKTOP-63KR1PU
DestinationPort: 55943
DestinationPortName: "
Information	10.10.2017 07:53:32	Microsoft-Windows-Sysmon	3	Network connection detected (rule: NetworkConnect)	"Network connection detected:
UtcTime: 2017-10-10 05:53:28.778
ProcessGuid: {E4CEE641-C4E3-597E-0000-001076BE0000}
ProcessId: 1132
Image: C:\Windows\System32\svchost.exe
User: NT AUTHORITY\LOCAL SERVICE
Protocol: udp
Initiated: false
SourceIsIpv6: false
SourceIp: 10.34.1.27
SourceHostname: DESKTOP-63KR1PU
SourcePort: 68
SourcePortName: bootpc
DestinationIsIpv6: false
DestinationIp: 10.0.2.2
DestinationHostname: HP
DestinationPort: 67
DestinationPortName: bootps"
Information	10.10.2017 07:53:31	Microsoft-Windows-Sysmon	1	Process Create (rule: ProcessCreate)	"Process Create:
UtcTime: 2017-10-10 05:53:31.648
ProcessGuid: {E4CEE641-C5DB-597E-0000-001029FB0D00}
ProcessId: 5812
Image: C:\Windows\System32\wbem\WMIADAP.exe
CommandLine: wmiadap.exe /F /T /R
CurrentDirectory: C:\WINDOWS\system32\
User: NT AUTHORITY\SYSTEM
LogonGuid: {E4CEE641-C4E1-597E-0000-0020E7030000}
LogonId: 0x3E7
TerminalSessionId: 0
IntegrityLevel: System
Hashes: MD5=D37BF7A2BCA335547FEF98C583980EA4,SHA256=BA113876F95E0F0722151D81CF74E64FBCB8E497102289B280178009BDBC7710
ParentProcessGuid: {E4CEE641-C4E8-597E-0000-001029980100}
ParentProcessId: 2284
ParentImage: C:\Windows\System32\svchost.exe
ParentCommandLine: c:\windows\system32\svchost.exe -k netsvcs -s Winmgmt"
Information	10.10.2017 07:53:31	Microsoft-Windows-Sysmon	5	Process terminated (rule: ProcessTerminate)	"Process terminated:
UtcTime: 2017-10-10 05:53:31.387
ProcessGuid: {E4CEE641-C5DA-597E-0000-001076DD0D00}
ProcessId: 6976
Image: C:\Windows\System32\taskhostw.exe"
Information	10.10.2017 07:53:30	Microsoft-Windows-Sysmon	1	Process Create (rule: ProcessCreate)	"Process Create:
UtcTime: 2017-10-10 05:53:30.845
ProcessGuid: {E4CEE641-C5DA-597E-0000-00104DDE0D00}
ProcessId: 4680
Image: C:\Windows\System32\svchost.exe
CommandLine: C:\WINDOWS\System32\svchost.exe -k netsvcs -s Browser
CurrentDirectory: C:\WINDOWS\system32\
User: NT AUTHORITY\SYSTEM
LogonGuid: {E4CEE641-C4E1-597E-0000-0020E7030000}
LogonId: 0x3E7
TerminalSessionId: 0
IntegrityLevel: System
Hashes: MD5=3120B24060924F9B94182A1432B2D7F9,SHA256=9F21E51442209BCEC0EA4A468EF8A4741685AE204D5063F4C3E45E1F8CF72643
ParentProcessGuid: {E4CEE641-C4E1-597E-0000-0010333E0000}
ParentProcessId: 572
ParentImage: C:\Windows\System32\services.exe
ParentCommandLine: C:\WINDOWS\system32\services.exe"
Information	10.10.2017 07:53:30	Microsoft-Windows-Sysmon	1	Process Create (rule: ProcessCreate)	"Process Create:
UtcTime: 2017-10-10 05:53:30.824
ProcessGuid: {E4CEE641-C5DA-597E-0000-001076DD0D00}
ProcessId: 6976
Image: C:\Windows\System32\taskhostw.exe
CommandLine: taskhostw.exe
CurrentDirectory: C:\WINDOWS\system32\
User: DESKTOP-63KR1PU\John
LogonGuid: {E4CEE641-C4E8-597E-0000-002051990100}
LogonId: 0x19951
TerminalSessionId: 1
IntegrityLevel: Medium
Hashes: MD5=802F044589D1D0657F4A12B13AFFFAE4,SHA256=3BC9D9E67292B2D4849AD0DB1EAE86DDEDBFC27728CDED9CFA614C4939A5D2D4
ParentProcessGuid: {E4CEE641-C4E3-597E-0000-0010B5BE0000}
ParentProcessId: 1140
ParentImage: C:\Windows\System32\svchost.exe
ParentCommandLine: c:\windows\system32\svchost.exe -k netsvcs -s Schedule"
Information	10.10.2017 07:53:30	Microsoft-Windows-Sysmon	6	Driver loaded (rule: DriverLoad)	"Driver loaded:
UtcTime: 2017-10-10 05:53:30.503
ImageLoaded: C:\Windows\System32\drivers\ndisuio.sys
Hashes: MD5=6704F27EB15A5B30AA7FA5A4F4D1FD47,SHA256=841F99B3C751F4D4E23C0E7B5C275B4871C1D5EF937A93129DF64DF49F6B6736
Signed: true
Signature: Microsoft Windows
SignatureStatus: Valid"
Information	10.10.2017 07:53:30	Microsoft-Windows-Sysmon	1	Process Create (rule: ProcessCreate)	"Process Create:
UtcTime: 2017-10-10 05:53:30.514
ProcessGuid: {E4CEE641-C5DA-597E-0000-00106ED10D00}
ProcessId: 6536
Image: C:\Windows\System32\svchost.exe
CommandLine: c:\windows\system32\svchost.exe -k localsystemnetworkrestricted -s SmsRouter
CurrentDirectory: C:\WINDOWS\system32\
User: NT AUTHORITY\SYSTEM
LogonGuid: {E4CEE641-C4E1-597E-0000-0020E7030000}
LogonId: 0x3E7
TerminalSessionId: 0
IntegrityLevel: System
Hashes: MD5=3120B24060924F9B94182A1432B2D7F9,SHA256=9F21E51442209BCEC0EA4A468EF8A4741685AE204D5063F4C3E45E1F8CF72643
ParentProcessGuid: {E4CEE641-C4E1-597E-0000-0010333E0000}
ParentProcessId: 572
ParentImage: C:\Windows\System32\services.exe
ParentCommandLine: C:\WINDOWS\system32\services.exe"
Information	10.10.2017 07:53:30	Microsoft-Windows-Sysmon	1	Process Create (rule: ProcessCreate)	"Process Create:
UtcTime: 2017-10-10 05:53:30.414
ProcessGuid: {E4CEE641-C5DA-597E-0000-001063CF0D00}
ProcessId: 896
Image: C:\Windows\System32\svchost.exe
CommandLine: c:\windows\system32\svchost.exe -k netsvcs -s dmwappushservice
CurrentDirectory: C:\WINDOWS\system32\
User: NT AUTHORITY\SYSTEM
LogonGuid: {E4CEE641-C4E1-597E-0000-0020E7030000}
LogonId: 0x3E7
TerminalSessionId: 0
IntegrityLevel: System
Hashes: MD5=3120B24060924F9B94182A1432B2D7F9,SHA256=9F21E51442209BCEC0EA4A468EF8A4741685AE204D5063F4C3E45E1F8CF72643
ParentProcessGuid: {E4CEE641-C4E1-597E-0000-0010333E0000}
ParentProcessId: 572
ParentImage: C:\Windows\System32\services.exe
ParentCommandLine: C:\WINDOWS\system32\services.exe"
