Information	10.10.2017 07:48:37	Microsoft-Windows-Sysmon	1	Process Create (rule: ProcessCreate)	"Process Create:
UtcTime: 2017-10-10 05:48:37.410
ProcessGuid: {E4CEE641-C4B5-597E-0000-0010FBACB800}
ProcessId: 3368
Image: C:\Windows\System32\SearchProtocolHost.exe
CommandLine: ""C:\WINDOWS\system32\SearchProtocolHost.exe"" Global\UsGthrFltPipeMssGthrPipe6_ Global\UsGthrCtrlFltPipeMssGthrPipe6 1 -2147483646 ""Software\Microsoft\Windows Search"" ""Mozilla/4.0 (compatible; MSIE 6.0; Windows NT; MS Search 4.0 Robot)"" ""C:\ProgramData\Microsoft\Search\Data\Temp\usgthrsvc"" ""DownLevelDaemon"" 
CurrentDirectory: C:\WINDOWS\system32\
User: NT AUTHORITY\SYSTEM
LogonGuid: {E4CEE641-DF21-597A-0000-0020E7030000}
LogonId: 0x3E7
TerminalSessionId: 0
IntegrityLevel: System
Hashes: MD5=96CB662846932E98D3B14CBCAFD3FE30,SHA256=782C36C541B2B240042717F26617C90AF65D65A771534CBD1746C601D14FFB95
ParentProcessGuid: {E4CEE641-DF54-597A-0000-001090370300}
ParentProcessId: 4392
ParentImage: C:\Windows\System32\SearchIndexer.exe
ParentCommandLine: C:\WINDOWS\system32\SearchIndexer.exe /Embedding"
Information	10.10.2017 07:48:37	Microsoft-Windows-Sysmon	5	Process terminated (rule: ProcessTerminate)	"Process terminated:
UtcTime: 2017-10-10 05:48:37.505
ProcessGuid: {E4CEE641-DF3A-597A-0000-00100FFA0100}
ProcessId: 3260
Image: C:\Windows\System32\svchost.exe"
Information	10.10.2017 07:48:37	Microsoft-Windows-Sysmon	5	Process terminated (rule: ProcessTerminate)	"Process terminated:
UtcTime: 2017-10-10 05:48:37.247
ProcessGuid: {E4CEE641-E089-597A-0000-0010BF944E00}
ProcessId: 7092
Image: C:\Windows\System32\svchost.exe"
Information	10.10.2017 07:48:37	Microsoft-Windows-Sysmon	5	Process terminated (rule: ProcessTerminate)	"Process terminated:
UtcTime: 2017-10-10 05:48:37.109
ProcessGuid: {E4CEE641-C292-597E-0000-0010EB71AC00}
ProcessId: 9160
Image: C:\Windows\System32\svchost.exe"
Information	10.10.2017 07:48:37	Microsoft-Windows-Sysmon	5	Process terminated (rule: ProcessTerminate)	"Process terminated:
UtcTime: 2017-10-10 05:48:37.071
ProcessGuid: {E4CEE641-DF49-597A-0000-00105F420200}
ProcessId: 3740
Image: C:\Windows\System32\svchost.exe"
Information	10.10.2017 07:48:37	Microsoft-Windows-Sysmon	5	Process terminated (rule: ProcessTerminate)	"Process terminated:
UtcTime: 2017-10-10 05:48:37.071
ProcessGuid: {E4CEE641-DFBB-597A-0000-00107CF40A00}
ProcessId: 2368
Image: C:\Windows\System32\svchost.exe"
Information	10.10.2017 07:48:36	Microsoft-Windows-Sysmon	5	Process terminated (rule: ProcessTerminate)	"Process terminated:
UtcTime: 2017-10-10 05:48:36.942
ProcessGuid: {E4CEE641-DF49-597A-0000-0010A2400200}
ProcessId: 3712
Image: C:\Windows\System32\svchost.exe"
Information	10.10.2017 07:48:36	Microsoft-Windows-Sysmon	5	Process terminated (rule: ProcessTerminate)	"Process terminated:
UtcTime: 2017-10-10 05:48:36.817
ProcessGuid: {E4CEE641-DF49-597A-0000-0010204C0200}
ProcessId: 3824
Image: C:\Windows\System32\taskhostw.exe"
Information	10.10.2017 07:48:36	Microsoft-Windows-Sysmon	5	Process terminated (rule: ProcessTerminate)	"Process terminated:
UtcTime: 2017-10-10 05:48:36.700
ProcessGuid: {E4CEE641-C4B4-597E-0000-0010FBA0B800}
ProcessId: 5760
Image: C:\Windows\System32\rundll32.exe"
Information	10.10.2017 07:48:36	Microsoft-Windows-Sysmon	5	Process terminated (rule: ProcessTerminate)	"Process terminated:
UtcTime: 2017-10-10 05:48:36.700
ProcessGuid: {E4CEE641-DF48-597A-0000-00109A360200}
ProcessId: 3656
Image: C:\Windows\System32\sihost.exe"
Information	10.10.2017 07:48:36	Microsoft-Windows-Sysmon	5	Process terminated (rule: ProcessTerminate)	"Process terminated:
UtcTime: 2017-10-10 05:48:36.684
ProcessGuid: {E4CEE641-E0C1-597A-0000-0010977B5400}
ProcessId: 7184
Image: C:\Windows\System32\ApplicationFrameHost.exe"
Information	10.10.2017 07:48:36	Microsoft-Windows-Sysmon	5	Process terminated (rule: ProcessTerminate)	"Process terminated:
UtcTime: 2017-10-10 05:48:36.684
ProcessGuid: {E4CEE641-DF5A-597A-0000-0010158C0300}
ProcessId: 5092
Image: C:\Windows\System32\RuntimeBroker.exe"
Information	10.10.2017 07:48:36	Microsoft-Windows-Sysmon	1	Process Create (rule: ProcessCreate)	"Process Create:
UtcTime: 2017-10-10 05:48:36.619
ProcessGuid: {E4CEE641-C4B4-597E-0000-0010FBA0B800}
ProcessId: 5760
Image: C:\Windows\System32\rundll32.exe
CommandLine: C:\WINDOWS\System32\rundll32.exe shell32.dll,SHCreateLocalServerRunDll {9BA05972-F6A8-11CF-A442-00A0C90A8F39} -Embedding
CurrentDirectory: C:\WINDOWS\system32\
User: DESKTOP-63KR1PU\John
LogonGuid: {E4CEE641-DF46-597A-0000-00205A230200}
LogonId: 0x2235A
TerminalSessionId: 1
IntegrityLevel: Medium
Hashes: MD5=ECB702B8C5650381C0784F1EEABB97BC,SHA256=9CC4DDAD2E9AE05A8C5762BA88A13C2B1EE4E25AE98EF01DD041FE35D611DA87
ParentProcessGuid: {E4CEE641-DF22-597A-0000-0010FF510000}
ParentProcessId: 752
ParentImage: C:\Windows\System32\svchost.exe
ParentCommandLine: C:\WINDOWS\system32\svchost.exe -k DcomLaunch"
Information	10.10.2017 07:48:36	Microsoft-Windows-Sysmon	5	Process terminated (rule: ProcessTerminate)	"Process terminated:
UtcTime: 2017-10-10 05:48:36.623
ProcessGuid: {E4CEE641-DF4C-597A-0000-00101F980200}
ProcessId: 3676
Image: C:\Windows\explorer.exe"
Information	10.10.2017 07:48:36	Microsoft-Windows-Sysmon	5	Process terminated (rule: ProcessTerminate)	"Process terminated:
UtcTime: 2017-10-10 05:48:36.141
ProcessGuid: {E4CEE641-C225-597E-0000-00104D64A200}
ProcessId: 7632
Image: C:\Windows\SystemApps\Microsoft.Windows.Cortana_cw5n1h2txyewy\SearchUI.exe"
Information	10.10.2017 07:48:36	Microsoft-Windows-Sysmon	5	Process terminated (rule: ProcessTerminate)	"Process terminated:
UtcTime: 2017-10-10 05:48:36.044
ProcessGuid: {E4CEE641-DF56-597A-0000-0010C95E0300}
ProcessId: 4752
Image: C:\Windows\SystemApps\ShellExperienceHost_cw5n1h2txyewy\ShellExperienceHost.exe"
Information	10.10.2017 07:48:36	Microsoft-Windows-Sysmon	5	Process terminated (rule: ProcessTerminate)	"Process terminated:
UtcTime: 2017-10-10 05:48:36.014
ProcessGuid: {E4CEE641-C1F8-597E-0000-001095989900}
ProcessId: 6592
Image: C:\Program Files\WindowsApps\Microsoft.SkypeApp_11.19.820.0_x64__kzf8qxf38zg5c\SkypeHost.exe"
Information	10.10.2017 07:48:35	Microsoft-Windows-Sysmon	5	Process terminated (rule: ProcessTerminate)	"Process terminated:
UtcTime: 2017-10-10 05:48:35.954
ProcessGuid: {E4CEE641-C29C-597E-0000-00104D27AD00}
ProcessId: 7488
Image: C:\Program Files (x86)\Google\Chrome\Application\chrome.exe"
Information	10.10.2017 07:48:35	Microsoft-Windows-Sysmon	5	Process terminated (rule: ProcessTerminate)	"Process terminated:
UtcTime: 2017-10-10 05:48:35.903
ProcessGuid: {E4CEE641-C292-597E-0000-0010EA6EAC00}
ProcessId: 8916
Image: C:\Program Files (x86)\Google\Chrome\Application\chrome.exe"
Information	10.10.2017 07:48:35	Microsoft-Windows-Sysmon	5	Process terminated (rule: ProcessTerminate)	"Process terminated:
UtcTime: 2017-10-10 05:48:35.874
ProcessGuid: {E4CEE641-C292-597E-0000-0010186CAC00}
ProcessId: 760
Image: C:\Program Files (x86)\Google\Chrome\Application\chrome.exe"
Information	10.10.2017 07:48:35	Microsoft-Windows-Sysmon	5	Process terminated (rule: ProcessTerminate)	"Process terminated:
UtcTime: 2017-10-10 05:48:35.834
ProcessGuid: {E4CEE641-E000-597A-0000-0010CD4F0D00}
ProcessId: 7748
Image: C:\Windows\System32\conhost.exe"
Information	10.10.2017 07:48:35	Microsoft-Windows-Sysmon	5	Process terminated (rule: ProcessTerminate)	"Process terminated:
UtcTime: 2017-10-10 05:48:35.834
ProcessGuid: {E4CEE641-C290-597E-0000-00101568AC00}
ProcessId: 7848
Image: C:\Program Files (x86)\Google\Chrome\Application\chrome.exe"
Information	10.10.2017 07:48:35	Microsoft-Windows-Sysmon	5	Process terminated (rule: ProcessTerminate)	"Process terminated:
UtcTime: 2017-10-10 05:48:35.834
ProcessGuid: {E4CEE641-E10B-597A-0000-001078555800}
ProcessId: 9212
Image: C:\Program Files (x86)\Microsoft Visual Studio\2017\Community\Common7\ServiceHub\Hosts\ServiceHub.Host.CLR.x86\ServiceHub.RoslynCodeAnalysisService32.exe"
Information	10.10.2017 07:48:35	Microsoft-Windows-Sysmon	5	Process terminated (rule: ProcessTerminate)	"Process terminated:
UtcTime: 2017-10-10 05:48:35.807
ProcessGuid: {E4CEE641-C290-597E-0000-0010FE64AC00}
ProcessId: 9064
Image: C:\Windows\System32\smartscreen.exe"
Information	10.10.2017 07:48:35	Microsoft-Windows-Sysmon	5	Process terminated (rule: ProcessTerminate)	"Process terminated:
UtcTime: 2017-10-10 05:48:35.793
ProcessGuid: {E4CEE641-C292-597E-0000-0010A574AC00}
ProcessId: 6180
Image: C:\Program Files (x86)\Google\Chrome\Application\chrome.exe"
Information	10.10.2017 07:48:35	Microsoft-Windows-Sysmon	5	Process terminated (rule: ProcessTerminate)	"Process terminated:
UtcTime: 2017-10-10 05:48:35.793
ProcessGuid: {E4CEE641-C37E-597E-0000-0010B28CB100}
ProcessId: 5552
Image: C:\Windows\System32\conhost.exe"
Information	10.10.2017 07:48:35	Microsoft-Windows-Sysmon	5	Process terminated (rule: ProcessTerminate)	"Process terminated:
UtcTime: 2017-10-10 05:48:35.793
ProcessGuid: {E4CEE641-C37E-597E-0000-00105A8CB100}
ProcessId: 4724
Image: C:\Windows\System32\cmd.exe"
Information	10.10.2017 07:48:35	Microsoft-Windows-Sysmon	5	Process terminated (rule: ProcessTerminate)	"Process terminated:
UtcTime: 2017-10-10 05:48:35.775
ProcessGuid: {E4CEE641-DF6B-597A-0000-00107EE70500}
ProcessId: 6504
Image: C:\Users\John\AppData\Local\Microsoft\OneDrive\OneDrive.exe"
Information	10.10.2017 07:48:35	Microsoft-Windows-Sysmon	5	Process terminated (rule: ProcessTerminate)	"Process terminated:
UtcTime: 2017-10-10 05:48:35.740
ProcessGuid: {E4CEE641-C4B2-597E-0000-0010098DB800}
ProcessId: 9152
Image: C:\Program Files (x86)\Microsoft Visual Studio\2017\Community\Common7\ServiceHub\Hosts\ServiceHub.Host.Node.x86\ServiceHub.Host.Node.x86.exe"
Information	10.10.2017 07:48:35	Microsoft-Windows-Sysmon	5	Process terminated (rule: ProcessTerminate)	"Process terminated:
UtcTime: 2017-10-10 05:48:35.695
ProcessGuid: {E4CEE641-DFDA-597A-0000-00102DE60B00}
ProcessId: 2620
Image: C:\Program Files (x86)\Microsoft Visual Studio\2017\Community\Common7\IDE\devenv.exe"
Information	10.10.2017 07:48:35	Microsoft-Windows-Sysmon	1	Process Create (rule: ProcessCreate)	"Process Create:
UtcTime: 2017-10-10 05:48:34.898
ProcessGuid: {E4CEE641-C4B2-597E-0000-0010098DB800}
ProcessId: 9152
Image: C:\Program Files (x86)\Microsoft Visual Studio\2017\Community\Common7\ServiceHub\Hosts\ServiceHub.Host.Node.x86\ServiceHub.Host.Node.x86.exe
CommandLine: ""C:\Program Files (x86)\Microsoft Visual Studio\2017\Community\Common7\ServiceHub\Hosts\ServiceHub.Host.Node.x86\ServiceHub.Host.Node.x86.exe"" ""./ServiceHub/controller/hubController.all.js"" ""3b571269ca8d15fec12d98ab62504b8e48fa55a64260ceafd9cefc335e888f64"" 
CurrentDirectory: C:\Program Files (x86)\Microsoft Visual Studio\2017\Community\Common7\
User: DESKTOP-63KR1PU\John
LogonGuid: {E4CEE641-DF46-597A-0000-00205A230200}
LogonId: 0x2235A
TerminalSessionId: 1
IntegrityLevel: Medium
Hashes: MD5=F54F95785DA23615B4F22ADCE7E2E03D,SHA256=2401CEAD2AF0D68F3D7AA7B65F57D0A512AA825E2C3CD8E02AC8EC208EE4F5E6
ParentProcessGuid: {E4CEE641-DFDA-597A-0000-00102DE60B00}
ParentProcessId: 2620
ParentImage: C:\Program Files (x86)\Microsoft Visual Studio\2017\Community\Common7\IDE\devenv.exe
ParentCommandLine: ""C:\Program Files (x86)\Microsoft Visual Studio\2017\Community\Common7\IDE\devenv.exe"" "
Information	10.10.2017 07:48:35	Microsoft-Windows-Sysmon	2	File creation time changed (rule: FileCreateTime)	"File creation time changed:
UtcTime: 2017-10-10 05:48:35.595
ProcessGuid: {E4CEE641-DF6B-597A-0000-00107EE70500}
ProcessId: 6504
Image: C:\Users\John\AppData\Local\Microsoft\OneDrive\OneDrive.exe
TargetFilename: C:\Users\John\AppData\Local\Microsoft\OneDrive\settings\Personal\global.temp.ini
CreationUtcTime: 2017-03-28 12:00:05.216
PreviousCreationUtcTime: 2017-10-10 05:48:35.505"
Information	10.10.2017 07:48:35	Microsoft-Windows-Sysmon	5	Process terminated (rule: ProcessTerminate)	"Process terminated:
UtcTime: 2017-10-10 05:48:35.371
ProcessGuid: {E4CEE641-C44D-597E-0000-0010F59DB300}
ProcessId: 8328
Image: C:\Windows\System32\mmc.exe"
Information	10.10.2017 07:48:35	Microsoft-Windows-Sysmon	5	Process terminated (rule: ProcessTerminate)	"Process terminated:
UtcTime: 2017-10-10 05:48:35.285
ProcessGuid: {E4CEE641-DF6A-597A-0000-001056990500}
ProcessId: 6368
Image: C:\Windows\System32\VBoxTray.exe"
Information	10.10.2017 07:48:35	Microsoft-Windows-Sysmon	5	Process terminated (rule: ProcessTerminate)	"Process terminated:
UtcTime: 2017-10-10 05:48:35.217
ProcessGuid: {E4CEE641-DFE9-597A-0000-0010B7930C00}
ProcessId: 4664
Image: C:\Program Files (x86)\Microsoft Visual Studio\2017\Community\Common7\IDE\PerfWatson2.exe"
Information	10.10.2017 07:48:35	Microsoft-Windows-Sysmon	5	Process terminated (rule: ProcessTerminate)	"Process terminated:
UtcTime: 2017-10-10 05:48:35.207
ProcessGuid: {E4CEE641-DFE9-597A-0000-0010D1930C00}
ProcessId: 6860
Image: C:\Program Files (x86)\Microsoft Visual Studio\2017\Community\Common7\IDE\PerfWatson2.exe"
Information	10.10.2017 07:48:35	Microsoft-Windows-Sysmon	5	Process terminated (rule: ProcessTerminate)	"Process terminated:
UtcTime: 2017-10-10 05:48:35.207
ProcessGuid: {E4CEE641-DFD0-597A-0000-00104A610B00}
ProcessId: 3956
Image: C:\Windows\System32\dllhost.exe"
Information	10.10.2017 07:48:35	Microsoft-Windows-Sysmon	5	Process terminated (rule: ProcessTerminate)	"Process terminated:
UtcTime: 2017-10-10 05:48:35.155
ProcessGuid: {E4CEE641-DF6A-597A-0000-0010708E0500}
ProcessId: 6320
Image: C:\Program Files\Windows Defender\MSASCuiL.exe"
Information	10.10.2017 07:48:35	Microsoft-Windows-Sysmon	5	Process terminated (rule: ProcessTerminate)	"Process terminated:
UtcTime: 2017-10-10 05:48:35.155
ProcessGuid: {E4CEE641-E0A1-597A-0000-00101DB35200}
ProcessId: 7792
Image: C:\Program Files (x86)\Common Files\Java\Java Update\jucheck.exe"
Information	10.10.2017 07:48:35	Microsoft-Windows-Sysmon	5	Process terminated (rule: ProcessTerminate)	"Process terminated:
UtcTime: 2017-10-10 05:48:35.067
ProcessGuid: {E4CEE641-DFD7-597A-0000-00106DBD0B00}
ProcessId: 5028
Image: C:\Program Files (x86)\Microsoft Visual Studio\2017\Community\Common7\IDE\devenv.exe"
Information	10.10.2017 07:48:35	Microsoft-Windows-Sysmon	2	File creation time changed (rule: FileCreateTime)	"File creation time changed:
UtcTime: 2017-10-10 05:48:35.012
ProcessGuid: {E4CEE641-C290-597E-0000-00101568AC00}
ProcessId: 7848
Image: C:\Program Files (x86)\Google\Chrome\Application\chrome.exe
TargetFilename: C:\Users\John\AppData\Local\Google\Chrome\User Data\2e7dcc35-04b8-453c-b7d6-accac17565fb.tmp
CreationUtcTime: 2017-07-13 09:31:14.496
PreviousCreationUtcTime: 2017-10-10 05:48:34.445"
Information	10.10.2017 07:48:35	Microsoft-Windows-Sysmon	2	File creation time changed (rule: FileCreateTime)	"File creation time changed:
UtcTime: 2017-10-10 05:48:34.923
ProcessGuid: {E4CEE641-C290-597E-0000-00101568AC00}
ProcessId: 7848
Image: C:\Program Files (x86)\Google\Chrome\Application\chrome.exe
TargetFilename: C:\Users\John\AppData\Local\Google\Chrome\User Data\Default\1e07bd5a-8c3f-4716-b8d2-7245151d2b0b.tmp
CreationUtcTime: 2017-07-13 09:31:05.775
PreviousCreationUtcTime: 2017-10-10 05:48:34.423"
Information	10.10.2017 07:48:35	Microsoft-Windows-Sysmon	5	Process terminated (rule: ProcessTerminate)	"Process terminated:
UtcTime: 2017-10-10 05:48:34.904
ProcessGuid: {E4CEE641-E044-597A-0000-0010B6B64900}
ProcessId: 6140
Image: C:\Program Files (x86)\Microsoft Visual Studio\2017\Community\Common7\ServiceHub\Hosts\ServiceHub.Host.CLR.x86\ServiceHub.SettingsHost.exe"
Information	10.10.2017 07:48:35	Microsoft-Windows-Sysmon	5	Process terminated (rule: ProcessTerminate)	"Process terminated:
UtcTime: 2017-10-10 05:48:34.904
ProcessGuid: {E4CEE641-E040-597A-0000-001047814900}
ProcessId: 7012
Image: C:\Program Files (x86)\Microsoft Visual Studio\2017\Community\Common7\ServiceHub\Hosts\ServiceHub.Host.CLR.x86\ServiceHub.Host.CLR.x86.exe"
Information	10.10.2017 07:48:35	Microsoft-Windows-Sysmon	5	Process terminated (rule: ProcessTerminate)	"Process terminated:
UtcTime: 2017-10-10 05:48:34.897
ProcessGuid: {E4CEE641-E040-597A-0000-00102A814900}
ProcessId: 5860
Image: C:\Program Files (x86)\Microsoft Visual Studio\2017\Community\Common7\ServiceHub\Hosts\ServiceHub.Host.CLR.x86\ServiceHub.VSDetouredHost.exe"
Information	10.10.2017 07:48:35	Microsoft-Windows-Sysmon	5	Process terminated (rule: ProcessTerminate)	"Process terminated:
UtcTime: 2017-10-10 05:48:34.861
ProcessGuid: {E4CEE641-E040-597A-0000-00100D814900}
ProcessId: 4992
Image: C:\Program Files (x86)\Microsoft Visual Studio\2017\Community\Common7\ServiceHub\Hosts\ServiceHub.Host.CLR.x86\ServiceHub.IdentityHost.exe"
Information	10.10.2017 07:48:35	Microsoft-Windows-Sysmon	5	Process terminated (rule: ProcessTerminate)	"Process terminated:
UtcTime: 2017-10-10 05:48:34.838
ProcessGuid: {E4CEE641-DF70-597A-0000-001013040600}
ProcessId: 6644
Image: C:\Program Files (x86)\Common Files\Java\Java Update\jusched.exe"
Information	10.10.2017 07:48:35	Microsoft-Windows-Sysmon	5	Process terminated (rule: ProcessTerminate)	"Process terminated:
UtcTime: 2017-10-10 05:48:34.766
ProcessGuid: {E4CEE641-E000-597A-0000-00108D4D0D00}
ProcessId: 7728
Image: C:\Program Files (x86)\Microsoft Visual Studio\2017\Community\Common7\ServiceHub\Hosts\ServiceHub.Host.Node.x86\ServiceHub.Host.Node.x86.exe"
Information	10.10.2017 07:48:33	Microsoft-Windows-Sysmon	1	Process Create (rule: ProcessCreate)	"Process Create:
UtcTime: 2017-10-10 05:48:33.905
ProcessGuid: {E4CEE641-C4B1-597E-0000-0010AC7CB800}
ProcessId: 8660
Image: C:\Windows\System32\LogonUI.exe
CommandLine: ""LogonUI.exe"" /flags:0x0 /state0:0xa3ee7055 /state1:0x41c64e6d
CurrentDirectory: C:\WINDOWS\system32\
User: NT AUTHORITY\SYSTEM
LogonGuid: {E4CEE641-DF21-597A-0000-0020E7030000}
LogonId: 0x3E7
TerminalSessionId: 1
IntegrityLevel: System
Hashes: MD5=B9AD6172EA17EE30AB0044EE532E586F,SHA256=8D6207EE0D1A0476FE26ACDB725FDB2CEA9B691AFB6B578ACD039DA7AED9DE4F
ParentProcessGuid: {E4CEE641-DF21-597A-0000-0010513A0000}
ParentProcessId: 544
ParentImage: C:\Windows\System32\winlogon.exe
ParentCommandLine: winlogon.exe"
Information	10.10.2017 07:48:33	Microsoft-Windows-Sysmon	5	Process terminated (rule: ProcessTerminate)	"Process terminated:
UtcTime: 2017-10-10 05:48:33.903
ProcessGuid: {E4CEE641-C4B1-597E-0000-00103D7BB800}
ProcessId: 7324
Image: C:\Windows\System32\shutdown.exe"
Information	10.10.2017 07:48:33	Microsoft-Windows-Sysmon	1	Process Create (rule: ProcessCreate)	"Process Create:
UtcTime: 2017-10-10 05:48:33.849
ProcessGuid: {E4CEE641-C4B1-597E-0000-00103D7BB800}
ProcessId: 7324
Image: C:\Windows\System32\shutdown.exe
CommandLine: shutdown  /r /f /t 0
CurrentDirectory: C:\Users\John\Downloads\SysinternalsSuite\
User: DESKTOP-63KR1PU\John
LogonGuid: {E4CEE641-DF46-597A-0000-002024230200}
LogonId: 0x22324
TerminalSessionId: 1
IntegrityLevel: High
Hashes: MD5=E2526514F53D287DFBE2BFB71CA4A9AE,SHA256=AEC2D0C15ED1DF6D068BCFE75018142810EA986F1960464BE39E0323CBA88AF4
ParentProcessGuid: {E4CEE641-C37E-597E-0000-00105A8CB100}
ParentProcessId: 4724
ParentImage: C:\Windows\System32\cmd.exe
ParentCommandLine: ""C:\WINDOWS\system32\cmd.exe"" "
Information	10.10.2017 07:48:25	Microsoft-Windows-Sysmon	5	Process terminated (rule: ProcessTerminate)	"Process terminated:
UtcTime: 2017-10-10 05:48:25.264
ProcessGuid: {E4CEE641-C4A9-597E-0000-0010A36AB800}
ProcessId: 4784
Image: C:\Windows\System32\shutdown.exe"
Information	10.10.2017 07:48:25	Microsoft-Windows-Sysmon	1	Process Create (rule: ProcessCreate)	"Process Create:
UtcTime: 2017-10-10 05:48:25.061
ProcessGuid: {E4CEE641-C4A9-597E-0000-0010A36AB800}
ProcessId: 4784
Image: C:\Windows\System32\shutdown.exe
CommandLine: shutdown  /r /f /t /0
CurrentDirectory: C:\Users\John\Downloads\SysinternalsSuite\
User: DESKTOP-63KR1PU\John
LogonGuid: {E4CEE641-DF46-597A-0000-002024230200}
LogonId: 0x22324
TerminalSessionId: 1
IntegrityLevel: High
Hashes: MD5=E2526514F53D287DFBE2BFB71CA4A9AE,SHA256=AEC2D0C15ED1DF6D068BCFE75018142810EA986F1960464BE39E0323CBA88AF4
ParentProcessGuid: {E4CEE641-C37E-597E-0000-00105A8CB100}
ParentProcessId: 4724
ParentImage: C:\Windows\System32\cmd.exe
ParentCommandLine: ""C:\WINDOWS\system32\cmd.exe"" "
Information	10.10.2017 07:48:12	Microsoft-Windows-Sysmon	2	File creation time changed (rule: FileCreateTime)	"File creation time changed:
UtcTime: 2017-10-10 05:48:12.606
ProcessGuid: {E4CEE641-C290-597E-0000-00101568AC00}
ProcessId: 7848
Image: C:\Program Files (x86)\Google\Chrome\Application\chrome.exe
TargetFilename: C:\Users\John\AppData\Local\Google\Chrome\User Data\Default\3ba1b041-5c6f-4a47-a72a-99f4bd3de4b1.tmp
CreationUtcTime: 2017-07-13 09:31:34.553
PreviousCreationUtcTime: 2017-10-10 05:48:12.606"
Information	10.10.2017 07:48:07	Microsoft-Windows-Sysmon	2	File creation time changed (rule: FileCreateTime)	"File creation time changed:
UtcTime: 2017-10-10 05:48:07.279
ProcessGuid: {E4CEE641-C290-597E-0000-00101568AC00}
ProcessId: 7848
Image: C:\Program Files (x86)\Google\Chrome\Application\chrome.exe
TargetFilename: C:\Users\John\AppData\Roaming\Microsoft\Windows\Recent\CustomDestinations\U79P007CWCPXHTF6PDNW.temp
CreationUtcTime: 2017-07-13 09:31:16.620
PreviousCreationUtcTime: 2017-10-10 05:48:07.262"
Information	10.10.2017 07:47:58	Microsoft-Windows-Sysmon	3	Network connection detected (rule: NetworkConnect)	"Network connection detected:
UtcTime: 2017-10-10 05:47:57.432
ProcessGuid: {E4CEE641-C290-597E-0000-00101568AC00}
ProcessId: 7848
Image: C:\Program Files (x86)\Google\Chrome\Application\chrome.exe
User: DESKTOP-63KR1PU\John
Protocol: tcp
Initiated: true
SourceIsIpv6: false
SourceIp: 10.34.1.27
SourceHostname: DESKTOP-63KR1PU
SourcePort: 50471
SourcePortName: 
DestinationIsIpv6: false
DestinationIp: 34.224.69.14
DestinationHostname: ec2-34-224-69-14.compute-1.amazonaws.com
DestinationPort: 443
DestinationPortName: https"
Information	10.10.2017 07:47:55	Microsoft-Windows-Sysmon	2	File creation time changed (rule: FileCreateTime)	"File creation time changed:
UtcTime: 2017-10-10 05:47:55.465
ProcessGuid: {E4CEE641-C290-597E-0000-00101568AC00}
ProcessId: 7848
Image: C:\Program Files (x86)\Google\Chrome\Application\chrome.exe
TargetFilename: C:\Users\John\AppData\Local\Google\Chrome\User Data\Default\af1f8edd-8e13-4907-8b95-1f52ed0c5d98.tmp
CreationUtcTime: 2017-07-13 09:31:34.553
PreviousCreationUtcTime: 2017-10-10 05:47:55.465"
Information	10.10.2017 07:47:37	Microsoft-Windows-Sysmon	2	File creation time changed (rule: FileCreateTime)	"File creation time changed:
UtcTime: 2017-10-10 05:47:37.248
ProcessGuid: {E4CEE641-C290-597E-0000-00101568AC00}
ProcessId: 7848
Image: C:\Program Files (x86)\Google\Chrome\Application\chrome.exe
TargetFilename: C:\Users\John\AppData\Roaming\Microsoft\Windows\Recent\CustomDestinations\XF60BRIHNA2QLUWOAR5E.temp
CreationUtcTime: 2017-07-13 09:31:16.620
PreviousCreationUtcTime: 2017-10-10 05:47:37.248"
Information	10.10.2017 07:47:34	Microsoft-Windows-Sysmon	2	File creation time changed (rule: FileCreateTime)	"File creation time changed:
UtcTime: 2017-10-10 05:47:34.560
ProcessGuid: {E4CEE641-C290-597E-0000-00101568AC00}
ProcessId: 7848
Image: C:\Program Files (x86)\Google\Chrome\Application\chrome.exe
TargetFilename: C:\Users\John\AppData\Local\Google\Chrome\User Data\Default\ae6f155c-a61a-43a9-9dd8-29aacc82208c.tmp
CreationUtcTime: 2017-07-13 09:31:34.553
PreviousCreationUtcTime: 2017-10-10 05:47:34.560"
Information	10.10.2017 07:47:32	Microsoft-Windows-Sysmon	3	Network connection detected (rule: NetworkConnect)	"Network connection detected:
UtcTime: 2017-10-10 05:47:31.232
ProcessGuid: {E4CEE641-C290-597E-0000-00101568AC00}
ProcessId: 7848
Image: C:\Program Files (x86)\Google\Chrome\Application\chrome.exe
User: DESKTOP-63KR1PU\John
Protocol: udp
Initiated: true
SourceIsIpv6: false
SourceIp: 10.34.1.27
SourceHostname: DESKTOP-63KR1PU
SourcePort: 51873
SourcePortName: 
DestinationIsIpv6: false
DestinationIp: 239.255.255.250
DestinationHostname: 
DestinationPort: 1900
DestinationPortName: ssdp"
Information	10.10.2017 07:47:13	Microsoft-Windows-Sysmon	2	File creation time changed (rule: FileCreateTime)	"File creation time changed:
UtcTime: 2017-10-10 05:47:13.591
ProcessGuid: {E4CEE641-C290-597E-0000-00101568AC00}
ProcessId: 7848
Image: C:\Program Files (x86)\Google\Chrome\Application\chrome.exe
TargetFilename: C:\Users\John\AppData\Local\Google\Chrome\User Data\Default\a5a6e9d7-232e-49fe-88c9-6be95e2530b5.tmp
CreationUtcTime: 2017-07-13 09:31:34.553
PreviousCreationUtcTime: 2017-10-10 05:47:13.591"
Information	10.10.2017 07:47:10	Microsoft-Windows-Sysmon	3	Network connection detected (rule: NetworkConnect)	"Network connection detected:
UtcTime: 2017-10-10 05:47:09.289
ProcessGuid: {E4CEE641-DF49-597A-0000-00105F420200}
ProcessId: 3740
Image: C:\Windows\System32\svchost.exe
User: DESKTOP-63KR1PU\John
Protocol: tcp
Initiated: true
SourceIsIpv6: false
SourceIp: 10.34.1.27
SourceHostname: DESKTOP-63KR1PU
SourcePort: 50470
SourcePortName: 
DestinationIsIpv6: false
DestinationIp: 104.87.177.133
DestinationHostname: a104-87-177-133.deploy.static.akamaitechnologies.com
DestinationPort: 80
DestinationPortName: http"
Information	10.10.2017 07:47:09	Microsoft-Windows-Sysmon	5	Process terminated (rule: ProcessTerminate)	"Process terminated:
UtcTime: 2017-10-10 05:47:09.802
ProcessGuid: {E4CEE641-C45D-597E-0000-001070D5B300}
ProcessId: 3384
Image: C:\Windows\System32\backgroundTaskHost.exe"
Information	10.10.2017 07:47:09	Microsoft-Windows-Sysmon	1	Process Create (rule: ProcessCreate)	"Process Create:
UtcTime: 2017-10-10 05:47:09.275
ProcessGuid: {E4CEE641-C45D-597E-0000-001070D5B300}
ProcessId: 3384
Image: C:\Windows\System32\backgroundTaskHost.exe
CommandLine: ""C:\WINDOWS\system32\backgroundTaskHost.exe"" -ServerName:App.AppXmtcan0h2tfbfy7k9kn8hbxb6dmzz1zh0.mca
CurrentDirectory: C:\Windows\SystemApps\Microsoft.Windows.ContentDeliveryManager_cw5n1h2txyewy\
User: DESKTOP-63KR1PU\John
LogonGuid: {E4CEE641-DF46-597A-0000-00205A230200}
LogonId: 0x2235A
TerminalSessionId: 1
IntegrityLevel: AppContainer
Hashes: MD5=00BDEAE44F02F23ADA619425E51F8C6E,SHA256=238D1D9A7A9AFE44CAB13E61E9F1896424598B9405402ACAECE0A4244B8F61B1
ParentProcessGuid: {E4CEE641-DF22-597A-0000-0010FF510000}
ParentProcessId: 752
ParentImage: C:\Windows\System32\svchost.exe
ParentCommandLine: C:\WINDOWS\system32\svchost.exe -k DcomLaunch"
Information	10.10.2017 07:47:07	Microsoft-Windows-Sysmon	2	File creation time changed (rule: FileCreateTime)	"File creation time changed:
UtcTime: 2017-10-10 05:47:07.232
ProcessGuid: {E4CEE641-C290-597E-0000-00101568AC00}
ProcessId: 7848
Image: C:\Program Files (x86)\Google\Chrome\Application\chrome.exe
TargetFilename: C:\Users\John\AppData\Roaming\Microsoft\Windows\Recent\CustomDestinations\BEPSVITISDCVEKSXVOGK.temp
CreationUtcTime: 2017-07-13 09:31:16.620
PreviousCreationUtcTime: 2017-10-10 05:47:07.217"
Information	10.10.2017 07:46:58	Microsoft-Windows-Sysmon	5	Process terminated (rule: ProcessTerminate)	"Process terminated:
UtcTime: 2017-10-10 05:46:58.247
ProcessGuid: {E4CEE641-C44D-597E-0000-00107C9CB300}
ProcessId: 3780
Image: C:\Windows\System32\dllhost.exe"
Information	10.10.2017 07:46:58	Microsoft-Windows-Sysmon	5	Process terminated (rule: ProcessTerminate)	"Process terminated:
UtcTime: 2017-10-10 05:46:58.154
ProcessGuid: {E4CEE641-C44D-597E-0000-0010B899B300}
ProcessId: 6880
Image: C:\Windows\System32\dllhost.exe"
Information	10.10.2017 07:46:57	Microsoft-Windows-Sysmon	3	Network connection detected (rule: NetworkConnect)	"Network connection detected:
UtcTime: 2017-10-10 05:46:56.431
ProcessGuid: {E4CEE641-C290-597E-0000-00101568AC00}
ProcessId: 7848
Image: C:\Program Files (x86)\Google\Chrome\Application\chrome.exe
User: DESKTOP-63KR1PU\John
Protocol: tcp
Initiated: true
SourceIsIpv6: false
SourceIp: 10.34.1.27
SourceHostname: DESKTOP-63KR1PU
SourcePort: 50469
SourcePortName: 
DestinationIsIpv6: false
DestinationIp: 34.224.69.14
DestinationHostname: 
DestinationPort: 443
DestinationPortName: https"
Information	10.10.2017 07:46:53	Microsoft-Windows-Sysmon	1	Process Create (rule: ProcessCreate)	"Process Create:
UtcTime: 2017-10-10 05:46:53.248
ProcessGuid: {E4CEE641-C44D-597E-0000-0010F59DB300}
ProcessId: 8328
Image: C:\Windows\System32\mmc.exe
CommandLine: ""C:\WINDOWS\system32\mmc.exe"" 
CurrentDirectory: C:\WINDOWS\system32\
User: DESKTOP-63KR1PU\John
LogonGuid: {E4CEE641-DF46-597A-0000-002024230200}
LogonId: 0x22324
TerminalSessionId: 1
IntegrityLevel: High
Hashes: MD5=211ADC0A46442C4050285C6B2C8874A1,SHA256=E021D4B2F12D2836C279AEEE9FE59CEA300730519AFA57F450BA7095B45A653F
ParentProcessGuid: {E4CEE641-DF4C-597A-0000-00101F980200}
ParentProcessId: 3676
ParentImage: C:\Windows\explorer.exe
ParentCommandLine: C:\WINDOWS\Explorer.EXE"
Information	10.10.2017 07:46:53	Microsoft-Windows-Sysmon	1	Process Create (rule: ProcessCreate)	"Process Create:
UtcTime: 2017-10-10 05:46:53.221
ProcessGuid: {E4CEE641-C44D-597E-0000-00107C9CB300}
ProcessId: 3780
Image: C:\Windows\System32\dllhost.exe
CommandLine: C:\WINDOWS\system32\DllHost.exe /Processid:{E10F6C3A-F1AE-4ADC-AA9D-2FE65525666E}
CurrentDirectory: C:\WINDOWS\system32\
User: NT AUTHORITY\SYSTEM
LogonGuid: {E4CEE641-DF21-597A-0000-0020E7030000}
LogonId: 0x3E7
TerminalSessionId: 0
IntegrityLevel: System
Hashes: MD5=2D29C0AFCC8225AFF6637F7362C22960,SHA256=79756AB8344C31A55223A51625F2379525428CEBD53531F11C26544A34621D81
ParentProcessGuid: {E4CEE641-DF22-597A-0000-0010FF510000}
ParentProcessId: 752
ParentImage: C:\Windows\System32\svchost.exe
ParentCommandLine: C:\WINDOWS\system32\svchost.exe -k DcomLaunch"
Information	10.10.2017 07:46:53	Microsoft-Windows-Sysmon	5	Process terminated (rule: ProcessTerminate)	"Process terminated:
UtcTime: 2017-10-10 05:46:53.170
ProcessGuid: {E4CEE641-C44B-597E-0000-0010608CB300}
ProcessId: 5664
Image: C:\Windows\System32\consent.exe"
Information	10.10.2017 07:46:53	Microsoft-Windows-Sysmon	1	Process Create (rule: ProcessCreate)	"Process Create:
UtcTime: 2017-10-10 05:46:53.113
ProcessGuid: {E4CEE641-C44D-597E-0000-0010B899B300}
ProcessId: 6880
Image: C:\Windows\System32\dllhost.exe
CommandLine: C:\WINDOWS\system32\DllHost.exe /Processid:{E10F6C3A-F1AE-4ADC-AA9D-2FE65525666E}
CurrentDirectory: C:\WINDOWS\system32\
User: NT AUTHORITY\SYSTEM
LogonGuid: {E4CEE641-DF21-597A-0000-0020E7030000}
LogonId: 0x3E7
TerminalSessionId: 1
IntegrityLevel: System
Hashes: MD5=2D29C0AFCC8225AFF6637F7362C22960,SHA256=79756AB8344C31A55223A51625F2379525428CEBD53531F11C26544A34621D81
ParentProcessGuid: {E4CEE641-DF22-597A-0000-0010FF510000}
ParentProcessId: 752
ParentImage: C:\Windows\System32\svchost.exe
ParentCommandLine: C:\WINDOWS\system32\svchost.exe -k DcomLaunch"
Information	10.10.2017 07:46:51	Microsoft-Windows-Sysmon	2	File creation time changed (rule: FileCreateTime)	"File creation time changed:
UtcTime: 2017-10-10 05:46:51.780
ProcessGuid: {E4CEE641-C290-597E-0000-00101568AC00}
ProcessId: 7848
Image: C:\Program Files (x86)\Google\Chrome\Application\chrome.exe
TargetFilename: C:\Users\John\AppData\Local\Google\Chrome\User Data\Default\ba1d1fff-991b-4eef-b57c-4cd3ec146314.tmp
CreationUtcTime: 2017-07-13 09:31:34.553
PreviousCreationUtcTime: 2017-10-10 05:46:51.671"
Information	10.10.2017 07:46:51	Microsoft-Windows-Sysmon	1	Process Create (rule: ProcessCreate)	"Process Create:
UtcTime: 2017-10-10 05:46:51.472
ProcessGuid: {E4CEE641-C44B-597E-0000-0010608CB300}
ProcessId: 5664
Image: C:\Windows\System32\consent.exe
CommandLine: consent.exe 8504 288 000001B794F4D040
CurrentDirectory: C:\WINDOWS\system32\
User: NT AUTHORITY\SYSTEM
LogonGuid: {E4CEE641-DF21-597A-0000-0020E7030000}
LogonId: 0x3E7
TerminalSessionId: 1
IntegrityLevel: System
Hashes: MD5=6D7E9C7BAD50DA67B1F23C6B4A9E1F7F,SHA256=B9711ED459BDBF39679F731AB67221068E0B6B8D8BE88F22F4E89467EBAC223B
ParentProcessGuid: {E4CEE641-C37C-597E-0000-00101374B100}
ParentProcessId: 8504
ParentImage: C:\Windows\System32\svchost.exe
ParentCommandLine: c:\windows\system32\svchost.exe -k netsvcs -s Appinfo"
Information	10.10.2017 07:46:51	Microsoft-Windows-Sysmon	5	Process terminated (rule: ProcessTerminate)	"Process terminated:
UtcTime: 2017-10-10 05:46:51.346
ProcessGuid: {E4CEE641-C44B-597E-0000-00104F86B300}
ProcessId: 5440
Image: C:\Windows\System32\mmc.exe"
Information	10.10.2017 07:46:51	Microsoft-Windows-Sysmon	1	Process Create (rule: ProcessCreate)	"Process Create:
UtcTime: 2017-10-10 05:46:51.289
ProcessGuid: {E4CEE641-C44B-597E-0000-00104F86B300}
ProcessId: 5440
Image: C:\Windows\System32\mmc.exe
CommandLine: ""C:\WINDOWS\system32\mmc.exe"" 
CurrentDirectory: C:\Users\John\
User: DESKTOP-63KR1PU\John
LogonGuid: {E4CEE641-DF46-597A-0000-00205A230200}
LogonId: 0x2235A
TerminalSessionId: 1
IntegrityLevel: Medium
Hashes: MD5=211ADC0A46442C4050285C6B2C8874A1,SHA256=E021D4B2F12D2836C279AEEE9FE59CEA300730519AFA57F450BA7095B45A653F
ParentProcessGuid: {E4CEE641-DF4C-597A-0000-00101F980200}
ParentProcessId: 3676
ParentImage: C:\Windows\explorer.exe
ParentCommandLine: C:\WINDOWS\Explorer.EXE"
Information	10.10.2017 07:46:39	Microsoft-Windows-Sysmon	5	Process terminated (rule: ProcessTerminate)	"Process terminated:
UtcTime: 2017-10-10 05:46:39.124
ProcessGuid: {E4CEE641-C43C-597E-0000-00101F51B300}
ProcessId: 7056
Image: C:\Windows\System32\BackgroundTransferHost.exe"
Information	10.10.2017 07:46:37	Microsoft-Windows-Sysmon	3	Network connection detected (rule: NetworkConnect)	"Network connection detected:
UtcTime: 2017-10-10 05:46:36.635
ProcessGuid: {E4CEE641-C43C-597E-0000-0010462EB300}
ProcessId: 9204
Image: C:\Windows\System32\backgroundTaskHost.exe
User: DESKTOP-63KR1PU\John
Protocol: tcp
Initiated: true
SourceIsIpv6: false
SourceIp: 10.34.1.27
SourceHostname: DESKTOP-63KR1PU
SourcePort: 50468
SourcePortName: 
DestinationIsIpv6: false
DestinationIp: 207.46.194.33
DestinationHostname: msnbot-207-46-194-33.search.msn.com
DestinationPort: 443
DestinationPortName: https"
Information	10.10.2017 07:46:37	Microsoft-Windows-Sysmon	5	Process terminated (rule: ProcessTerminate)	"Process terminated:
UtcTime: 2017-10-10 05:46:37.490
ProcessGuid: {E4CEE641-C43C-597E-0000-0010462EB300}
ProcessId: 9204
Image: C:\Windows\System32\backgroundTaskHost.exe"
Information	10.10.2017 07:46:37	Microsoft-Windows-Sysmon	2	File creation time changed (rule: FileCreateTime)	"File creation time changed:
UtcTime: 2017-10-10 05:46:37.327
ProcessGuid: {E4CEE641-C290-597E-0000-00101568AC00}
ProcessId: 7848
Image: C:\Program Files (x86)\Google\Chrome\Application\chrome.exe
TargetFilename: C:\Users\John\AppData\Roaming\Microsoft\Windows\Recent\CustomDestinations\IEKO2WWIIK9K8OU8LODG.temp
CreationUtcTime: 2017-07-13 09:31:16.620
PreviousCreationUtcTime: 2017-10-10 05:46:37.203"
Information	10.10.2017 07:46:37	Microsoft-Windows-Sysmon	3	Network connection detected (rule: NetworkConnect)	"Network connection detected:
UtcTime: 2017-10-10 05:46:36.028
ProcessGuid: {E4CEE641-DF49-597A-0000-00105F420200}
ProcessId: 3740
Image: C:\Windows\System32\svchost.exe
User: DESKTOP-63KR1PU\John
Protocol: tcp
Initiated: true
SourceIsIpv6: false
SourceIp: 10.34.1.27
SourceHostname: DESKTOP-63KR1PU
SourcePort: 50467
SourcePortName: 
DestinationIsIpv6: false
DestinationIp: 104.87.184.66
DestinationHostname: 
DestinationPort: 80
DestinationPortName: http"
Information	10.10.2017 07:46:36	Microsoft-Windows-Sysmon	1	Process Create (rule: ProcessCreate)	"Process Create:
UtcTime: 2017-10-10 05:46:36.939
ProcessGuid: {E4CEE641-C43C-597E-0000-00101F51B300}
ProcessId: 7056
Image: C:\Windows\System32\BackgroundTransferHost.exe
CommandLine: ""BackgroundTransferHost.exe"" -ServerName:BackgroundTransferHost.1
CurrentDirectory: C:\Windows\SystemApps\Microsoft.Windows.ContentDeliveryManager_cw5n1h2txyewy\
User: DESKTOP-63KR1PU\John
LogonGuid: {E4CEE641-DF46-597A-0000-00205A230200}
LogonId: 0x2235A
TerminalSessionId: 1
IntegrityLevel: AppContainer
Hashes: MD5=0C3F8819995D9E063871EECC997BB3DC,SHA256=0713B4757AFF9827C7D935E19855E778E1CD93FE5DFE4180D31978EF85377560
ParentProcessGuid: {E4CEE641-DF22-597A-0000-0010FF510000}
ParentProcessId: 752
ParentImage: C:\Windows\System32\svchost.exe
ParentCommandLine: C:\WINDOWS\system32\svchost.exe -k DcomLaunch"
Information	10.10.2017 07:46:36	Microsoft-Windows-Sysmon	2	File creation time changed (rule: FileCreateTime)	"File creation time changed:
UtcTime: 2017-10-10 05:46:36.811
ProcessGuid: {E4CEE641-C43C-597E-0000-0010462EB300}
ProcessId: 9204
Image: C:\WINDOWS\system32\backgroundTaskHost.exe
TargetFilename: C:\Users\John\AppData\Local\Packages\Microsoft.Windows.ContentDeliveryManager_cw5n1h2txyewy\LocalState\ContentManagementSDK\Creatives\310091\1501479996.~tmp
CreationUtcTime: 2017-10-10 05:46:36.811
PreviousCreationUtcTime: 2017-10-10 05:46:36.811"
Information	10.10.2017 07:46:36	Microsoft-Windows-Sysmon	1	Process Create (rule: ProcessCreate)	"Process Create:
UtcTime: 2017-10-10 05:46:36.027
ProcessGuid: {E4CEE641-C43C-597E-0000-0010462EB300}
ProcessId: 9204
Image: C:\Windows\System32\backgroundTaskHost.exe
CommandLine: ""C:\WINDOWS\system32\backgroundTaskHost.exe"" -ServerName:App.AppXmtcan0h2tfbfy7k9kn8hbxb6dmzz1zh0.mca
CurrentDirectory: C:\Windows\SystemApps\Microsoft.Windows.ContentDeliveryManager_cw5n1h2txyewy\
User: DESKTOP-63KR1PU\John
LogonGuid: {E4CEE641-DF46-597A-0000-00205A230200}
LogonId: 0x2235A
TerminalSessionId: 1
IntegrityLevel: AppContainer
Hashes: MD5=00BDEAE44F02F23ADA619425E51F8C6E,SHA256=238D1D9A7A9AFE44CAB13E61E9F1896424598B9405402ACAECE0A4244B8F61B1
ParentProcessGuid: {E4CEE641-DF22-597A-0000-0010FF510000}
ParentProcessId: 752
ParentImage: C:\Windows\System32\svchost.exe
ParentCommandLine: C:\WINDOWS\system32\svchost.exe -k DcomLaunch"
Information	10.10.2017 07:46:27	Microsoft-Windows-Sysmon	2	File creation time changed (rule: FileCreateTime)	"File creation time changed:
UtcTime: 2017-10-10 05:46:27.576
ProcessGuid: {E4CEE641-C290-597E-0000-00101568AC00}
ProcessId: 7848
Image: C:\Program Files (x86)\Google\Chrome\Application\chrome.exe
TargetFilename: C:\Users\John\AppData\Local\Google\Chrome\User Data\Default\efc37ab0-85dd-46cd-96b5-30dfc4759dcf.tmp
CreationUtcTime: 2017-07-13 09:31:34.553
PreviousCreationUtcTime: 2017-10-10 05:46:27.576"
Information	10.10.2017 07:46:16	Microsoft-Windows-Sysmon	3	Network connection detected (rule: NetworkConnect)	"Network connection detected:
UtcTime: 2017-10-10 05:46:15.388
ProcessGuid: {E4CEE641-C290-597E-0000-00101568AC00}
ProcessId: 7848
Image: C:\Program Files (x86)\Google\Chrome\Application\chrome.exe
User: DESKTOP-63KR1PU\John
Protocol: udp
Initiated: true
SourceIsIpv6: false
SourceIp: 10.34.1.27
SourceHostname: DESKTOP-63KR1PU
SourcePort: 54221
SourcePortName: 
DestinationIsIpv6: false
DestinationIp: 216.58.209.78
DestinationHostname: waw02s06-in-f78.1e100.net
DestinationPort: 443
DestinationPortName: https"
Information	10.10.2017 07:46:15	Microsoft-Windows-Sysmon	3	Network connection detected (rule: NetworkConnect)	"Network connection detected:
UtcTime: 2017-10-10 05:46:14.599
ProcessGuid: {E4CEE641-DF24-597A-0000-001091D70000}
ProcessId: 1628
Image: C:\Windows\System32\svchost.exe
User: NT AUTHORITY\NETWORK SERVICE
Protocol: udp
Initiated: true
SourceIsIpv6: true
SourceIp: a00:20f:0:0:18d2:9f8c:5c5:ffff
SourceHostname: 
SourcePort: 52153
SourcePortName: 
DestinationIsIpv6: true
DestinationIp: e000:fc:2115:2111:3336:121:1121:121
DestinationHostname: 
DestinationPort: 5355
DestinationPortName: llmnr"
Information	10.10.2017 07:46:15	Microsoft-Windows-Sysmon	3	Network connection detected (rule: NetworkConnect)	"Network connection detected:
UtcTime: 2017-10-10 05:46:14.599
ProcessGuid: {E4CEE641-DF24-597A-0000-001091D70000}
ProcessId: 1628
Image: C:\Windows\System32\svchost.exe
User: NT AUTHORITY\NETWORK SERVICE
Protocol: udp
Initiated: true
SourceIsIpv6: true
SourceIp: fe80:0:0:0:484f:66ca:5caf:76ff
SourceHostname: DESKTOP-63KR1PU
SourcePort: 52153
SourcePortName: 
DestinationIsIpv6: true
DestinationIp: ff02:0:0:0:0:0:1:3
DestinationHostname: 
DestinationPort: 5355
DestinationPortName: llmnr"
Information	10.10.2017 07:46:15	Microsoft-Windows-Sysmon	3	Network connection detected (rule: NetworkConnect)	"Network connection detected:
UtcTime: 2017-10-10 05:46:14.598
ProcessGuid: {E4CEE641-DF15-597A-0000-0010EB030000}
ProcessId: 4
Image: System
User: NT AUTHORITY\SYSTEM
Protocol: udp
Initiated: true
SourceIsIpv6: false
SourceIp: 10.34.1.27
SourceHostname: DESKTOP-63KR1PU
SourcePort: 137
SourcePortName: netbios-ns
DestinationIsIpv6: false
DestinationIp: 10.0.2.3
DestinationHostname: HP
DestinationPort: 137
DestinationPortName: netbios-ns"
Information	10.10.2017 07:46:14	Microsoft-Windows-Sysmon	3	Network connection detected (rule: NetworkConnect)	"Network connection detected:
UtcTime: 2017-10-10 05:46:13.644
ProcessGuid: {E4CEE641-DF24-597A-0000-001091D70000}
ProcessId: 1628
Image: C:\Windows\System32\svchost.exe
User: NT AUTHORITY\NETWORK SERVICE
Protocol: udp
Initiated: false
SourceIsIpv6: false
SourceIp: 10.34.1.27
SourceHostname: DESKTOP-63KR1PU
SourcePort: 55897
SourcePortName: 
DestinationIsIpv6: false
DestinationIp: 10.0.2.3
DestinationHostname: HP
DestinationPort: 53
DestinationPortName: domain"
Information	10.10.2017 07:46:14	Microsoft-Windows-Sysmon	3	Network connection detected (rule: NetworkConnect)	"Network connection detected:
UtcTime: 2017-10-10 05:46:13.579
ProcessGuid: {E4CEE641-DF24-597A-0000-001091D70000}
ProcessId: 1628
Image: C:\Windows\System32\svchost.exe
User: NT AUTHORITY\NETWORK SERVICE
Protocol: udp
Initiated: true
SourceIsIpv6: true
SourceIp: a00:20f:0:0:18d2:9f8c:5c5:ffff
SourceHostname: 
SourcePort: 55897
SourcePortName: 
DestinationIsIpv6: true
DestinationIp: a00:203:1014:4815:804:504:b801:4d40
DestinationHostname: 
DestinationPort: 53
DestinationPortName: domain"
Information	10.10.2017 07:46:14	Microsoft-Windows-Sysmon	3	Network connection detected (rule: NetworkConnect)	"Network connection detected:
UtcTime: 2017-10-10 05:46:13.026
ProcessGuid: {E4CEE641-DF2C-597A-0000-00109A620100}
ProcessId: 2784
Image: C:\Windows\System32\svchost.exe
User: NT AUTHORITY\SYSTEM
Protocol: udp
Initiated: true
SourceIsIpv6: false
SourceIp: 10.34.1.27
SourceHostname: DESKTOP-63KR1PU
SourcePort: 61279
SourcePortName: 
DestinationIsIpv6: false
DestinationIp: 157.56.144.215
DestinationHostname: 
DestinationPort: 3544
DestinationPortName: teredo"
Information	10.10.2017 07:46:12	Microsoft-Windows-Sysmon	5	Process terminated (rule: ProcessTerminate)	"Process terminated:
UtcTime: 2017-10-10 05:46:12.654
ProcessGuid: {E4CEE641-C422-597E-0000-001041B7B200}
ProcessId: 372
Image: C:\Users\John\Downloads\SysinternalsSuite\Sysmon64.exe"
Information	10.10.2017 07:46:11	Microsoft-Windows-Sysmon	1	Process Create (rule: ProcessCreate)	"Process Create:
UtcTime: 2017-10-10 05:46:11.351
ProcessGuid: {E4CEE641-C423-597E-0000-00107F00B300}
ProcessId: 8396
Image: C:\Windows\Sysmon.exe
CommandLine: C:\WINDOWS\Sysmon.exe
CurrentDirectory: C:\WINDOWS\system32\
User: NT AUTHORITY\SYSTEM
LogonGuid: {E4CEE641-DF21-597A-0000-0020E7030000}
LogonId: 0x3E7
TerminalSessionId: 0
IntegrityLevel: System
Hashes: MD5=CC5F09A68A1B8688164E97B51A7795B9,SHA256=BC6A579553F1CAFEC84FFC1BAEA3EC6FA5656ED207D3E8177798070C4F71E53E
ParentProcessGuid: {E4CEE641-DF21-597A-0000-0010423C0000}
ParentProcessId: 572
ParentImage: C:\Windows\System32\services.exe
ParentCommandLine: C:\WINDOWS\system32\services.exe"
Information	10.10.2017 07:46:11	Microsoft-Windows-Sysmon	4	Sysmon service state changed	"Sysmon service state changed:
UtcTime: 2017-10-10 05:46:11.390
State: Started
Version: 6.03
SchemaVersion: 3.30"
Information	10.10.2017 07:46:11	Microsoft-Windows-Sysmon	16	Sysmon config state changed	"Sysmon config state changed:
UtcTime: 2017-10-10 05:46:11.327
Configuration: C:\Users\John\Downloads\SysinternalsSuite\Sysmon64.exe  -accepteula -i -h md5,sha256 -n
ConfigurationFileHash: "