Information	10.10.2017 07:53:29	Microsoft-Windows-Sysmon	1	Process Create (rule: ProcessCreate)	"Process Create:
UtcTime: 2017-10-10 05:53:29.474
ProcessGuid: {E4CEE641-C5D9-597E-0000-0010A3B50D00}
ProcessId: 4356
Image: C:\Windows\System32\dllhost.exe
CommandLine: C:\WINDOWS\system32\DllHost.exe /Processid:{E10F6C3A-F1AE-4ADC-AA9D-2FE65525666E}
CurrentDirectory: C:\WINDOWS\system32\
User: NT AUTHORITY\SYSTEM
LogonGuid: {E4CEE641-C4E1-597E-0000-0020E7030000}
LogonId: 0x3E7
TerminalSessionId: 0
IntegrityLevel: System
Hashes: MD5=2D29C0AFCC8225AFF6637F7362C22960,SHA256=79756AB8344C31A55223A51625F2379525428CEBD53531F11C26544A34621D81
ParentProcessGuid: {E4CEE641-C4E2-597E-0000-001053520000}
ParentProcessId: 700
ParentImage: C:\Windows\System32\svchost.exe
ParentCommandLine: C:\WINDOWS\system32\svchost.exe -k DcomLaunch"
Information	10.10.2017 07:53:28	Microsoft-Windows-Sysmon	1	Process Create (rule: ProcessCreate)	"Process Create:
UtcTime: 2017-10-10 05:53:28.375
ProcessGuid: {E4CEE641-C5D8-597E-0000-001080640D00}
ProcessId: 1440
Image: C:\Windows\System32\wbem\WmiPrvSE.exe
CommandLine: C:\WINDOWS\system32\wbem\wmiprvse.exe -secured -Embedding
CurrentDirectory: C:\WINDOWS\system32\
User: NT AUTHORITY\NETWORK SERVICE
LogonGuid: {E4CEE641-C4E2-597E-0000-0020E4030000}
LogonId: 0x3E4
TerminalSessionId: 0
IntegrityLevel: System
Hashes: MD5=C3B76154E72CFE98742B899D53EE5AB2,SHA256=AC535A3ED8A0138305E1E9D060BB3B94AFE4D05A8B8506224F5DF802C54A9EEB
ParentProcessGuid: {E4CEE641-C4E2-597E-0000-001053520000}
ParentProcessId: 700
ParentImage: C:\Windows\System32\svchost.exe
ParentCommandLine: C:\WINDOWS\system32\svchost.exe -k DcomLaunch"
Information	10.10.2017 07:53:28	Microsoft-Windows-Sysmon	2	File creation time changed (rule: FileCreateTime)	"File creation time changed:
UtcTime: 2017-10-10 05:53:28.325
ProcessGuid: {E4CEE641-C4E4-597E-0000-0010EB0B0100}
ProcessId: 1980
Image: c:\windows\system32\svchost.exe
TargetFilename: C:\ProgramData\USOPrivate\UpdateStore\updatestoretemp51b519d5-b6f5-4333-8df6-e74d7c9aead4.xml
CreationUtcTime: 2017-07-13 09:25:18.192
PreviousCreationUtcTime: 2017-07-13 09:25:18.192"
Information	10.10.2017 07:53:27	Microsoft-Windows-Sysmon	1	Process Create (rule: ProcessCreate)	"Process Create:
UtcTime: 2017-10-10 05:53:27.976
ProcessGuid: {E4CEE641-C5D7-597E-0000-001045570D00}
ProcessId: 5828
Image: C:\Windows\System32\svchost.exe
CommandLine: c:\windows\system32\svchost.exe -k netsvcs -s wisvc
CurrentDirectory: C:\WINDOWS\system32\
User: NT AUTHORITY\SYSTEM
LogonGuid: {E4CEE641-C4E1-597E-0000-0020E7030000}
LogonId: 0x3E7
TerminalSessionId: 0
IntegrityLevel: System
Hashes: MD5=3120B24060924F9B94182A1432B2D7F9,SHA256=9F21E51442209BCEC0EA4A468EF8A4741685AE204D5063F4C3E45E1F8CF72643
ParentProcessGuid: {E4CEE641-C4E1-597E-0000-0010333E0000}
ParentProcessId: 572
ParentImage: C:\Windows\System32\services.exe
ParentCommandLine: C:\WINDOWS\system32\services.exe"
Information	10.10.2017 07:53:27	Microsoft-Windows-Sysmon	2	File creation time changed (rule: FileCreateTime)	"File creation time changed:
UtcTime: 2017-10-10 05:53:27.669
ProcessGuid: {E4CEE641-C4E4-597E-0000-0010EB0B0100}
ProcessId: 1980
Image: c:\windows\system32\svchost.exe
TargetFilename: C:\ProgramData\USOPrivate\UpdateStore\updatestoretemp51b519d5-b6f5-4333-8df6-e74d7c9aead4.xml
CreationUtcTime: 2017-07-13 09:25:18.192
PreviousCreationUtcTime: 2017-10-10 05:53:27.609"
Information	10.10.2017 07:53:27	Microsoft-Windows-Sysmon	5	Process terminated (rule: ProcessTerminate)	"Process terminated:
UtcTime: 2017-10-10 05:53:27.609
ProcessGuid: {E4CEE641-C5D7-597E-0000-001063480D00}
ProcessId: 3096
Image: C:\Windows\System32\conhost.exe"
Information	10.10.2017 07:53:27	Microsoft-Windows-Sysmon	5	Process terminated (rule: ProcessTerminate)	"Process terminated:
UtcTime: 2017-10-10 05:53:27.609
ProcessGuid: {E4CEE641-C5D7-597E-0000-00102C480D00}
ProcessId: 3064
Image: C:\Windows\System32\UsoClient.exe"
Information	10.10.2017 07:53:27	Microsoft-Windows-Sysmon	1	Process Create (rule: ProcessCreate)	"Process Create:
UtcTime: 2017-10-10 05:53:27.152
ProcessGuid: {E4CEE641-C5D7-597E-0000-001063480D00}
ProcessId: 3096
Image: C:\Windows\System32\conhost.exe
CommandLine: \??\C:\WINDOWS\system32\conhost.exe 0xffffffff -ForceV1
CurrentDirectory: C:\WINDOWS
User: NT AUTHORITY\SYSTEM
LogonGuid: {E4CEE641-C4E1-597E-0000-0020E7030000}
LogonId: 0x3E7
TerminalSessionId: 0
IntegrityLevel: System
Hashes: MD5=9D6E324F3F64EBB93A6D3592DCD478FF,SHA256=1E1C6A5A22AB34375811740E6FD0918F475C1395960E48972059977DDEC75F3B
ParentProcessGuid: {E4CEE641-C5D7-597E-0000-00102C480D00}
ParentProcessId: 3064
ParentImage: C:\Windows\System32\UsoClient.exe
ParentCommandLine: C:\WINDOWS\system32\usoclient.exe StartScan"
Information	10.10.2017 07:53:27	Microsoft-Windows-Sysmon	1	Process Create (rule: ProcessCreate)	"Process Create:
UtcTime: 2017-10-10 05:53:27.147
ProcessGuid: {E4CEE641-C5D7-597E-0000-00102C480D00}
ProcessId: 3064
Image: C:\Windows\System32\UsoClient.exe
CommandLine: C:\WINDOWS\system32\usoclient.exe StartScan
CurrentDirectory: C:\WINDOWS\system32\
User: NT AUTHORITY\SYSTEM
LogonGuid: {E4CEE641-C4E1-597E-0000-0020E7030000}
LogonId: 0x3E7
TerminalSessionId: 0
IntegrityLevel: System
Hashes: MD5=B0C15B18EC17BA1051758654905FCE22,SHA256=9A713AF0C669B50D420F10F07A1BE737622D5DDB4F956224CE1704A718CED3A0
ParentProcessGuid: {E4CEE641-C4E3-597E-0000-0010B5BE0000}
ParentProcessId: 1140
ParentImage: C:\Windows\System32\svchost.exe
ParentCommandLine: c:\windows\system32\svchost.exe -k netsvcs -s Schedule"
Information	10.10.2017 07:53:06	Microsoft-Windows-Sysmon	5	Process terminated (rule: ProcessTerminate)	"Process terminated:
UtcTime: 2017-10-10 05:53:06.129
ProcessGuid: {E4CEE641-C50E-597E-0000-0010FDAA0400}
ProcessId: 5740
Image: C:\Windows\System32\backgroundTaskHost.exe"
Information	10.10.2017 07:52:49	Microsoft-Windows-Sysmon	5	Process terminated (rule: ProcessTerminate)	"Process terminated:
UtcTime: 2017-10-10 05:52:49.179
ProcessGuid: {E4CEE641-C5B1-597E-0000-00103F280D00}
ProcessId: 3168
Image: C:\Windows\System32\conhost.exe"
Information	10.10.2017 07:52:49	Microsoft-Windows-Sysmon	5	Process terminated (rule: ProcessTerminate)	"Process terminated:
UtcTime: 2017-10-10 05:52:49.163
ProcessGuid: {E4CEE641-C5B0-597E-0000-00104C270D00}
ProcessId: 5800
Image: C:\Program Files\Windows Defender\MpCmdRun.exe"
Information	10.10.2017 07:52:49	Microsoft-Windows-Sysmon	1	Process Create (rule: ProcessCreate)	"Process Create:
UtcTime: 2017-10-10 05:52:49.052
ProcessGuid: {E4CEE641-C5B1-597E-0000-00103F280D00}
ProcessId: 3168
Image: C:\Windows\System32\conhost.exe
CommandLine: \??\C:\WINDOWS\system32\conhost.exe 0xffffffff -ForceV1
CurrentDirectory: C:\WINDOWS
User: NT AUTHORITY\LOCAL SERVICE
LogonGuid: {E4CEE641-C4E2-597E-0000-0020E5030000}
LogonId: 0x3E5
TerminalSessionId: 0
IntegrityLevel: System
Hashes: MD5=9D6E324F3F64EBB93A6D3592DCD478FF,SHA256=1E1C6A5A22AB34375811740E6FD0918F475C1395960E48972059977DDEC75F3B
ParentProcessGuid: {E4CEE641-C5B0-597E-0000-00104C270D00}
ParentProcessId: 5800
ParentImage: C:\Program Files\Windows Defender\MpCmdRun.exe
ParentCommandLine: ""C:\Program Files\Windows Defender\mpcmdrun.exe"" -wdenable"
Information	10.10.2017 07:52:49	Microsoft-Windows-Sysmon	6	Driver loaded (rule: DriverLoad)	"Driver loaded:
UtcTime: 2017-10-10 05:52:49.019
ImageLoaded: C:\Windows\System32\drivers\condrv.sys
Hashes: MD5=04532711732BE9DBC364E88E4A9EC18A,SHA256=FCEB1F486E146A3FE7307397C1EB6760BFD8A327545F81C546F7134B08615B9E
Signed: true
Signature: Microsoft Windows
SignatureStatus: Valid"
Information	10.10.2017 07:52:48	Microsoft-Windows-Sysmon	1	Process Create (rule: ProcessCreate)	"Process Create:
UtcTime: 2017-10-10 05:52:48.906
ProcessGuid: {E4CEE641-C5B0-597E-0000-00104C270D00}
ProcessId: 5800
Image: C:\Program Files\Windows Defender\MpCmdRun.exe
CommandLine: ""C:\Program Files\Windows Defender\mpcmdrun.exe"" -wdenable
CurrentDirectory: C:\WINDOWS\system32\
User: NT AUTHORITY\LOCAL SERVICE
LogonGuid: {E4CEE641-C4E2-597E-0000-0020E5030000}
LogonId: 0x3E5
TerminalSessionId: 0
IntegrityLevel: System
Hashes: MD5=4CFFC91D60698DD5A783214D1C7DFC5F,SHA256=10BF0F88125DE048862B0EB2185F3DD4604B5ED3BC3538F8E59892F6AC344F10
ParentProcessGuid: {E4CEE641-C575-597E-0000-0010D7980C00}
ParentProcessId: 1352
ParentImage: C:\Windows\System32\svchost.exe
ParentCommandLine: c:\windows\system32\svchost.exe -k localservicenetworkrestricted -s wscsvc"
Information	10.10.2017 07:52:48	Microsoft-Windows-Sysmon	5	Process terminated (rule: ProcessTerminate)	"Process terminated:
UtcTime: 2017-10-10 05:52:48.848
ProcessGuid: {E4CEE641-C56E-597E-0000-00107F3B0C00}
ProcessId: 6632
Image: C:\Windows\System32\wbem\WmiPrvSE.exe"
Information	10.10.2017 07:52:24	Microsoft-Windows-Sysmon	5	Process terminated (rule: ProcessTerminate)	"Process terminated:
UtcTime: 2017-10-10 05:52:24.192
ProcessGuid: {E4CEE641-C574-597E-0000-0010A8930C00}
ProcessId: 5480
Image: C:\Windows\System32\sppsvc.exe"
Information	10.10.2017 07:52:21	Microsoft-Windows-Sysmon	5	Process terminated (rule: ProcessTerminate)	"Process terminated:
UtcTime: 2017-10-10 05:52:21.759
ProcessGuid: {E4CEE641-C56D-597E-0000-0010FF2F0C00}
ProcessId: 4004
Image: C:\Windows\System32\svchost.exe"
Information	10.10.2017 07:52:12	Microsoft-Windows-Sysmon	3	Network connection detected (rule: NetworkConnect)	"Network connection detected:
UtcTime: 2017-10-10 05:52:09.500
ProcessGuid: {E4CEE641-C4E9-597E-0000-0010369E0100}
ProcessId: 2352
Image: C:\Windows\System32\svchost.exe
User: NT AUTHORITY\SYSTEM
Protocol: tcp
Initiated: true
SourceIsIpv6: false
SourceIp: 10.34.1.27
SourceHostname: DESKTOP-63KR1PU
SourcePort: 49706
SourcePortName: 
DestinationIsIpv6: false
DestinationIp: 40.77.226.250
DestinationHostname: 
DestinationPort: 443
DestinationPortName: https"
Information	10.10.2017 07:52:08	Microsoft-Windows-Sysmon	5	Process terminated (rule: ProcessTerminate)	"Process terminated:
UtcTime: 2017-10-10 05:52:08.440
ProcessGuid: {E4CEE641-C510-597E-0000-00109AC00400}
ProcessId: 5932
Image: C:\Windows\System32\backgroundTaskHost.exe"
Information	10.10.2017 07:52:08	Microsoft-Windows-Sysmon	5	Process terminated (rule: ProcessTerminate)	"Process terminated:
UtcTime: 2017-10-10 05:52:08.440
ProcessGuid: {E4CEE641-C50E-597E-0000-0010FD990400}
ProcessId: 5620
Image: C:\Windows\System32\backgroundTaskHost.exe"
Information	10.10.2017 07:52:00	Microsoft-Windows-Sysmon	5	Process terminated (rule: ProcessTerminate)	"Process terminated:
UtcTime: 2017-10-10 05:52:00.205
ProcessGuid: {E4CEE641-C571-597E-0000-0010E16B0C00}
ProcessId: 7100
Image: C:\Windows\System32\svchost.exe"
Information	10.10.2017 07:51:56	Microsoft-Windows-Sysmon	1	Process Create (rule: ProcessCreate)	"Process Create:
UtcTime: 2017-10-10 05:51:56.507
ProcessGuid: {E4CEE641-C57C-597E-0000-0010DBB60C00}
ProcessId: 2600
Image: C:\Windows\System32\svchost.exe
CommandLine: c:\windows\system32\svchost.exe -k netsvcs -s wlidsvc
CurrentDirectory: C:\WINDOWS\system32\
User: NT AUTHORITY\SYSTEM
LogonGuid: {E4CEE641-C4E1-597E-0000-0020E7030000}
LogonId: 0x3E7
TerminalSessionId: 0
IntegrityLevel: System
Hashes: MD5=3120B24060924F9B94182A1432B2D7F9,SHA256=9F21E51442209BCEC0EA4A468EF8A4741685AE204D5063F4C3E45E1F8CF72643
ParentProcessGuid: {E4CEE641-C4E1-597E-0000-0010333E0000}
ParentProcessId: 572
ParentImage: C:\Windows\System32\services.exe
ParentCommandLine: C:\WINDOWS\system32\services.exe"
Information	10.10.2017 07:51:54	Microsoft-Windows-Sysmon	5	Process terminated (rule: ProcessTerminate)	"Process terminated:
UtcTime: 2017-10-10 05:51:54.786
ProcessGuid: {E4CEE641-C50E-597E-0000-001071AB0400}
ProcessId: 5764
Image: C:\Windows\System32\backgroundTaskHost.exe"
Information	10.10.2017 07:51:53	Microsoft-Windows-Sysmon	5	Process terminated (rule: ProcessTerminate)	"Process terminated:
UtcTime: 2017-10-10 05:51:53.541
ProcessGuid: {E4CEE641-C571-597E-0000-0010BE750C00}
ProcessId: 1624
Image: C:\Windows\System32\InstallAgent.exe"
Information	10.10.2017 07:51:52	Microsoft-Windows-Sysmon	3	Network connection detected (rule: NetworkConnect)	"Network connection detected:
UtcTime: 2017-10-10 05:51:51.383
ProcessGuid: {E4CEE641-C4E9-597E-0000-0010789D0100}
ProcessId: 2336
Image: C:\Windows\System32\svchost.exe
User: NT AUTHORITY\SYSTEM
Protocol: udp
Initiated: true
SourceIsIpv6: false
SourceIp: 10.34.1.27
SourceHostname: DESKTOP-63KR1PU
SourcePort: 61279
SourcePortName: 
DestinationIsIpv6: false
DestinationIp: 224.0.0.253
DestinationHostname: 
DestinationPort: 3544
DestinationPortName: teredo"
Information	10.10.2017 07:51:51	Microsoft-Windows-Sysmon	3	Network connection detected (rule: NetworkConnect)	"Network connection detected:
UtcTime: 2017-10-10 05:51:51.208
ProcessGuid: {E4CEE641-C4E9-597E-0000-0010789D0100}
ProcessId: 2336
Image: C:\Windows\System32\svchost.exe
User: NT AUTHORITY\SYSTEM
Protocol: udp
Initiated: true
SourceIsIpv6: false
SourceIp: 10.34.1.27
SourceHostname: DESKTOP-63KR1PU
SourcePort: 61279
SourcePortName: 
DestinationIsIpv6: false
DestinationIp: 157.56.144.216
DestinationHostname: 
DestinationPort: 3544
DestinationPortName: teredo"
Information	10.10.2017 07:51:51	Microsoft-Windows-Sysmon	3	Network connection detected (rule: NetworkConnect)	"Network connection detected:
UtcTime: 2017-10-10 05:51:51.012
ProcessGuid: {E4CEE641-C4E9-597E-0000-0010789D0100}
ProcessId: 2336
Image: C:\Windows\System32\svchost.exe
User: NT AUTHORITY\SYSTEM
Protocol: udp
Initiated: true
SourceIsIpv6: false
SourceIp: 10.34.1.27
SourceHostname: DESKTOP-63KR1PU
SourcePort: 61279
SourcePortName: 
DestinationIsIpv6: false
DestinationIp: 157.56.144.215
DestinationHostname: 
DestinationPort: 3544
DestinationPortName: teredo"
Information	10.10.2017 07:51:49	Microsoft-Windows-Sysmon	5	Process terminated (rule: ProcessTerminate)	"Process terminated:
UtcTime: 2017-10-10 05:51:49.721
ProcessGuid: {E4CEE641-C56E-597E-0000-00104E410C00}
ProcessId: 6920
Image: C:\Windows\System32\dllhost.exe"
Information	10.10.2017 07:51:49	Microsoft-Windows-Sysmon	1	Process Create (rule: ProcessCreate)	"Process Create:
UtcTime: 2017-10-10 05:51:49.471
ProcessGuid: {E4CEE641-C575-597E-0000-0010D7980C00}
ProcessId: 1352
Image: C:\Windows\System32\svchost.exe
CommandLine: c:\windows\system32\svchost.exe -k localservicenetworkrestricted -s wscsvc
CurrentDirectory: C:\WINDOWS\system32\
User: NT AUTHORITY\LOCAL SERVICE
LogonGuid: {E4CEE641-C4E2-597E-0000-0020E5030000}
LogonId: 0x3E5
TerminalSessionId: 0
IntegrityLevel: System
Hashes: MD5=3120B24060924F9B94182A1432B2D7F9,SHA256=9F21E51442209BCEC0EA4A468EF8A4741685AE204D5063F4C3E45E1F8CF72643
ParentProcessGuid: {E4CEE641-C4E1-597E-0000-0010333E0000}
ParentProcessId: 572
ParentImage: C:\Windows\System32\services.exe
ParentCommandLine: C:\WINDOWS\system32\services.exe"
Information	10.10.2017 07:51:48	Microsoft-Windows-Sysmon	1	Process Create (rule: ProcessCreate)	"Process Create:
UtcTime: 2017-10-10 05:51:48.195
ProcessGuid: {E4CEE641-C574-597E-0000-0010A8930C00}
ProcessId: 5480
Image: C:\Windows\System32\sppsvc.exe
CommandLine: C:\WINDOWS\system32\sppsvc.exe
CurrentDirectory: C:\WINDOWS
User: NT AUTHORITY\NETWORK SERVICE
LogonGuid: {E4CEE641-C4E2-597E-0000-0020E4030000}
LogonId: 0x3E4
TerminalSessionId: 0
IntegrityLevel: System
Hashes: MD5=E910861720DE6EDFB5CC6158CE3C7E17,SHA256=526BA8EEB9EE5312FEC39753D728E05F49AD81132346A354C95D4D4938001E2B
ParentProcessGuid: {E4CEE641-C4E1-597E-0000-0010333E0000}
ParentProcessId: 572
ParentImage: C:\Windows\System32\services.exe
ParentCommandLine: C:\WINDOWS\system32\services.exe"
Information	10.10.2017 07:51:48	Microsoft-Windows-Sysmon	2	File creation time changed (rule: FileCreateTime)	"File creation time changed:
UtcTime: 2017-10-10 05:51:48.109
ProcessGuid: {E4CEE641-C50E-597E-0000-001071AB0400}
ProcessId: 5764
Image: C:\WINDOWS\system32\backgroundTaskHost.exe
TargetFilename: C:\Users\John\AppData\Local\Packages\Microsoft.Windows.ContentDeliveryManager_cw5n1h2txyewy\LocalState\ContentManagementSDK\Creatives\279986\imprbeacons.dat.~tmp
CreationUtcTime: 2017-03-28 10:31:21.865
PreviousCreationUtcTime: 2017-10-10 05:51:48.051"
Information	10.10.2017 07:51:46	Microsoft-Windows-Sysmon	3	Network connection detected (rule: NetworkConnect)	"Network connection detected:
UtcTime: 2017-10-10 05:51:46.635
ProcessGuid: {E4CEE641-C50E-597E-0000-0010FDAA0400}
ProcessId: 5740
Image: C:\Windows\System32\backgroundTaskHost.exe
User: DESKTOP-63KR1PU\John
Protocol: tcp
Initiated: true
SourceIsIpv6: false
SourceIp: 10.34.1.27
SourceHostname: DESKTOP-63KR1PU
SourcePort: 49705
SourcePortName: 
DestinationIsIpv6: false
DestinationIp: 104.87.174.128
DestinationHostname: a104-87-174-128.deploy.static.akamaitechnologies.com
DestinationPort: 443
DestinationPortName: https"
Information	10.10.2017 07:51:45	Microsoft-Windows-Sysmon	1	Process Create (rule: ProcessCreate)	"Process Create:
UtcTime: 2017-10-10 05:51:45.922
ProcessGuid: {E4CEE641-C571-597E-0000-0010BE750C00}
ProcessId: 1624
Image: C:\Windows\System32\InstallAgent.exe
CommandLine: C:\Windows\System32\InstallAgent.exe -Embedding
CurrentDirectory: C:\WINDOWS\system32\
User: DESKTOP-63KR1PU\John
LogonGuid: {E4CEE641-C4E8-597E-0000-002051990100}
LogonId: 0x19951
TerminalSessionId: 1
IntegrityLevel: Medium
Hashes: MD5=7D4805F52F4F789658F9231F64591E94,SHA256=BE2F0E1657E92933A92D309D4BB9EF68841A480C5B294C45DBC396333CB23513
ParentProcessGuid: {E4CEE641-C4E2-597E-0000-001053520000}
ParentProcessId: 700
ParentImage: C:\Windows\System32\svchost.exe
ParentCommandLine: C:\WINDOWS\system32\svchost.exe -k DcomLaunch"
Information	10.10.2017 07:51:45	Microsoft-Windows-Sysmon	5	Process terminated (rule: ProcessTerminate)	"Process terminated:
UtcTime: 2017-10-10 05:51:45.908
ProcessGuid: {E4CEE641-C571-597E-0000-001013720C00}
ProcessId: 4672
Image: C:\Program Files (x86)\Google\Update\GoogleUpdate.exe"
Information	10.10.2017 07:51:45	Microsoft-Windows-Sysmon	5	Process terminated (rule: ProcessTerminate)	"Process terminated:
UtcTime: 2017-10-10 05:51:45.877
ProcessGuid: {E4CEE641-C56B-597E-0000-0010EA130C00}
ProcessId: 6904
Image: C:\Windows\System32\InstallAgent.exe"
Information	10.10.2017 07:51:45	Microsoft-Windows-Sysmon	3	Network connection detected (rule: NetworkConnect)	"Network connection detected:
UtcTime: 2017-10-10 05:51:46.041
ProcessGuid: {E4CEE641-C56C-597E-0000-00100D280C00}
ProcessId: 6692
Image: C:\Windows\System32\svchost.exe
User: NT AUTHORITY\SYSTEM
Protocol: tcp
Initiated: true
SourceIsIpv6: false
SourceIp: 10.34.1.27
SourceHostname: DESKTOP-63KR1PU
SourcePort: 49704
SourcePortName: 
DestinationIsIpv6: false
DestinationIp: 104.81.219.87
DestinationHostname: a104-81-219-87.deploy.static.akamaitechnologies.com
DestinationPort: 443
DestinationPortName: https"
Information	10.10.2017 07:51:45	Microsoft-Windows-Sysmon	5	Process terminated (rule: ProcessTerminate)	"Process terminated:
UtcTime: 2017-10-10 05:51:45.701
ProcessGuid: {E4CEE641-C56E-597E-0000-001089390C00}
ProcessId: 6724
Image: C:\Program Files (x86)\Google\Update\GoogleUpdate.exe"
Information	10.10.2017 07:51:45	Microsoft-Windows-Sysmon	1	Process Create (rule: ProcessCreate)	"Process Create:
UtcTime: 2017-10-10 05:51:45.466
ProcessGuid: {E4CEE641-C571-597E-0000-001013720C00}
ProcessId: 4672
Image: C:\Program Files (x86)\Google\Update\GoogleUpdate.exe
CommandLine: ""C:\Program Files (x86)\Google\Update\GoogleUpdate.exe"" /c
CurrentDirectory: C:\Program Files (x86)\Google\Update\1.3.33.5\
User: NT AUTHORITY\SYSTEM
LogonGuid: {E4CEE641-C4E1-597E-0000-0020E7030000}
LogonId: 0x3E7
TerminalSessionId: 0
IntegrityLevel: System
Hashes: MD5=0545A3EB959CFA4790D267BFB8C1ACA4,SHA256=69061E33ACB7587D773D05000390F9101F71DFD6EED7973B551594EAF3F04193
ParentProcessGuid: {E4CEE641-C56E-597E-0000-001089390C00}
ParentProcessId: 6724
ParentImage: C:\Program Files (x86)\Google\Update\GoogleUpdate.exe
ParentCommandLine: ""C:\Program Files (x86)\Google\Update\GoogleUpdate.exe"" /svc"
Information	10.10.2017 07:51:45	Microsoft-Windows-Sysmon	1	Process Create (rule: ProcessCreate)	"Process Create:
UtcTime: 2017-10-10 05:51:45.032
ProcessGuid: {E4CEE641-C571-597E-0000-0010E16B0C00}
ProcessId: 7100
Image: C:\Windows\System32\svchost.exe
CommandLine: C:\WINDOWS\System32\svchost.exe -k NetworkService
CurrentDirectory: C:\WINDOWS\system32\
User: NT AUTHORITY\NETWORK SERVICE
LogonGuid: {E4CEE641-C4E2-597E-0000-0020E4030000}
LogonId: 0x3E4
TerminalSessionId: 0
IntegrityLevel: System
Hashes: MD5=3120B24060924F9B94182A1432B2D7F9,SHA256=9F21E51442209BCEC0EA4A468EF8A4741685AE204D5063F4C3E45E1F8CF72643
ParentProcessGuid: {E4CEE641-C4E1-597E-0000-0010333E0000}
ParentProcessId: 572
ParentImage: C:\Windows\System32\services.exe
ParentCommandLine: C:\WINDOWS\system32\services.exe"
Information	10.10.2017 07:51:44	Microsoft-Windows-Sysmon	3	Network connection detected (rule: NetworkConnect)	"Network connection detected:
UtcTime: 2017-10-10 05:51:45.607
ProcessGuid: {E4CEE641-C56C-597E-0000-00100D280C00}
ProcessId: 6692
Image: C:\Windows\System32\svchost.exe
User: NT AUTHORITY\SYSTEM
Protocol: tcp
Initiated: true
SourceIsIpv6: false
SourceIp: 10.34.1.27
SourceHostname: DESKTOP-63KR1PU
SourcePort: 49703
SourcePortName: 
DestinationIsIpv6: false
DestinationIp: 40.77.226.223
DestinationHostname: 
DestinationPort: 443
DestinationPortName: https"
Information	10.10.2017 07:51:44	Microsoft-Windows-Sysmon	3	Network connection detected (rule: NetworkConnect)	"Network connection detected:
UtcTime: 2017-10-10 05:51:45.471
ProcessGuid: {E4CEE641-C56C-597E-0000-00100D280C00}
ProcessId: 6692
Image: C:\Windows\System32\svchost.exe
User: NT AUTHORITY\SYSTEM
Protocol: tcp
Initiated: true
SourceIsIpv6: false
SourceIp: 10.34.1.27
SourceHostname: DESKTOP-63KR1PU
SourcePort: 49702
SourcePortName: 
DestinationIsIpv6: false
DestinationIp: 23.59.84.183
DestinationHostname: a23-59-84-183.deploy.static.akamaitechnologies.com
DestinationPort: 443
DestinationPortName: https"
Information	10.10.2017 07:51:44	Microsoft-Windows-Sysmon	5	Process terminated (rule: ProcessTerminate)	"Process terminated:
UtcTime: 2017-10-10 05:51:44.042
ProcessGuid: {E4CEE641-C4FB-597E-0000-001040300300}
ProcessId: 4376
Image: C:\Windows\System32\SearchFilterHost.exe"
Information	10.10.2017 07:51:44	Microsoft-Windows-Sysmon	5	Process terminated (rule: ProcessTerminate)	"Process terminated:
UtcTime: 2017-10-10 05:51:44.042
ProcessGuid: {E4CEE641-C4FB-597E-0000-00101C230300}
ProcessId: 4352
Image: C:\Windows\System32\SearchProtocolHost.exe"
Information	10.10.2017 07:51:42	Microsoft-Windows-Sysmon	1	Process Create (rule: ProcessCreate)	"Process Create:
UtcTime: 2017-10-10 05:51:42.768
ProcessGuid: {E4CEE641-C56E-597E-0000-00104E410C00}
ProcessId: 6920
Image: C:\Windows\System32\dllhost.exe
CommandLine: C:\WINDOWS\system32\DllHost.exe /Processid:{AA65DD7C-83AC-48C0-A6FD-9B61FEBF8800}
CurrentDirectory: C:\WINDOWS\system32\
User: DESKTOP-63KR1PU\John
LogonGuid: {E4CEE641-C4E8-597E-0000-002051990100}
LogonId: 0x19951
TerminalSessionId: 1
IntegrityLevel: Medium
Hashes: MD5=2D29C0AFCC8225AFF6637F7362C22960,SHA256=79756AB8344C31A55223A51625F2379525428CEBD53531F11C26544A34621D81
ParentProcessGuid: {E4CEE641-C4E2-597E-0000-001053520000}
ParentProcessId: 700
ParentImage: C:\Windows\System32\svchost.exe
ParentCommandLine: C:\WINDOWS\system32\svchost.exe -k DcomLaunch"
Information	10.10.2017 07:51:42	Microsoft-Windows-Sysmon	1	Process Create (rule: ProcessCreate)	"Process Create:
UtcTime: 2017-10-10 05:51:42.630
ProcessGuid: {E4CEE641-C56E-597E-0000-00107F3B0C00}
ProcessId: 6632
Image: C:\Windows\System32\wbem\WmiPrvSE.exe
CommandLine: C:\WINDOWS\system32\wbem\wmiprvse.exe -secured -Embedding
CurrentDirectory: C:\WINDOWS\system32\
User: NT AUTHORITY\NETWORK SERVICE
LogonGuid: {E4CEE641-C4E2-597E-0000-0020E4030000}
LogonId: 0x3E4
TerminalSessionId: 0
IntegrityLevel: System
Hashes: MD5=C3B76154E72CFE98742B899D53EE5AB2,SHA256=AC535A3ED8A0138305E1E9D060BB3B94AFE4D05A8B8506224F5DF802C54A9EEB
ParentProcessGuid: {E4CEE641-C4E2-597E-0000-001053520000}
ParentProcessId: 700
ParentImage: C:\Windows\System32\svchost.exe
ParentCommandLine: C:\WINDOWS\system32\svchost.exe -k DcomLaunch"
Information	10.10.2017 07:51:42	Microsoft-Windows-Sysmon	1	Process Create (rule: ProcessCreate)	"Process Create:
UtcTime: 2017-10-10 05:51:42.480
ProcessGuid: {E4CEE641-C56E-597E-0000-001089390C00}
ProcessId: 6724
Image: C:\Program Files (x86)\Google\Update\GoogleUpdate.exe
CommandLine: ""C:\Program Files (x86)\Google\Update\GoogleUpdate.exe"" /svc
CurrentDirectory: C:\WINDOWS\system32\
User: NT AUTHORITY\SYSTEM
LogonGuid: {E4CEE641-C4E1-597E-0000-0020E7030000}
LogonId: 0x3E7
TerminalSessionId: 0
IntegrityLevel: System
Hashes: MD5=0545A3EB959CFA4790D267BFB8C1ACA4,SHA256=69061E33ACB7587D773D05000390F9101F71DFD6EED7973B551594EAF3F04193
ParentProcessGuid: {E4CEE641-C4E1-597E-0000-0010333E0000}
ParentProcessId: 572
ParentImage: C:\Windows\System32\services.exe
ParentCommandLine: C:\WINDOWS\system32\services.exe"
Information	10.10.2017 07:51:41	Microsoft-Windows-Sysmon	1	Process Create (rule: ProcessCreate)	"Process Create:
UtcTime: 2017-10-10 05:51:41.742
ProcessGuid: {E4CEE641-C56D-597E-0000-0010FF2F0C00}
ProcessId: 4004
Image: C:\Windows\System32\svchost.exe
CommandLine: C:\WINDOWS\System32\svchost.exe -k netsvcs -s Browser
CurrentDirectory: C:\WINDOWS\system32\
User: NT AUTHORITY\SYSTEM
LogonGuid: {E4CEE641-C4E1-597E-0000-0020E7030000}
LogonId: 0x3E7
TerminalSessionId: 0
IntegrityLevel: System
Hashes: MD5=3120B24060924F9B94182A1432B2D7F9,SHA256=9F21E51442209BCEC0EA4A468EF8A4741685AE204D5063F4C3E45E1F8CF72643
ParentProcessGuid: {E4CEE641-C4E1-597E-0000-0010333E0000}
ParentProcessId: 572
ParentImage: C:\Windows\System32\services.exe
ParentCommandLine: C:\WINDOWS\system32\services.exe"
Information	10.10.2017 07:51:40	Microsoft-Windows-Sysmon	1	Process Create (rule: ProcessCreate)	"Process Create:
UtcTime: 2017-10-10 05:51:40.843
ProcessGuid: {E4CEE641-C56C-597E-0000-00109A2B0C00}
ProcessId: 6004
Image: C:\Windows\System32\svchost.exe
CommandLine: c:\windows\system32\svchost.exe -k unistacksvcgroup
CurrentDirectory: C:\WINDOWS\system32\
User: DESKTOP-63KR1PU\John
LogonGuid: {E4CEE641-C4E8-597E-0000-002051990100}
LogonId: 0x19951
TerminalSessionId: 1
IntegrityLevel: Medium
Hashes: MD5=3120B24060924F9B94182A1432B2D7F9,SHA256=9F21E51442209BCEC0EA4A468EF8A4741685AE204D5063F4C3E45E1F8CF72643
ParentProcessGuid: {E4CEE641-C4E1-597E-0000-0010333E0000}
ParentProcessId: 572
ParentImage: C:\Windows\System32\services.exe
ParentCommandLine: C:\WINDOWS\system32\services.exe"
Information	10.10.2017 07:51:40	Microsoft-Windows-Sysmon	1	Process Create (rule: ProcessCreate)	"Process Create:
UtcTime: 2017-10-10 05:51:40.111
ProcessGuid: {E4CEE641-C56C-597E-0000-00100D280C00}
ProcessId: 6692
Image: C:\Windows\System32\svchost.exe
CommandLine: c:\windows\system32\svchost.exe -k netsvcs -s DoSvc
CurrentDirectory: C:\WINDOWS\system32\
User: NT AUTHORITY\SYSTEM
LogonGuid: {E4CEE641-C4E1-597E-0000-0020E7030000}
LogonId: 0x3E7
TerminalSessionId: 0
IntegrityLevel: System
Hashes: MD5=3120B24060924F9B94182A1432B2D7F9,SHA256=9F21E51442209BCEC0EA4A468EF8A4741685AE204D5063F4C3E45E1F8CF72643
ParentProcessGuid: {E4CEE641-C4E1-597E-0000-0010333E0000}
ParentProcessId: 572
ParentImage: C:\Windows\System32\services.exe
ParentCommandLine: C:\WINDOWS\system32\services.exe"
Information	10.10.2017 07:51:39	Microsoft-Windows-Sysmon	5	Process terminated (rule: ProcessTerminate)	"Process terminated:
UtcTime: 2017-10-10 05:51:39.549
ProcessGuid: {E4CEE641-C4E4-597E-0000-001035D70000}
ProcessId: 1436
Image: C:\Windows\System32\svchost.exe"
Information	10.10.2017 07:51:39	Microsoft-Windows-Sysmon	1	Process Create (rule: ProcessCreate)	"Process Create:
UtcTime: 2017-10-10 05:51:39.064
ProcessGuid: {E4CEE641-C56B-597E-0000-0010EA130C00}
ProcessId: 6904
Image: C:\Windows\System32\InstallAgent.exe
CommandLine: C:\Windows\System32\InstallAgent.exe -Embedding
CurrentDirectory: C:\WINDOWS\system32\
User: DESKTOP-63KR1PU\John
LogonGuid: {E4CEE641-C4E8-597E-0000-002051990100}
LogonId: 0x19951
TerminalSessionId: 1
IntegrityLevel: Medium
Hashes: MD5=7D4805F52F4F789658F9231F64591E94,SHA256=BE2F0E1657E92933A92D309D4BB9EF68841A480C5B294C45DBC396333CB23513
ParentProcessGuid: {E4CEE641-C4E2-597E-0000-001053520000}
ParentProcessId: 700
ParentImage: C:\Windows\System32\svchost.exe
ParentCommandLine: C:\WINDOWS\system32\svchost.exe -k DcomLaunch"
Information	10.10.2017 07:51:34	Microsoft-Windows-Sysmon	3	Network connection detected (rule: NetworkConnect)	"Network connection detected:
UtcTime: 2017-10-10 05:51:36.881
ProcessGuid: {E4CEE641-C50E-597E-0000-001071AB0400}
ProcessId: 5764
Image: C:\Windows\System32\backgroundTaskHost.exe
User: DESKTOP-63KR1PU\John
Protocol: tcp
Initiated: true
SourceIsIpv6: false
SourceIp: 10.34.1.27
SourceHostname: DESKTOP-63KR1PU
SourcePort: 49701
SourcePortName: 
DestinationIsIpv6: false
DestinationIp: 207.46.194.33
DestinationHostname: msnbot-207-46-194-33.search.msn.com
DestinationPort: 443
DestinationPortName: https"
Information	10.10.2017 07:51:33	Microsoft-Windows-Sysmon	5	Process terminated (rule: ProcessTerminate)	"Process terminated:
UtcTime: 2017-10-10 05:51:33.319
ProcessGuid: {E4CEE641-C50B-597E-0000-0010CE750400}
ProcessId: 5440
Image: C:\Windows\System32\wbem\WmiPrvSE.exe"
Information	10.10.2017 07:51:20	Microsoft-Windows-Sysmon	2	File creation time changed (rule: FileCreateTime)	"File creation time changed:
UtcTime: 2017-10-10 05:51:20.684
ProcessGuid: {E4CEE641-C50E-597E-0000-001071AB0400}
ProcessId: 5764
Image: C:\WINDOWS\system32\backgroundTaskHost.exe
TargetFilename: C:\Users\John\AppData\Local\Packages\Microsoft.Windows.ContentDeliveryManager_cw5n1h2txyewy\LocalState\ContentManagementSDK\Creatives\279986\imprbeacons.dat.~tmp
CreationUtcTime: 2017-03-28 10:31:21.865
PreviousCreationUtcTime: 2017-10-10 05:51:18.008"
Information	10.10.2017 07:51:20	Microsoft-Windows-Sysmon	5	Process terminated (rule: ProcessTerminate)	"Process terminated:
UtcTime: 2017-10-10 05:51:20.678
ProcessGuid: {E4CEE641-C4F8-597E-0000-001031ED0200}
ProcessId: 3736
Image: C:\Program Files\Microsoft Office\root\Office16\msoia.exe"
Information	10.10.2017 07:51:18	Microsoft-Windows-Sysmon	5	Process terminated (rule: ProcessTerminate)	"Process terminated:
UtcTime: 2017-10-10 05:51:18.228
ProcessGuid: {E4CEE641-C550-597E-0000-0010155D0900}
ProcessId: 2096
Image: C:\Program Files (x86)\Google\Update\GoogleUpdate.exe"
Information	10.10.2017 07:51:18	Microsoft-Windows-Sysmon	5	Process terminated (rule: ProcessTerminate)	"Process terminated:
UtcTime: 2017-10-10 05:51:18.228
ProcessGuid: {E4CEE641-C4E6-597E-0000-0010EC360100}
ProcessId: 1816
Image: C:\Program Files (x86)\Google\Update\GoogleUpdate.exe"
Information	10.10.2017 07:51:15	Microsoft-Windows-Sysmon	5	Process terminated (rule: ProcessTerminate)	"Process terminated:
UtcTime: 2017-10-10 05:51:15.918
ProcessGuid: {E4CEE641-C54A-597E-0000-001055B60700}
ProcessId: 3568
Image: C:\Program Files (x86)\Google\Update\1.3.33.5\GoogleCrashHandler64.exe"
Information	10.10.2017 07:51:12	Microsoft-Windows-Sysmon	1	Process Create (rule: ProcessCreate)	"Process Create:
UtcTime: 2017-10-10 05:51:12.070
ProcessGuid: {E4CEE641-C550-597E-0000-0010155D0900}
ProcessId: 2096
Image: C:\Program Files (x86)\Google\Update\GoogleUpdate.exe
CommandLine: ""C:\Program Files (x86)\Google\Update\GoogleUpdate.exe"" /ua /installsource core
CurrentDirectory: C:\Program Files (x86)\Google\Update\1.3.33.5\
User: NT AUTHORITY\SYSTEM
LogonGuid: {E4CEE641-C4E1-597E-0000-0020E7030000}
LogonId: 0x3E7
TerminalSessionId: 0
IntegrityLevel: System
Hashes: MD5=0545A3EB959CFA4790D267BFB8C1ACA4,SHA256=69061E33ACB7587D773D05000390F9101F71DFD6EED7973B551594EAF3F04193
ParentProcessGuid: {E4CEE641-C4F7-597E-0000-0010FAD90200}
ParentProcessId: 3944
ParentImage: C:\Program Files (x86)\Google\Update\GoogleUpdate.exe
ParentCommandLine: ""C:\Program Files (x86)\Google\Update\GoogleUpdate.exe"" /c"
Information	10.10.2017 07:51:08	Microsoft-Windows-Sysmon	5	Process terminated (rule: ProcessTerminate)	"Process terminated:
UtcTime: 2017-10-10 05:51:08.981
ProcessGuid: {E4CEE641-C54A-597E-0000-00104EB30700}
ProcessId: 2896
Image: C:\Program Files (x86)\Google\Update\1.3.33.5\GoogleCrashHandler.exe"
Information	10.10.2017 07:51:06	Microsoft-Windows-Sysmon	1	Process Create (rule: ProcessCreate)	"Process Create:
UtcTime: 2017-10-10 05:51:06.385
ProcessGuid: {E4CEE641-C54A-597E-0000-001055B60700}
ProcessId: 3568
Image: C:\Program Files (x86)\Google\Update\1.3.33.5\GoogleCrashHandler64.exe
CommandLine: ""C:\Program Files (x86)\Google\Update\1.3.33.5\GoogleCrashHandler64.exe""
CurrentDirectory: C:\Program Files (x86)\Google\Update\1.3.33.5\
User: NT AUTHORITY\SYSTEM
LogonGuid: {E4CEE641-C4E1-597E-0000-0020E7030000}
LogonId: 0x3E7
TerminalSessionId: 0
IntegrityLevel: System
Hashes: MD5=27BEAF3F308ED2276F3863C2F2597556,SHA256=31AC31B10558A4BADC6ECD1D5B354DF89230DD1D6ADBBB742E2A3CC470570A18
ParentProcessGuid: {E4CEE641-C4F7-597E-0000-0010FAD90200}
ParentProcessId: 3944
ParentImage: C:\Program Files (x86)\Google\Update\GoogleUpdate.exe
ParentCommandLine: ""C:\Program Files (x86)\Google\Update\GoogleUpdate.exe"" /c"
Information	10.10.2017 07:51:06	Microsoft-Windows-Sysmon	1	Process Create (rule: ProcessCreate)	"Process Create:
UtcTime: 2017-10-10 05:51:06.330
ProcessGuid: {E4CEE641-C54A-597E-0000-00104EB30700}
ProcessId: 2896
Image: C:\Program Files (x86)\Google\Update\1.3.33.5\GoogleCrashHandler.exe
CommandLine: ""C:\Program Files (x86)\Google\Update\1.3.33.5\GoogleCrashHandler.exe""
CurrentDirectory: C:\Program Files (x86)\Google\Update\1.3.33.5\
User: NT AUTHORITY\SYSTEM
LogonGuid: {E4CEE641-C4E1-597E-0000-0020E7030000}
LogonId: 0x3E7
TerminalSessionId: 0
IntegrityLevel: System
Hashes: MD5=33E6E5822E22A5E1DEA523C06155FD07,SHA256=29E405DD4BE9107382CB22F636801AE5C239BFBFE20C76C9F477C2AB22007992
ParentProcessGuid: {E4CEE641-C4F7-597E-0000-0010FAD90200}
ParentProcessId: 3944
ParentImage: C:\Program Files (x86)\Google\Update\GoogleUpdate.exe
ParentCommandLine: ""C:\Program Files (x86)\Google\Update\GoogleUpdate.exe"" /c"
Information	10.10.2017 07:50:48	Microsoft-Windows-Sysmon	3	Network connection detected (rule: NetworkConnect)	"Network connection detected:
UtcTime: 2017-10-10 05:50:45.578
ProcessGuid: {E4CEE641-C4E9-597E-0000-0010B9AC0100}
ProcessId: 2536
Image: C:\Program Files\Common Files\microsoft shared\ClickToRun\OfficeClickToRun.exe
User: NT AUTHORITY\SYSTEM
Protocol: tcp
Initiated: true
SourceIsIpv6: false
SourceIp: 10.34.1.27
SourceHostname: DESKTOP-63KR1PU
SourcePort: 49700
SourcePortName: 
DestinationIsIpv6: false
DestinationIp: 40.113.11.93
DestinationHostname: 
DestinationPort: 443
DestinationPortName: https"
Information	10.10.2017 07:50:47	Microsoft-Windows-Sysmon	5	Process terminated (rule: ProcessTerminate)	"Process terminated:
UtcTime: 2017-10-10 05:50:47.987
ProcessGuid: {E4CEE641-C533-597E-0000-00106B880600}
ProcessId: 6948
Image: C:\Windows\System32\dllhost.exe"
Information	10.10.2017 07:50:47	Microsoft-Windows-Sysmon	5	Process terminated (rule: ProcessTerminate)	"Process terminated:
UtcTime: 2017-10-10 05:50:47.947
ProcessGuid: {E4CEE641-C533-597E-0000-001063850600}
ProcessId: 6912
Image: C:\Windows\System32\dllhost.exe"
Information	10.10.2017 07:50:44	Microsoft-Windows-Sysmon	3	Network connection detected (rule: NetworkConnect)	"Network connection detected:
UtcTime: 2017-10-10 05:50:41.469
ProcessGuid: {E4CEE641-C4E9-597E-0000-0010B9AC0100}
ProcessId: 2536
Image: C:\Program Files\Common Files\microsoft shared\ClickToRun\OfficeClickToRun.exe
User: NT AUTHORITY\SYSTEM
Protocol: tcp
Initiated: true
SourceIsIpv6: false
SourceIp: 10.34.1.27
SourceHostname: DESKTOP-63KR1PU
SourcePort: 49699
SourcePortName: 
DestinationIsIpv6: false
DestinationIp: 23.101.30.126
DestinationHostname: 
DestinationPort: 443
DestinationPortName: https"
Information	10.10.2017 07:50:43	Microsoft-Windows-Sysmon	5	Process terminated (rule: ProcessTerminate)	"Process terminated:
UtcTime: 2017-10-10 05:50:43.916
ProcessGuid: {E4CEE641-C52E-597E-0000-0010023F0600}
ProcessId: 6664
Image: C:\Windows\System32\dllhost.exe"
Information	10.10.2017 07:50:43	Microsoft-Windows-Sysmon	3	Network connection detected (rule: NetworkConnect)	"Network connection detected:
UtcTime: 2017-10-10 05:50:40.450
ProcessGuid: {E4CEE641-C4E9-597E-0000-0010B9AC0100}
ProcessId: 2536
Image: C:\Program Files\Common Files\microsoft shared\ClickToRun\OfficeClickToRun.exe
User: NT AUTHORITY\SYSTEM
Protocol: tcp
Initiated: true
SourceIsIpv6: false
SourceIp: 10.34.1.27
SourceHostname: DESKTOP-63KR1PU
SourcePort: 49698
SourcePortName: 
DestinationIsIpv6: false
DestinationIp: 23.97.178.173
DestinationHostname: 
DestinationPort: 443
DestinationPortName: https"
Information	10.10.2017 07:50:43	Microsoft-Windows-Sysmon	1	Process Create (rule: ProcessCreate)	"Process Create:
UtcTime: 2017-10-10 05:50:43.296
ProcessGuid: {E4CEE641-C533-597E-0000-0010E3890600}
ProcessId: 6984
Image: C:\Windows\System32\mmc.exe
CommandLine: ""C:\WINDOWS\system32\mmc.exe"" ""C:\WINDOWS\system32\eventvwr.msc"" /s
CurrentDirectory: C:\WINDOWS\system32\
User: DESKTOP-63KR1PU\John
LogonGuid: {E4CEE641-C4E8-597E-0000-00201C990100}
LogonId: 0x1991C
TerminalSessionId: 1
IntegrityLevel: High
Hashes: MD5=211ADC0A46442C4050285C6B2C8874A1,SHA256=E021D4B2F12D2836C279AEEE9FE59CEA300730519AFA57F450BA7095B45A653F
ParentProcessGuid: {E4CEE641-C4FC-597E-0000-001054400300}
ParentProcessId: 4500
ParentImage: C:\Windows\explorer.exe
ParentCommandLine: C:\WINDOWS\Explorer.EXE"
Information	10.10.2017 07:50:43	Microsoft-Windows-Sysmon	1	Process Create (rule: ProcessCreate)	"Process Create:
UtcTime: 2017-10-10 05:50:43.276
ProcessGuid: {E4CEE641-C533-597E-0000-00106B880600}
ProcessId: 6948
Image: C:\Windows\System32\dllhost.exe
CommandLine: C:\WINDOWS\system32\DllHost.exe /Processid:{E10F6C3A-F1AE-4ADC-AA9D-2FE65525666E}
CurrentDirectory: C:\WINDOWS\system32\
User: NT AUTHORITY\SYSTEM
LogonGuid: {E4CEE641-C4E1-597E-0000-0020E7030000}
LogonId: 0x3E7
TerminalSessionId: 0
IntegrityLevel: System
Hashes: MD5=2D29C0AFCC8225AFF6637F7362C22960,SHA256=79756AB8344C31A55223A51625F2379525428CEBD53531F11C26544A34621D81
ParentProcessGuid: {E4CEE641-C4E2-597E-0000-001053520000}
ParentProcessId: 700
ParentImage: C:\Windows\System32\svchost.exe
ParentCommandLine: C:\WINDOWS\system32\svchost.exe -k DcomLaunch"
Information	10.10.2017 07:50:43	Microsoft-Windows-Sysmon	5	Process terminated (rule: ProcessTerminate)	"Process terminated:
UtcTime: 2017-10-10 05:50:43.271
ProcessGuid: {E4CEE641-C532-597E-0000-0010E3790600}
ProcessId: 6876
Image: C:\Windows\System32\consent.exe"
Information	10.10.2017 07:50:43	Microsoft-Windows-Sysmon	1	Process Create (rule: ProcessCreate)	"Process Create:
UtcTime: 2017-10-10 05:50:43.226
ProcessGuid: {E4CEE641-C533-597E-0000-001063850600}
ProcessId: 6912
Image: C:\Windows\System32\dllhost.exe
CommandLine: C:\WINDOWS\system32\DllHost.exe /Processid:{E10F6C3A-F1AE-4ADC-AA9D-2FE65525666E}
CurrentDirectory: C:\WINDOWS\system32\
User: NT AUTHORITY\SYSTEM
LogonGuid: {E4CEE641-C4E1-597E-0000-0020E7030000}
LogonId: 0x3E7
TerminalSessionId: 1
IntegrityLevel: System
Hashes: MD5=2D29C0AFCC8225AFF6637F7362C22960,SHA256=79756AB8344C31A55223A51625F2379525428CEBD53531F11C26544A34621D81
ParentProcessGuid: {E4CEE641-C4E2-597E-0000-001053520000}
ParentProcessId: 700
ParentImage: C:\Windows\System32\svchost.exe
ParentCommandLine: C:\WINDOWS\system32\svchost.exe -k DcomLaunch"
Information	10.10.2017 07:50:42	Microsoft-Windows-Sysmon	1	Process Create (rule: ProcessCreate)	"Process Create:
UtcTime: 2017-10-10 05:50:42.361
ProcessGuid: {E4CEE641-C532-597E-0000-0010E3790600}
ProcessId: 6876
Image: C:\Windows\System32\consent.exe
CommandLine: consent.exe 6820 426 000001DF996A5200
CurrentDirectory: C:\WINDOWS\system32\
User: NT AUTHORITY\SYSTEM
LogonGuid: {E4CEE641-C4E1-597E-0000-0020E7030000}
LogonId: 0x3E7
TerminalSessionId: 1
IntegrityLevel: System
Hashes: MD5=6D7E9C7BAD50DA67B1F23C6B4A9E1F7F,SHA256=B9711ED459BDBF39679F731AB67221068E0B6B8D8BE88F22F4E89467EBAC223B
ParentProcessGuid: {E4CEE641-C532-597E-0000-0010A06B0600}
ParentProcessId: 6820
ParentImage: C:\Windows\System32\svchost.exe
ParentCommandLine: c:\windows\system32\svchost.exe -k netsvcs -s Appinfo"
Information	10.10.2017 07:50:42	Microsoft-Windows-Sysmon	1	Process Create (rule: ProcessCreate)	"Process Create:
UtcTime: 2017-10-10 05:50:42.054
ProcessGuid: {E4CEE641-C532-597E-0000-0010A06B0600}
ProcessId: 6820
Image: C:\Windows\System32\svchost.exe
CommandLine: c:\windows\system32\svchost.exe -k netsvcs -s Appinfo
CurrentDirectory: C:\WINDOWS\system32\
User: NT AUTHORITY\SYSTEM
LogonGuid: {E4CEE641-C4E1-597E-0000-0020E7030000}
LogonId: 0x3E7
TerminalSessionId: 0
IntegrityLevel: System
Hashes: MD5=3120B24060924F9B94182A1432B2D7F9,SHA256=9F21E51442209BCEC0EA4A468EF8A4741685AE204D5063F4C3E45E1F8CF72643
ParentProcessGuid: {E4CEE641-C4E1-597E-0000-0010333E0000}
ParentProcessId: 572
ParentImage: C:\Windows\System32\services.exe
ParentCommandLine: C:\WINDOWS\system32\services.exe"
Information	10.10.2017 07:50:42	Microsoft-Windows-Sysmon	5	Process terminated (rule: ProcessTerminate)	"Process terminated:
UtcTime: 2017-10-10 05:50:41.996
ProcessGuid: {E4CEE641-C531-597E-0000-0010CB670600}
ProcessId: 6804
Image: C:\Windows\System32\mmc.exe"
Information	10.10.2017 07:50:41	Microsoft-Windows-Sysmon	1	Process Create (rule: ProcessCreate)	"Process Create:
UtcTime: 2017-10-10 05:50:41.881
ProcessGuid: {E4CEE641-C531-597E-0000-0010CB670600}
ProcessId: 6804
Image: C:\Windows\System32\mmc.exe
CommandLine: ""C:\WINDOWS\system32\mmc.exe"" ""C:\WINDOWS\system32\eventvwr.msc"" /s
CurrentDirectory: C:\WINDOWS\system32\
User: DESKTOP-63KR1PU\John
LogonGuid: {E4CEE641-C4E8-597E-0000-002051990100}
LogonId: 0x19951
TerminalSessionId: 1
IntegrityLevel: Medium
Hashes: MD5=211ADC0A46442C4050285C6B2C8874A1,SHA256=E021D4B2F12D2836C279AEEE9FE59CEA300730519AFA57F450BA7095B45A653F
ParentProcessGuid: {E4CEE641-C4FC-597E-0000-001054400300}
ParentProcessId: 4500
ParentImage: C:\Windows\explorer.exe
ParentCommandLine: C:\WINDOWS\Explorer.EXE"
Information	10.10.2017 07:50:41	Microsoft-Windows-Sysmon	5	Process terminated (rule: ProcessTerminate)	"Process terminated:
UtcTime: 2017-10-10 05:50:41.200
ProcessGuid: {E4CEE641-C50E-597E-0000-0010EBA40400}
ProcessId: 5676
Image: C:\Program Files\WindowsApps\microsoft.windowscommunicationsapps_17.8241.41275.0_x64__8wekyb3d8bbwe\HxTsr.exe"
Information	10.10.2017 07:50:40	Microsoft-Windows-Sysmon	3	Network connection detected (rule: NetworkConnect)	"Network connection detected:
UtcTime: 2017-10-10 05:50:37.827
ProcessGuid: {E4CEE641-C528-597E-0000-0010C2CC0500}
ProcessId: 832
Image: C:\Windows\System32\svchost.exe
User: NT AUTHORITY\SYSTEM
Protocol: tcp
Initiated: true
SourceIsIpv6: false
SourceIp: 10.34.1.27
SourceHostname: DESKTOP-63KR1PU
SourcePort: 49697
SourcePortName: 
DestinationIsIpv6: false
DestinationIp: 54.230.228.114
DestinationHostname: server-54-230-228-114.waw50.r.cloudfront.net
DestinationPort: 443
DestinationPortName: https"
Information	10.10.2017 07:50:39	Microsoft-Windows-Sysmon	2	File creation time changed (rule: FileCreateTime)	"File creation time changed:
UtcTime: 2017-10-10 05:50:39.969
ProcessGuid: {E4CEE641-C528-597E-0000-0010C2CC0500}
ProcessId: 832
Image: c:\windows\system32\svchost.exe
TargetFilename: C:\Users\John\AppData\Local\Microsoft\Windows\Notifications\wpnidm\294af3d2.jpg
CreationUtcTime: 2016-06-13 13:31:02.000
PreviousCreationUtcTime: 2016-06-13 13:31:02.000"
Information	10.10.2017 07:50:39	Microsoft-Windows-Sysmon	2	File creation time changed (rule: FileCreateTime)	"File creation time changed:
UtcTime: 2017-10-10 05:50:39.924
ProcessGuid: {E4CEE641-C528-597E-0000-0010C2CC0500}
ProcessId: 832
Image: c:\windows\system32\svchost.exe
TargetFilename: C:\Users\John\AppData\Local\Microsoft\Windows\Notifications\wpnidm\b6ed539b.jpg
CreationUtcTime: 2016-04-27 07:45:21.000
PreviousCreationUtcTime: 2016-04-27 07:45:21.000"
Information	10.10.2017 07:50:39	Microsoft-Windows-Sysmon	3	Network connection detected (rule: NetworkConnect)	"Network connection detected:
UtcTime: 2017-10-10 05:50:36.596
ProcessGuid: {E4CEE641-C528-597E-0000-0010C2CC0500}
ProcessId: 832
Image: C:\Windows\System32\svchost.exe
User: NT AUTHORITY\SYSTEM
Protocol: tcp
Initiated: true
SourceIsIpv6: false
SourceIp: 10.34.1.27
SourceHostname: DESKTOP-63KR1PU
SourcePort: 49696
SourcePortName: 
DestinationIsIpv6: false
DestinationIp: 157.240.3.24
DestinationHostname: xx-fbcdn-shv-01-dft4.fbcdn.net
DestinationPort: 443
DestinationPortName: https"
Information	10.10.2017 07:50:39	Microsoft-Windows-Sysmon	2	File creation time changed (rule: FileCreateTime)	"File creation time changed:
UtcTime: 2017-10-10 05:50:39.535
ProcessGuid: {E4CEE641-C528-597E-0000-0010C2CC0500}
ProcessId: 832
Image: c:\windows\system32\svchost.exe
TargetFilename: C:\Users\John\AppData\Local\Microsoft\Windows\Notifications\wpnidm\b22200f7.png
CreationUtcTime: 2001-01-01 08:00:00.000
PreviousCreationUtcTime: 2001-01-01 08:00:00.000"
Information	10.10.2017 07:50:39	Microsoft-Windows-Sysmon	2	File creation time changed (rule: FileCreateTime)	"File creation time changed:
UtcTime: 2017-10-10 05:50:39.353
ProcessGuid: {E4CEE641-C528-597E-0000-0010C2CC0500}
ProcessId: 832
Image: c:\windows\system32\svchost.exe
TargetFilename: C:\Users\John\AppData\Local\Microsoft\Windows\Notifications\wpnidm\c6aa7b05.png
CreationUtcTime: 2001-01-01 08:00:00.000
PreviousCreationUtcTime: 2001-01-01 08:00:00.000"
Information	10.10.2017 07:50:38	Microsoft-Windows-Sysmon	1	Process Create (rule: ProcessCreate)	"Process Create:
UtcTime: 2017-10-10 05:50:38.900
ProcessGuid: {E4CEE641-C52E-597E-0000-0010023F0600}
ProcessId: 6664
Image: C:\Windows\System32\dllhost.exe
CommandLine: C:\WINDOWS\system32\DllHost.exe /Processid:{AB8902B4-09CA-4BB6-B78D-A8F59079A8D5}
CurrentDirectory: C:\WINDOWS\system32\
User: DESKTOP-63KR1PU\John
LogonGuid: {E4CEE641-C4E8-597E-0000-002051990100}
LogonId: 0x19951
TerminalSessionId: 1
IntegrityLevel: Medium
Hashes: MD5=2D29C0AFCC8225AFF6637F7362C22960,SHA256=79756AB8344C31A55223A51625F2379525428CEBD53531F11C26544A34621D81
ParentProcessGuid: {E4CEE641-C4E2-597E-0000-001053520000}
ParentProcessId: 700
ParentImage: C:\Windows\System32\svchost.exe
ParentCommandLine: C:\WINDOWS\system32\svchost.exe -k DcomLaunch"
Information	10.10.2017 07:50:38	Microsoft-Windows-Sysmon	5	Process terminated (rule: ProcessTerminate)	"Process terminated:
UtcTime: 2017-10-10 05:50:38.793
ProcessGuid: {E4CEE641-C528-597E-0000-001011CF0500}
ProcessId: 376
Image: C:\Windows\System32\dllhost.exe"
Information	10.10.2017 07:50:36	Microsoft-Windows-Sysmon	5	Process terminated (rule: ProcessTerminate)	"Process terminated:
UtcTime: 2017-10-10 05:50:36.645
ProcessGuid: {E4CEE641-C526-597E-0000-001064B90500}
ProcessId: 5508
Image: C:\Windows\System32\InstallAgent.exe"
Information	10.10.2017 07:50:36	Microsoft-Windows-Sysmon	5	Process terminated (rule: ProcessTerminate)	"Process terminated:
UtcTime: 2017-10-10 05:50:36.131
ProcessGuid: {E4CEE641-C4EA-597E-0000-00101CC20100}
ProcessId: 2896
Image: C:\Windows\System32\svchost.exe"
Information	10.10.2017 07:50:33	Microsoft-Windows-Sysmon	1	Process Create (rule: ProcessCreate)	"Process Create:
UtcTime: 2017-10-10 05:50:33.025
ProcessGuid: {E4CEE641-C529-597E-0000-0010ADEB0500}
ProcessId: 2116
Image: C:\Windows\System32\dllhost.exe
CommandLine: C:\WINDOWS\system32\DllHost.exe /Processid:{973D20D7-562D-44B9-B70B-5A0F49CCDF3F}
CurrentDirectory: C:\WINDOWS\system32\
User: DESKTOP-63KR1PU\John
LogonGuid: {E4CEE641-C4E8-597E-0000-002051990100}
LogonId: 0x19951
TerminalSessionId: 1
IntegrityLevel: Medium
Hashes: MD5=2D29C0AFCC8225AFF6637F7362C22960,SHA256=79756AB8344C31A55223A51625F2379525428CEBD53531F11C26544A34621D81
ParentProcessGuid: {E4CEE641-C4E2-597E-0000-001053520000}
ParentProcessId: 700
ParentImage: C:\Windows\System32\svchost.exe
ParentCommandLine: C:\WINDOWS\system32\svchost.exe -k DcomLaunch"
Information	10.10.2017 07:50:32	Microsoft-Windows-Sysmon	1	Process Create (rule: ProcessCreate)	"Process Create:
UtcTime: 2017-10-10 05:50:32.575
ProcessGuid: {E4CEE641-C528-597E-0000-001011CF0500}
ProcessId: 376
Image: C:\Windows\System32\dllhost.exe
CommandLine: C:\WINDOWS\system32\DllHost.exe /Processid:{7966B4D8-4FDC-4126-A10B-39A3209AD251}
CurrentDirectory: C:\WINDOWS\system32\
User: DESKTOP-63KR1PU\John
LogonGuid: {E4CEE641-C4E8-597E-0000-002051990100}
LogonId: 0x19951
TerminalSessionId: 1
IntegrityLevel: Medium
Hashes: MD5=2D29C0AFCC8225AFF6637F7362C22960,SHA256=79756AB8344C31A55223A51625F2379525428CEBD53531F11C26544A34621D81
ParentProcessGuid: {E4CEE641-C4E2-597E-0000-001053520000}
ParentProcessId: 700
ParentImage: C:\Windows\System32\svchost.exe
ParentCommandLine: C:\WINDOWS\system32\svchost.exe -k DcomLaunch"
