Information	10.10.2017 07:49:43	Microsoft-Windows-Sysmon	1	Process Create (rule: ProcessCreate)	"Process Create:
UtcTime: 2017-10-10 05:49:43.504
ProcessGuid: {E4CEE641-C4F7-597E-0000-0010F9DB0200}
ProcessId: 3968
Image: C:\Windows\System32\taskhostw.exe
CommandLine: taskhostw.exe USER
CurrentDirectory: C:\WINDOWS\system32\
User: DESKTOP-63KR1PU\John
LogonGuid: {E4CEE641-C4E8-597E-0000-002051990100}
LogonId: 0x19951
TerminalSessionId: 1
IntegrityLevel: Medium
Hashes: MD5=802F044589D1D0657F4A12B13AFFFAE4,SHA256=3BC9D9E67292B2D4849AD0DB1EAE86DDEDBFC27728CDED9CFA614C4939A5D2D4
ParentProcessGuid: {E4CEE641-C4E3-597E-0000-0010B5BE0000}
ParentProcessId: 1140
ParentImage: C:\Windows\System32\svchost.exe
ParentCommandLine: c:\windows\system32\svchost.exe -k netsvcs -s Schedule"
Information	10.10.2017 07:49:43	Microsoft-Windows-Sysmon	1	Process Create (rule: ProcessCreate)	"Process Create:
UtcTime: 2017-10-10 05:49:43.493
ProcessGuid: {E4CEE641-C4F7-597E-0000-0010FFDA0200}
ProcessId: 3956
Image: C:\Windows\System32\taskhostw.exe
CommandLine: taskhostw.exe
CurrentDirectory: C:\WINDOWS\system32\
User: DESKTOP-63KR1PU\John
LogonGuid: {E4CEE641-C4E8-597E-0000-00201C990100}
LogonId: 0x1991C
TerminalSessionId: 1
IntegrityLevel: High
Hashes: MD5=802F044589D1D0657F4A12B13AFFFAE4,SHA256=3BC9D9E67292B2D4849AD0DB1EAE86DDEDBFC27728CDED9CFA614C4939A5D2D4
ParentProcessGuid: {E4CEE641-C4E3-597E-0000-0010B5BE0000}
ParentProcessId: 1140
ParentImage: C:\Windows\System32\svchost.exe
ParentCommandLine: c:\windows\system32\svchost.exe -k netsvcs -s Schedule"
Information	10.10.2017 07:49:43	Microsoft-Windows-Sysmon	1	Process Create (rule: ProcessCreate)	"Process Create:
UtcTime: 2017-10-10 05:49:43.486
ProcessGuid: {E4CEE641-C4F7-597E-0000-0010FAD90200}
ProcessId: 3944
Image: C:\Program Files (x86)\Google\Update\GoogleUpdate.exe
CommandLine: ""C:\Program Files (x86)\Google\Update\GoogleUpdate.exe"" /c
CurrentDirectory: C:\WINDOWS\system32\
User: NT AUTHORITY\SYSTEM
LogonGuid: {E4CEE641-C4E1-597E-0000-0020E7030000}
LogonId: 0x3E7
TerminalSessionId: 0
IntegrityLevel: System
Hashes: MD5=0545A3EB959CFA4790D267BFB8C1ACA4,SHA256=69061E33ACB7587D773D05000390F9101F71DFD6EED7973B551594EAF3F04193
ParentProcessGuid: {E4CEE641-C4E3-597E-0000-0010B5BE0000}
ParentProcessId: 1140
ParentImage: C:\Windows\System32\svchost.exe
ParentCommandLine: c:\windows\system32\svchost.exe -k netsvcs -s Schedule"
Information	10.10.2017 07:49:43	Microsoft-Windows-Sysmon	6	Driver loaded (rule: DriverLoad)	"Driver loaded:
UtcTime: 2017-10-10 05:49:10.096
ImageLoaded: C:\Windows\System32\drivers\dam.sys
Hashes: MD5=F51953EC4B9AACD92A3B3CE66E05CEF4,SHA256=D39C9696213F53F89209000F245AC178B342A84E46EE766B634BB8DB86A26BB8
Signed: true
Signature: Microsoft Windows
SignatureStatus: Valid"
Information	10.10.2017 07:49:43	Microsoft-Windows-Sysmon	6	Driver loaded (rule: DriverLoad)	"Driver loaded:
UtcTime: 2017-10-10 05:49:10.075
ImageLoaded: C:\Windows\System32\drivers\dfsc.sys
Hashes: MD5=185A4519B7764F4DEF714D890A7A9FD2,SHA256=9805D9DB42D11582583EA3F0FFEE9EF2B0C536DA99A9A3D3863B2669B1CC34A7
Signed: true
Signature: Microsoft Windows
SignatureStatus: Valid"
Information	10.10.2017 07:49:43	Microsoft-Windows-Sysmon	1	Process Create (rule: ProcessCreate)	"Process Create:
UtcTime: 2017-10-10 05:49:43.255
ProcessGuid: {E4CEE641-C4F7-597E-0000-0010B6D30200}
ProcessId: 3900
Image: C:\Windows\System32\wbem\WmiPrvSE.exe
CommandLine: C:\WINDOWS\system32\wbem\wmiprvse.exe -Embedding
CurrentDirectory: C:\WINDOWS\system32\
User: NT AUTHORITY\SYSTEM
LogonGuid: {E4CEE641-C4E1-597E-0000-0020E7030000}
LogonId: 0x3E7
TerminalSessionId: 0
IntegrityLevel: System
Hashes: MD5=C3B76154E72CFE98742B899D53EE5AB2,SHA256=AC535A3ED8A0138305E1E9D060BB3B94AFE4D05A8B8506224F5DF802C54A9EEB
ParentProcessGuid: {E4CEE641-C4E2-597E-0000-001053520000}
ParentProcessId: 700
ParentImage: C:\Windows\System32\svchost.exe
ParentCommandLine: C:\WINDOWS\system32\svchost.exe -k DcomLaunch"
Information	10.10.2017 07:49:42	Microsoft-Windows-Sysmon	1	Process Create (rule: ProcessCreate)	"Process Create:
UtcTime: 2017-10-10 05:49:42.751
ProcessGuid: {E4CEE641-C4F6-597E-0000-0010F2CA0200}
ProcessId: 3852
Image: C:\Windows\System32\svchost.exe
CommandLine: c:\windows\system32\svchost.exe -k unistacksvcgroup -s WpnUserService
CurrentDirectory: C:\WINDOWS\system32\
User: DESKTOP-63KR1PU\John
LogonGuid: {E4CEE641-C4E8-597E-0000-002051990100}
LogonId: 0x19951
TerminalSessionId: 1
IntegrityLevel: Medium
Hashes: MD5=3120B24060924F9B94182A1432B2D7F9,SHA256=9F21E51442209BCEC0EA4A468EF8A4741685AE204D5063F4C3E45E1F8CF72643
ParentProcessGuid: {E4CEE641-C4E1-597E-0000-0010333E0000}
ParentProcessId: 572
ParentImage: C:\Windows\System32\services.exe
ParentCommandLine: C:\WINDOWS\system32\services.exe"
Information	10.10.2017 07:49:42	Microsoft-Windows-Sysmon	5	Process terminated (rule: ProcessTerminate)	"Process terminated:
UtcTime: 2017-10-10 05:49:42.415
ProcessGuid: {E4CEE641-C4F6-597E-0000-001050BD0200}
ProcessId: 3768
Image: C:\Windows\System32\rundll32.exe"
Information	10.10.2017 07:49:42	Microsoft-Windows-Sysmon	2	File creation time changed (rule: FileCreateTime)	"File creation time changed:
UtcTime: 2017-10-10 05:49:42.201
ProcessGuid: {E4CEE641-C4E2-597E-0000-001086960000}
ProcessId: 880
Image: C:\WINDOWS\system32\LogonUI.exe
TargetFilename: C:\ProgramData\Microsoft\Windows\SystemData\S-1-5-21-314807179-1721486539-1070073246-1001\ReadOnly\LockScreen_O\~ockScreen___1920_1031_notdimmed.tmp
CreationUtcTime: 2017-10-10 05:49:42.130
PreviousCreationUtcTime: 2017-10-10 05:49:42.201"
Information	10.10.2017 07:49:42	Microsoft-Windows-Sysmon	1	Process Create (rule: ProcessCreate)	"Process Create:
UtcTime: 2017-10-10 05:49:42.183
ProcessGuid: {E4CEE641-C4F6-597E-0000-001050BD0200}
ProcessId: 3768
Image: C:\Windows\System32\rundll32.exe
CommandLine: rundll32.exe acmigration.dll,ApplyMigrationShims
CurrentDirectory: C:\WINDOWS\system32\
User: NT AUTHORITY\SYSTEM
LogonGuid: {E4CEE641-C4E1-597E-0000-0020E7030000}
LogonId: 0x3E7
TerminalSessionId: 0
IntegrityLevel: System
Hashes: MD5=ECB702B8C5650381C0784F1EEABB97BC,SHA256=9CC4DDAD2E9AE05A8C5762BA88A13C2B1EE4E25AE98EF01DD041FE35D611DA87
ParentProcessGuid: {E4CEE641-C4E9-597E-0000-0010A1A60100}
ParentProcessId: 2436
ParentImage: C:\Windows\System32\svchost.exe
ParentCommandLine: c:\windows\system32\svchost.exe -k localsystemnetworkrestricted -s PcaSvc"
Information	10.10.2017 07:49:42	Microsoft-Windows-Sysmon	1	Process Create (rule: ProcessCreate)	"Process Create:
UtcTime: 2017-10-10 05:49:42.086
ProcessGuid: {E4CEE641-C4F6-597E-0000-001006B60200}
ProcessId: 3716
Image: C:\Windows\System32\sihost.exe
CommandLine: sihost.exe
CurrentDirectory: C:\WINDOWS\system32\
User: DESKTOP-63KR1PU\John
LogonGuid: {E4CEE641-C4E8-597E-0000-002051990100}
LogonId: 0x19951
TerminalSessionId: 1
IntegrityLevel: Medium
Hashes: MD5=442267705C1C799222CE81BB1B854D54,SHA256=D804721B48234C2B1E6B4C8346022EDF58C8AA5A60C9DF949421C2AA2F0D8855
ParentProcessGuid: {E4CEE641-C4E3-597E-0000-0010BED40000}
ParentProcessId: 1408
ParentImage: C:\Windows\System32\svchost.exe
ParentCommandLine: c:\windows\system32\svchost.exe -k netsvcs -s UserManager"
Information	10.10.2017 07:49:42	Microsoft-Windows-Sysmon	1	Process Create (rule: ProcessCreate)	"Process Create:
UtcTime: 2017-10-10 05:49:42.084
ProcessGuid: {E4CEE641-C4F6-597E-0000-0010AAB50200}
ProcessId: 3708
Image: C:\Windows\System32\svchost.exe
CommandLine: c:\windows\system32\svchost.exe -k unistacksvcgroup -s CDPUserSvc
CurrentDirectory: C:\WINDOWS\system32\
User: DESKTOP-63KR1PU\John
LogonGuid: {E4CEE641-C4E8-597E-0000-002051990100}
LogonId: 0x19951
TerminalSessionId: 1
IntegrityLevel: Medium
Hashes: MD5=3120B24060924F9B94182A1432B2D7F9,SHA256=9F21E51442209BCEC0EA4A468EF8A4741685AE204D5063F4C3E45E1F8CF72643
ParentProcessGuid: {E4CEE641-C4E1-597E-0000-0010333E0000}
ParentProcessId: 572
ParentImage: C:\Windows\System32\services.exe
ParentCommandLine: C:\WINDOWS\system32\services.exe"
Information	10.10.2017 07:49:41	Microsoft-Windows-Sysmon	6	Driver loaded (rule: DriverLoad)	"Driver loaded:
UtcTime: 2017-10-10 05:49:10.058
ImageLoaded: C:\Windows\System32\drivers\gpuenergydrv.sys
Hashes: MD5=3FC3FCF557D0BE3D724EA10642E1F6FF,SHA256=744D0DDE748A1B681087668CB893F9A60A2BBE80A71098944E75B6A9AA934C82
Signed: true
Signature: Microsoft Windows
SignatureStatus: Valid"
Information	10.10.2017 07:49:41	Microsoft-Windows-Sysmon	6	Driver loaded (rule: DriverLoad)	"Driver loaded:
UtcTime: 2017-10-10 05:49:10.058
ImageLoaded: C:\Windows\System32\drivers\mssmbios.sys
Hashes: MD5=7E3365C8BC83DCE88D6226BB5C7170C4,SHA256=69D741039CAAFCA93A4CC09CEC14F117527D732A6CF3077AA83E935B03EC3F9C
Signed: true
Signature: Microsoft Windows
SignatureStatus: Valid"
Information	10.10.2017 07:49:41	Microsoft-Windows-Sysmon	6	Driver loaded (rule: DriverLoad)	"Driver loaded:
UtcTime: 2017-10-10 05:49:10.058
ImageLoaded: C:\Windows\System32\drivers\npsvctrig.sys
Hashes: MD5=BABF7E1757D6908941C9F9CBD66A5EF0,SHA256=323E743CB26583763A9C5DE64E7E08138CB8D3E2DE0A8BCE9F774E1C7426E7F8
Signed: true
Signature: Microsoft Windows
SignatureStatus: Valid"
Information	10.10.2017 07:49:41	Microsoft-Windows-Sysmon	1	Process Create (rule: ProcessCreate)	"Process Create:
UtcTime: 2017-10-10 05:49:41.459
ProcessGuid: {E4CEE641-C4F5-597E-0000-001089820200}
ProcessId: 3592
Image: C:\Windows\System32\svchost.exe
CommandLine: c:\windows\system32\svchost.exe -k localserviceandnoimpersonation -s SSDPSRV
CurrentDirectory: C:\WINDOWS\system32\
User: NT AUTHORITY\LOCAL SERVICE
LogonGuid: {E4CEE641-C4E2-597E-0000-0020E5030000}
LogonId: 0x3E5
TerminalSessionId: 0
IntegrityLevel: System
Hashes: MD5=3120B24060924F9B94182A1432B2D7F9,SHA256=9F21E51442209BCEC0EA4A468EF8A4741685AE204D5063F4C3E45E1F8CF72643
ParentProcessGuid: {E4CEE641-C4E1-597E-0000-0010333E0000}
ParentProcessId: 572
ParentImage: C:\Windows\System32\services.exe
ParentCommandLine: C:\WINDOWS\system32\services.exe"
Information	10.10.2017 07:49:41	Microsoft-Windows-Sysmon	1	Process Create (rule: ProcessCreate)	"Process Create:
UtcTime: 2017-10-10 05:49:41.443
ProcessGuid: {E4CEE641-C4F5-597E-0000-001047810200}
ProcessId: 3572
Image: C:\Windows\System32\dasHost.exe
CommandLine: dashost.exe {4118d8e5-9523-4a4f-bfee8646838081bc}
CurrentDirectory: C:\WINDOWS\system32\
User: NT AUTHORITY\LOCAL SERVICE
LogonGuid: {E4CEE641-C4E2-597E-0000-0020E5030000}
LogonId: 0x3E5
TerminalSessionId: 0
IntegrityLevel: System
Hashes: MD5=B66FB60D8A8E042A416C1BAC1BA9A3B6,SHA256=F391B3F442A5B0395C88918AC531DC5684ABC24B6044EE3DA2596B3F68E290E9
ParentProcessGuid: {E4CEE641-C4F0-597E-0000-00105F3F0200}
ParentProcessId: 3320
ParentImage: C:\Windows\System32\svchost.exe
ParentCommandLine: c:\windows\system32\svchost.exe -k localsystemnetworkrestricted -s DeviceAssociationService"
Information	10.10.2017 07:49:41	Microsoft-Windows-Sysmon	6	Driver loaded (rule: DriverLoad)	"Driver loaded:
UtcTime: 2017-10-10 05:49:10.058
ImageLoaded: C:\Windows\System32\drivers\nsiproxy.sys
Hashes: MD5=7A6BA778B48DF9FB7AC231D4FF6E3248,SHA256=5959CA59C75D2C4DD8A539CAA8D99EF6A0CB5AA3F0D485B14C8B35911748F1F7
Signed: true
Signature: Microsoft Windows
SignatureStatus: Valid"
Information	10.10.2017 07:49:41	Microsoft-Windows-Sysmon	6	Driver loaded (rule: DriverLoad)	"Driver loaded:
UtcTime: 2017-10-10 05:49:10.058
ImageLoaded: C:\Windows\System32\drivers\csc.sys
Hashes: MD5=EFB2A77F0CD1B8A79899C1D37B01CA86,SHA256=9FA32E0853FA93513ACA2CD4203DE8BC22268ABCA4BBDB366307C106F4FD5917
Signed: true
Signature: Microsoft Windows
SignatureStatus: Valid"
Information	10.10.2017 07:49:41	Microsoft-Windows-Sysmon	6	Driver loaded (rule: DriverLoad)	"Driver loaded:
UtcTime: 2017-10-10 05:49:10.000
ImageLoaded: C:\Windows\System32\drivers\rdbss.sys
Hashes: MD5=F2C575A9657F7B2E027C6CE7BC8F1A2D,SHA256=5D002488CCEDCEBF0542F508FCE47DC9105C67D5685489970048437BD243AC0E
Signed: true
Signature: Microsoft Windows
SignatureStatus: Valid"
Information	10.10.2017 07:49:41	Microsoft-Windows-Sysmon	6	Driver loaded (rule: DriverLoad)	"Driver loaded:
UtcTime: 2017-10-10 05:49:09.968
ImageLoaded: C:\Windows\System32\drivers\VBoxSF.sys
Hashes: MD5=476986AF8711CC8B5E16D8F466C9AA82,SHA256=78C70D93A77657678FEDA927E21BC9132DB2005FDFA4FC0EA41791EABB1CE6C0
Signed: true
Signature: Oracle Corporation
SignatureStatus: Valid"
Information	10.10.2017 07:49:40	Microsoft-Windows-Sysmon	1	Process Create (rule: ProcessCreate)	"Process Create:
UtcTime: 2017-10-10 05:49:40.716
ProcessGuid: {E4CEE641-C4F4-597E-0000-0010067A0200}
ProcessId: 3544
Image: C:\Windows\System32\SearchIndexer.exe
CommandLine: C:\WINDOWS\system32\SearchIndexer.exe /Embedding
CurrentDirectory: C:\WINDOWS\system32\
User: NT AUTHORITY\SYSTEM
LogonGuid: {E4CEE641-C4E1-597E-0000-0020E7030000}
LogonId: 0x3E7
TerminalSessionId: 0
IntegrityLevel: System
Hashes: MD5=5F661E5FC0B2D079C0BED4036D4DF5F3,SHA256=EB89C5DFEEF1E14D2ABF2E5008766B4308EE3EB6BC5D3799350675549B5FAE71
ParentProcessGuid: {E4CEE641-C4E1-597E-0000-0010333E0000}
ParentProcessId: 572
ParentImage: C:\Windows\System32\services.exe
ParentCommandLine: C:\WINDOWS\system32\services.exe"
Information	10.10.2017 07:49:40	Microsoft-Windows-Sysmon	6	Driver loaded (rule: DriverLoad)	"Driver loaded:
UtcTime: 2017-10-10 05:49:09.891
ImageLoaded: C:\Windows\System32\drivers\netbios.sys
Hashes: MD5=F420B6CAB5151A38E4DBBFFB500C11DA,SHA256=271F495B261461B8EA847BFDD87C155E6DC1B6236C161B8253A1F023706B1B1D
Signed: true
Signature: Microsoft Windows
SignatureStatus: Valid"
Information	10.10.2017 07:49:40	Microsoft-Windows-Sysmon	6	Driver loaded (rule: DriverLoad)	"Driver loaded:
UtcTime: 2017-10-10 05:49:09.870
ImageLoaded: C:\Windows\System32\drivers\pacer.sys
Hashes: MD5=B60431D2A046AD97F8427F6E568370F5,SHA256=CD488E343585A5AC19D9AAF88BF0BB7EEA1BC48F6DA4A4FBF9BE5A04ECF5040B
Signed: true
Signature: Microsoft Windows
SignatureStatus: Valid"
Information	10.10.2017 07:49:40	Microsoft-Windows-Sysmon	6	Driver loaded (rule: DriverLoad)	"Driver loaded:
UtcTime: 2017-10-10 05:49:09.855
ImageLoaded: C:\Windows\System32\drivers\vwififlt.sys
Hashes: MD5=799ECD541A9B2764B36A22A095885365,SHA256=E255E74682927D662294AA3F88FDA211EEE603466EB264E8941C3BACC6A0E530
Signed: true
Signature: Microsoft Windows
SignatureStatus: Valid"
Information	10.10.2017 07:49:40	Microsoft-Windows-Sysmon	1	Process Create (rule: ProcessCreate)	"Process Create:
UtcTime: 2017-10-10 05:49:40.610
ProcessGuid: {E4CEE641-C4F4-597E-0000-0010F0760200}
ProcessId: 3512
Image: C:\Windows\System32\dllhost.exe
CommandLine: C:\WINDOWS\system32\DllHost.exe /Processid:{E10F6C3A-F1AE-4ADC-AA9D-2FE65525666E}
CurrentDirectory: C:\WINDOWS\system32\
User: NT AUTHORITY\SYSTEM
LogonGuid: {E4CEE641-C4E1-597E-0000-0020E7030000}
LogonId: 0x3E7
TerminalSessionId: 0
IntegrityLevel: System
Hashes: MD5=2D29C0AFCC8225AFF6637F7362C22960,SHA256=79756AB8344C31A55223A51625F2379525428CEBD53531F11C26544A34621D81
ParentProcessGuid: {E4CEE641-C4E2-597E-0000-001053520000}
ParentProcessId: 700
ParentImage: C:\Windows\System32\svchost.exe
ParentCommandLine: C:\WINDOWS\system32\svchost.exe -k DcomLaunch"
Information	10.10.2017 07:49:39	Microsoft-Windows-Sysmon	1	Process Create (rule: ProcessCreate)	"Process Create:
UtcTime: 2017-10-10 05:49:39.329
ProcessGuid: {E4CEE641-C4F3-597E-0000-0010D25B0200}
ProcessId: 3468
Image: C:\Windows\System32\svchost.exe
CommandLine: c:\windows\system32\svchost.exe -k appmodel -s tiledatamodelsvc
CurrentDirectory: C:\WINDOWS\system32\
User: NT AUTHORITY\SYSTEM
LogonGuid: {E4CEE641-C4E1-597E-0000-0020E7030000}
LogonId: 0x3E7
TerminalSessionId: 0
IntegrityLevel: System
Hashes: MD5=3120B24060924F9B94182A1432B2D7F9,SHA256=9F21E51442209BCEC0EA4A468EF8A4741685AE204D5063F4C3E45E1F8CF72643
ParentProcessGuid: {E4CEE641-C4E1-597E-0000-0010333E0000}
ParentProcessId: 572
ParentImage: C:\Windows\System32\services.exe
ParentCommandLine: C:\WINDOWS\system32\services.exe"
Information	10.10.2017 07:49:39	Microsoft-Windows-Sysmon	6	Driver loaded (rule: DriverLoad)	"Driver loaded:
UtcTime: 2017-10-10 05:49:09.855
ImageLoaded: C:\Windows\System32\drivers\afd.sys
Hashes: MD5=AC1928C2F7505BD556C552F153B062AB,SHA256=B48EA30F76DEA57868CA74CC775DD60257021A3DE10CE101B8BEFA1CE9D22CF4
Signed: true
Signature: Microsoft Windows
SignatureStatus: Valid"
Information	10.10.2017 07:49:39	Microsoft-Windows-Sysmon	6	Driver loaded (rule: DriverLoad)	"Driver loaded:
UtcTime: 2017-10-10 05:49:09.611
ImageLoaded: C:\Windows\System32\drivers\netbt.sys
Hashes: MD5=30C2F67EC84EB11B22011620107E0325,SHA256=98088685F457566FD8D13B83A0BF6B06CDC70AC156B67BF87A8A8446C150C1F3
Signed: true
Signature: Microsoft Windows
SignatureStatus: Valid"
Information	10.10.2017 07:49:39	Microsoft-Windows-Sysmon	6	Driver loaded (rule: DriverLoad)	"Driver loaded:
UtcTime: 2017-10-10 05:49:09.591
ImageLoaded: C:\Windows\System32\drivers\tdx.sys
Hashes: MD5=892AB2637603A5E9507C39E61101C3C3,SHA256=04B06BBEFC033BC9395123AE623E0BB3A241F05AA93EA2625CF2DBE1B3FFD1B6
Signed: true
Signature: Microsoft Windows
SignatureStatus: Valid"
Information	10.10.2017 07:49:39	Microsoft-Windows-Sysmon	6	Driver loaded (rule: DriverLoad)	"Driver loaded:
UtcTime: 2017-10-10 05:49:09.591
ImageLoaded: C:\Windows\System32\drivers\tdi.sys
Hashes: MD5=9BD9CB9DAB457CD8C5648F7A9D7490B9,SHA256=E760F53036DFCD76CD1983095F0854A52AF328710B4A3DC0644518618350B99D
Signed: true
Signature: Microsoft Windows
SignatureStatus: Valid"
Information	10.10.2017 07:49:39	Microsoft-Windows-Sysmon	6	Driver loaded (rule: DriverLoad)	"Driver loaded:
UtcTime: 2017-10-10 05:49:09.591
ImageLoaded: C:\Windows\System32\drivers\msfs.sys
Hashes: MD5=92C00BD9616F353CA59A755C33269757,SHA256=E67F05A4A1C44137CCAC0C7292A7010B5920172ACAE32638600E231F28F33035
Signed: true
Signature: Microsoft Windows
SignatureStatus: Valid"
Information	10.10.2017 07:49:39	Microsoft-Windows-Sysmon	6	Driver loaded (rule: DriverLoad)	"Driver loaded:
UtcTime: 2017-10-10 05:49:09.591
ImageLoaded: C:\Windows\System32\drivers\npfs.sys
Hashes: MD5=6D8F6A9C53CFB0C49E8251A442B7283F,SHA256=C3E913E4997C35A9B4C2E613A499F01D15264EAB699B93269B690B2A74A70E9A
Signed: true
Signature: Microsoft Windows
SignatureStatus: Valid"
Information	10.10.2017 07:49:38	Microsoft-Windows-Sysmon	6	Driver loaded (rule: DriverLoad)	"Driver loaded:
UtcTime: 2017-10-10 05:49:09.591
ImageLoaded: C:\Windows\System32\drivers\BasicRender.sys
Hashes: MD5=E2BFD01BD0ECF2BDE9420022147952A4,SHA256=7798211996143067787881A1362D07B95CF688E96192E3627D30347C719D40CB
Signed: true
Signature: Microsoft Windows
SignatureStatus: Valid"
Information	10.10.2017 07:49:38	Microsoft-Windows-Sysmon	6	Driver loaded (rule: DriverLoad)	"Driver loaded:
UtcTime: 2017-10-10 05:49:09.576
ImageLoaded: C:\Windows\System32\drivers\dxgkrnl.sys
Hashes: MD5=D2D4095909DD26445139EC9B7C86DA5D,SHA256=246AF45588B859F3A32152C0CA14A2AD84361B08FDA5430B24E049CEE03B6271
Signed: true
Signature: Microsoft Windows
SignatureStatus: Valid"
Information	10.10.2017 07:49:38	Microsoft-Windows-Sysmon	6	Driver loaded (rule: DriverLoad)	"Driver loaded:
UtcTime: 2017-10-10 05:49:09.508
ImageLoaded: C:\Windows\System32\drivers\vmbkmclr.sys
Hashes: MD5=811D2C1AB7E8F2FE80441797E23B0C19,SHA256=5B65F905871648FCBC6C5809A7EC5C48450447A85F726A5E2C3566528D9CB175
Signed: true
Signature: Microsoft Windows
SignatureStatus: Valid"
Information	10.10.2017 07:49:38	Microsoft-Windows-Sysmon	6	Driver loaded (rule: DriverLoad)	"Driver loaded:
UtcTime: 2017-10-10 05:49:09.433
ImageLoaded: C:\Windows\System32\drivers\BasicDisplay.sys
Hashes: MD5=F8129321B1874D4386F7FEB754BC3380,SHA256=7264E7E2A339E456C0A1A40FDFAE0D202905467400B93FA0700498B86172337F
Signed: true
Signature: Microsoft Windows
SignatureStatus: Valid"
Information	10.10.2017 07:49:38	Microsoft-Windows-Sysmon	6	Driver loaded (rule: DriverLoad)	"Driver loaded:
UtcTime: 2017-10-10 05:49:09.433
ImageLoaded: C:\Windows\System32\drivers\watchdog.sys
Hashes: MD5=99260756E810FB732C2E9FE57C8F082F,SHA256=BE1ED504DFFED05512469E69FD322D7BD0D4D667BBAD83597EA1281416972BB4
Signed: true
Signature: Microsoft Windows
SignatureStatus: Valid"
Information	10.10.2017 07:49:37	Microsoft-Windows-Sysmon	6	Driver loaded (rule: DriverLoad)	"Driver loaded:
UtcTime: 2017-10-10 05:49:09.433
ImageLoaded: C:\Windows\System32\drivers\beep.sys
Hashes: MD5=ED03D2ACE378C9EB8BB957ABBD85B951,SHA256=E9AE3025DC4956B736651B20AEA665909C2B468F9AE3E317F545DD4EEEA7D9E8
Signed: true
Signature: Microsoft Windows
SignatureStatus: Valid"
Information	10.10.2017 07:49:37	Microsoft-Windows-Sysmon	6	Driver loaded (rule: DriverLoad)	"Driver loaded:
UtcTime: 2017-10-10 05:49:09.433
ImageLoaded: C:\Windows\System32\drivers\null.sys
Hashes: MD5=4FFB2D5655D10700D5B8E205C4DB86BD,SHA256=69078960669A373F9C2D47AF2ED841619831106B681EBAAEAAE5BD569A54CE6D
Signed: true
Signature: Microsoft Windows
SignatureStatus: Valid"
Information	10.10.2017 07:49:36	Microsoft-Windows-Sysmon	1	Process Create (rule: ProcessCreate)	"Process Create:
UtcTime: 2017-10-10 05:49:36.950
ProcessGuid: {E4CEE641-C4F0-597E-0000-00105F3F0200}
ProcessId: 3320
Image: C:\Windows\System32\svchost.exe
CommandLine: c:\windows\system32\svchost.exe -k localsystemnetworkrestricted -s DeviceAssociationService
CurrentDirectory: C:\WINDOWS\system32\
User: NT AUTHORITY\SYSTEM
LogonGuid: {E4CEE641-C4E1-597E-0000-0020E7030000}
LogonId: 0x3E7
TerminalSessionId: 0
IntegrityLevel: System
Hashes: MD5=3120B24060924F9B94182A1432B2D7F9,SHA256=9F21E51442209BCEC0EA4A468EF8A4741685AE204D5063F4C3E45E1F8CF72643
ParentProcessGuid: {E4CEE641-C4E1-597E-0000-0010333E0000}
ParentProcessId: 572
ParentImage: C:\Windows\System32\services.exe
ParentCommandLine: C:\WINDOWS\system32\services.exe"
Information	10.10.2017 07:49:36	Microsoft-Windows-Sysmon	1	Process Create (rule: ProcessCreate)	"Process Create:
UtcTime: 2017-10-10 05:49:36.425
ProcessGuid: {E4CEE641-C4F0-597E-0000-001082310200}
ProcessId: 3252
Image: C:\Windows\System32\svchost.exe
CommandLine: c:\windows\system32\svchost.exe -k netsvcs -s Browser
CurrentDirectory: C:\WINDOWS\system32\
User: NT AUTHORITY\SYSTEM
LogonGuid: {E4CEE641-C4E1-597E-0000-0020E7030000}
LogonId: 0x3E7
TerminalSessionId: 0
IntegrityLevel: System
Hashes: MD5=3120B24060924F9B94182A1432B2D7F9,SHA256=9F21E51442209BCEC0EA4A468EF8A4741685AE204D5063F4C3E45E1F8CF72643
ParentProcessGuid: {E4CEE641-C4E1-597E-0000-0010333E0000}
ParentProcessId: 572
ParentImage: C:\Windows\System32\services.exe
ParentCommandLine: C:\WINDOWS\system32\services.exe"
Information	10.10.2017 07:49:36	Microsoft-Windows-Sysmon	6	Driver loaded (rule: DriverLoad)	"Driver loaded:
UtcTime: 2017-10-10 05:49:09.433
ImageLoaded: C:\Windows\System32\drivers\filecrypt.sys
Hashes: MD5=27E764D6460504B7271AFECE7A59FB76,SHA256=A32B08142068BF042B3E47C0CA7F4FCFD07A37807B1B8DAAE614F3A132475D52
Signed: true
Signature: Microsoft Windows
SignatureStatus: Valid"
Information	10.10.2017 07:49:35	Microsoft-Windows-Sysmon	6	Driver loaded (rule: DriverLoad)	"Driver loaded:
UtcTime: 2017-10-10 05:49:09.433
ImageLoaded: C:\Windows\System32\drivers\tbs.sys
Hashes: MD5=85E95B98D67EC1CFC9A60A8866DFFF3C,SHA256=3E49E695C504A23A0185AAA20D2B74A7A49D7B2B21E7BF77443BE2A3175126B0
Signed: true
Signature: Microsoft Windows
SignatureStatus: Valid"
Information	10.10.2017 07:49:35	Microsoft-Windows-Sysmon	6	Driver loaded (rule: DriverLoad)	"Driver loaded:
UtcTime: 2017-10-10 05:49:09.428
ImageLoaded: C:\Windows\System32\drivers\cdrom.sys
Hashes: MD5=ABE77AD954BC3D72F559CF0C381E50BC,SHA256=D0F24B023D7CADD4893AAF223A9BAC00B2C58D552E0C314B506C01767FB74133
Signed: true
Signature: Microsoft Windows
SignatureStatus: Valid"
Information	10.10.2017 07:49:35	Microsoft-Windows-Sysmon	1	Process Create (rule: ProcessCreate)	"Process Create:
UtcTime: 2017-10-10 05:49:35.715
ProcessGuid: {E4CEE641-C4EF-597E-0000-0010ED130200}
ProcessId: 3164
Image: C:\Windows\System32\taskhostw.exe
CommandLine: taskhostw.exe SYSTEM
CurrentDirectory: C:\WINDOWS\system32\
User: NT AUTHORITY\SYSTEM
LogonGuid: {E4CEE641-C4E1-597E-0000-0020E7030000}
LogonId: 0x3E7
TerminalSessionId: 0
IntegrityLevel: System
Hashes: MD5=802F044589D1D0657F4A12B13AFFFAE4,SHA256=3BC9D9E67292B2D4849AD0DB1EAE86DDEDBFC27728CDED9CFA614C4939A5D2D4
ParentProcessGuid: {E4CEE641-C4E3-597E-0000-0010B5BE0000}
ParentProcessId: 1140
ParentImage: C:\Windows\System32\svchost.exe
ParentCommandLine: c:\windows\system32\svchost.exe -k netsvcs -s Schedule"
Information	10.10.2017 07:49:32	Microsoft-Windows-Sysmon	6	Driver loaded (rule: DriverLoad)	"Driver loaded:
UtcTime: 2017-10-10 05:49:09.124
ImageLoaded: C:\Windows\System32\drivers\dumpfve.sys
Hashes: MD5=443105DD83478947B4ABDAA1D433970B,SHA256=C2353CF91B23F5B945EC58CB59AF65F5154E411472FC2FAC643DC8C07F9D9B34
Signed: true
Signature: Microsoft Windows
SignatureStatus: Valid"
Information	10.10.2017 07:49:32	Microsoft-Windows-Sysmon	6	Driver loaded (rule: DriverLoad)	"Driver loaded:
UtcTime: 2017-10-10 05:49:21.029
ImageLoaded: C:\Windows\System32\drivers\dumpfve.sys
Hashes: MD5=443105DD83478947B4ABDAA1D433970B,SHA256=C2353CF91B23F5B945EC58CB59AF65F5154E411472FC2FAC643DC8C07F9D9B34
Signed: true
Signature: Microsoft Windows
SignatureStatus: Valid"
Information	10.10.2017 07:49:32	Microsoft-Windows-Sysmon	6	Driver loaded (rule: DriverLoad)	"Driver loaded:
UtcTime: 2017-10-10 05:49:09.124
ImageLoaded: C:\Windows\System32\drivers\storahci.sys
Hashes: MD5=576A818562069B1E091CC719C143AED2,SHA256=48880CF4D33033E9A6024C2A0AD673AFBCE400C74574913F8E24717BA6BADE7C
Signed: true
Signature: Microsoft Windows
SignatureStatus: Valid"
Information	10.10.2017 07:49:32	Microsoft-Windows-Sysmon	6	Driver loaded (rule: DriverLoad)	"Driver loaded:
UtcTime: 2017-10-10 05:49:21.029
ImageLoaded: C:\Windows\System32\drivers\storahci.sys
Hashes: MD5=576A818562069B1E091CC719C143AED2,SHA256=48880CF4D33033E9A6024C2A0AD673AFBCE400C74574913F8E24717BA6BADE7C
Signed: true
Signature: Microsoft Windows
SignatureStatus: Valid"
Information	10.10.2017 07:49:32	Microsoft-Windows-Sysmon	6	Driver loaded (rule: DriverLoad)	"Driver loaded:
UtcTime: 2017-10-10 05:49:09.105
ImageLoaded: C:\Windows\System32\drivers\Diskdump.sys
Hashes: MD5=EE63929BB941EED49DB1BF0EF82DEF49,SHA256=B3E4A6A017C10725D4E8F2B5019D80043134BF7330F00111B0098F2BD05E1007
Signed: true
Signature: Microsoft Windows
SignatureStatus: Valid"
Information	10.10.2017 07:49:32	Microsoft-Windows-Sysmon	6	Driver loaded (rule: DriverLoad)	"Driver loaded:
UtcTime: 2017-10-10 05:49:21.024
ImageLoaded: C:\Windows\System32\drivers\Diskdump.sys
Hashes: MD5=EE63929BB941EED49DB1BF0EF82DEF49,SHA256=B3E4A6A017C10725D4E8F2B5019D80043134BF7330F00111B0098F2BD05E1007
Signed: true
Signature: Microsoft Windows
SignatureStatus: Valid"
Information	10.10.2017 07:49:32	Microsoft-Windows-Sysmon	6	Driver loaded (rule: DriverLoad)	"Driver loaded:
UtcTime: 2017-10-10 05:49:09.105
ImageLoaded: C:\Windows\System32\drivers\crashdmp.sys
Hashes: MD5=AFB7BC06B8CF537C55551A7B17B865E2,SHA256=D13A9EAE022B226FC8A5B58723A316F11C958D78AF7F8BC69EBF81993D70FDEB
Signed: true
Signature: Microsoft Windows
SignatureStatus: Valid"
Information	10.10.2017 07:49:32	Microsoft-Windows-Sysmon	1	Process Create (rule: ProcessCreate)	"Process Create:
UtcTime: 2017-10-10 05:49:31.129
ProcessGuid: {E4CEE641-C4EB-597E-0000-001009C30100}
ProcessId: 3008
Image: C:\Windows\Sysmon.exe
CommandLine: C:\WINDOWS\Sysmon.exe
CurrentDirectory: C:\WINDOWS\system32\
User: NT AUTHORITY\SYSTEM
LogonGuid: {E4CEE641-C4E1-597E-0000-0020E7030000}
LogonId: 0x3E7
TerminalSessionId: 0
IntegrityLevel: System
Hashes: MD5=CC5F09A68A1B8688164E97B51A7795B9,SHA256=BC6A579553F1CAFEC84FFC1BAEA3EC6FA5656ED207D3E8177798070C4F71E53E
ParentProcessGuid: {E4CEE641-C4E1-597E-0000-0010333E0000}
ParentProcessId: 572
ParentImage: C:\Windows\System32\services.exe
ParentCommandLine: C:\WINDOWS\system32\services.exe"
Information	10.10.2017 07:49:32	Microsoft-Windows-Sysmon	1	Process Create (rule: ProcessCreate)	"Process Create:
UtcTime: 2017-10-10 05:49:29.615
ProcessGuid: {E4CEE641-C4E9-597E-0000-0010B9AC0100}
ProcessId: 2536
Image: C:\Program Files\Common Files\microsoft shared\ClickToRun\OfficeClickToRun.exe
CommandLine: ""C:\Program Files\Common Files\Microsoft Shared\ClickToRun\OfficeClickToRun.exe"" /service
CurrentDirectory: C:\WINDOWS\system32\
User: NT AUTHORITY\SYSTEM
LogonGuid: {E4CEE641-C4E1-597E-0000-0020E7030000}
LogonId: 0x3E7
TerminalSessionId: 0
IntegrityLevel: System
Hashes: MD5=323DE48A358D07B81A8DB72057238359,SHA256=71854D2C40664493E05C0A7E4F0C7CC74ADA1A63EEC1D4FE32350F6AF8728243
ParentProcessGuid: {E4CEE641-C4E1-597E-0000-0010333E0000}
ParentProcessId: 572
ParentImage: C:\Windows\System32\services.exe
ParentCommandLine: C:\WINDOWS\system32\services.exe"
Information	10.10.2017 07:49:32	Microsoft-Windows-Sysmon	1	Process Create (rule: ProcessCreate)	"Process Create:
UtcTime: 2017-10-10 05:49:30.669
ProcessGuid: {E4CEE641-C4EA-597E-0000-00101CC20100}
ProcessId: 2896
Image: C:\Windows\System32\svchost.exe
CommandLine: c:\windows\system32\svchost.exe -k netsvcs -s NetSetupSvc
CurrentDirectory: C:\WINDOWS\system32\
User: NT AUTHORITY\SYSTEM
LogonGuid: {E4CEE641-C4E1-597E-0000-0020E7030000}
LogonId: 0x3E7
TerminalSessionId: 0
IntegrityLevel: System
Hashes: MD5=3120B24060924F9B94182A1432B2D7F9,SHA256=9F21E51442209BCEC0EA4A468EF8A4741685AE204D5063F4C3E45E1F8CF72643
ParentProcessGuid: {E4CEE641-C4E1-597E-0000-0010333E0000}
ParentProcessId: 572
ParentImage: C:\Windows\System32\services.exe
ParentCommandLine: C:\WINDOWS\system32\services.exe"
Information	10.10.2017 07:49:32	Microsoft-Windows-Sysmon	5	Process terminated (rule: ProcessTerminate)	"Process terminated:
UtcTime: 2017-10-10 05:49:30.408
ProcessGuid: {E4CEE641-C4E9-597E-0000-00107BB20100}
ProcessId: 2636
Image: C:\Windows\System32\svchost.exe"
Information	10.10.2017 07:49:32	Microsoft-Windows-Sysmon	1	Process Create (rule: ProcessCreate)	"Process Create:
UtcTime: 2017-10-10 05:49:30.274
ProcessGuid: {E4CEE641-C4EA-597E-0000-0010E1BD0100}
ProcessId: 2804
Image: C:\Windows\System32\svchost.exe
CommandLine: c:\windows\system32\svchost.exe -k localservicenetworkrestricted -s HomeGroupProvider
CurrentDirectory: C:\WINDOWS\system32\
User: NT AUTHORITY\LOCAL SERVICE
LogonGuid: {E4CEE641-C4E2-597E-0000-0020E5030000}
LogonId: 0x3E5
TerminalSessionId: 0
IntegrityLevel: System
Hashes: MD5=3120B24060924F9B94182A1432B2D7F9,SHA256=9F21E51442209BCEC0EA4A468EF8A4741685AE204D5063F4C3E45E1F8CF72643
ParentProcessGuid: {E4CEE641-C4E1-597E-0000-0010333E0000}
ParentProcessId: 572
ParentImage: C:\Windows\System32\services.exe
ParentCommandLine: C:\WINDOWS\system32\services.exe"
Information	10.10.2017 07:49:32	Microsoft-Windows-Sysmon	1	Process Create (rule: ProcessCreate)	"Process Create:
UtcTime: 2017-10-10 05:49:30.139
ProcessGuid: {E4CEE641-C4EA-597E-0000-0010B7B80100}
ProcessId: 2752
Image: C:\Windows\System32\svchost.exe
CommandLine: c:\windows\system32\svchost.exe -k netsvcs -s LanmanServer
CurrentDirectory: C:\WINDOWS\system32\
User: NT AUTHORITY\SYSTEM
LogonGuid: {E4CEE641-C4E1-597E-0000-0020E7030000}
LogonId: 0x3E7
TerminalSessionId: 0
IntegrityLevel: System
Hashes: MD5=3120B24060924F9B94182A1432B2D7F9,SHA256=9F21E51442209BCEC0EA4A468EF8A4741685AE204D5063F4C3E45E1F8CF72643
ParentProcessGuid: {E4CEE641-C4E1-597E-0000-0010333E0000}
ParentProcessId: 572
ParentImage: C:\Windows\System32\services.exe
ParentCommandLine: C:\WINDOWS\system32\services.exe"
Information	10.10.2017 07:49:32	Microsoft-Windows-Sysmon	1	Process Create (rule: ProcessCreate)	"Process Create:
UtcTime: 2017-10-10 05:49:29.802
ProcessGuid: {E4CEE641-C4E9-597E-0000-00107BB20100}
ProcessId: 2636
Image: C:\Windows\System32\svchost.exe
CommandLine: c:\windows\system32\svchost.exe -k netsvcs -s NcaSvc
CurrentDirectory: C:\WINDOWS\system32\
User: NT AUTHORITY\SYSTEM
LogonGuid: {E4CEE641-C4E1-597E-0000-0020E7030000}
LogonId: 0x3E7
TerminalSessionId: 0
IntegrityLevel: System
Hashes: MD5=3120B24060924F9B94182A1432B2D7F9,SHA256=9F21E51442209BCEC0EA4A468EF8A4741685AE204D5063F4C3E45E1F8CF72643
ParentProcessGuid: {E4CEE641-C4E1-597E-0000-0010333E0000}
ParentProcessId: 572
ParentImage: C:\Windows\System32\services.exe
ParentCommandLine: C:\WINDOWS\system32\services.exe"
Information	10.10.2017 07:49:32	Microsoft-Windows-Sysmon	1	Process Create (rule: ProcessCreate)	"Process Create:
UtcTime: 2017-10-10 05:49:29.675
ProcessGuid: {E4CEE641-C4E9-597E-0000-001017AF0100}
ProcessId: 2576
Image: C:\Windows\System32\svchost.exe
CommandLine: c:\windows\system32\svchost.exe -k netsvcs -s WpnService
CurrentDirectory: C:\WINDOWS\system32\
User: NT AUTHORITY\SYSTEM
LogonGuid: {E4CEE641-C4E1-597E-0000-0020E7030000}
LogonId: 0x3E7
TerminalSessionId: 0
IntegrityLevel: System
Hashes: MD5=3120B24060924F9B94182A1432B2D7F9,SHA256=9F21E51442209BCEC0EA4A468EF8A4741685AE204D5063F4C3E45E1F8CF72643
ParentProcessGuid: {E4CEE641-C4E1-597E-0000-0010333E0000}
ParentProcessId: 572
ParentImage: C:\Windows\System32\services.exe
ParentCommandLine: C:\WINDOWS\system32\services.exe"
Information	10.10.2017 07:49:32	Microsoft-Windows-Sysmon	1	Process Create (rule: ProcessCreate)	"Process Create:
UtcTime: 2017-10-10 05:49:29.673
ProcessGuid: {E4CEE641-C4E9-597E-0000-0010C2AE0100}
ProcessId: 2568
Image: C:\Windows\System32\svchost.exe
CommandLine: c:\windows\system32\svchost.exe -k localsystemnetworkrestricted -s TrkWks
CurrentDirectory: C:\WINDOWS\system32\
User: NT AUTHORITY\SYSTEM
LogonGuid: {E4CEE641-C4E1-597E-0000-0020E7030000}
LogonId: 0x3E7
TerminalSessionId: 0
IntegrityLevel: System
Hashes: MD5=3120B24060924F9B94182A1432B2D7F9,SHA256=9F21E51442209BCEC0EA4A468EF8A4741685AE204D5063F4C3E45E1F8CF72643
ParentProcessGuid: {E4CEE641-C4E1-597E-0000-0010333E0000}
ParentProcessId: 572
ParentImage: C:\Windows\System32\services.exe
ParentCommandLine: C:\WINDOWS\system32\services.exe"
Information	10.10.2017 07:49:32	Microsoft-Windows-Sysmon	1	Process Create (rule: ProcessCreate)	"Process Create:
UtcTime: 2017-10-10 05:49:29.609
ProcessGuid: {E4CEE641-C4E9-597E-0000-0010A4AC0100}
ProcessId: 2528
Image: C:\Program Files (x86)\Common Files\Microsoft Shared\Phone Tools\CoreCon\11.0\bin\IpOverUsbSvc.exe
CommandLine: ""C:\Program Files (x86)\Common Files\Microsoft Shared\Phone Tools\CoreCon\11.0\bin\IpOverUsbSvc.exe""
CurrentDirectory: C:\WINDOWS\system32\
User: NT AUTHORITY\SYSTEM
LogonGuid: {E4CEE641-C4E1-597E-0000-0020E7030000}
LogonId: 0x3E7
TerminalSessionId: 0
IntegrityLevel: System
Hashes: MD5=58E5F47EA4DEDBAAED05EE2554D3B7D0,SHA256=3981718867518B130F6B3D20116CFDBC1272F7F0ACF5EA427536E42858229AB4
ParentProcessGuid: {E4CEE641-C4E1-597E-0000-0010333E0000}
ParentProcessId: 572
ParentImage: C:\Windows\System32\services.exe
ParentCommandLine: C:\WINDOWS\system32\services.exe"
Information	10.10.2017 07:49:32	Microsoft-Windows-Sysmon	1	Process Create (rule: ProcessCreate)	"Process Create:
UtcTime: 2017-10-10 05:49:29.494
ProcessGuid: {E4CEE641-C4E9-597E-0000-0010E7A80100}
ProcessId: 2464
Image: C:\Windows\System32\SecurityHealthService.exe
CommandLine: C:\WINDOWS\system32\SecurityHealthService.exe
CurrentDirectory: C:\WINDOWS\system32\
User: NT AUTHORITY\SYSTEM
LogonGuid: {E4CEE641-C4E1-597E-0000-0020E7030000}
LogonId: 0x3E7
TerminalSessionId: 0
IntegrityLevel: System
Hashes: MD5=1D4F5F50BEA1329FAEFA5D15F683F87F,SHA256=C5E0BFFB4E4589AAD87D8BA0F779DC94ED6F85A8003B71D0A858CC32912A3F0F
ParentProcessGuid: {E4CEE641-C4E1-597E-0000-0010333E0000}
ParentProcessId: 572
ParentImage: C:\Windows\System32\services.exe
ParentCommandLine: C:\WINDOWS\system32\services.exe"
Information	10.10.2017 07:49:32	Microsoft-Windows-Sysmon	1	Process Create (rule: ProcessCreate)	"Process Create:
UtcTime: 2017-10-10 05:49:29.505
ProcessGuid: {E4CEE641-C4E9-597E-0000-0010B5A90100}
ProcessId: 2488
Image: C:\Windows\System32\svchost.exe
CommandLine: c:\windows\system32\svchost.exe -k localservice -s WdiServiceHost
CurrentDirectory: C:\WINDOWS\system32\
User: NT AUTHORITY\LOCAL SERVICE
LogonGuid: {E4CEE641-C4E2-597E-0000-0020E5030000}
LogonId: 0x3E5
TerminalSessionId: 0
IntegrityLevel: System
Hashes: MD5=3120B24060924F9B94182A1432B2D7F9,SHA256=9F21E51442209BCEC0EA4A468EF8A4741685AE204D5063F4C3E45E1F8CF72643
ParentProcessGuid: {E4CEE641-C4E1-597E-0000-0010333E0000}
ParentProcessId: 572
ParentImage: C:\Windows\System32\services.exe
ParentCommandLine: C:\WINDOWS\system32\services.exe"
Information	10.10.2017 07:49:32	Microsoft-Windows-Sysmon	1	Process Create (rule: ProcessCreate)	"Process Create:
UtcTime: 2017-10-10 05:49:29.503
ProcessGuid: {E4CEE641-C4E9-597E-0000-001054A90100}
ProcessId: 2480
Image: C:\Windows\System32\svchost.exe
CommandLine: c:\windows\system32\svchost.exe -k localsystemnetworkrestricted -s SysMain
CurrentDirectory: C:\WINDOWS\system32\
User: NT AUTHORITY\SYSTEM
LogonGuid: {E4CEE641-C4E1-597E-0000-0020E7030000}
LogonId: 0x3E7
TerminalSessionId: 0
IntegrityLevel: System
Hashes: MD5=3120B24060924F9B94182A1432B2D7F9,SHA256=9F21E51442209BCEC0EA4A468EF8A4741685AE204D5063F4C3E45E1F8CF72643
ParentProcessGuid: {E4CEE641-C4E1-597E-0000-0010333E0000}
ParentProcessId: 572
ParentImage: C:\Windows\System32\services.exe
ParentCommandLine: C:\WINDOWS\system32\services.exe"
Information	10.10.2017 07:49:32	Microsoft-Windows-Sysmon	1	Process Create (rule: ProcessCreate)	"Process Create:
UtcTime: 2017-10-10 05:49:29.450
ProcessGuid: {E4CEE641-C4E9-597E-0000-0010A1A60100}
ProcessId: 2436
Image: C:\Windows\System32\svchost.exe
CommandLine: c:\windows\system32\svchost.exe -k localsystemnetworkrestricted -s PcaSvc
CurrentDirectory: C:\WINDOWS\system32\
User: NT AUTHORITY\SYSTEM
LogonGuid: {E4CEE641-C4E1-597E-0000-0020E7030000}
LogonId: 0x3E7
TerminalSessionId: 0
IntegrityLevel: System
Hashes: MD5=3120B24060924F9B94182A1432B2D7F9,SHA256=9F21E51442209BCEC0EA4A468EF8A4741685AE204D5063F4C3E45E1F8CF72643
ParentProcessGuid: {E4CEE641-C4E1-597E-0000-0010333E0000}
ParentProcessId: 572
ParentImage: C:\Windows\System32\services.exe
ParentCommandLine: C:\WINDOWS\system32\services.exe"
Information	10.10.2017 07:49:32	Microsoft-Windows-Sysmon	1	Process Create (rule: ProcessCreate)	"Process Create:
UtcTime: 2017-10-10 05:49:29.293
ProcessGuid: {E4CEE641-C4E9-597E-0000-0010409F0100}
ProcessId: 2368
Image: C:\Windows\System32\svchost.exe
CommandLine: c:\windows\system32\svchost.exe -k localservicenonetwork -s DPS
CurrentDirectory: C:\WINDOWS\system32\
User: NT AUTHORITY\LOCAL SERVICE
LogonGuid: {E4CEE641-C4E2-597E-0000-0020E5030000}
LogonId: 0x3E5
TerminalSessionId: 0
IntegrityLevel: System
Hashes: MD5=3120B24060924F9B94182A1432B2D7F9,SHA256=9F21E51442209BCEC0EA4A468EF8A4741685AE204D5063F4C3E45E1F8CF72643
ParentProcessGuid: {E4CEE641-C4E1-597E-0000-0010333E0000}
ParentProcessId: 572
ParentImage: C:\Windows\System32\services.exe
ParentCommandLine: C:\WINDOWS\system32\services.exe"
Information	10.10.2017 07:49:32	Microsoft-Windows-Sysmon	1	Process Create (rule: ProcessCreate)	"Process Create:
UtcTime: 2017-10-10 05:49:29.270
ProcessGuid: {E4CEE641-C4E9-597E-0000-0010369E0100}
ProcessId: 2352
Image: C:\Windows\System32\svchost.exe
CommandLine: C:\WINDOWS\System32\svchost.exe -k utcsvc
CurrentDirectory: C:\WINDOWS\system32\
User: NT AUTHORITY\SYSTEM
LogonGuid: {E4CEE641-C4E1-597E-0000-0020E7030000}
LogonId: 0x3E7
TerminalSessionId: 0
IntegrityLevel: System
Hashes: MD5=3120B24060924F9B94182A1432B2D7F9,SHA256=9F21E51442209BCEC0EA4A468EF8A4741685AE204D5063F4C3E45E1F8CF72643
ParentProcessGuid: {E4CEE641-C4E1-597E-0000-0010333E0000}
ParentProcessId: 572
ParentImage: C:\Windows\System32\services.exe
ParentCommandLine: C:\WINDOWS\system32\services.exe"
Information	10.10.2017 07:49:32	Microsoft-Windows-Sysmon	1	Process Create (rule: ProcessCreate)	"Process Create:
UtcTime: 2017-10-10 05:49:29.268
ProcessGuid: {E4CEE641-C4E9-597E-0000-0010A39D0100}
ProcessId: 2344
Image: C:\Windows\System32\svchost.exe
CommandLine: c:\windows\system32\svchost.exe -k networkservice -s CryptSvc
CurrentDirectory: C:\WINDOWS\system32\
User: NT AUTHORITY\NETWORK SERVICE
LogonGuid: {E4CEE641-C4E2-597E-0000-0020E4030000}
LogonId: 0x3E4
TerminalSessionId: 0
IntegrityLevel: System
Hashes: MD5=3120B24060924F9B94182A1432B2D7F9,SHA256=9F21E51442209BCEC0EA4A468EF8A4741685AE204D5063F4C3E45E1F8CF72643
ParentProcessGuid: {E4CEE641-C4E1-597E-0000-0010333E0000}
ParentProcessId: 572
ParentImage: C:\Windows\System32\services.exe
ParentCommandLine: C:\WINDOWS\system32\services.exe"
Information	10.10.2017 07:49:32	Microsoft-Windows-Sysmon	1	Process Create (rule: ProcessCreate)	"Process Create:
UtcTime: 2017-10-10 05:49:29.267
ProcessGuid: {E4CEE641-C4E9-597E-0000-0010789D0100}
ProcessId: 2336
Image: C:\Windows\System32\svchost.exe
CommandLine: c:\windows\system32\svchost.exe -k netsvcs -s iphlpsvc
CurrentDirectory: C:\WINDOWS\system32\
User: NT AUTHORITY\SYSTEM
LogonGuid: {E4CEE641-C4E1-597E-0000-0020E7030000}
LogonId: 0x3E7
TerminalSessionId: 0
IntegrityLevel: System
Hashes: MD5=3120B24060924F9B94182A1432B2D7F9,SHA256=9F21E51442209BCEC0EA4A468EF8A4741685AE204D5063F4C3E45E1F8CF72643
ParentProcessGuid: {E4CEE641-C4E1-597E-0000-0010333E0000}
ParentProcessId: 572
ParentImage: C:\Windows\System32\services.exe
ParentCommandLine: C:\WINDOWS\system32\services.exe"
Information	10.10.2017 07:49:32	Microsoft-Windows-Sysmon	1	Process Create (rule: ProcessCreate)	"Process Create:
UtcTime: 2017-10-10 05:49:28.682
ProcessGuid: {E4CEE641-C4E8-597E-0000-001029980100}
ProcessId: 2284
Image: C:\Windows\System32\svchost.exe
CommandLine: c:\windows\system32\svchost.exe -k netsvcs -s Winmgmt
CurrentDirectory: C:\WINDOWS\system32\
User: NT AUTHORITY\SYSTEM
LogonGuid: {E4CEE641-C4E1-597E-0000-0020E7030000}
LogonId: 0x3E7
TerminalSessionId: 0
IntegrityLevel: System
Hashes: MD5=3120B24060924F9B94182A1432B2D7F9,SHA256=9F21E51442209BCEC0EA4A468EF8A4741685AE204D5063F4C3E45E1F8CF72643
ParentProcessGuid: {E4CEE641-C4E1-597E-0000-0010333E0000}
ParentProcessId: 572
ParentImage: C:\Windows\System32\services.exe
ParentCommandLine: C:\WINDOWS\system32\services.exe"
Information	10.10.2017 07:49:32	Microsoft-Windows-Sysmon	1	Process Create (rule: ProcessCreate)	"Process Create:
UtcTime: 2017-10-10 05:49:27.899
ProcessGuid: {E4CEE641-C4E7-597E-0000-0010658A0100}
ProcessId: 2232
Image: C:\Windows\System32\svchost.exe
CommandLine: c:\windows\system32\svchost.exe -k appmodel -s StateRepository
CurrentDirectory: C:\WINDOWS\system32\
User: NT AUTHORITY\SYSTEM
LogonGuid: {E4CEE641-C4E1-597E-0000-0020E7030000}
LogonId: 0x3E7
TerminalSessionId: 0
IntegrityLevel: System
Hashes: MD5=3120B24060924F9B94182A1432B2D7F9,SHA256=9F21E51442209BCEC0EA4A468EF8A4741685AE204D5063F4C3E45E1F8CF72643
ParentProcessGuid: {E4CEE641-C4E1-597E-0000-0010333E0000}
ParentProcessId: 572
ParentImage: C:\Windows\System32\services.exe
ParentCommandLine: C:\WINDOWS\system32\services.exe"
Information	10.10.2017 07:49:32	Microsoft-Windows-Sysmon	1	Process Create (rule: ProcessCreate)	"Process Create:
UtcTime: 2017-10-10 05:49:27.271
ProcessGuid: {E4CEE641-C4E7-597E-0000-0010C0690100}
ProcessId: 2160
Image: C:\Windows\System32\svchost.exe
CommandLine: c:\windows\system32\svchost.exe -k localservice -s WinHttpAutoProxySvc
CurrentDirectory: C:\WINDOWS\system32\
User: NT AUTHORITY\LOCAL SERVICE
LogonGuid: {E4CEE641-C4E2-597E-0000-0020E5030000}
LogonId: 0x3E5
TerminalSessionId: 0
IntegrityLevel: System
Hashes: MD5=3120B24060924F9B94182A1432B2D7F9,SHA256=9F21E51442209BCEC0EA4A468EF8A4741685AE204D5063F4C3E45E1F8CF72643
ParentProcessGuid: {E4CEE641-C4E1-597E-0000-0010333E0000}
ParentProcessId: 572
ParentImage: C:\Windows\System32\services.exe
ParentCommandLine: C:\WINDOWS\system32\services.exe"
Information	10.10.2017 07:49:32	Microsoft-Windows-Sysmon	1	Process Create (rule: ProcessCreate)	"Process Create:
UtcTime: 2017-10-10 05:49:26.630
ProcessGuid: {E4CEE641-C4E6-597E-0000-0010BC440100}
ProcessId: 2108
Image: C:\Windows\System32\svchost.exe
CommandLine: c:\windows\system32\svchost.exe -k localserviceandnoimpersonation -s FDResPub
CurrentDirectory: C:\WINDOWS\system32\
User: NT AUTHORITY\LOCAL SERVICE
LogonGuid: {E4CEE641-C4E2-597E-0000-0020E5030000}
LogonId: 0x3E5
TerminalSessionId: 0
IntegrityLevel: System
Hashes: MD5=3120B24060924F9B94182A1432B2D7F9,SHA256=9F21E51442209BCEC0EA4A468EF8A4741685AE204D5063F4C3E45E1F8CF72643
ParentProcessGuid: {E4CEE641-C4E1-597E-0000-0010333E0000}
ParentProcessId: 572
ParentImage: C:\Windows\System32\services.exe
ParentCommandLine: C:\WINDOWS\system32\services.exe"
Information	10.10.2017 07:49:32	Microsoft-Windows-Sysmon	1	Process Create (rule: ProcessCreate)	"Process Create:
UtcTime: 2017-10-10 05:49:26.590
ProcessGuid: {E4CEE641-C4E6-597E-0000-0010FE420100}
ProcessId: 2088
Image: C:\Windows\System32\svchost.exe
CommandLine: c:\windows\system32\svchost.exe -k localservicenonetwork -s NcdAutoSetup
CurrentDirectory: C:\WINDOWS\system32\
User: NT AUTHORITY\LOCAL SERVICE
LogonGuid: {E4CEE641-C4E2-597E-0000-0020E5030000}
LogonId: 0x3E5
TerminalSessionId: 0
IntegrityLevel: System
Hashes: MD5=3120B24060924F9B94182A1432B2D7F9,SHA256=9F21E51442209BCEC0EA4A468EF8A4741685AE204D5063F4C3E45E1F8CF72643
ParentProcessGuid: {E4CEE641-C4E1-597E-0000-0010333E0000}
ParentProcessId: 572
ParentImage: C:\Windows\System32\services.exe
ParentCommandLine: C:\WINDOWS\system32\services.exe"
Information	10.10.2017 07:49:32	Microsoft-Windows-Sysmon	1	Process Create (rule: ProcessCreate)	"Process Create:
UtcTime: 2017-10-10 05:49:26.588
ProcessGuid: {E4CEE641-C4E6-597E-0000-001087420100}
ProcessId: 2080
Image: C:\Windows\System32\svchost.exe
CommandLine: C:\WINDOWS\system32\svchost.exe -k LocalService
CurrentDirectory: C:\WINDOWS\system32\
User: NT AUTHORITY\LOCAL SERVICE
LogonGuid: {E4CEE641-C4E2-597E-0000-0020E5030000}
LogonId: 0x3E5
TerminalSessionId: 0
IntegrityLevel: System
Hashes: MD5=3120B24060924F9B94182A1432B2D7F9,SHA256=9F21E51442209BCEC0EA4A468EF8A4741685AE204D5063F4C3E45E1F8CF72643
ParentProcessGuid: {E4CEE641-C4E1-597E-0000-0010333E0000}
ParentProcessId: 572
ParentImage: C:\Windows\System32\services.exe
ParentCommandLine: C:\WINDOWS\system32\services.exe"
Information	10.10.2017 07:49:32	Microsoft-Windows-Sysmon	1	Process Create (rule: ProcessCreate)	"Process Create:
UtcTime: 2017-10-10 05:49:26.343
ProcessGuid: {E4CEE641-C4E6-597E-0000-0010EC360100}
ProcessId: 1816
Image: C:\Program Files (x86)\Google\Update\GoogleUpdate.exe
CommandLine: ""C:\Program Files (x86)\Google\Update\GoogleUpdate.exe"" /ua /installsource scheduler
CurrentDirectory: C:\WINDOWS\system32\
User: NT AUTHORITY\SYSTEM
LogonGuid: {E4CEE641-C4E1-597E-0000-0020E7030000}
LogonId: 0x3E7
TerminalSessionId: 0
IntegrityLevel: System
Hashes: MD5=0545A3EB959CFA4790D267BFB8C1ACA4,SHA256=69061E33ACB7587D773D05000390F9101F71DFD6EED7973B551594EAF3F04193
ParentProcessGuid: {E4CEE641-C4E3-597E-0000-0010B5BE0000}
ParentProcessId: 1140
ParentImage: C:\Windows\System32\svchost.exe
ParentCommandLine: c:\windows\system32\svchost.exe -k netsvcs -s Schedule"
Information	10.10.2017 07:49:32	Microsoft-Windows-Sysmon	5	Process terminated (rule: ProcessTerminate)	"Process terminated:
UtcTime: 2017-10-10 05:49:25.372
ProcessGuid: {E4CEE641-C4E5-597E-0000-001005190100}
ProcessId: 1716
Image: C:\Windows\System32\ClipRenew.exe"
Information	10.10.2017 07:49:32	Microsoft-Windows-Sysmon	1	Process Create (rule: ProcessCreate)	"Process Create:
UtcTime: 2017-10-10 05:49:25.173
ProcessGuid: {E4CEE641-C4E5-597E-0000-001005190100}
ProcessId: 1716
Image: C:\Windows\System32\ClipRenew.exe
CommandLine: C:\WINDOWS\system32\ClipRenew.exe -e
CurrentDirectory: C:\WINDOWS\system32\
User: NT AUTHORITY\SYSTEM
LogonGuid: {E4CEE641-C4E1-597E-0000-0020E7030000}
LogonId: 0x3E7
TerminalSessionId: 0
IntegrityLevel: System
Hashes: MD5=473BCE26E92217C7F82940F1A1D6D238,SHA256=1A4DF53D0EF0155A7D2EA733C55F1A6FC98672E7941E440D3763E8DCFCAF9510
ParentProcessGuid: {E4CEE641-C4E3-597E-0000-0010B5BE0000}
ParentProcessId: 1140
ParentImage: C:\Windows\System32\svchost.exe
ParentCommandLine: c:\windows\system32\svchost.exe -k netsvcs -s Schedule"
Information	10.10.2017 07:49:32	Microsoft-Windows-Sysmon	1	Process Create (rule: ProcessCreate)	"Process Create:
UtcTime: 2017-10-10 05:49:25.119
ProcessGuid: {E4CEE641-C4E5-597E-0000-00104F160100}
ProcessId: 1256
Image: C:\Windows\System32\spoolsv.exe
CommandLine: C:\WINDOWS\System32\spoolsv.exe
CurrentDirectory: C:\WINDOWS\system32\
User: NT AUTHORITY\SYSTEM
LogonGuid: {E4CEE641-C4E1-597E-0000-0020E7030000}
LogonId: 0x3E7
TerminalSessionId: 0
IntegrityLevel: System
Hashes: MD5=29D813B5D84BC2C26BBC607CAA57A675,SHA256=2C4D5F4E2F7B6580E22ABF67690B0D32CAF5063DEA79E6F57E565782973F3990
ParentProcessGuid: {E4CEE641-C4E1-597E-0000-0010333E0000}
ParentProcessId: 572
ParentImage: C:\Windows\System32\services.exe
ParentCommandLine: C:\WINDOWS\system32\services.exe"
